-- The C compiler identification is GNU 12.3.0
-- The CXX compiler identification is GNU 11.4.0
-- Detecting C compiler ABI info
-- Detecting C compiler ABI info - done
-- Check for working C compiler: /usr/bin/cc - skipped
-- Detecting C compile features
-- Detecting C compile features - done
-- Detecting CXX compiler ABI info
-- Detecting CXX compiler ABI info - done
-- Check for working CXX compiler: /usr/bin/c++ - skipped
-- Detecting CXX compile features
-- Detecting CXX compile features - done
-- Found ament_cmake: 1.3.11 (/opt/ros/humble/share/ament_cmake/cmake)
-- Found Python3: /usr/bin/python3 (found version "3.10.12") found components: Interpreter 
-- Found ament_cmake_auto: 1.3.11 (/opt/ros/humble/share/ament_cmake_auto/cmake)
-- Found geometry_msgs: 4.2.4 (/opt/ros/humble/share/geometry_msgs/cmake)
-- Found rosidl_generator_c: 3.1.6 (/opt/ros/humble/share/rosidl_generator_c/cmake)
-- Found rosidl_adapter: 3.1.6 (/opt/ros/humble/share/rosidl_adapter/cmake)
-- Found rosidl_generator_cpp: 3.1.6 (/opt/ros/humble/share/rosidl_generator_cpp/cmake)
-- Using all available rosidl_typesupport_c: rosidl_typesupport_fastrtps_c;rosidl_typesupport_introspection_c
-- Using all available rosidl_typesupport_cpp: rosidl_typesupport_fastrtps_cpp;rosidl_typesupport_introspection_cpp
-- Found rosidl_default_generators: 1.2.0 (/opt/ros/humble/share/rosidl_default_generators/cmake)
-- Found ament_cmake_ros: 0.10.0 (/opt/ros/humble/share/ament_cmake_ros/cmake)
-- Using all available rosidl_typesupport_c: rosidl_typesupport_fastrtps_c;rosidl_typesupport_introspection_c
-- Using all available rosidl_typesupport_cpp: rosidl_typesupport_fastrtps_cpp;rosidl_typesupport_introspection_cpp
-- Found PythonInterp: /usr/bin/python3 (found suitable version "3.10.12", minimum required is "3.6") 
-- Found python_cmake_module: 0.10.0 (/opt/ros/humble/share/python_cmake_module/cmake)
-- Found PythonLibs: /usr/lib/x86_64-linux-gnu/libpython3.10.so (found suitable version "3.10.12", minimum required is "3.5") 
-- Using PYTHON_EXECUTABLE: /usr/bin/python3
-- Using PYTHON_INCLUDE_DIRS: /usr/include/python3.10
-- Using PYTHON_LIBRARIES: /usr/lib/x86_64-linux-gnu/libpython3.10.so
-- Found PythonExtra: .so  
-- Configuring done
-- Generating done
-- Build files have been written to: /home/xzq/project/armor_ws/build/armor_interfaces
[  2%] [34m[1mGenerating C code for ROS interfaces[0m
[  4%] [34m[1mGenerating C++ code for ROS interfaces[0m
[  4%] Built target ament_cmake_python_copy_armor_interfaces
running egg_info
creating armor_interfaces.egg-info
writing armor_interfaces.egg-info/PKG-INFO
writing dependency_links to armor_interfaces.egg-info/dependency_links.txt
writing top-level names to armor_interfaces.egg-info/top_level.txt
writing manifest file 'armor_interfaces.egg-info/SOURCES.txt'
reading manifest file 'armor_interfaces.egg-info/SOURCES.txt'
writing manifest file 'armor_interfaces.egg-info/SOURCES.txt'
[  4%] Built target ament_cmake_python_build_armor_interfaces_egg
[  8%] [32mBuilding C object CMakeFiles/armor_interfaces__rosidl_generator_c.dir/rosidl_generator_c/armor_interfaces/msg/detail/target__functions.c.o[0m
[  8%] [32mBuilding C object CMakeFiles/armor_interfaces__rosidl_generator_c.dir/rosidl_generator_c/armor_interfaces/msg/detail/armors__functions.c.o[0m
[ 10%] [32mBuilding C object CMakeFiles/armor_interfaces__rosidl_generator_c.dir/rosidl_generator_c/armor_interfaces/msg/detail/armor__functions.c.o[0m
[ 10%] Built target armor_interfaces__cpp
[ 14%] [34m[1mGenerating C++ type support dispatch for ROS interfaces[0m
[ 14%] [34m[1mGenerating C++ type support for eProsima Fast-RTPS[0m
[ 17%] [34m[1mGenerating C++ introspection for ROS interfaces[0m
[ 19%] [32m[1mLinking C shared library libarmor_interfaces__rosidl_generator_c.so[0m
[ 19%] Built target armor_interfaces__rosidl_generator_c
[ 21%] [34m[1mGenerating C type support for eProsima Fast-RTPS[0m
[ 23%] [34m[1mGenerating C type support dispatch for ROS interfaces[0m
[ 25%] [34m[1mGenerating C introspection for ROS interfaces[0m
[ 27%] [32mBuilding CXX object CMakeFiles/armor_interfaces__rosidl_typesupport_cpp.dir/rosidl_typesupport_cpp/armor_interfaces/msg/target__type_support.cpp.o[0m
[ 29%] [32mBuilding CXX object CMakeFiles/armor_interfaces__rosidl_typesupport_cpp.dir/rosidl_typesupport_cpp/armor_interfaces/msg/armor__type_support.cpp.o[0m
[ 31%] [32mBuilding CXX object CMakeFiles/armor_interfaces__rosidl_typesupport_cpp.dir/rosidl_typesupport_cpp/armor_interfaces/msg/armors__type_support.cpp.o[0m
[ 38%] [32mBuilding CXX object CMakeFiles/armor_interfaces__rosidl_typesupport_fastrtps_cpp.dir/rosidl_typesupport_fastrtps_cpp/armor_interfaces/msg/detail/dds_fastrtps/target__type_support.cpp.o[0m
[ 38%] [32mBuilding CXX object CMakeFiles/armor_interfaces__rosidl_typesupport_fastrtps_cpp.dir/rosidl_typesupport_fastrtps_cpp/armor_interfaces/msg/detail/dds_fastrtps/armors__type_support.cpp.o[0m
[ 38%] [32mBuilding CXX object CMakeFiles/armor_interfaces__rosidl_typesupport_fastrtps_cpp.dir/rosidl_typesupport_fastrtps_cpp/armor_interfaces/msg/detail/dds_fastrtps/armor__type_support.cpp.o[0m
[ 40%] [32mBuilding CXX object CMakeFiles/armor_interfaces__rosidl_typesupport_c.dir/rosidl_typesupport_c/armor_interfaces/msg/armor__type_support.cpp.o[0m
[ 42%] [32mBuilding CXX object CMakeFiles/armor_interfaces__rosidl_typesupport_c.dir/rosidl_typesupport_c/armor_interfaces/msg/armors__type_support.cpp.o[0m
[ 44%] [32mBuilding CXX object CMakeFiles/armor_interfaces__rosidl_typesupport_c.dir/rosidl_typesupport_c/armor_interfaces/msg/target__type_support.cpp.o[0m
[ 46%] [32m[1mLinking CXX shared library libarmor_interfaces__rosidl_typesupport_c.so[0m
[ 46%] Built target armor_interfaces__rosidl_typesupport_c
[ 48%] [32mBuilding CXX object CMakeFiles/armor_interfaces__rosidl_typesupport_introspection_cpp.dir/rosidl_typesupport_introspection_cpp/armor_interfaces/msg/detail/armor__type_support.cpp.o[0m
[ 51%] [32mBuilding CXX object CMakeFiles/armor_interfaces__rosidl_typesupport_introspection_cpp.dir/rosidl_typesupport_introspection_cpp/armor_interfaces/msg/detail/armors__type_support.cpp.o[0m
[ 53%] [32mBuilding CXX object CMakeFiles/armor_interfaces__rosidl_typesupport_introspection_cpp.dir/rosidl_typesupport_introspection_cpp/armor_interfaces/msg/detail/target__type_support.cpp.o[0m
[ 55%] [32mBuilding CXX object CMakeFiles/armor_interfaces__rosidl_typesupport_fastrtps_c.dir/rosidl_typesupport_fastrtps_c/armor_interfaces/msg/detail/armor__type_support_c.cpp.o[0m
[ 57%] [32mBuilding CXX object CMakeFiles/armor_interfaces__rosidl_typesupport_fastrtps_c.dir/rosidl_typesupport_fastrtps_c/armor_interfaces/msg/detail/armors__type_support_c.cpp.o[0m
[ 59%] [32mBuilding CXX object CMakeFiles/armor_interfaces__rosidl_typesupport_fastrtps_c.dir/rosidl_typesupport_fastrtps_c/armor_interfaces/msg/detail/target__type_support_c.cpp.o[0m
[ 61%] [32mBuilding C object CMakeFiles/armor_interfaces__rosidl_typesupport_introspection_c.dir/rosidl_typesupport_introspection_c/armor_interfaces/msg/detail/armor__type_support.c.o[0m
[ 63%] [32mBuilding C object CMakeFiles/armor_interfaces__rosidl_typesupport_introspection_c.dir/rosidl_typesupport_introspection_c/armor_interfaces/msg/detail/armors__type_support.c.o[0m
[ 65%] [32m[1mLinking CXX shared library libarmor_interfaces__rosidl_typesupport_cpp.so[0m
[ 65%] Built target armor_interfaces__rosidl_typesupport_cpp
[ 68%] [32mBuilding C object CMakeFiles/armor_interfaces__rosidl_typesupport_introspection_c.dir/rosidl_typesupport_introspection_c/armor_interfaces/msg/detail/target__type_support.c.o[0m
[ 70%] [32m[1mLinking C shared library libarmor_interfaces__rosidl_typesupport_introspection_c.so[0m
[ 70%] Built target armor_interfaces__rosidl_typesupport_introspection_c
[ 72%] [32m[1mLinking CXX shared library libarmor_interfaces__rosidl_typesupport_fastrtps_cpp.so[0m
[ 74%] [32m[1mLinking CXX shared library libarmor_interfaces__rosidl_typesupport_fastrtps_c.so[0m
[ 74%] Built target armor_interfaces__rosidl_typesupport_fastrtps_cpp
[ 76%] [32m[1mLinking CXX shared library libarmor_interfaces__rosidl_typesupport_introspection_cpp.so[0m
[ 76%] Built target armor_interfaces__rosidl_typesupport_fastrtps_c
[ 76%] Built target armor_interfaces__rosidl_typesupport_introspection_cpp
[ 76%] Built target armor_interfaces
[ 78%] [34m[1mGenerating Python code for ROS interfaces[0m
[ 78%] Built target armor_interfaces__py
[ 80%] [32mBuilding C object CMakeFiles/armor_interfaces__rosidl_generator_py.dir/rosidl_generator_py/armor_interfaces/msg/_target_s.c.o[0m
[ 82%] [32mBuilding C object CMakeFiles/armor_interfaces__rosidl_generator_py.dir/rosidl_generator_py/armor_interfaces/msg/_armors_s.c.o[0m
[ 85%] [32mBuilding C object CMakeFiles/armor_interfaces__rosidl_generator_py.dir/rosidl_generator_py/armor_interfaces/msg/_armor_s.c.o[0m
[ 87%] [32m[1mLinking C shared library rosidl_generator_py/armor_interfaces/libarmor_interfaces__rosidl_generator_py.so[0m
[ 87%] Built target armor_interfaces__rosidl_generator_py
[ 89%] [32mBuilding C object CMakeFiles/armor_interfaces__rosidl_typesupport_introspection_c__pyext.dir/rosidl_generator_py/armor_interfaces/_armor_interfaces_s.ep.rosidl_typesupport_introspection_c.c.o[0m
[ 91%] [32mBuilding C object CMakeFiles/armor_interfaces__rosidl_typesupport_fastrtps_c__pyext.dir/rosidl_generator_py/armor_interfaces/_armor_interfaces_s.ep.rosidl_typesupport_fastrtps_c.c.o[0m
[ 93%] [32mBuilding C object CMakeFiles/armor_interfaces__rosidl_typesupport_c__pyext.dir/rosidl_generator_py/armor_interfaces/_armor_interfaces_s.ep.rosidl_typesupport_c.c.o[0m
[ 95%] [32m[1mLinking C shared library rosidl_generator_py/armor_interfaces/armor_interfaces_s__rosidl_typesupport_introspection_c.cpython-310-x86_64-linux-gnu.so[0m
[ 97%] [32m[1mLinking C shared library rosidl_generator_py/armor_interfaces/armor_interfaces_s__rosidl_typesupport_fastrtps_c.cpython-310-x86_64-linux-gnu.so[0m
[100%] [32m[1mLinking C shared library rosidl_generator_py/armor_interfaces/armor_interfaces_s__rosidl_typesupport_c.cpython-310-x86_64-linux-gnu.so[0m
[100%] Built target armor_interfaces__rosidl_typesupport_introspection_c__pyext
[100%] Built target armor_interfaces__rosidl_typesupport_c__pyext
[100%] Built target armor_interfaces__rosidl_typesupport_fastrtps_c__pyext
-- Install configuration: ""
-- Installing: /home/xzq/project/armor_ws/install/armor_interfaces/share/ament_index/resource_index/rosidl_interfaces/armor_interfaces
-- Installing: /home/xzq/project/armor_ws/install/armor_interfaces/include/armor_interfaces/armor_interfaces
-- Installing: /home/xzq/project/armor_ws/install/armor_interfaces/include/armor_interfaces/armor_interfaces/msg
-- Installing: /home/xzq/project/armor_ws/install/armor_interfaces/include/armor_interfaces/armor_interfaces/msg/rosidl_generator_c__visibility_control.h
-- Installing: /home/xzq/project/armor_ws/install/armor_interfaces/include/armor_interfaces/armor_interfaces/msg/detail
-- Installing: /home/xzq/project/armor_ws/install/armor_interfaces/include/armor_interfaces/armor_interfaces/msg/detail/armor__functions.c
-- Installing: /home/xzq/project/armor_ws/install/armor_interfaces/include/armor_interfaces/armor_interfaces/msg/detail/target__functions.c
-- Installing: /home/xzq/project/armor_ws/install/armor_interfaces/include/armor_interfaces/armor_interfaces/msg/detail/armors__functions.h
-- Installing: /home/xzq/project/armor_ws/install/armor_interfaces/include/armor_interfaces/armor_interfaces/msg/detail/armor__struct.h
-- Installing: /home/xzq/project/armor_ws/install/armor_interfaces/include/armor_interfaces/armor_interfaces/msg/detail/target__struct.h
-- Installing: /home/xzq/project/armor_ws/install/armor_interfaces/include/armor_interfaces/armor_interfaces/msg/detail/armors__struct.h
-- Installing: /home/xzq/project/armor_ws/install/armor_interfaces/include/armor_interfaces/armor_interfaces/msg/detail/target__type_support.h
-- Installing: /home/xzq/project/armor_ws/install/armor_interfaces/include/armor_interfaces/armor_interfaces/msg/detail/target__functions.h
-- Installing: /home/xzq/project/armor_ws/install/armor_interfaces/include/armor_interfaces/armor_interfaces/msg/detail/armor__functions.h
-- Installing: /home/xzq/project/armor_ws/install/armor_interfaces/include/armor_interfaces/armor_interfaces/msg/detail/armors__functions.c
-- Installing: /home/xzq/project/armor_ws/install/armor_interfaces/include/armor_interfaces/armor_interfaces/msg/detail/armors__type_support.h
-- Installing: /home/xzq/project/armor_ws/install/armor_interfaces/include/armor_interfaces/armor_interfaces/msg/detail/armor__type_support.h
-- Installing: /home/xzq/project/armor_ws/install/armor_interfaces/include/armor_interfaces/armor_interfaces/msg/armors.h
-- Installing: /home/xzq/project/armor_ws/install/armor_interfaces/include/armor_interfaces/armor_interfaces/msg/target.h
-- Installing: /home/xzq/project/armor_ws/install/armor_interfaces/include/armor_interfaces/armor_interfaces/msg/armor.h
-- Installing: /home/xzq/project/armor_ws/install/armor_interfaces/share/armor_interfaces/environment/library_path.sh
-- Installing: /home/xzq/project/armor_ws/install/armor_interfaces/share/armor_interfaces/environment/library_path.dsv
-- Installing: /home/xzq/project/armor_ws/install/armor_interfaces/lib/libarmor_interfaces__rosidl_generator_c.so
-- Set runtime path of "/home/xzq/project/armor_ws/install/armor_interfaces/lib/libarmor_interfaces__rosidl_generator_c.so" to ""
-- Up-to-date: /home/xzq/project/armor_ws/install/armor_interfaces/include/armor_interfaces/armor_interfaces
-- Up-to-date: /home/xzq/project/armor_ws/install/armor_interfaces/include/armor_interfaces/armor_interfaces/msg
-- Up-to-date: /home/xzq/project/armor_ws/install/armor_interfaces/include/armor_interfaces/armor_interfaces/msg/detail
-- Installing: /home/xzq/project/armor_ws/install/armor_interfaces/include/armor_interfaces/armor_interfaces/msg/detail/target__rosidl_typesupport_fastrtps_c.h
-- Installing: /home/xzq/project/armor_ws/install/armor_interfaces/include/armor_interfaces/armor_interfaces/msg/detail/armors__rosidl_typesupport_fastrtps_c.h
-- Installing: /home/xzq/project/armor_ws/install/armor_interfaces/include/armor_interfaces/armor_interfaces/msg/detail/armor__rosidl_typesupport_fastrtps_c.h
-- Installing: /home/xzq/project/armor_ws/install/armor_interfaces/include/armor_interfaces/armor_interfaces/msg/rosidl_typesupport_fastrtps_c__visibility_control.h
-- Installing: /home/xzq/project/armor_ws/install/armor_interfaces/lib/libarmor_interfaces__rosidl_typesupport_fastrtps_c.so
-- Set runtime path of "/home/xzq/project/armor_ws/install/armor_interfaces/lib/libarmor_interfaces__rosidl_typesupport_fastrtps_c.so" to ""
-- Up-to-date: /home/xzq/project/armor_ws/install/armor_interfaces/include/armor_interfaces/armor_interfaces
-- Up-to-date: /home/xzq/project/armor_ws/install/armor_interfaces/include/armor_interfaces/armor_interfaces/msg
-- Installing: /home/xzq/project/armor_ws/install/armor_interfaces/include/armor_interfaces/armor_interfaces/msg/rosidl_generator_cpp__visibility_control.hpp
-- Installing: /home/xzq/project/armor_ws/install/armor_interfaces/include/armor_interfaces/armor_interfaces/msg/armors.hpp
-- Installing: /home/xzq/project/armor_ws/install/armor_interfaces/include/armor_interfaces/armor_interfaces/msg/armor.hpp
-- Up-to-date: /home/xzq/project/armor_ws/install/armor_interfaces/include/armor_interfaces/armor_interfaces/msg/detail
-- Installing: /home/xzq/project/armor_ws/install/armor_interfaces/include/armor_interfaces/armor_interfaces/msg/detail/armors__struct.hpp
-- Installing: /home/xzq/project/armor_ws/install/armor_interfaces/include/armor_interfaces/armor_interfaces/msg/detail/armors__traits.hpp
-- Installing: /home/xzq/project/armor_ws/install/armor_interfaces/include/armor_interfaces/armor_interfaces/msg/detail/target__type_support.hpp
-- Installing: /home/xzq/project/armor_ws/install/armor_interfaces/include/armor_interfaces/armor_interfaces/msg/detail/armor__struct.hpp
-- Installing: /home/xzq/project/armor_ws/install/armor_interfaces/include/armor_interfaces/armor_interfaces/msg/detail/armor__traits.hpp
-- Installing: /home/xzq/project/armor_ws/install/armor_interfaces/include/armor_interfaces/armor_interfaces/msg/detail/armor__type_support.hpp
-- Installing: /home/xzq/project/armor_ws/install/armor_interfaces/include/armor_interfaces/armor_interfaces/msg/detail/target__traits.hpp
-- Installing: /home/xzq/project/armor_ws/install/armor_interfaces/include/armor_interfaces/armor_interfaces/msg/detail/armor__builder.hpp
-- Installing: /home/xzq/project/armor_ws/install/armor_interfaces/include/armor_interfaces/armor_interfaces/msg/detail/armors__type_support.hpp
-- Installing: /home/xzq/project/armor_ws/install/armor_interfaces/include/armor_interfaces/armor_interfaces/msg/detail/target__struct.hpp
-- Installing: /home/xzq/project/armor_ws/install/armor_interfaces/include/armor_interfaces/armor_interfaces/msg/detail/armors__builder.hpp
-- Installing: /home/xzq/project/armor_ws/install/armor_interfaces/include/armor_interfaces/armor_interfaces/msg/detail/target__builder.hpp
-- Installing: /home/xzq/project/armor_ws/install/armor_interfaces/include/armor_interfaces/armor_interfaces/msg/target.hpp
-- Up-to-date: /home/xzq/project/armor_ws/install/armor_interfaces/include/armor_interfaces/armor_interfaces
-- Up-to-date: /home/xzq/project/armor_ws/install/armor_interfaces/include/armor_interfaces/armor_interfaces/msg
-- Installing: /home/xzq/project/armor_ws/install/armor_interfaces/include/armor_interfaces/armor_interfaces/msg/rosidl_typesupport_fastrtps_cpp__visibility_control.h
-- Up-to-date: /home/xzq/project/armor_ws/install/armor_interfaces/include/armor_interfaces/armor_interfaces/msg/detail
-- Installing: /home/xzq/project/armor_ws/install/armor_interfaces/include/armor_interfaces/armor_interfaces/msg/detail/target__rosidl_typesupport_fastrtps_cpp.hpp
-- Installing: /home/xzq/project/armor_ws/install/armor_interfaces/include/armor_interfaces/armor_interfaces/msg/detail/dds_fastrtps
-- Installing: /home/xzq/project/armor_ws/install/armor_interfaces/include/armor_interfaces/armor_interfaces/msg/detail/armors__rosidl_typesupport_fastrtps_cpp.hpp
-- Installing: /home/xzq/project/armor_ws/install/armor_interfaces/include/armor_interfaces/armor_interfaces/msg/detail/armor__rosidl_typesupport_fastrtps_cpp.hpp
-- Installing: /home/xzq/project/armor_ws/install/armor_interfaces/lib/libarmor_interfaces__rosidl_typesupport_fastrtps_cpp.so
-- Set runtime path of "/home/xzq/project/armor_ws/install/armor_interfaces/lib/libarmor_interfaces__rosidl_typesupport_fastrtps_cpp.so" to ""
-- Up-to-date: /home/xzq/project/armor_ws/install/armor_interfaces/include/armor_interfaces/armor_interfaces
-- Up-to-date: /home/xzq/project/armor_ws/install/armor_interfaces/include/armor_interfaces/armor_interfaces/msg
-- Installing: /home/xzq/project/armor_ws/install/armor_interfaces/include/armor_interfaces/armor_interfaces/msg/rosidl_typesupport_introspection_c__visibility_control.h
-- Up-to-date: /home/xzq/project/armor_ws/install/armor_interfaces/include/armor_interfaces/armor_interfaces/msg/detail
-- Installing: /home/xzq/project/armor_ws/install/armor_interfaces/include/armor_interfaces/armor_interfaces/msg/detail/target__type_support.c
-- Installing: /home/xzq/project/armor_ws/install/armor_interfaces/include/armor_interfaces/armor_interfaces/msg/detail/armors__rosidl_typesupport_introspection_c.h
-- Installing: /home/xzq/project/armor_ws/install/armor_interfaces/include/armor_interfaces/armor_interfaces/msg/detail/armor__rosidl_typesupport_introspection_c.h
-- Installing: /home/xzq/project/armor_ws/install/armor_interfaces/include/armor_interfaces/armor_interfaces/msg/detail/armor__type_support.c
-- Installing: /home/xzq/project/armor_ws/install/armor_interfaces/include/armor_interfaces/armor_interfaces/msg/detail/target__rosidl_typesupport_introspection_c.h
-- Installing: /home/xzq/project/armor_ws/install/armor_interfaces/include/armor_interfaces/armor_interfaces/msg/detail/armors__type_support.c
-- Installing: /home/xzq/project/armor_ws/install/armor_interfaces/lib/libarmor_interfaces__rosidl_typesupport_introspection_c.so
-- Set runtime path of "/home/xzq/project/armor_ws/install/armor_interfaces/lib/libarmor_interfaces__rosidl_typesupport_introspection_c.so" to ""
-- Installing: /home/xzq/project/armor_ws/install/armor_interfaces/lib/libarmor_interfaces__rosidl_typesupport_c.so
-- Set runtime path of "/home/xzq/project/armor_ws/install/armor_interfaces/lib/libarmor_interfaces__rosidl_typesupport_c.so" to ""
-- Up-to-date: /home/xzq/project/armor_ws/install/armor_interfaces/include/armor_interfaces/armor_interfaces
-- Up-to-date: /home/xzq/project/armor_ws/install/armor_interfaces/include/armor_interfaces/armor_interfaces/msg
-- Up-to-date: /home/xzq/project/armor_ws/install/armor_interfaces/include/armor_interfaces/armor_interfaces/msg/detail
-- Installing: /home/xzq/project/armor_ws/install/armor_interfaces/include/armor_interfaces/armor_interfaces/msg/detail/armors__type_support.cpp
-- Installing: /home/xzq/project/armor_ws/install/armor_interfaces/include/armor_interfaces/armor_interfaces/msg/detail/armors__rosidl_typesupport_introspection_cpp.hpp
-- Installing: /home/xzq/project/armor_ws/install/armor_interfaces/include/armor_interfaces/armor_interfaces/msg/detail/armor__type_support.cpp
-- Installing: /home/xzq/project/armor_ws/install/armor_interfaces/include/armor_interfaces/armor_interfaces/msg/detail/target__type_support.cpp
-- Installing: /home/xzq/project/armor_ws/install/armor_interfaces/include/armor_interfaces/armor_interfaces/msg/detail/target__rosidl_typesupport_introspection_cpp.hpp
-- Installing: /home/xzq/project/armor_ws/install/armor_interfaces/include/armor_interfaces/armor_interfaces/msg/detail/armor__rosidl_typesupport_introspection_cpp.hpp
-- Installing: /home/xzq/project/armor_ws/install/armor_interfaces/lib/libarmor_interfaces__rosidl_typesupport_introspection_cpp.so
-- Set runtime path of "/home/xzq/project/armor_ws/install/armor_interfaces/lib/libarmor_interfaces__rosidl_typesupport_introspection_cpp.so" to ""
-- Installing: /home/xzq/project/armor_ws/install/armor_interfaces/lib/libarmor_interfaces__rosidl_typesupport_cpp.so
-- Set runtime path of "/home/xzq/project/armor_ws/install/armor_interfaces/lib/libarmor_interfaces__rosidl_typesupport_cpp.so" to ""
-- Installing: /home/xzq/project/armor_ws/install/armor_interfaces/share/armor_interfaces/environment/pythonpath.sh
-- Installing: /home/xzq/project/armor_ws/install/armor_interfaces/share/armor_interfaces/environment/pythonpath.dsv
-- Installing: /home/xzq/project/armor_ws/install/armor_interfaces/local/lib/python3.10/dist-packages/armor_interfaces-0.0.0-py3.10.egg-info
-- Installing: /home/xzq/project/armor_ws/install/armor_interfaces/local/lib/python3.10/dist-packages/armor_interfaces-0.0.0-py3.10.egg-info/top_level.txt
-- Installing: /home/xzq/project/armor_ws/install/armor_interfaces/local/lib/python3.10/dist-packages/armor_interfaces-0.0.0-py3.10.egg-info/PKG-INFO
-- Installing: /home/xzq/project/armor_ws/install/armor_interfaces/local/lib/python3.10/dist-packages/armor_interfaces-0.0.0-py3.10.egg-info/SOURCES.txt
-- Installing: /home/xzq/project/armor_ws/install/armor_interfaces/local/lib/python3.10/dist-packages/armor_interfaces-0.0.0-py3.10.egg-info/dependency_links.txt
-- Installing: /home/xzq/project/armor_ws/install/armor_interfaces/local/lib/python3.10/dist-packages/armor_interfaces
-- Installing: /home/xzq/project/armor_ws/install/armor_interfaces/local/lib/python3.10/dist-packages/armor_interfaces/armor_interfaces_s__rosidl_typesupport_introspection_c.cpython-310-x86_64-linux-gnu.so
-- Installing: /home/xzq/project/armor_ws/install/armor_interfaces/local/lib/python3.10/dist-packages/armor_interfaces/armor_interfaces_s__rosidl_typesupport_c.cpython-310-x86_64-linux-gnu.so
-- Installing: /home/xzq/project/armor_ws/install/armor_interfaces/local/lib/python3.10/dist-packages/armor_interfaces/armor_interfaces_s__rosidl_typesupport_fastrtps_c.cpython-310-x86_64-linux-gnu.so
-- Installing: /home/xzq/project/armor_ws/install/armor_interfaces/local/lib/python3.10/dist-packages/armor_interfaces/libarmor_interfaces__rosidl_generator_py.so
-- Installing: /home/xzq/project/armor_ws/install/armor_interfaces/local/lib/python3.10/dist-packages/armor_interfaces/_armor_interfaces_s.ep.rosidl_typesupport_c.c
-- Installing: /home/xzq/project/armor_ws/install/armor_interfaces/local/lib/python3.10/dist-packages/armor_interfaces/_armor_interfaces_s.ep.rosidl_typesupport_introspection_c.c
-- Installing: /home/xzq/project/armor_ws/install/armor_interfaces/local/lib/python3.10/dist-packages/armor_interfaces/msg
-- Installing: /home/xzq/project/armor_ws/install/armor_interfaces/local/lib/python3.10/dist-packages/armor_interfaces/msg/_armor_s.c
-- Installing: /home/xzq/project/armor_ws/install/armor_interfaces/local/lib/python3.10/dist-packages/armor_interfaces/msg/_armors_s.c
-- Installing: /home/xzq/project/armor_ws/install/armor_interfaces/local/lib/python3.10/dist-packages/armor_interfaces/msg/_armors.py
-- Installing: /home/xzq/project/armor_ws/install/armor_interfaces/local/lib/python3.10/dist-packages/armor_interfaces/msg/_target.py
-- Installing: /home/xzq/project/armor_ws/install/armor_interfaces/local/lib/python3.10/dist-packages/armor_interfaces/msg/_target_s.c
-- Installing: /home/xzq/project/armor_ws/install/armor_interfaces/local/lib/python3.10/dist-packages/armor_interfaces/msg/__init__.py
-- Installing: /home/xzq/project/armor_ws/install/armor_interfaces/local/lib/python3.10/dist-packages/armor_interfaces/msg/_armor.py
-- Installing: /home/xzq/project/armor_ws/install/armor_interfaces/local/lib/python3.10/dist-packages/armor_interfaces/_armor_interfaces_s.ep.rosidl_typesupport_fastrtps_c.c
-- Installing: /home/xzq/project/armor_ws/install/armor_interfaces/local/lib/python3.10/dist-packages/armor_interfaces/__init__.py
Listing '/home/xzq/project/armor_ws/install/armor_interfaces/local/lib/python3.10/dist-packages/armor_interfaces'...
Compiling '/home/xzq/project/armor_ws/install/armor_interfaces/local/lib/python3.10/dist-packages/armor_interfaces/__init__.py'...
Listing '/home/xzq/project/armor_ws/install/armor_interfaces/local/lib/python3.10/dist-packages/armor_interfaces/msg'...
Compiling '/home/xzq/project/armor_ws/install/armor_interfaces/local/lib/python3.10/dist-packages/armor_interfaces/msg/__init__.py'...
Compiling '/home/xzq/project/armor_ws/install/armor_interfaces/local/lib/python3.10/dist-packages/armor_interfaces/msg/_armor.py'...
Compiling '/home/xzq/project/armor_ws/install/armor_interfaces/local/lib/python3.10/dist-packages/armor_interfaces/msg/_armors.py'...
Compiling '/home/xzq/project/armor_ws/install/armor_interfaces/local/lib/python3.10/dist-packages/armor_interfaces/msg/_target.py'...
-- Installing: /home/xzq/project/armor_ws/install/armor_interfaces/local/lib/python3.10/dist-packages/armor_interfaces/armor_interfaces_s__rosidl_typesupport_fastrtps_c.cpython-310-x86_64-linux-gnu.so
-- Set runtime path of "/home/xzq/project/armor_ws/install/armor_interfaces/local/lib/python3.10/dist-packages/armor_interfaces/armor_interfaces_s__rosidl_typesupport_fastrtps_c.cpython-310-x86_64-linux-gnu.so" to ""
-- Installing: /home/xzq/project/armor_ws/install/armor_interfaces/local/lib/python3.10/dist-packages/armor_interfaces/armor_interfaces_s__rosidl_typesupport_introspection_c.cpython-310-x86_64-linux-gnu.so
-- Set runtime path of "/home/xzq/project/armor_ws/install/armor_interfaces/local/lib/python3.10/dist-packages/armor_interfaces/armor_interfaces_s__rosidl_typesupport_introspection_c.cpython-310-x86_64-linux-gnu.so" to ""
-- Installing: /home/xzq/project/armor_ws/install/armor_interfaces/local/lib/python3.10/dist-packages/armor_interfaces/armor_interfaces_s__rosidl_typesupport_c.cpython-310-x86_64-linux-gnu.so
-- Set runtime path of "/home/xzq/project/armor_ws/install/armor_interfaces/local/lib/python3.10/dist-packages/armor_interfaces/armor_interfaces_s__rosidl_typesupport_c.cpython-310-x86_64-linux-gnu.so" to ""
-- Installing: /home/xzq/project/armor_ws/install/armor_interfaces/lib/libarmor_interfaces__rosidl_generator_py.so
-- Set runtime path of "/home/xzq/project/armor_ws/install/armor_interfaces/lib/libarmor_interfaces__rosidl_generator_py.so" to ""
-- Installing: /home/xzq/project/armor_ws/install/armor_interfaces/share/armor_interfaces/msg/Armor.idl
-- Installing: /home/xzq/project/armor_ws/install/armor_interfaces/share/armor_interfaces/msg/Armors.idl
-- Installing: /home/xzq/project/armor_ws/install/armor_interfaces/share/armor_interfaces/msg/Target.idl
-- Installing: /home/xzq/project/armor_ws/install/armor_interfaces/share/armor_interfaces/msg/Armor.msg
-- Installing: /home/xzq/project/armor_ws/install/armor_interfaces/share/armor_interfaces/msg/Armors.msg
-- Installing: /home/xzq/project/armor_ws/install/armor_interfaces/share/armor_interfaces/msg/Target.msg
-- Installing: /home/xzq/project/armor_ws/install/armor_interfaces/share/ament_index/resource_index/package_run_dependencies/armor_interfaces
-- Installing: /home/xzq/project/armor_ws/install/armor_interfaces/share/ament_index/resource_index/parent_prefix_path/armor_interfaces
-- Installing: /home/xzq/project/armor_ws/install/armor_interfaces/share/armor_interfaces/environment/ament_prefix_path.sh
-- Installing: /home/xzq/project/armor_ws/install/armor_interfaces/share/armor_interfaces/environment/ament_prefix_path.dsv
-- Installing: /home/xzq/project/armor_ws/install/armor_interfaces/share/armor_interfaces/environment/path.sh
-- Installing: /home/xzq/project/armor_ws/install/armor_interfaces/share/armor_interfaces/environment/path.dsv
-- Installing: /home/xzq/project/armor_ws/install/armor_interfaces/share/armor_interfaces/local_setup.bash
-- Installing: /home/xzq/project/armor_ws/install/armor_interfaces/share/armor_interfaces/local_setup.sh
-- Installing: /home/xzq/project/armor_ws/install/armor_interfaces/share/armor_interfaces/local_setup.zsh
-- Installing: /home/xzq/project/armor_ws/install/armor_interfaces/share/armor_interfaces/local_setup.dsv
-- Installing: /home/xzq/project/armor_ws/install/armor_interfaces/share/armor_interfaces/package.dsv
-- Installing: /home/xzq/project/armor_ws/install/armor_interfaces/share/ament_index/resource_index/packages/armor_interfaces
-- Installing: /home/xzq/project/armor_ws/install/armor_interfaces/share/armor_interfaces/cmake/export_armor_interfaces__rosidl_generator_cExport.cmake
-- Installing: /home/xzq/project/armor_ws/install/armor_interfaces/share/armor_interfaces/cmake/export_armor_interfaces__rosidl_generator_cExport-noconfig.cmake
-- Installing: /home/xzq/project/armor_ws/install/armor_interfaces/share/armor_interfaces/cmake/export_armor_interfaces__rosidl_typesupport_fastrtps_cExport.cmake
-- Installing: /home/xzq/project/armor_ws/install/armor_interfaces/share/armor_interfaces/cmake/export_armor_interfaces__rosidl_typesupport_fastrtps_cExport-noconfig.cmake
-- Installing: /home/xzq/project/armor_ws/install/armor_interfaces/share/armor_interfaces/cmake/export_armor_interfaces__rosidl_generator_cppExport.cmake
-- Installing: /home/xzq/project/armor_ws/install/armor_interfaces/share/armor_interfaces/cmake/export_armor_interfaces__rosidl_typesupport_fastrtps_cppExport.cmake
-- Installing: /home/xzq/project/armor_ws/install/armor_interfaces/share/armor_interfaces/cmake/export_armor_interfaces__rosidl_typesupport_fastrtps_cppExport-noconfig.cmake
-- Installing: /home/xzq/project/armor_ws/install/armor_interfaces/share/armor_interfaces/cmake/armor_interfaces__rosidl_typesupport_introspection_cExport.cmake
-- Installing: /home/xzq/project/armor_ws/install/armor_interfaces/share/armor_interfaces/cmake/armor_interfaces__rosidl_typesupport_introspection_cExport-noconfig.cmake
-- Installing: /home/xzq/project/armor_ws/install/armor_interfaces/share/armor_interfaces/cmake/armor_interfaces__rosidl_typesupport_cExport.cmake
-- Installing: /home/xzq/project/armor_ws/install/armor_interfaces/share/armor_interfaces/cmake/armor_interfaces__rosidl_typesupport_cExport-noconfig.cmake
-- Installing: /home/xzq/project/armor_ws/install/armor_interfaces/share/armor_interfaces/cmake/armor_interfaces__rosidl_typesupport_introspection_cppExport.cmake
-- Installing: /home/xzq/project/armor_ws/install/armor_interfaces/share/armor_interfaces/cmake/armor_interfaces__rosidl_typesupport_introspection_cppExport-noconfig.cmake
-- Installing: /home/xzq/project/armor_ws/install/armor_interfaces/share/armor_interfaces/cmake/armor_interfaces__rosidl_typesupport_cppExport.cmake
-- Installing: /home/xzq/project/armor_ws/install/armor_interfaces/share/armor_interfaces/cmake/armor_interfaces__rosidl_typesupport_cppExport-noconfig.cmake
-- Installing: /home/xzq/project/armor_ws/install/armor_interfaces/share/armor_interfaces/cmake/export_armor_interfaces__rosidl_generator_pyExport.cmake
-- Installing: /home/xzq/project/armor_ws/install/armor_interfaces/share/armor_interfaces/cmake/export_armor_interfaces__rosidl_generator_pyExport-noconfig.cmake
-- Installing: /home/xzq/project/armor_ws/install/armor_interfaces/share/armor_interfaces/cmake/rosidl_cmake-extras.cmake
-- Installing: /home/xzq/project/armor_ws/install/armor_interfaces/share/armor_interfaces/cmake/ament_cmake_export_dependencies-extras.cmake
-- Installing: /home/xzq/project/armor_ws/install/armor_interfaces/share/armor_interfaces/cmake/ament_cmake_export_include_directories-extras.cmake
-- Installing: /home/xzq/project/armor_ws/install/armor_interfaces/share/armor_interfaces/cmake/ament_cmake_export_libraries-extras.cmake
-- Installing: /home/xzq/project/armor_ws/install/armor_interfaces/share/armor_interfaces/cmake/ament_cmake_export_targets-extras.cmake
-- Installing: /home/xzq/project/armor_ws/install/armor_interfaces/share/armor_interfaces/cmake/rosidl_cmake_export_typesupport_targets-extras.cmake
-- Installing: /home/xzq/project/armor_ws/install/armor_interfaces/share/armor_interfaces/cmake/rosidl_cmake_export_typesupport_libraries-extras.cmake
-- Installing: /home/xzq/project/armor_ws/install/armor_interfaces/share/armor_interfaces/cmake/armor_interfacesConfig.cmake
-- Installing: /home/xzq/project/armor_ws/install/armor_interfaces/share/armor_interfaces/cmake/armor_interfacesConfig-version.cmake
-- Installing: /home/xzq/project/armor_ws/install/armor_interfaces/share/armor_interfaces/package.xml
