[0.006s] Invoking command in '/home/xzq/project/armor_ws/build/armor_interfaces': CMAKE_PREFIX_PATH=/opt/ros/humble /usr/bin/cmake /home/xzq/project/armor_ws/src/armor_interfaces -DCMAKE_INSTALL_PREFIX=/home/xzq/project/armor_ws/install/armor_interfaces
[0.045s] -- The C compiler identification is GNU 12.3.0
[0.081s] -- The CXX compiler identification is GNU 11.4.0
[0.086s] -- Detecting C compiler ABI info
[0.140s] -- Detecting C compiler ABI info - done
[0.144s] -- Check for working C compiler: /usr/bin/cc - skipped
[0.145s] -- Detecting C compile features
[0.145s] -- Detecting C compile features - done
[0.146s] -- Detecting CXX compiler ABI info
[0.200s] -- Detecting CXX compiler ABI info - done
[0.204s] -- Check for working CXX compiler: /usr/bin/c++ - skipped
[0.204s] -- Detecting CXX compile features
[0.205s] -- Detecting CXX compile features - done
[0.206s] -- Found ament_cmake: 1.3.11 (/opt/ros/humble/share/ament_cmake/cmake)
[0.298s] -- Found Python3: /usr/bin/python3 (found version "3.10.12") found components: Interpreter 
[0.346s] -- Found ament_cmake_auto: 1.3.11 (/opt/ros/humble/share/ament_cmake_auto/cmake)
[0.348s] -- Found geometry_msgs: 4.2.4 (/opt/ros/humble/share/geometry_msgs/cmake)
[0.366s] -- Found rosidl_generator_c: 3.1.6 (/opt/ros/humble/share/rosidl_generator_c/cmake)
[0.368s] -- Found rosidl_adapter: 3.1.6 (/opt/ros/humble/share/rosidl_adapter/cmake)
[0.372s] -- Found rosidl_generator_cpp: 3.1.6 (/opt/ros/humble/share/rosidl_generator_cpp/cmake)
[0.378s] -- Using all available rosidl_typesupport_c: rosidl_typesupport_fastrtps_c;rosidl_typesupport_introspection_c
[0.386s] -- Using all available rosidl_typesupport_cpp: rosidl_typesupport_fastrtps_cpp;rosidl_typesupport_introspection_cpp
[0.407s] -- Found rosidl_default_generators: 1.2.0 (/opt/ros/humble/share/rosidl_default_generators/cmake)
[0.592s] -- Found ament_cmake_ros: 0.10.0 (/opt/ros/humble/share/ament_cmake_ros/cmake)
[0.850s] -- Using all available rosidl_typesupport_c: rosidl_typesupport_fastrtps_c;rosidl_typesupport_introspection_c
[0.949s] -- Using all available rosidl_typesupport_cpp: rosidl_typesupport_fastrtps_cpp;rosidl_typesupport_introspection_cpp
[0.964s] -- Found PythonInterp: /usr/bin/python3 (found suitable version "3.10.12", minimum required is "3.6") 
[0.964s] -- Found python_cmake_module: 0.10.0 (/opt/ros/humble/share/python_cmake_module/cmake)
[0.984s] -- Found PythonLibs: /usr/lib/x86_64-linux-gnu/libpython3.10.so (found suitable version "3.10.12", minimum required is "3.5") 
[0.984s] -- Using PYTHON_EXECUTABLE: /usr/bin/python3
[0.984s] -- Using PYTHON_INCLUDE_DIRS: /usr/include/python3.10
[0.984s] -- Using PYTHON_LIBRARIES: /usr/lib/x86_64-linux-gnu/libpython3.10.so
[0.998s] -- Found PythonExtra: .so  
[1.034s] -- Configuring done
[1.054s] -- Generating done
[1.061s] -- Build files have been written to: /home/xzq/project/armor_ws/build/armor_interfaces
[1.068s] Invoked command in '/home/xzq/project/armor_ws/build/armor_interfaces' returned '0': CMAKE_PREFIX_PATH=/opt/ros/humble /usr/bin/cmake /home/xzq/project/armor_ws/src/armor_interfaces -DCMAKE_INSTALL_PREFIX=/home/xzq/project/armor_ws/install/armor_interfaces
[1.070s] Invoking command in '/home/xzq/project/armor_ws/build/armor_interfaces': CMAKE_PREFIX_PATH=/opt/ros/humble /usr/bin/cmake --build /home/xzq/project/armor_ws/build/armor_interfaces -- -j12 -l12
[1.103s] [  2%] [34m[1mGenerating C code for ROS interfaces[0m
[1.109s] [  4%] [34m[1mGenerating C++ code for ROS interfaces[0m
[1.116s] [  4%] Built target ament_cmake_python_copy_armor_interfaces
[1.246s] running egg_info
[1.247s] creating armor_interfaces.egg-info
[1.247s] writing armor_interfaces.egg-info/PKG-INFO
[1.247s] writing dependency_links to armor_interfaces.egg-info/dependency_links.txt
[1.247s] writing top-level names to armor_interfaces.egg-info/top_level.txt
[1.247s] writing manifest file 'armor_interfaces.egg-info/SOURCES.txt'
[1.248s] reading manifest file 'armor_interfaces.egg-info/SOURCES.txt'
[1.249s] writing manifest file 'armor_interfaces.egg-info/SOURCES.txt'
[1.271s] [  4%] Built target ament_cmake_python_build_armor_interfaces_egg
[1.353s] [  8%] [32mBuilding C object CMakeFiles/armor_interfaces__rosidl_generator_c.dir/rosidl_generator_c/armor_interfaces/msg/detail/target__functions.c.o[0m
[1.353s] [  8%] [32mBuilding C object CMakeFiles/armor_interfaces__rosidl_generator_c.dir/rosidl_generator_c/armor_interfaces/msg/detail/armors__functions.c.o[0m
[1.353s] [ 10%] [32mBuilding C object CMakeFiles/armor_interfaces__rosidl_generator_c.dir/rosidl_generator_c/armor_interfaces/msg/detail/armor__functions.c.o[0m
[1.359s] [ 10%] Built target armor_interfaces__cpp
[1.366s] [ 14%] [34m[1mGenerating C++ type support dispatch for ROS interfaces[0m
[1.366s] [ 14%] [34m[1mGenerating C++ type support for eProsima Fast-RTPS[0m
[1.370s] [ 17%] [34m[1mGenerating C++ introspection for ROS interfaces[0m
[1.405s] [ 19%] [32m[1mLinking C shared library libarmor_interfaces__rosidl_generator_c.so[0m
[1.441s] [ 19%] Built target armor_interfaces__rosidl_generator_c
[1.448s] [ 21%] [34m[1mGenerating C type support for eProsima Fast-RTPS[0m
[1.448s] [ 23%] [34m[1mGenerating C type support dispatch for ROS interfaces[0m
[1.450s] [ 25%] [34m[1mGenerating C introspection for ROS interfaces[0m
[1.579s] [ 27%] [32mBuilding CXX object CMakeFiles/armor_interfaces__rosidl_typesupport_cpp.dir/rosidl_typesupport_cpp/armor_interfaces/msg/target__type_support.cpp.o[0m
[1.581s] [ 29%] [32mBuilding CXX object CMakeFiles/armor_interfaces__rosidl_typesupport_cpp.dir/rosidl_typesupport_cpp/armor_interfaces/msg/armor__type_support.cpp.o[0m
[1.581s] [ 31%] [32mBuilding CXX object CMakeFiles/armor_interfaces__rosidl_typesupport_cpp.dir/rosidl_typesupport_cpp/armor_interfaces/msg/armors__type_support.cpp.o[0m
[1.612s] [ 38%] [32mBuilding CXX object CMakeFiles/armor_interfaces__rosidl_typesupport_fastrtps_cpp.dir/rosidl_typesupport_fastrtps_cpp/armor_interfaces/msg/detail/dds_fastrtps/target__type_support.cpp.o[0m
[1.612s] [ 38%] [32mBuilding CXX object CMakeFiles/armor_interfaces__rosidl_typesupport_fastrtps_cpp.dir/rosidl_typesupport_fastrtps_cpp/armor_interfaces/msg/detail/dds_fastrtps/armors__type_support.cpp.o[0m
[1.612s] [ 38%] [32mBuilding CXX object CMakeFiles/armor_interfaces__rosidl_typesupport_fastrtps_cpp.dir/rosidl_typesupport_fastrtps_cpp/armor_interfaces/msg/detail/dds_fastrtps/armor__type_support.cpp.o[0m
[1.666s] [ 40%] [32mBuilding CXX object CMakeFiles/armor_interfaces__rosidl_typesupport_c.dir/rosidl_typesupport_c/armor_interfaces/msg/armor__type_support.cpp.o[0m
[1.667s] [ 42%] [32mBuilding CXX object CMakeFiles/armor_interfaces__rosidl_typesupport_c.dir/rosidl_typesupport_c/armor_interfaces/msg/armors__type_support.cpp.o[0m
[1.668s] [ 44%] [32mBuilding CXX object CMakeFiles/armor_interfaces__rosidl_typesupport_c.dir/rosidl_typesupport_c/armor_interfaces/msg/target__type_support.cpp.o[0m
[1.702s] [ 46%] [32m[1mLinking CXX shared library libarmor_interfaces__rosidl_typesupport_c.so[0m
[1.745s] [ 46%] Built target armor_interfaces__rosidl_typesupport_c
[1.745s] [ 48%] [32mBuilding CXX object CMakeFiles/armor_interfaces__rosidl_typesupport_introspection_cpp.dir/rosidl_typesupport_introspection_cpp/armor_interfaces/msg/detail/armor__type_support.cpp.o[0m
[1.747s] [ 51%] [32mBuilding CXX object CMakeFiles/armor_interfaces__rosidl_typesupport_introspection_cpp.dir/rosidl_typesupport_introspection_cpp/armor_interfaces/msg/detail/armors__type_support.cpp.o[0m
[1.751s] [ 53%] [32mBuilding CXX object CMakeFiles/armor_interfaces__rosidl_typesupport_introspection_cpp.dir/rosidl_typesupport_introspection_cpp/armor_interfaces/msg/detail/target__type_support.cpp.o[0m
[1.758s] [ 55%] [32mBuilding CXX object CMakeFiles/armor_interfaces__rosidl_typesupport_fastrtps_c.dir/rosidl_typesupport_fastrtps_c/armor_interfaces/msg/detail/armor__type_support_c.cpp.o[0m
[1.771s] [ 57%] [32mBuilding CXX object CMakeFiles/armor_interfaces__rosidl_typesupport_fastrtps_c.dir/rosidl_typesupport_fastrtps_c/armor_interfaces/msg/detail/armors__type_support_c.cpp.o[0m
[1.817s] [ 59%] [32mBuilding CXX object CMakeFiles/armor_interfaces__rosidl_typesupport_fastrtps_c.dir/rosidl_typesupport_fastrtps_c/armor_interfaces/msg/detail/target__type_support_c.cpp.o[0m
[1.875s] [ 61%] [32mBuilding C object CMakeFiles/armor_interfaces__rosidl_typesupport_introspection_c.dir/rosidl_typesupport_introspection_c/armor_interfaces/msg/detail/armor__type_support.c.o[0m
[1.876s] [ 63%] [32mBuilding C object CMakeFiles/armor_interfaces__rosidl_typesupport_introspection_c.dir/rosidl_typesupport_introspection_c/armor_interfaces/msg/detail/armors__type_support.c.o[0m
[1.882s] [ 65%] [32m[1mLinking CXX shared library libarmor_interfaces__rosidl_typesupport_cpp.so[0m
[1.928s] [ 65%] Built target armor_interfaces__rosidl_typesupport_cpp
[1.928s] [ 68%] [32mBuilding C object CMakeFiles/armor_interfaces__rosidl_typesupport_introspection_c.dir/rosidl_typesupport_introspection_c/armor_interfaces/msg/detail/target__type_support.c.o[0m
[1.976s] [ 70%] [32m[1mLinking C shared library libarmor_interfaces__rosidl_typesupport_introspection_c.so[0m
[2.000s] [ 70%] Built target armor_interfaces__rosidl_typesupport_introspection_c
[2.099s] [ 72%] [32m[1mLinking CXX shared library libarmor_interfaces__rosidl_typesupport_fastrtps_cpp.so[0m
[2.127s] [ 74%] [32m[1mLinking CXX shared library libarmor_interfaces__rosidl_typesupport_fastrtps_c.so[0m
[2.154s] [ 74%] Built target armor_interfaces__rosidl_typesupport_fastrtps_cpp
[2.173s] [ 76%] [32m[1mLinking CXX shared library libarmor_interfaces__rosidl_typesupport_introspection_cpp.so[0m
[2.182s] [ 76%] Built target armor_interfaces__rosidl_typesupport_fastrtps_c
[2.226s] [ 76%] Built target armor_interfaces__rosidl_typesupport_introspection_cpp
[2.241s] [ 76%] Built target armor_interfaces
[2.261s] [ 78%] [34m[1mGenerating Python code for ROS interfaces[0m
[2.595s] [ 78%] Built target armor_interfaces__py
[2.610s] [ 80%] [32mBuilding C object CMakeFiles/armor_interfaces__rosidl_generator_py.dir/rosidl_generator_py/armor_interfaces/msg/_target_s.c.o[0m
[2.611s] [ 82%] [32mBuilding C object CMakeFiles/armor_interfaces__rosidl_generator_py.dir/rosidl_generator_py/armor_interfaces/msg/_armors_s.c.o[0m
[2.612s] [ 85%] [32mBuilding C object CMakeFiles/armor_interfaces__rosidl_generator_py.dir/rosidl_generator_py/armor_interfaces/msg/_armor_s.c.o[0m
[2.690s] [ 87%] [32m[1mLinking C shared library rosidl_generator_py/armor_interfaces/libarmor_interfaces__rosidl_generator_py.so[0m
[2.719s] [ 87%] Built target armor_interfaces__rosidl_generator_py
[2.733s] [ 89%] [32mBuilding C object CMakeFiles/armor_interfaces__rosidl_typesupport_introspection_c__pyext.dir/rosidl_generator_py/armor_interfaces/_armor_interfaces_s.ep.rosidl_typesupport_introspection_c.c.o[0m
[2.734s] [ 91%] [32mBuilding C object CMakeFiles/armor_interfaces__rosidl_typesupport_fastrtps_c__pyext.dir/rosidl_generator_py/armor_interfaces/_armor_interfaces_s.ep.rosidl_typesupport_fastrtps_c.c.o[0m
[2.735s] [ 93%] [32mBuilding C object CMakeFiles/armor_interfaces__rosidl_typesupport_c__pyext.dir/rosidl_generator_py/armor_interfaces/_armor_interfaces_s.ep.rosidl_typesupport_c.c.o[0m
[2.800s] [ 95%] [32m[1mLinking C shared library rosidl_generator_py/armor_interfaces/armor_interfaces_s__rosidl_typesupport_introspection_c.cpython-310-x86_64-linux-gnu.so[0m
[2.804s] [ 97%] [32m[1mLinking C shared library rosidl_generator_py/armor_interfaces/armor_interfaces_s__rosidl_typesupport_fastrtps_c.cpython-310-x86_64-linux-gnu.so[0m
[2.807s] [100%] [32m[1mLinking C shared library rosidl_generator_py/armor_interfaces/armor_interfaces_s__rosidl_typesupport_c.cpython-310-x86_64-linux-gnu.so[0m
[2.827s] [100%] Built target armor_interfaces__rosidl_typesupport_introspection_c__pyext
[2.834s] [100%] Built target armor_interfaces__rosidl_typesupport_c__pyext
[2.835s] [100%] Built target armor_interfaces__rosidl_typesupport_fastrtps_c__pyext
[2.843s] Invoked command in '/home/xzq/project/armor_ws/build/armor_interfaces' returned '0': CMAKE_PREFIX_PATH=/opt/ros/humble /usr/bin/cmake --build /home/xzq/project/armor_ws/build/armor_interfaces -- -j12 -l12
[2.850s] Invoking command in '/home/xzq/project/armor_ws/build/armor_interfaces': CMAKE_PREFIX_PATH=/opt/ros/humble /usr/bin/cmake --install /home/xzq/project/armor_ws/build/armor_interfaces
[2.855s] -- Install configuration: ""
[2.855s] -- Installing: /home/xzq/project/armor_ws/install/armor_interfaces/share/ament_index/resource_index/rosidl_interfaces/armor_interfaces
[2.855s] -- Installing: /home/xzq/project/armor_ws/install/armor_interfaces/include/armor_interfaces/armor_interfaces
[2.855s] -- Installing: /home/xzq/project/armor_ws/install/armor_interfaces/include/armor_interfaces/armor_interfaces/msg
[2.855s] -- Installing: /home/xzq/project/armor_ws/install/armor_interfaces/include/armor_interfaces/armor_interfaces/msg/rosidl_generator_c__visibility_control.h
[2.855s] -- Installing: /home/xzq/project/armor_ws/install/armor_interfaces/include/armor_interfaces/armor_interfaces/msg/detail
[2.855s] -- Installing: /home/xzq/project/armor_ws/install/armor_interfaces/include/armor_interfaces/armor_interfaces/msg/detail/armor__functions.c
[2.855s] -- Installing: /home/xzq/project/armor_ws/install/armor_interfaces/include/armor_interfaces/armor_interfaces/msg/detail/target__functions.c
[2.855s] -- Installing: /home/xzq/project/armor_ws/install/armor_interfaces/include/armor_interfaces/armor_interfaces/msg/detail/armors__functions.h
[2.855s] -- Installing: /home/xzq/project/armor_ws/install/armor_interfaces/include/armor_interfaces/armor_interfaces/msg/detail/armor__struct.h
[2.855s] -- Installing: /home/xzq/project/armor_ws/install/armor_interfaces/include/armor_interfaces/armor_interfaces/msg/detail/target__struct.h
[2.855s] -- Installing: /home/xzq/project/armor_ws/install/armor_interfaces/include/armor_interfaces/armor_interfaces/msg/detail/armors__struct.h
[2.855s] -- Installing: /home/xzq/project/armor_ws/install/armor_interfaces/include/armor_interfaces/armor_interfaces/msg/detail/target__type_support.h
[2.855s] -- Installing: /home/xzq/project/armor_ws/install/armor_interfaces/include/armor_interfaces/armor_interfaces/msg/detail/target__functions.h
[2.855s] -- Installing: /home/xzq/project/armor_ws/install/armor_interfaces/include/armor_interfaces/armor_interfaces/msg/detail/armor__functions.h
[2.856s] -- Installing: /home/xzq/project/armor_ws/install/armor_interfaces/include/armor_interfaces/armor_interfaces/msg/detail/armors__functions.c
[2.856s] -- Installing: /home/xzq/project/armor_ws/install/armor_interfaces/include/armor_interfaces/armor_interfaces/msg/detail/armors__type_support.h
[2.856s] -- Installing: /home/xzq/project/armor_ws/install/armor_interfaces/include/armor_interfaces/armor_interfaces/msg/detail/armor__type_support.h
[2.856s] -- Installing: /home/xzq/project/armor_ws/install/armor_interfaces/include/armor_interfaces/armor_interfaces/msg/armors.h
[2.856s] -- Installing: /home/xzq/project/armor_ws/install/armor_interfaces/include/armor_interfaces/armor_interfaces/msg/target.h
[2.856s] -- Installing: /home/xzq/project/armor_ws/install/armor_interfaces/include/armor_interfaces/armor_interfaces/msg/armor.h
[2.856s] -- Installing: /home/xzq/project/armor_ws/install/armor_interfaces/share/armor_interfaces/environment/library_path.sh
[2.856s] -- Installing: /home/xzq/project/armor_ws/install/armor_interfaces/share/armor_interfaces/environment/library_path.dsv
[2.856s] -- Installing: /home/xzq/project/armor_ws/install/armor_interfaces/lib/libarmor_interfaces__rosidl_generator_c.so
[2.856s] -- Set runtime path of "/home/xzq/project/armor_ws/install/armor_interfaces/lib/libarmor_interfaces__rosidl_generator_c.so" to ""
[2.856s] -- Up-to-date: /home/xzq/project/armor_ws/install/armor_interfaces/include/armor_interfaces/armor_interfaces
[2.856s] -- Up-to-date: /home/xzq/project/armor_ws/install/armor_interfaces/include/armor_interfaces/armor_interfaces/msg
[2.856s] -- Up-to-date: /home/xzq/project/armor_ws/install/armor_interfaces/include/armor_interfaces/armor_interfaces/msg/detail
[2.856s] -- Installing: /home/xzq/project/armor_ws/install/armor_interfaces/include/armor_interfaces/armor_interfaces/msg/detail/target__rosidl_typesupport_fastrtps_c.h
[2.856s] -- Installing: /home/xzq/project/armor_ws/install/armor_interfaces/include/armor_interfaces/armor_interfaces/msg/detail/armors__rosidl_typesupport_fastrtps_c.h
[2.856s] -- Installing: /home/xzq/project/armor_ws/install/armor_interfaces/include/armor_interfaces/armor_interfaces/msg/detail/armor__rosidl_typesupport_fastrtps_c.h
[2.856s] -- Installing: /home/xzq/project/armor_ws/install/armor_interfaces/include/armor_interfaces/armor_interfaces/msg/rosidl_typesupport_fastrtps_c__visibility_control.h
[2.857s] -- Installing: /home/xzq/project/armor_ws/install/armor_interfaces/lib/libarmor_interfaces__rosidl_typesupport_fastrtps_c.so
[2.857s] -- Set runtime path of "/home/xzq/project/armor_ws/install/armor_interfaces/lib/libarmor_interfaces__rosidl_typesupport_fastrtps_c.so" to ""
[2.857s] -- Up-to-date: /home/xzq/project/armor_ws/install/armor_interfaces/include/armor_interfaces/armor_interfaces
[2.857s] -- Up-to-date: /home/xzq/project/armor_ws/install/armor_interfaces/include/armor_interfaces/armor_interfaces/msg
[2.857s] -- Installing: /home/xzq/project/armor_ws/install/armor_interfaces/include/armor_interfaces/armor_interfaces/msg/rosidl_generator_cpp__visibility_control.hpp
[2.857s] -- Installing: /home/xzq/project/armor_ws/install/armor_interfaces/include/armor_interfaces/armor_interfaces/msg/armors.hpp
[2.857s] -- Installing: /home/xzq/project/armor_ws/install/armor_interfaces/include/armor_interfaces/armor_interfaces/msg/armor.hpp
[2.857s] -- Up-to-date: /home/xzq/project/armor_ws/install/armor_interfaces/include/armor_interfaces/armor_interfaces/msg/detail
[2.857s] -- Installing: /home/xzq/project/armor_ws/install/armor_interfaces/include/armor_interfaces/armor_interfaces/msg/detail/armors__struct.hpp
[2.857s] -- Installing: /home/xzq/project/armor_ws/install/armor_interfaces/include/armor_interfaces/armor_interfaces/msg/detail/armors__traits.hpp
[2.857s] -- Installing: /home/xzq/project/armor_ws/install/armor_interfaces/include/armor_interfaces/armor_interfaces/msg/detail/target__type_support.hpp
[2.857s] -- Installing: /home/xzq/project/armor_ws/install/armor_interfaces/include/armor_interfaces/armor_interfaces/msg/detail/armor__struct.hpp
[2.857s] -- Installing: /home/xzq/project/armor_ws/install/armor_interfaces/include/armor_interfaces/armor_interfaces/msg/detail/armor__traits.hpp
[2.857s] -- Installing: /home/xzq/project/armor_ws/install/armor_interfaces/include/armor_interfaces/armor_interfaces/msg/detail/armor__type_support.hpp
[2.857s] -- Installing: /home/xzq/project/armor_ws/install/armor_interfaces/include/armor_interfaces/armor_interfaces/msg/detail/target__traits.hpp
[2.857s] -- Installing: /home/xzq/project/armor_ws/install/armor_interfaces/include/armor_interfaces/armor_interfaces/msg/detail/armor__builder.hpp
[2.857s] -- Installing: /home/xzq/project/armor_ws/install/armor_interfaces/include/armor_interfaces/armor_interfaces/msg/detail/armors__type_support.hpp
[2.857s] -- Installing: /home/xzq/project/armor_ws/install/armor_interfaces/include/armor_interfaces/armor_interfaces/msg/detail/target__struct.hpp
[2.857s] -- Installing: /home/xzq/project/armor_ws/install/armor_interfaces/include/armor_interfaces/armor_interfaces/msg/detail/armors__builder.hpp
[2.857s] -- Installing: /home/xzq/project/armor_ws/install/armor_interfaces/include/armor_interfaces/armor_interfaces/msg/detail/target__builder.hpp
[2.857s] -- Installing: /home/xzq/project/armor_ws/install/armor_interfaces/include/armor_interfaces/armor_interfaces/msg/target.hpp
[2.857s] -- Up-to-date: /home/xzq/project/armor_ws/install/armor_interfaces/include/armor_interfaces/armor_interfaces
[2.857s] -- Up-to-date: /home/xzq/project/armor_ws/install/armor_interfaces/include/armor_interfaces/armor_interfaces/msg
[2.858s] -- Installing: /home/xzq/project/armor_ws/install/armor_interfaces/include/armor_interfaces/armor_interfaces/msg/rosidl_typesupport_fastrtps_cpp__visibility_control.h
[2.858s] -- Up-to-date: /home/xzq/project/armor_ws/install/armor_interfaces/include/armor_interfaces/armor_interfaces/msg/detail
[2.858s] -- Installing: /home/xzq/project/armor_ws/install/armor_interfaces/include/armor_interfaces/armor_interfaces/msg/detail/target__rosidl_typesupport_fastrtps_cpp.hpp
[2.858s] -- Installing: /home/xzq/project/armor_ws/install/armor_interfaces/include/armor_interfaces/armor_interfaces/msg/detail/dds_fastrtps
[2.858s] -- Installing: /home/xzq/project/armor_ws/install/armor_interfaces/include/armor_interfaces/armor_interfaces/msg/detail/armors__rosidl_typesupport_fastrtps_cpp.hpp
[2.858s] -- Installing: /home/xzq/project/armor_ws/install/armor_interfaces/include/armor_interfaces/armor_interfaces/msg/detail/armor__rosidl_typesupport_fastrtps_cpp.hpp
[2.858s] -- Installing: /home/xzq/project/armor_ws/install/armor_interfaces/lib/libarmor_interfaces__rosidl_typesupport_fastrtps_cpp.so
[2.858s] -- Set runtime path of "/home/xzq/project/armor_ws/install/armor_interfaces/lib/libarmor_interfaces__rosidl_typesupport_fastrtps_cpp.so" to ""
[2.858s] -- Up-to-date: /home/xzq/project/armor_ws/install/armor_interfaces/include/armor_interfaces/armor_interfaces
[2.858s] -- Up-to-date: /home/xzq/project/armor_ws/install/armor_interfaces/include/armor_interfaces/armor_interfaces/msg
[2.858s] -- Installing: /home/xzq/project/armor_ws/install/armor_interfaces/include/armor_interfaces/armor_interfaces/msg/rosidl_typesupport_introspection_c__visibility_control.h
[2.858s] -- Up-to-date: /home/xzq/project/armor_ws/install/armor_interfaces/include/armor_interfaces/armor_interfaces/msg/detail
[2.858s] -- Installing: /home/xzq/project/armor_ws/install/armor_interfaces/include/armor_interfaces/armor_interfaces/msg/detail/target__type_support.c
[2.858s] -- Installing: /home/xzq/project/armor_ws/install/armor_interfaces/include/armor_interfaces/armor_interfaces/msg/detail/armors__rosidl_typesupport_introspection_c.h
[2.858s] -- Installing: /home/xzq/project/armor_ws/install/armor_interfaces/include/armor_interfaces/armor_interfaces/msg/detail/armor__rosidl_typesupport_introspection_c.h
[2.858s] -- Installing: /home/xzq/project/armor_ws/install/armor_interfaces/include/armor_interfaces/armor_interfaces/msg/detail/armor__type_support.c
[2.858s] -- Installing: /home/xzq/project/armor_ws/install/armor_interfaces/include/armor_interfaces/armor_interfaces/msg/detail/target__rosidl_typesupport_introspection_c.h
[2.858s] -- Installing: /home/xzq/project/armor_ws/install/armor_interfaces/include/armor_interfaces/armor_interfaces/msg/detail/armors__type_support.c
[2.858s] -- Installing: /home/xzq/project/armor_ws/install/armor_interfaces/lib/libarmor_interfaces__rosidl_typesupport_introspection_c.so
[2.859s] -- Set runtime path of "/home/xzq/project/armor_ws/install/armor_interfaces/lib/libarmor_interfaces__rosidl_typesupport_introspection_c.so" to ""
[2.859s] -- Installing: /home/xzq/project/armor_ws/install/armor_interfaces/lib/libarmor_interfaces__rosidl_typesupport_c.so
[2.859s] -- Set runtime path of "/home/xzq/project/armor_ws/install/armor_interfaces/lib/libarmor_interfaces__rosidl_typesupport_c.so" to ""
[2.859s] -- Up-to-date: /home/xzq/project/armor_ws/install/armor_interfaces/include/armor_interfaces/armor_interfaces
[2.859s] -- Up-to-date: /home/xzq/project/armor_ws/install/armor_interfaces/include/armor_interfaces/armor_interfaces/msg
[2.859s] -- Up-to-date: /home/xzq/project/armor_ws/install/armor_interfaces/include/armor_interfaces/armor_interfaces/msg/detail
[2.859s] -- Installing: /home/xzq/project/armor_ws/install/armor_interfaces/include/armor_interfaces/armor_interfaces/msg/detail/armors__type_support.cpp
[2.859s] -- Installing: /home/xzq/project/armor_ws/install/armor_interfaces/include/armor_interfaces/armor_interfaces/msg/detail/armors__rosidl_typesupport_introspection_cpp.hpp
[2.859s] -- Installing: /home/xzq/project/armor_ws/install/armor_interfaces/include/armor_interfaces/armor_interfaces/msg/detail/armor__type_support.cpp
[2.859s] -- Installing: /home/xzq/project/armor_ws/install/armor_interfaces/include/armor_interfaces/armor_interfaces/msg/detail/target__type_support.cpp
[2.859s] -- Installing: /home/xzq/project/armor_ws/install/armor_interfaces/include/armor_interfaces/armor_interfaces/msg/detail/target__rosidl_typesupport_introspection_cpp.hpp
[2.859s] -- Installing: /home/xzq/project/armor_ws/install/armor_interfaces/include/armor_interfaces/armor_interfaces/msg/detail/armor__rosidl_typesupport_introspection_cpp.hpp
[2.859s] -- Installing: /home/xzq/project/armor_ws/install/armor_interfaces/lib/libarmor_interfaces__rosidl_typesupport_introspection_cpp.so
[2.859s] -- Set runtime path of "/home/xzq/project/armor_ws/install/armor_interfaces/lib/libarmor_interfaces__rosidl_typesupport_introspection_cpp.so" to ""
[2.859s] -- Installing: /home/xzq/project/armor_ws/install/armor_interfaces/lib/libarmor_interfaces__rosidl_typesupport_cpp.so
[2.860s] -- Set runtime path of "/home/xzq/project/armor_ws/install/armor_interfaces/lib/libarmor_interfaces__rosidl_typesupport_cpp.so" to ""
[2.860s] -- Installing: /home/xzq/project/armor_ws/install/armor_interfaces/share/armor_interfaces/environment/pythonpath.sh
[2.860s] -- Installing: /home/xzq/project/armor_ws/install/armor_interfaces/share/armor_interfaces/environment/pythonpath.dsv
[2.860s] -- Installing: /home/xzq/project/armor_ws/install/armor_interfaces/local/lib/python3.10/dist-packages/armor_interfaces-0.0.0-py3.10.egg-info
[2.860s] -- Installing: /home/xzq/project/armor_ws/install/armor_interfaces/local/lib/python3.10/dist-packages/armor_interfaces-0.0.0-py3.10.egg-info/top_level.txt
[2.860s] -- Installing: /home/xzq/project/armor_ws/install/armor_interfaces/local/lib/python3.10/dist-packages/armor_interfaces-0.0.0-py3.10.egg-info/PKG-INFO
[2.860s] -- Installing: /home/xzq/project/armor_ws/install/armor_interfaces/local/lib/python3.10/dist-packages/armor_interfaces-0.0.0-py3.10.egg-info/SOURCES.txt
[2.860s] -- Installing: /home/xzq/project/armor_ws/install/armor_interfaces/local/lib/python3.10/dist-packages/armor_interfaces-0.0.0-py3.10.egg-info/dependency_links.txt
[2.860s] -- Installing: /home/xzq/project/armor_ws/install/armor_interfaces/local/lib/python3.10/dist-packages/armor_interfaces
[2.860s] -- Installing: /home/xzq/project/armor_ws/install/armor_interfaces/local/lib/python3.10/dist-packages/armor_interfaces/armor_interfaces_s__rosidl_typesupport_introspection_c.cpython-310-x86_64-linux-gnu.so
[2.860s] -- Installing: /home/xzq/project/armor_ws/install/armor_interfaces/local/lib/python3.10/dist-packages/armor_interfaces/armor_interfaces_s__rosidl_typesupport_c.cpython-310-x86_64-linux-gnu.so
[2.860s] -- Installing: /home/xzq/project/armor_ws/install/armor_interfaces/local/lib/python3.10/dist-packages/armor_interfaces/armor_interfaces_s__rosidl_typesupport_fastrtps_c.cpython-310-x86_64-linux-gnu.so
[2.860s] -- Installing: /home/xzq/project/armor_ws/install/armor_interfaces/local/lib/python3.10/dist-packages/armor_interfaces/libarmor_interfaces__rosidl_generator_py.so
[2.860s] -- Installing: /home/xzq/project/armor_ws/install/armor_interfaces/local/lib/python3.10/dist-packages/armor_interfaces/_armor_interfaces_s.ep.rosidl_typesupport_c.c
[2.861s] -- Installing: /home/xzq/project/armor_ws/install/armor_interfaces/local/lib/python3.10/dist-packages/armor_interfaces/_armor_interfaces_s.ep.rosidl_typesupport_introspection_c.c
[2.861s] -- Installing: /home/xzq/project/armor_ws/install/armor_interfaces/local/lib/python3.10/dist-packages/armor_interfaces/msg
[2.861s] -- Installing: /home/xzq/project/armor_ws/install/armor_interfaces/local/lib/python3.10/dist-packages/armor_interfaces/msg/_armor_s.c
[2.861s] -- Installing: /home/xzq/project/armor_ws/install/armor_interfaces/local/lib/python3.10/dist-packages/armor_interfaces/msg/_armors_s.c
[2.861s] -- Installing: /home/xzq/project/armor_ws/install/armor_interfaces/local/lib/python3.10/dist-packages/armor_interfaces/msg/_armors.py
[2.861s] -- Installing: /home/xzq/project/armor_ws/install/armor_interfaces/local/lib/python3.10/dist-packages/armor_interfaces/msg/_target.py
[2.861s] -- Installing: /home/xzq/project/armor_ws/install/armor_interfaces/local/lib/python3.10/dist-packages/armor_interfaces/msg/_target_s.c
[2.861s] -- Installing: /home/xzq/project/armor_ws/install/armor_interfaces/local/lib/python3.10/dist-packages/armor_interfaces/msg/__init__.py
[2.861s] -- Installing: /home/xzq/project/armor_ws/install/armor_interfaces/local/lib/python3.10/dist-packages/armor_interfaces/msg/_armor.py
[2.861s] -- Installing: /home/xzq/project/armor_ws/install/armor_interfaces/local/lib/python3.10/dist-packages/armor_interfaces/_armor_interfaces_s.ep.rosidl_typesupport_fastrtps_c.c
[2.861s] -- Installing: /home/xzq/project/armor_ws/install/armor_interfaces/local/lib/python3.10/dist-packages/armor_interfaces/__init__.py
[2.882s] Listing '/home/xzq/project/armor_ws/install/armor_interfaces/local/lib/python3.10/dist-packages/armor_interfaces'...
[2.882s] Compiling '/home/xzq/project/armor_ws/install/armor_interfaces/local/lib/python3.10/dist-packages/armor_interfaces/__init__.py'...
[2.882s] Listing '/home/xzq/project/armor_ws/install/armor_interfaces/local/lib/python3.10/dist-packages/armor_interfaces/msg'...
[2.882s] Compiling '/home/xzq/project/armor_ws/install/armor_interfaces/local/lib/python3.10/dist-packages/armor_interfaces/msg/__init__.py'...
[2.882s] Compiling '/home/xzq/project/armor_ws/install/armor_interfaces/local/lib/python3.10/dist-packages/armor_interfaces/msg/_armor.py'...
[2.882s] Compiling '/home/xzq/project/armor_ws/install/armor_interfaces/local/lib/python3.10/dist-packages/armor_interfaces/msg/_armors.py'...
[2.882s] Compiling '/home/xzq/project/armor_ws/install/armor_interfaces/local/lib/python3.10/dist-packages/armor_interfaces/msg/_target.py'...
[2.884s] -- Installing: /home/xzq/project/armor_ws/install/armor_interfaces/local/lib/python3.10/dist-packages/armor_interfaces/armor_interfaces_s__rosidl_typesupport_fastrtps_c.cpython-310-x86_64-linux-gnu.so
[2.884s] -- Set runtime path of "/home/xzq/project/armor_ws/install/armor_interfaces/local/lib/python3.10/dist-packages/armor_interfaces/armor_interfaces_s__rosidl_typesupport_fastrtps_c.cpython-310-x86_64-linux-gnu.so" to ""
[2.884s] -- Installing: /home/xzq/project/armor_ws/install/armor_interfaces/local/lib/python3.10/dist-packages/armor_interfaces/armor_interfaces_s__rosidl_typesupport_introspection_c.cpython-310-x86_64-linux-gnu.so
[2.884s] -- Set runtime path of "/home/xzq/project/armor_ws/install/armor_interfaces/local/lib/python3.10/dist-packages/armor_interfaces/armor_interfaces_s__rosidl_typesupport_introspection_c.cpython-310-x86_64-linux-gnu.so" to ""
[2.884s] -- Installing: /home/xzq/project/armor_ws/install/armor_interfaces/local/lib/python3.10/dist-packages/armor_interfaces/armor_interfaces_s__rosidl_typesupport_c.cpython-310-x86_64-linux-gnu.so
[2.885s] -- Set runtime path of "/home/xzq/project/armor_ws/install/armor_interfaces/local/lib/python3.10/dist-packages/armor_interfaces/armor_interfaces_s__rosidl_typesupport_c.cpython-310-x86_64-linux-gnu.so" to ""
[2.885s] -- Installing: /home/xzq/project/armor_ws/install/armor_interfaces/lib/libarmor_interfaces__rosidl_generator_py.so
[2.885s] -- Set runtime path of "/home/xzq/project/armor_ws/install/armor_interfaces/lib/libarmor_interfaces__rosidl_generator_py.so" to ""
[2.885s] -- Installing: /home/xzq/project/armor_ws/install/armor_interfaces/share/armor_interfaces/msg/Armor.idl
[2.885s] -- Installing: /home/xzq/project/armor_ws/install/armor_interfaces/share/armor_interfaces/msg/Armors.idl
[2.885s] -- Installing: /home/xzq/project/armor_ws/install/armor_interfaces/share/armor_interfaces/msg/Target.idl
[2.885s] -- Installing: /home/xzq/project/armor_ws/install/armor_interfaces/share/armor_interfaces/msg/Armor.msg
[2.885s] -- Installing: /home/xzq/project/armor_ws/install/armor_interfaces/share/armor_interfaces/msg/Armors.msg
[2.885s] -- Installing: /home/xzq/project/armor_ws/install/armor_interfaces/share/armor_interfaces/msg/Target.msg
[2.885s] -- Installing: /home/xzq/project/armor_ws/install/armor_interfaces/share/ament_index/resource_index/package_run_dependencies/armor_interfaces
[2.885s] -- Installing: /home/xzq/project/armor_ws/install/armor_interfaces/share/ament_index/resource_index/parent_prefix_path/armor_interfaces
[2.885s] -- Installing: /home/xzq/project/armor_ws/install/armor_interfaces/share/armor_interfaces/environment/ament_prefix_path.sh
[2.885s] -- Installing: /home/xzq/project/armor_ws/install/armor_interfaces/share/armor_interfaces/environment/ament_prefix_path.dsv
[2.886s] -- Installing: /home/xzq/project/armor_ws/install/armor_interfaces/share/armor_interfaces/environment/path.sh
[2.886s] -- Installing: /home/xzq/project/armor_ws/install/armor_interfaces/share/armor_interfaces/environment/path.dsv
[2.886s] -- Installing: /home/xzq/project/armor_ws/install/armor_interfaces/share/armor_interfaces/local_setup.bash
[2.886s] -- Installing: /home/xzq/project/armor_ws/install/armor_interfaces/share/armor_interfaces/local_setup.sh
[2.886s] -- Installing: /home/xzq/project/armor_ws/install/armor_interfaces/share/armor_interfaces/local_setup.zsh
[2.886s] -- Installing: /home/xzq/project/armor_ws/install/armor_interfaces/share/armor_interfaces/local_setup.dsv
[2.886s] -- Installing: /home/xzq/project/armor_ws/install/armor_interfaces/share/armor_interfaces/package.dsv
[2.886s] -- Installing: /home/xzq/project/armor_ws/install/armor_interfaces/share/ament_index/resource_index/packages/armor_interfaces
[2.886s] -- Installing: /home/xzq/project/armor_ws/install/armor_interfaces/share/armor_interfaces/cmake/export_armor_interfaces__rosidl_generator_cExport.cmake
[2.886s] -- Installing: /home/xzq/project/armor_ws/install/armor_interfaces/share/armor_interfaces/cmake/export_armor_interfaces__rosidl_generator_cExport-noconfig.cmake
[2.886s] -- Installing: /home/xzq/project/armor_ws/install/armor_interfaces/share/armor_interfaces/cmake/export_armor_interfaces__rosidl_typesupport_fastrtps_cExport.cmake
[2.886s] -- Installing: /home/xzq/project/armor_ws/install/armor_interfaces/share/armor_interfaces/cmake/export_armor_interfaces__rosidl_typesupport_fastrtps_cExport-noconfig.cmake
[2.886s] -- Installing: /home/xzq/project/armor_ws/install/armor_interfaces/share/armor_interfaces/cmake/export_armor_interfaces__rosidl_generator_cppExport.cmake
[2.886s] -- Installing: /home/xzq/project/armor_ws/install/armor_interfaces/share/armor_interfaces/cmake/export_armor_interfaces__rosidl_typesupport_fastrtps_cppExport.cmake
[2.886s] -- Installing: /home/xzq/project/armor_ws/install/armor_interfaces/share/armor_interfaces/cmake/export_armor_interfaces__rosidl_typesupport_fastrtps_cppExport-noconfig.cmake
[2.887s] -- Installing: /home/xzq/project/armor_ws/install/armor_interfaces/share/armor_interfaces/cmake/armor_interfaces__rosidl_typesupport_introspection_cExport.cmake
[2.887s] -- Installing: /home/xzq/project/armor_ws/install/armor_interfaces/share/armor_interfaces/cmake/armor_interfaces__rosidl_typesupport_introspection_cExport-noconfig.cmake
[2.887s] -- Installing: /home/xzq/project/armor_ws/install/armor_interfaces/share/armor_interfaces/cmake/armor_interfaces__rosidl_typesupport_cExport.cmake
[2.887s] -- Installing: /home/xzq/project/armor_ws/install/armor_interfaces/share/armor_interfaces/cmake/armor_interfaces__rosidl_typesupport_cExport-noconfig.cmake
[2.887s] -- Installing: /home/xzq/project/armor_ws/install/armor_interfaces/share/armor_interfaces/cmake/armor_interfaces__rosidl_typesupport_introspection_cppExport.cmake
[2.887s] -- Installing: /home/xzq/project/armor_ws/install/armor_interfaces/share/armor_interfaces/cmake/armor_interfaces__rosidl_typesupport_introspection_cppExport-noconfig.cmake
[2.887s] -- Installing: /home/xzq/project/armor_ws/install/armor_interfaces/share/armor_interfaces/cmake/armor_interfaces__rosidl_typesupport_cppExport.cmake
[2.887s] -- Installing: /home/xzq/project/armor_ws/install/armor_interfaces/share/armor_interfaces/cmake/armor_interfaces__rosidl_typesupport_cppExport-noconfig.cmake
[2.887s] -- Installing: /home/xzq/project/armor_ws/install/armor_interfaces/share/armor_interfaces/cmake/export_armor_interfaces__rosidl_generator_pyExport.cmake
[2.887s] -- Installing: /home/xzq/project/armor_ws/install/armor_interfaces/share/armor_interfaces/cmake/export_armor_interfaces__rosidl_generator_pyExport-noconfig.cmake
[2.887s] -- Installing: /home/xzq/project/armor_ws/install/armor_interfaces/share/armor_interfaces/cmake/rosidl_cmake-extras.cmake
[2.887s] -- Installing: /home/xzq/project/armor_ws/install/armor_interfaces/share/armor_interfaces/cmake/ament_cmake_export_dependencies-extras.cmake
[2.887s] -- Installing: /home/xzq/project/armor_ws/install/armor_interfaces/share/armor_interfaces/cmake/ament_cmake_export_include_directories-extras.cmake
[2.887s] -- Installing: /home/xzq/project/armor_ws/install/armor_interfaces/share/armor_interfaces/cmake/ament_cmake_export_libraries-extras.cmake
[2.887s] -- Installing: /home/xzq/project/armor_ws/install/armor_interfaces/share/armor_interfaces/cmake/ament_cmake_export_targets-extras.cmake
[2.887s] -- Installing: /home/xzq/project/armor_ws/install/armor_interfaces/share/armor_interfaces/cmake/rosidl_cmake_export_typesupport_targets-extras.cmake
[2.887s] -- Installing: /home/xzq/project/armor_ws/install/armor_interfaces/share/armor_interfaces/cmake/rosidl_cmake_export_typesupport_libraries-extras.cmake
[2.888s] -- Installing: /home/xzq/project/armor_ws/install/armor_interfaces/share/armor_interfaces/cmake/armor_interfacesConfig.cmake
[2.888s] -- Installing: /home/xzq/project/armor_ws/install/armor_interfaces/share/armor_interfaces/cmake/armor_interfacesConfig-version.cmake
[2.888s] -- Installing: /home/xzq/project/armor_ws/install/armor_interfaces/share/armor_interfaces/package.xml
[2.888s] Invoked command in '/home/xzq/project/armor_ws/build/armor_interfaces' returned '0': CMAKE_PREFIX_PATH=/opt/ros/humble /usr/bin/cmake --install /home/xzq/project/armor_ws/build/armor_interfaces
