[  2%] Built target armor_interfaces__cpp
[ 12%] Built target armor_interfaces__rosidl_generator_c
[ 12%] Built target ament_cmake_python_copy_armor_interfaces
[ 23%] Built target armor_interfaces__rosidl_typesupport_fastrtps_cpp
[ 34%] Built target armor_interfaces__rosidl_typesupport_c
[ 44%] Built target armor_interfaces__rosidl_typesupport_cpp
[ 55%] Built target armor_interfaces__rosidl_typesupport_introspection_cpp
[ 76%] Built target armor_interfaces__rosidl_typesupport_fastrtps_c
[ 76%] Built target armor_interfaces__rosidl_typesupport_introspection_c
[ 76%] Built target armor_interfaces
[ 78%] Built target armor_interfaces__py
[ 87%] Built target armor_interfaces__rosidl_generator_py
[ 91%] Built target armor_interfaces__rosidl_typesupport_c__pyext
[ 95%] Built target armor_interfaces__rosidl_typesupport_introspection_c__pyext
[100%] Built target armor_interfaces__rosidl_typesupport_fastrtps_c__pyext
running egg_info
writing armor_interfaces.egg-info/PKG-INFO
writing dependency_links to armor_interfaces.egg-info/dependency_links.txt
writing top-level names to armor_interfaces.egg-info/top_level.txt
reading manifest file 'armor_interfaces.egg-info/SOURCES.txt'
writing manifest file 'armor_interfaces.egg-info/SOURCES.txt'
[100%] Built target ament_cmake_python_build_armor_interfaces_egg
-- Install configuration: ""
-- Up-to-date: /home/xzq/Downloads/armor_ws/install/armor_interfaces/share/ament_index/resource_index/rosidl_interfaces/armor_interfaces
-- Up-to-date: /home/xzq/Downloads/armor_ws/install/armor_interfaces/include/armor_interfaces/armor_interfaces
-- Up-to-date: /home/xzq/Downloads/armor_ws/install/armor_interfaces/include/armor_interfaces/armor_interfaces/msg
-- Up-to-date: /home/xzq/Downloads/armor_ws/install/armor_interfaces/include/armor_interfaces/armor_interfaces/msg/rosidl_generator_c__visibility_control.h
-- Up-to-date: /home/xzq/Downloads/armor_ws/install/armor_interfaces/include/armor_interfaces/armor_interfaces/msg/detail
-- Up-to-date: /home/xzq/Downloads/armor_ws/install/armor_interfaces/include/armor_interfaces/armor_interfaces/msg/detail/armor__functions.c
-- Up-to-date: /home/xzq/Downloads/armor_ws/install/armor_interfaces/include/armor_interfaces/armor_interfaces/msg/detail/target__functions.c
-- Up-to-date: /home/xzq/Downloads/armor_ws/install/armor_interfaces/include/armor_interfaces/armor_interfaces/msg/detail/armors__functions.h
-- Up-to-date: /home/xzq/Downloads/armor_ws/install/armor_interfaces/include/armor_interfaces/armor_interfaces/msg/detail/armor__struct.h
-- Up-to-date: /home/xzq/Downloads/armor_ws/install/armor_interfaces/include/armor_interfaces/armor_interfaces/msg/detail/target__struct.h
-- Up-to-date: /home/xzq/Downloads/armor_ws/install/armor_interfaces/include/armor_interfaces/armor_interfaces/msg/detail/armors__struct.h
-- Up-to-date: /home/xzq/Downloads/armor_ws/install/armor_interfaces/include/armor_interfaces/armor_interfaces/msg/detail/target__type_support.h
-- Up-to-date: /home/xzq/Downloads/armor_ws/install/armor_interfaces/include/armor_interfaces/armor_interfaces/msg/detail/target__functions.h
-- Up-to-date: /home/xzq/Downloads/armor_ws/install/armor_interfaces/include/armor_interfaces/armor_interfaces/msg/detail/armor__functions.h
-- Up-to-date: /home/xzq/Downloads/armor_ws/install/armor_interfaces/include/armor_interfaces/armor_interfaces/msg/detail/armors__functions.c
-- Up-to-date: /home/xzq/Downloads/armor_ws/install/armor_interfaces/include/armor_interfaces/armor_interfaces/msg/detail/armors__type_support.h
-- Up-to-date: /home/xzq/Downloads/armor_ws/install/armor_interfaces/include/armor_interfaces/armor_interfaces/msg/detail/armor__type_support.h
-- Up-to-date: /home/xzq/Downloads/armor_ws/install/armor_interfaces/include/armor_interfaces/armor_interfaces/msg/armors.h
-- Up-to-date: /home/xzq/Downloads/armor_ws/install/armor_interfaces/include/armor_interfaces/armor_interfaces/msg/target.h
-- Up-to-date: /home/xzq/Downloads/armor_ws/install/armor_interfaces/include/armor_interfaces/armor_interfaces/msg/armor.h
-- Up-to-date: /home/xzq/Downloads/armor_ws/install/armor_interfaces/share/armor_interfaces/environment/library_path.sh
-- Up-to-date: /home/xzq/Downloads/armor_ws/install/armor_interfaces/share/armor_interfaces/environment/library_path.dsv
-- Up-to-date: /home/xzq/Downloads/armor_ws/install/armor_interfaces/lib/libarmor_interfaces__rosidl_generator_c.so
-- Up-to-date: /home/xzq/Downloads/armor_ws/install/armor_interfaces/include/armor_interfaces/armor_interfaces
-- Up-to-date: /home/xzq/Downloads/armor_ws/install/armor_interfaces/include/armor_interfaces/armor_interfaces/msg
-- Up-to-date: /home/xzq/Downloads/armor_ws/install/armor_interfaces/include/armor_interfaces/armor_interfaces/msg/detail
-- Up-to-date: /home/xzq/Downloads/armor_ws/install/armor_interfaces/include/armor_interfaces/armor_interfaces/msg/detail/target__rosidl_typesupport_fastrtps_c.h
-- Up-to-date: /home/xzq/Downloads/armor_ws/install/armor_interfaces/include/armor_interfaces/armor_interfaces/msg/detail/armors__rosidl_typesupport_fastrtps_c.h
-- Up-to-date: /home/xzq/Downloads/armor_ws/install/armor_interfaces/include/armor_interfaces/armor_interfaces/msg/detail/armor__rosidl_typesupport_fastrtps_c.h
-- Up-to-date: /home/xzq/Downloads/armor_ws/install/armor_interfaces/include/armor_interfaces/armor_interfaces/msg/rosidl_typesupport_fastrtps_c__visibility_control.h
-- Up-to-date: /home/xzq/Downloads/armor_ws/install/armor_interfaces/lib/libarmor_interfaces__rosidl_typesupport_fastrtps_c.so
-- Up-to-date: /home/xzq/Downloads/armor_ws/install/armor_interfaces/include/armor_interfaces/armor_interfaces
-- Up-to-date: /home/xzq/Downloads/armor_ws/install/armor_interfaces/include/armor_interfaces/armor_interfaces/msg
-- Up-to-date: /home/xzq/Downloads/armor_ws/install/armor_interfaces/include/armor_interfaces/armor_interfaces/msg/rosidl_generator_cpp__visibility_control.hpp
-- Up-to-date: /home/xzq/Downloads/armor_ws/install/armor_interfaces/include/armor_interfaces/armor_interfaces/msg/armors.hpp
-- Up-to-date: /home/xzq/Downloads/armor_ws/install/armor_interfaces/include/armor_interfaces/armor_interfaces/msg/armor.hpp
-- Up-to-date: /home/xzq/Downloads/armor_ws/install/armor_interfaces/include/armor_interfaces/armor_interfaces/msg/detail
-- Up-to-date: /home/xzq/Downloads/armor_ws/install/armor_interfaces/include/armor_interfaces/armor_interfaces/msg/detail/armors__struct.hpp
-- Up-to-date: /home/xzq/Downloads/armor_ws/install/armor_interfaces/include/armor_interfaces/armor_interfaces/msg/detail/armors__traits.hpp
-- Up-to-date: /home/xzq/Downloads/armor_ws/install/armor_interfaces/include/armor_interfaces/armor_interfaces/msg/detail/target__type_support.hpp
-- Up-to-date: /home/xzq/Downloads/armor_ws/install/armor_interfaces/include/armor_interfaces/armor_interfaces/msg/detail/armor__struct.hpp
-- Up-to-date: /home/xzq/Downloads/armor_ws/install/armor_interfaces/include/armor_interfaces/armor_interfaces/msg/detail/armor__traits.hpp
-- Up-to-date: /home/xzq/Downloads/armor_ws/install/armor_interfaces/include/armor_interfaces/armor_interfaces/msg/detail/armor__type_support.hpp
-- Up-to-date: /home/xzq/Downloads/armor_ws/install/armor_interfaces/include/armor_interfaces/armor_interfaces/msg/detail/target__traits.hpp
-- Up-to-date: /home/xzq/Downloads/armor_ws/install/armor_interfaces/include/armor_interfaces/armor_interfaces/msg/detail/armor__builder.hpp
-- Up-to-date: /home/xzq/Downloads/armor_ws/install/armor_interfaces/include/armor_interfaces/armor_interfaces/msg/detail/armors__type_support.hpp
-- Up-to-date: /home/xzq/Downloads/armor_ws/install/armor_interfaces/include/armor_interfaces/armor_interfaces/msg/detail/target__struct.hpp
-- Up-to-date: /home/xzq/Downloads/armor_ws/install/armor_interfaces/include/armor_interfaces/armor_interfaces/msg/detail/armors__builder.hpp
-- Up-to-date: /home/xzq/Downloads/armor_ws/install/armor_interfaces/include/armor_interfaces/armor_interfaces/msg/detail/target__builder.hpp
-- Up-to-date: /home/xzq/Downloads/armor_ws/install/armor_interfaces/include/armor_interfaces/armor_interfaces/msg/target.hpp
-- Up-to-date: /home/xzq/Downloads/armor_ws/install/armor_interfaces/include/armor_interfaces/armor_interfaces
-- Up-to-date: /home/xzq/Downloads/armor_ws/install/armor_interfaces/include/armor_interfaces/armor_interfaces/msg
-- Up-to-date: /home/xzq/Downloads/armor_ws/install/armor_interfaces/include/armor_interfaces/armor_interfaces/msg/rosidl_typesupport_fastrtps_cpp__visibility_control.h
-- Up-to-date: /home/xzq/Downloads/armor_ws/install/armor_interfaces/include/armor_interfaces/armor_interfaces/msg/detail
-- Up-to-date: /home/xzq/Downloads/armor_ws/install/armor_interfaces/include/armor_interfaces/armor_interfaces/msg/detail/target__rosidl_typesupport_fastrtps_cpp.hpp
-- Up-to-date: /home/xzq/Downloads/armor_ws/install/armor_interfaces/include/armor_interfaces/armor_interfaces/msg/detail/dds_fastrtps
-- Up-to-date: /home/xzq/Downloads/armor_ws/install/armor_interfaces/include/armor_interfaces/armor_interfaces/msg/detail/armors__rosidl_typesupport_fastrtps_cpp.hpp
-- Up-to-date: /home/xzq/Downloads/armor_ws/install/armor_interfaces/include/armor_interfaces/armor_interfaces/msg/detail/armor__rosidl_typesupport_fastrtps_cpp.hpp
-- Up-to-date: /home/xzq/Downloads/armor_ws/install/armor_interfaces/lib/libarmor_interfaces__rosidl_typesupport_fastrtps_cpp.so
-- Up-to-date: /home/xzq/Downloads/armor_ws/install/armor_interfaces/include/armor_interfaces/armor_interfaces
-- Up-to-date: /home/xzq/Downloads/armor_ws/install/armor_interfaces/include/armor_interfaces/armor_interfaces/msg
-- Up-to-date: /home/xzq/Downloads/armor_ws/install/armor_interfaces/include/armor_interfaces/armor_interfaces/msg/rosidl_typesupport_introspection_c__visibility_control.h
-- Up-to-date: /home/xzq/Downloads/armor_ws/install/armor_interfaces/include/armor_interfaces/armor_interfaces/msg/detail
-- Up-to-date: /home/xzq/Downloads/armor_ws/install/armor_interfaces/include/armor_interfaces/armor_interfaces/msg/detail/target__type_support.c
-- Up-to-date: /home/xzq/Downloads/armor_ws/install/armor_interfaces/include/armor_interfaces/armor_interfaces/msg/detail/armors__rosidl_typesupport_introspection_c.h
-- Up-to-date: /home/xzq/Downloads/armor_ws/install/armor_interfaces/include/armor_interfaces/armor_interfaces/msg/detail/armor__rosidl_typesupport_introspection_c.h
-- Up-to-date: /home/xzq/Downloads/armor_ws/install/armor_interfaces/include/armor_interfaces/armor_interfaces/msg/detail/armor__type_support.c
-- Up-to-date: /home/xzq/Downloads/armor_ws/install/armor_interfaces/include/armor_interfaces/armor_interfaces/msg/detail/target__rosidl_typesupport_introspection_c.h
-- Up-to-date: /home/xzq/Downloads/armor_ws/install/armor_interfaces/include/armor_interfaces/armor_interfaces/msg/detail/armors__type_support.c
-- Up-to-date: /home/xzq/Downloads/armor_ws/install/armor_interfaces/lib/libarmor_interfaces__rosidl_typesupport_introspection_c.so
-- Up-to-date: /home/xzq/Downloads/armor_ws/install/armor_interfaces/lib/libarmor_interfaces__rosidl_typesupport_c.so
-- Up-to-date: /home/xzq/Downloads/armor_ws/install/armor_interfaces/include/armor_interfaces/armor_interfaces
-- Up-to-date: /home/xzq/Downloads/armor_ws/install/armor_interfaces/include/armor_interfaces/armor_interfaces/msg
-- Up-to-date: /home/xzq/Downloads/armor_ws/install/armor_interfaces/include/armor_interfaces/armor_interfaces/msg/detail
-- Up-to-date: /home/xzq/Downloads/armor_ws/install/armor_interfaces/include/armor_interfaces/armor_interfaces/msg/detail/armors__type_support.cpp
-- Up-to-date: /home/xzq/Downloads/armor_ws/install/armor_interfaces/include/armor_interfaces/armor_interfaces/msg/detail/armors__rosidl_typesupport_introspection_cpp.hpp
-- Up-to-date: /home/xzq/Downloads/armor_ws/install/armor_interfaces/include/armor_interfaces/armor_interfaces/msg/detail/armor__type_support.cpp
-- Up-to-date: /home/xzq/Downloads/armor_ws/install/armor_interfaces/include/armor_interfaces/armor_interfaces/msg/detail/target__type_support.cpp
-- Up-to-date: /home/xzq/Downloads/armor_ws/install/armor_interfaces/include/armor_interfaces/armor_interfaces/msg/detail/target__rosidl_typesupport_introspection_cpp.hpp
-- Up-to-date: /home/xzq/Downloads/armor_ws/install/armor_interfaces/include/armor_interfaces/armor_interfaces/msg/detail/armor__rosidl_typesupport_introspection_cpp.hpp
-- Up-to-date: /home/xzq/Downloads/armor_ws/install/armor_interfaces/lib/libarmor_interfaces__rosidl_typesupport_introspection_cpp.so
-- Up-to-date: /home/xzq/Downloads/armor_ws/install/armor_interfaces/lib/libarmor_interfaces__rosidl_typesupport_cpp.so
-- Up-to-date: /home/xzq/Downloads/armor_ws/install/armor_interfaces/share/armor_interfaces/environment/pythonpath.sh
-- Up-to-date: /home/xzq/Downloads/armor_ws/install/armor_interfaces/share/armor_interfaces/environment/pythonpath.dsv
-- Up-to-date: /home/xzq/Downloads/armor_ws/install/armor_interfaces/local/lib/python3.10/dist-packages/armor_interfaces-0.0.0-py3.10.egg-info
-- Installing: /home/xzq/Downloads/armor_ws/install/armor_interfaces/local/lib/python3.10/dist-packages/armor_interfaces-0.0.0-py3.10.egg-info/top_level.txt
-- Installing: /home/xzq/Downloads/armor_ws/install/armor_interfaces/local/lib/python3.10/dist-packages/armor_interfaces-0.0.0-py3.10.egg-info/PKG-INFO
-- Installing: /home/xzq/Downloads/armor_ws/install/armor_interfaces/local/lib/python3.10/dist-packages/armor_interfaces-0.0.0-py3.10.egg-info/SOURCES.txt
-- Installing: /home/xzq/Downloads/armor_ws/install/armor_interfaces/local/lib/python3.10/dist-packages/armor_interfaces-0.0.0-py3.10.egg-info/dependency_links.txt
-- Up-to-date: /home/xzq/Downloads/armor_ws/install/armor_interfaces/local/lib/python3.10/dist-packages/armor_interfaces
-- Up-to-date: /home/xzq/Downloads/armor_ws/install/armor_interfaces/local/lib/python3.10/dist-packages/armor_interfaces/armor_interfaces_s__rosidl_typesupport_introspection_c.cpython-310-x86_64-linux-gnu.so
-- Up-to-date: /home/xzq/Downloads/armor_ws/install/armor_interfaces/local/lib/python3.10/dist-packages/armor_interfaces/armor_interfaces_s__rosidl_typesupport_c.cpython-310-x86_64-linux-gnu.so
-- Up-to-date: /home/xzq/Downloads/armor_ws/install/armor_interfaces/local/lib/python3.10/dist-packages/armor_interfaces/armor_interfaces_s__rosidl_typesupport_fastrtps_c.cpython-310-x86_64-linux-gnu.so
-- Up-to-date: /home/xzq/Downloads/armor_ws/install/armor_interfaces/local/lib/python3.10/dist-packages/armor_interfaces/libarmor_interfaces__rosidl_generator_py.so
-- Up-to-date: /home/xzq/Downloads/armor_ws/install/armor_interfaces/local/lib/python3.10/dist-packages/armor_interfaces/_armor_interfaces_s.ep.rosidl_typesupport_c.c
-- Up-to-date: /home/xzq/Downloads/armor_ws/install/armor_interfaces/local/lib/python3.10/dist-packages/armor_interfaces/_armor_interfaces_s.ep.rosidl_typesupport_introspection_c.c
-- Up-to-date: /home/xzq/Downloads/armor_ws/install/armor_interfaces/local/lib/python3.10/dist-packages/armor_interfaces/msg
-- Up-to-date: /home/xzq/Downloads/armor_ws/install/armor_interfaces/local/lib/python3.10/dist-packages/armor_interfaces/msg/_armor_s.c
-- Up-to-date: /home/xzq/Downloads/armor_ws/install/armor_interfaces/local/lib/python3.10/dist-packages/armor_interfaces/msg/_armors_s.c
-- Up-to-date: /home/xzq/Downloads/armor_ws/install/armor_interfaces/local/lib/python3.10/dist-packages/armor_interfaces/msg/_armors.py
-- Up-to-date: /home/xzq/Downloads/armor_ws/install/armor_interfaces/local/lib/python3.10/dist-packages/armor_interfaces/msg/_target.py
-- Up-to-date: /home/xzq/Downloads/armor_ws/install/armor_interfaces/local/lib/python3.10/dist-packages/armor_interfaces/msg/_target_s.c
-- Up-to-date: /home/xzq/Downloads/armor_ws/install/armor_interfaces/local/lib/python3.10/dist-packages/armor_interfaces/msg/__init__.py
-- Up-to-date: /home/xzq/Downloads/armor_ws/install/armor_interfaces/local/lib/python3.10/dist-packages/armor_interfaces/msg/_armor.py
-- Up-to-date: /home/xzq/Downloads/armor_ws/install/armor_interfaces/local/lib/python3.10/dist-packages/armor_interfaces/_armor_interfaces_s.ep.rosidl_typesupport_fastrtps_c.c
-- Up-to-date: /home/xzq/Downloads/armor_ws/install/armor_interfaces/local/lib/python3.10/dist-packages/armor_interfaces/__init__.py
Listing '/home/xzq/Downloads/armor_ws/install/armor_interfaces/local/lib/python3.10/dist-packages/armor_interfaces'...
Listing '/home/xzq/Downloads/armor_ws/install/armor_interfaces/local/lib/python3.10/dist-packages/armor_interfaces/msg'...
-- Up-to-date: /home/xzq/Downloads/armor_ws/install/armor_interfaces/local/lib/python3.10/dist-packages/armor_interfaces/armor_interfaces_s__rosidl_typesupport_fastrtps_c.cpython-310-x86_64-linux-gnu.so
-- Up-to-date: /home/xzq/Downloads/armor_ws/install/armor_interfaces/local/lib/python3.10/dist-packages/armor_interfaces/armor_interfaces_s__rosidl_typesupport_introspection_c.cpython-310-x86_64-linux-gnu.so
-- Up-to-date: /home/xzq/Downloads/armor_ws/install/armor_interfaces/local/lib/python3.10/dist-packages/armor_interfaces/armor_interfaces_s__rosidl_typesupport_c.cpython-310-x86_64-linux-gnu.so
-- Up-to-date: /home/xzq/Downloads/armor_ws/install/armor_interfaces/lib/libarmor_interfaces__rosidl_generator_py.so
-- Up-to-date: /home/xzq/Downloads/armor_ws/install/armor_interfaces/share/armor_interfaces/msg/Armor.idl
-- Up-to-date: /home/xzq/Downloads/armor_ws/install/armor_interfaces/share/armor_interfaces/msg/Armors.idl
-- Up-to-date: /home/xzq/Downloads/armor_ws/install/armor_interfaces/share/armor_interfaces/msg/Target.idl
-- Up-to-date: /home/xzq/Downloads/armor_ws/install/armor_interfaces/share/armor_interfaces/msg/Armor.msg
-- Up-to-date: /home/xzq/Downloads/armor_ws/install/armor_interfaces/share/armor_interfaces/msg/Armors.msg
-- Up-to-date: /home/xzq/Downloads/armor_ws/install/armor_interfaces/share/armor_interfaces/msg/Target.msg
-- Up-to-date: /home/xzq/Downloads/armor_ws/install/armor_interfaces/share/ament_index/resource_index/package_run_dependencies/armor_interfaces
-- Up-to-date: /home/xzq/Downloads/armor_ws/install/armor_interfaces/share/ament_index/resource_index/parent_prefix_path/armor_interfaces
-- Up-to-date: /home/xzq/Downloads/armor_ws/install/armor_interfaces/share/armor_interfaces/environment/ament_prefix_path.sh
-- Up-to-date: /home/xzq/Downloads/armor_ws/install/armor_interfaces/share/armor_interfaces/environment/ament_prefix_path.dsv
-- Up-to-date: /home/xzq/Downloads/armor_ws/install/armor_interfaces/share/armor_interfaces/environment/path.sh
-- Up-to-date: /home/xzq/Downloads/armor_ws/install/armor_interfaces/share/armor_interfaces/environment/path.dsv
-- Up-to-date: /home/xzq/Downloads/armor_ws/install/armor_interfaces/share/armor_interfaces/local_setup.bash
-- Up-to-date: /home/xzq/Downloads/armor_ws/install/armor_interfaces/share/armor_interfaces/local_setup.sh
-- Up-to-date: /home/xzq/Downloads/armor_ws/install/armor_interfaces/share/armor_interfaces/local_setup.zsh
-- Up-to-date: /home/xzq/Downloads/armor_ws/install/armor_interfaces/share/armor_interfaces/local_setup.dsv
-- Installing: /home/xzq/Downloads/armor_ws/install/armor_interfaces/share/armor_interfaces/package.dsv
-- Up-to-date: /home/xzq/Downloads/armor_ws/install/armor_interfaces/share/ament_index/resource_index/packages/armor_interfaces
-- Up-to-date: /home/xzq/Downloads/armor_ws/install/armor_interfaces/share/armor_interfaces/cmake/export_armor_interfaces__rosidl_generator_cExport.cmake
-- Up-to-date: /home/xzq/Downloads/armor_ws/install/armor_interfaces/share/armor_interfaces/cmake/export_armor_interfaces__rosidl_generator_cExport-noconfig.cmake
-- Up-to-date: /home/xzq/Downloads/armor_ws/install/armor_interfaces/share/armor_interfaces/cmake/export_armor_interfaces__rosidl_typesupport_fastrtps_cExport.cmake
-- Up-to-date: /home/xzq/Downloads/armor_ws/install/armor_interfaces/share/armor_interfaces/cmake/export_armor_interfaces__rosidl_typesupport_fastrtps_cExport-noconfig.cmake
-- Up-to-date: /home/xzq/Downloads/armor_ws/install/armor_interfaces/share/armor_interfaces/cmake/export_armor_interfaces__rosidl_generator_cppExport.cmake
-- Up-to-date: /home/xzq/Downloads/armor_ws/install/armor_interfaces/share/armor_interfaces/cmake/export_armor_interfaces__rosidl_typesupport_fastrtps_cppExport.cmake
-- Up-to-date: /home/xzq/Downloads/armor_ws/install/armor_interfaces/share/armor_interfaces/cmake/export_armor_interfaces__rosidl_typesupport_fastrtps_cppExport-noconfig.cmake
-- Up-to-date: /home/xzq/Downloads/armor_ws/install/armor_interfaces/share/armor_interfaces/cmake/armor_interfaces__rosidl_typesupport_introspection_cExport.cmake
-- Up-to-date: /home/xzq/Downloads/armor_ws/install/armor_interfaces/share/armor_interfaces/cmake/armor_interfaces__rosidl_typesupport_introspection_cExport-noconfig.cmake
-- Up-to-date: /home/xzq/Downloads/armor_ws/install/armor_interfaces/share/armor_interfaces/cmake/armor_interfaces__rosidl_typesupport_cExport.cmake
-- Up-to-date: /home/xzq/Downloads/armor_ws/install/armor_interfaces/share/armor_interfaces/cmake/armor_interfaces__rosidl_typesupport_cExport-noconfig.cmake
-- Up-to-date: /home/xzq/Downloads/armor_ws/install/armor_interfaces/share/armor_interfaces/cmake/armor_interfaces__rosidl_typesupport_introspection_cppExport.cmake
-- Up-to-date: /home/xzq/Downloads/armor_ws/install/armor_interfaces/share/armor_interfaces/cmake/armor_interfaces__rosidl_typesupport_introspection_cppExport-noconfig.cmake
-- Up-to-date: /home/xzq/Downloads/armor_ws/install/armor_interfaces/share/armor_interfaces/cmake/armor_interfaces__rosidl_typesupport_cppExport.cmake
-- Up-to-date: /home/xzq/Downloads/armor_ws/install/armor_interfaces/share/armor_interfaces/cmake/armor_interfaces__rosidl_typesupport_cppExport-noconfig.cmake
-- Up-to-date: /home/xzq/Downloads/armor_ws/install/armor_interfaces/share/armor_interfaces/cmake/export_armor_interfaces__rosidl_generator_pyExport.cmake
-- Up-to-date: /home/xzq/Downloads/armor_ws/install/armor_interfaces/share/armor_interfaces/cmake/export_armor_interfaces__rosidl_generator_pyExport-noconfig.cmake
-- Up-to-date: /home/xzq/Downloads/armor_ws/install/armor_interfaces/share/armor_interfaces/cmake/rosidl_cmake-extras.cmake
-- Up-to-date: /home/xzq/Downloads/armor_ws/install/armor_interfaces/share/armor_interfaces/cmake/ament_cmake_export_dependencies-extras.cmake
-- Up-to-date: /home/xzq/Downloads/armor_ws/install/armor_interfaces/share/armor_interfaces/cmake/ament_cmake_export_include_directories-extras.cmake
-- Up-to-date: /home/xzq/Downloads/armor_ws/install/armor_interfaces/share/armor_interfaces/cmake/ament_cmake_export_libraries-extras.cmake
-- Up-to-date: /home/xzq/Downloads/armor_ws/install/armor_interfaces/share/armor_interfaces/cmake/ament_cmake_export_targets-extras.cmake
-- Up-to-date: /home/xzq/Downloads/armor_ws/install/armor_interfaces/share/armor_interfaces/cmake/rosidl_cmake_export_typesupport_targets-extras.cmake
-- Up-to-date: /home/xzq/Downloads/armor_ws/install/armor_interfaces/share/armor_interfaces/cmake/rosidl_cmake_export_typesupport_libraries-extras.cmake
-- Up-to-date: /home/xzq/Downloads/armor_ws/install/armor_interfaces/share/armor_interfaces/cmake/armor_interfacesConfig.cmake
-- Up-to-date: /home/xzq/Downloads/armor_ws/install/armor_interfaces/share/armor_interfaces/cmake/armor_interfacesConfig-version.cmake
-- Up-to-date: /home/xzq/Downloads/armor_ws/install/armor_interfaces/share/armor_interfaces/package.xml
