[0.007s] Invoking command in '/home/xzq/project/ros2_ws/build/cpp_pubsub': AMENT_PREFIX_PATH=/home/xzq/project/ros2_ws/install/tutorial_interfaces:${AMENT_PREFIX_PATH} CMAKE_PREFIX_PATH=/home/xzq/project/ros2_ws/install/tutorial_interfaces:/opt/ros/humble LD_LIBRARY_PATH=/home/xzq/project/ros2_ws/install/tutorial_interfaces/lib:/opt/MVS/lib/64:/opt/MVS/lib/32:/opt/MVS/lib/64:/opt/MVS/lib/32:/opt/MVS/lib/64:/opt/MVS/lib/32:/opt/ros/humble/opt/rviz_ogre_vendor/lib:/opt/ros/humble/lib/x86_64-linux-gnu:/opt/ros/humble/lib:/opt/MVS/lib/64:/opt/MVS/lib/32 PYTHONPATH=/home/xzq/project/ros2_ws/install/tutorial_interfaces/local/lib/python3.10/dist-packages:${PYTHONPATH} /usr/bin/cmake --build /home/xzq/project/ros2_ws/build/cpp_pubsub -- -j12 -l12
[0.039s] [35m[1mConsolidate compiler generated dependencies of target listener[0m
[0.047s] [ 50%] Built target talker
[0.053s] [ 75%] [32mBuilding CXX object CMakeFiles/listener.dir/src/subscriber_member_function.cpp.o[0m
[4.914s] [100%] [32m[1mLinking CXX executable listener[0m
[5.142s] [100%] Built target listener
[5.150s] Invoked command in '/home/xzq/project/ros2_ws/build/cpp_pubsub' returned '0': AMENT_PREFIX_PATH=/home/xzq/project/ros2_ws/install/tutorial_interfaces:${AMENT_PREFIX_PATH} CMAKE_PREFIX_PATH=/home/xzq/project/ros2_ws/install/tutorial_interfaces:/opt/ros/humble LD_LIBRARY_PATH=/home/xzq/project/ros2_ws/install/tutorial_interfaces/lib:/opt/MVS/lib/64:/opt/MVS/lib/32:/opt/MVS/lib/64:/opt/MVS/lib/32:/opt/MVS/lib/64:/opt/MVS/lib/32:/opt/ros/humble/opt/rviz_ogre_vendor/lib:/opt/ros/humble/lib/x86_64-linux-gnu:/opt/ros/humble/lib:/opt/MVS/lib/64:/opt/MVS/lib/32 PYTHONPATH=/home/xzq/project/ros2_ws/install/tutorial_interfaces/local/lib/python3.10/dist-packages:${PYTHONPATH} /usr/bin/cmake --build /home/xzq/project/ros2_ws/build/cpp_pubsub -- -j12 -l12
[5.152s] Invoking command in '/home/xzq/project/ros2_ws/build/cpp_pubsub': AMENT_PREFIX_PATH=/home/xzq/project/ros2_ws/install/tutorial_interfaces:${AMENT_PREFIX_PATH} CMAKE_PREFIX_PATH=/home/xzq/project/ros2_ws/install/tutorial_interfaces:/opt/ros/humble LD_LIBRARY_PATH=/home/xzq/project/ros2_ws/install/tutorial_interfaces/lib:/opt/MVS/lib/64:/opt/MVS/lib/32:/opt/MVS/lib/64:/opt/MVS/lib/32:/opt/MVS/lib/64:/opt/MVS/lib/32:/opt/ros/humble/opt/rviz_ogre_vendor/lib:/opt/ros/humble/lib/x86_64-linux-gnu:/opt/ros/humble/lib:/opt/MVS/lib/64:/opt/MVS/lib/32 PYTHONPATH=/home/xzq/project/ros2_ws/install/tutorial_interfaces/local/lib/python3.10/dist-packages:${PYTHONPATH} /usr/bin/cmake --install /home/xzq/project/ros2_ws/build/cpp_pubsub
[5.156s] -- Install configuration: ""
[5.157s] -- Up-to-date: /home/xzq/project/ros2_ws/install/cpp_pubsub/lib/cpp_pubsub/talker
[5.157s] -- Installing: /home/xzq/project/ros2_ws/install/cpp_pubsub/lib/cpp_pubsub/listener
[5.159s] -- Set runtime path of "/home/xzq/project/ros2_ws/install/cpp_pubsub/lib/cpp_pubsub/listener" to ""
[5.159s] -- Up-to-date: /home/xzq/project/ros2_ws/install/cpp_pubsub/share/ament_index/resource_index/package_run_dependencies/cpp_pubsub
[5.159s] -- Up-to-date: /home/xzq/project/ros2_ws/install/cpp_pubsub/share/ament_index/resource_index/parent_prefix_path/cpp_pubsub
[5.159s] -- Up-to-date: /home/xzq/project/ros2_ws/install/cpp_pubsub/share/cpp_pubsub/environment/ament_prefix_path.sh
[5.159s] -- Up-to-date: /home/xzq/project/ros2_ws/install/cpp_pubsub/share/cpp_pubsub/environment/ament_prefix_path.dsv
[5.159s] -- Up-to-date: /home/xzq/project/ros2_ws/install/cpp_pubsub/share/cpp_pubsub/environment/path.sh
[5.159s] -- Up-to-date: /home/xzq/project/ros2_ws/install/cpp_pubsub/share/cpp_pubsub/environment/path.dsv
[5.160s] -- Up-to-date: /home/xzq/project/ros2_ws/install/cpp_pubsub/share/cpp_pubsub/local_setup.bash
[5.160s] -- Up-to-date: /home/xzq/project/ros2_ws/install/cpp_pubsub/share/cpp_pubsub/local_setup.sh
[5.160s] -- Up-to-date: /home/xzq/project/ros2_ws/install/cpp_pubsub/share/cpp_pubsub/local_setup.zsh
[5.160s] -- Up-to-date: /home/xzq/project/ros2_ws/install/cpp_pubsub/share/cpp_pubsub/local_setup.dsv
[5.160s] -- Installing: /home/xzq/project/ros2_ws/install/cpp_pubsub/share/cpp_pubsub/package.dsv
[5.160s] -- Up-to-date: /home/xzq/project/ros2_ws/install/cpp_pubsub/share/ament_index/resource_index/packages/cpp_pubsub
[5.160s] -- Up-to-date: /home/xzq/project/ros2_ws/install/cpp_pubsub/share/cpp_pubsub/cmake/ament_cmake_export_dependencies-extras.cmake
[5.160s] -- Up-to-date: /home/xzq/project/ros2_ws/install/cpp_pubsub/share/cpp_pubsub/cmake/cpp_pubsubConfig.cmake
[5.160s] -- Up-to-date: /home/xzq/project/ros2_ws/install/cpp_pubsub/share/cpp_pubsub/cmake/cpp_pubsubConfig-version.cmake
[5.160s] -- Up-to-date: /home/xzq/project/ros2_ws/install/cpp_pubsub/share/cpp_pubsub/package.xml
[5.161s] Invoked command in '/home/xzq/project/ros2_ws/build/cpp_pubsub' returned '0': AMENT_PREFIX_PATH=/home/xzq/project/ros2_ws/install/tutorial_interfaces:${AMENT_PREFIX_PATH} CMAKE_PREFIX_PATH=/home/xzq/project/ros2_ws/install/tutorial_interfaces:/opt/ros/humble LD_LIBRARY_PATH=/home/xzq/project/ros2_ws/install/tutorial_interfaces/lib:/opt/MVS/lib/64:/opt/MVS/lib/32:/opt/MVS/lib/64:/opt/MVS/lib/32:/opt/MVS/lib/64:/opt/MVS/lib/32:/opt/ros/humble/opt/rviz_ogre_vendor/lib:/opt/ros/humble/lib/x86_64-linux-gnu:/opt/ros/humble/lib:/opt/MVS/lib/64:/opt/MVS/lib/32 PYTHONPATH=/home/xzq/project/ros2_ws/install/tutorial_interfaces/local/lib/python3.10/dist-packages:${PYTHONPATH} /usr/bin/cmake --install /home/xzq/project/ros2_ws/build/cpp_pubsub
