[0.009s] Invoking command in '/home/xzq/project/ros2_ws/build/tutorial_interfaces': CMAKE_PREFIX_PATH=/opt/ros/humble /usr/bin/cmake /home/xzq/project/ros2_ws/src/tutorial_interfaces -DCMAKE_INSTALL_PREFIX=/home/xzq/project/ros2_ws/install/tutorial_interfaces
[0.054s] -- The C compiler identification is GNU 12.3.0
[0.102s] -- The CXX compiler identification is GNU 11.4.0
[0.106s] -- Detecting C compiler ABI info
[0.152s] -- Detecting C compiler ABI info - done
[0.156s] -- Check for working C compiler: /usr/bin/cc - skipped
[0.156s] -- Detecting C compile features
[0.157s] -- Detecting C compile features - done
[0.159s] -- Detecting CXX compiler ABI info
[0.228s] -- Detecting CXX compiler ABI info - done
[0.234s] -- Check for working CXX compiler: /usr/bin/c++ - skipped
[0.234s] -- Detecting CXX compile features
[0.235s] -- Detecting CXX compile features - done
[0.236s] -- Found ament_cmake: 1.3.11 (/opt/ros/humble/share/ament_cmake/cmake)
[0.340s] -- Found Python3: /usr/bin/python3 (found version "3.10.12") found components: Interpreter 
[0.394s] -- Found rosidl_default_generators: 1.2.0 (/opt/ros/humble/share/rosidl_default_generators/cmake)
[0.396s] -- Using all available rosidl_typesupport_c: rosidl_typesupport_fastrtps_c;rosidl_typesupport_introspection_c
[0.399s] -- Found rosidl_adapter: 3.1.6 (/opt/ros/humble/share/rosidl_adapter/cmake)
[0.423s] -- Using all available rosidl_typesupport_cpp: rosidl_typesupport_fastrtps_cpp;rosidl_typesupport_introspection_cpp
[0.441s] -- Found geometry_msgs: 4.2.4 (/opt/ros/humble/share/geometry_msgs/cmake)
[0.650s] -- Found ament_cmake_ros: 0.10.0 (/opt/ros/humble/share/ament_cmake_ros/cmake)
[0.819s] -- Using all available rosidl_typesupport_c: rosidl_typesupport_fastrtps_c;rosidl_typesupport_introspection_c
[1.045s] -- Using all available rosidl_typesupport_cpp: rosidl_typesupport_fastrtps_cpp;rosidl_typesupport_introspection_cpp
[1.063s] -- Found PythonInterp: /usr/bin/python3 (found suitable version "3.10.12", minimum required is "3.6") 
[1.064s] -- Found python_cmake_module: 0.10.0 (/opt/ros/humble/share/python_cmake_module/cmake)
[1.082s] -- Found PythonLibs: /usr/lib/x86_64-linux-gnu/libpython3.10.so (found suitable version "3.10.12", minimum required is "3.5") 
[1.082s] -- Using PYTHON_EXECUTABLE: /usr/bin/python3
[1.082s] -- Using PYTHON_INCLUDE_DIRS: /usr/include/python3.10
[1.082s] -- Using PYTHON_LIBRARIES: /usr/lib/x86_64-linux-gnu/libpython3.10.so
[1.103s] -- Found PythonExtra: .so  
[1.147s] -- Found ament_lint_auto: 0.12.11 (/opt/ros/humble/share/ament_lint_auto/cmake)
[1.162s] -- Added test 'lint_cmake' to check CMake code style
[1.163s] -- Added test 'xmllint' to check XML markup files
[1.164s] -- Configuring done
[1.190s] -- Generating done
[1.200s] -- Build files have been written to: /home/xzq/project/ros2_ws/build/tutorial_interfaces
[1.208s] Invoked command in '/home/xzq/project/ros2_ws/build/tutorial_interfaces' returned '0': CMAKE_PREFIX_PATH=/opt/ros/humble /usr/bin/cmake /home/xzq/project/ros2_ws/src/tutorial_interfaces -DCMAKE_INSTALL_PREFIX=/home/xzq/project/ros2_ws/install/tutorial_interfaces
[1.210s] Invoking command in '/home/xzq/project/ros2_ws/build/tutorial_interfaces': CMAKE_PREFIX_PATH=/opt/ros/humble /usr/bin/cmake --build /home/xzq/project/ros2_ws/build/tutorial_interfaces -- -j12 -l12
[1.241s] [  3%] [34m[1mGenerating C code for ROS interfaces[0m
[1.254s] [  6%] [34m[1mGenerating C++ code for ROS interfaces[0m
[1.263s] [  6%] Built target ament_cmake_python_copy_tutorial_interfaces
[1.415s] running egg_info
[1.416s] creating tutorial_interfaces.egg-info
[1.416s] writing tutorial_interfaces.egg-info/PKG-INFO
[1.416s] writing dependency_links to tutorial_interfaces.egg-info/dependency_links.txt
[1.416s] writing top-level names to tutorial_interfaces.egg-info/top_level.txt
[1.416s] writing manifest file 'tutorial_interfaces.egg-info/SOURCES.txt'
[1.418s] reading manifest file 'tutorial_interfaces.egg-info/SOURCES.txt'
[1.419s] writing manifest file 'tutorial_interfaces.egg-info/SOURCES.txt'
[1.439s] [  6%] Built target ament_cmake_python_build_tutorial_interfaces_egg
[1.498s] [  9%] [32mBuilding C object CMakeFiles/tutorial_interfaces__rosidl_generator_c.dir/rosidl_generator_c/tutorial_interfaces/msg/detail/armor_msg__functions.c.o[0m
[1.503s] [  9%] Built target tutorial_interfaces__cpp
[1.511s] [ 12%] [34m[1mGenerating C++ introspection for ROS interfaces[0m
[1.513s] [ 16%] [34m[1mGenerating C++ type support dispatch for ROS interfaces[0m
[1.517s] [ 19%] [34m[1mGenerating C++ type support for eProsima Fast-RTPS[0m
[1.550s] [ 22%] [32m[1mLinking C shared library libtutorial_interfaces__rosidl_generator_c.so[0m
[1.594s] [ 22%] Built target tutorial_interfaces__rosidl_generator_c
[1.601s] [ 25%] [34m[1mGenerating C type support for eProsima Fast-RTPS[0m
[1.601s] [ 29%] [34m[1mGenerating C type support dispatch for ROS interfaces[0m
[1.605s] [ 32%] [34m[1mGenerating C introspection for ROS interfaces[0m
[1.739s] [ 35%] [32mBuilding CXX object CMakeFiles/tutorial_interfaces__rosidl_typesupport_introspection_cpp.dir/rosidl_typesupport_introspection_cpp/tutorial_interfaces/msg/detail/armor_msg__type_support.cpp.o[0m
[1.766s] [ 38%] [32mBuilding CXX object CMakeFiles/tutorial_interfaces__rosidl_typesupport_cpp.dir/rosidl_typesupport_cpp/tutorial_interfaces/msg/armor_msg__type_support.cpp.o[0m
[1.789s] [ 41%] [32mBuilding CXX object CMakeFiles/tutorial_interfaces__rosidl_typesupport_fastrtps_cpp.dir/rosidl_typesupport_fastrtps_cpp/tutorial_interfaces/msg/detail/dds_fastrtps/armor_msg__type_support.cpp.o[0m
[1.859s] [ 45%] [32mBuilding CXX object CMakeFiles/tutorial_interfaces__rosidl_typesupport_c.dir/rosidl_typesupport_c/tutorial_interfaces/msg/armor_msg__type_support.cpp.o[0m
[1.878s] [ 48%] [32mBuilding C object CMakeFiles/tutorial_interfaces__rosidl_typesupport_introspection_c.dir/rosidl_typesupport_introspection_c/tutorial_interfaces/msg/detail/armor_msg__type_support.c.o[0m
[1.898s] [ 51%] [32m[1mLinking CXX shared library libtutorial_interfaces__rosidl_typesupport_c.so[0m
[1.923s] [ 54%] [32m[1mLinking C shared library libtutorial_interfaces__rosidl_typesupport_introspection_c.so[0m
[1.929s] [ 58%] [32mBuilding CXX object CMakeFiles/tutorial_interfaces__rosidl_typesupport_fastrtps_c.dir/rosidl_typesupport_fastrtps_c/tutorial_interfaces/msg/detail/armor_msg__type_support_c.cpp.o[0m
[1.942s] [ 58%] Built target tutorial_interfaces__rosidl_typesupport_c
[1.962s] [ 58%] Built target tutorial_interfaces__rosidl_typesupport_introspection_c
[1.998s] [ 61%] [32m[1mLinking CXX shared library libtutorial_interfaces__rosidl_typesupport_cpp.so[0m
[2.043s] [ 61%] Built target tutorial_interfaces__rosidl_typesupport_cpp
[2.091s] [ 64%] [32m[1mLinking CXX shared library libtutorial_interfaces__rosidl_typesupport_introspection_cpp.so[0m
[2.185s] [ 64%] Built target tutorial_interfaces__rosidl_typesupport_introspection_cpp
[2.188s] [ 67%] [32m[1mLinking CXX shared library libtutorial_interfaces__rosidl_typesupport_fastrtps_c.so[0m
[2.225s] [ 70%] [32m[1mLinking CXX shared library libtutorial_interfaces__rosidl_typesupport_fastrtps_cpp.so[0m
[2.265s] [ 70%] Built target tutorial_interfaces__rosidl_typesupport_fastrtps_c
[2.306s] [ 70%] Built target tutorial_interfaces__rosidl_typesupport_fastrtps_cpp
[2.328s] [ 70%] Built target tutorial_interfaces
[2.351s] [ 74%] [34m[1mGenerating Python code for ROS interfaces[0m
[2.540s] [ 74%] Built target tutorial_interfaces__py
[2.555s] [ 77%] [32mBuilding C object CMakeFiles/tutorial_interfaces__rosidl_generator_py.dir/rosidl_generator_py/tutorial_interfaces/msg/_armor_msg_s.c.o[0m
[2.624s] [ 80%] [32m[1mLinking C shared library rosidl_generator_py/tutorial_interfaces/libtutorial_interfaces__rosidl_generator_py.so[0m
[2.653s] [ 80%] Built target tutorial_interfaces__rosidl_generator_py
[2.673s] [ 90%] [32mBuilding C object CMakeFiles/tutorial_interfaces__rosidl_typesupport_c__pyext.dir/rosidl_generator_py/tutorial_interfaces/_tutorial_interfaces_s.ep.rosidl_typesupport_c.c.o[0m
[2.673s] [ 90%] [32mBuilding C object CMakeFiles/tutorial_interfaces__rosidl_typesupport_introspection_c__pyext.dir/rosidl_generator_py/tutorial_interfaces/_tutorial_interfaces_s.ep.rosidl_typesupport_introspection_c.c.o[0m
[2.673s] [ 90%] [32mBuilding C object CMakeFiles/tutorial_interfaces__rosidl_typesupport_fastrtps_c__pyext.dir/rosidl_generator_py/tutorial_interfaces/_tutorial_interfaces_s.ep.rosidl_typesupport_fastrtps_c.c.o[0m
[2.742s] [ 93%] [32m[1mLinking C shared library rosidl_generator_py/tutorial_interfaces/tutorial_interfaces_s__rosidl_typesupport_c.cpython-310-x86_64-linux-gnu.so[0m
[2.777s] [ 96%] [32m[1mLinking C shared library rosidl_generator_py/tutorial_interfaces/tutorial_interfaces_s__rosidl_typesupport_fastrtps_c.cpython-310-x86_64-linux-gnu.so[0m
[2.782s] [ 96%] Built target tutorial_interfaces__rosidl_typesupport_c__pyext
[2.786s] [100%] [32m[1mLinking C shared library rosidl_generator_py/tutorial_interfaces/tutorial_interfaces_s__rosidl_typesupport_introspection_c.cpython-310-x86_64-linux-gnu.so[0m
[2.821s] [100%] Built target tutorial_interfaces__rosidl_typesupport_fastrtps_c__pyext
[2.824s] [100%] Built target tutorial_interfaces__rosidl_typesupport_introspection_c__pyext
[2.837s] Invoked command in '/home/xzq/project/ros2_ws/build/tutorial_interfaces' returned '0': CMAKE_PREFIX_PATH=/opt/ros/humble /usr/bin/cmake --build /home/xzq/project/ros2_ws/build/tutorial_interfaces -- -j12 -l12
[2.839s] Invoking command in '/home/xzq/project/ros2_ws/build/tutorial_interfaces': CMAKE_PREFIX_PATH=/opt/ros/humble /usr/bin/cmake --install /home/xzq/project/ros2_ws/build/tutorial_interfaces
[2.848s] -- Install configuration: ""
[2.848s] -- Installing: /home/xzq/project/ros2_ws/install/tutorial_interfaces/share/ament_index/resource_index/rosidl_interfaces/tutorial_interfaces
[2.848s] -- Installing: /home/xzq/project/ros2_ws/install/tutorial_interfaces/include/tutorial_interfaces/tutorial_interfaces
[2.849s] -- Installing: /home/xzq/project/ros2_ws/install/tutorial_interfaces/include/tutorial_interfaces/tutorial_interfaces/msg
[2.849s] -- Installing: /home/xzq/project/ros2_ws/install/tutorial_interfaces/include/tutorial_interfaces/tutorial_interfaces/msg/rosidl_generator_c__visibility_control.h
[2.849s] -- Installing: /home/xzq/project/ros2_ws/install/tutorial_interfaces/include/tutorial_interfaces/tutorial_interfaces/msg/detail
[2.849s] -- Installing: /home/xzq/project/ros2_ws/install/tutorial_interfaces/include/tutorial_interfaces/tutorial_interfaces/msg/detail/armor_msg__struct.h
[2.849s] -- Installing: /home/xzq/project/ros2_ws/install/tutorial_interfaces/include/tutorial_interfaces/tutorial_interfaces/msg/detail/armor_msg__functions.c
[2.849s] -- Installing: /home/xzq/project/ros2_ws/install/tutorial_interfaces/include/tutorial_interfaces/tutorial_interfaces/msg/detail/armor_msg__functions.h
[2.849s] -- Installing: /home/xzq/project/ros2_ws/install/tutorial_interfaces/include/tutorial_interfaces/tutorial_interfaces/msg/detail/armor_msg__type_support.h
[2.849s] -- Installing: /home/xzq/project/ros2_ws/install/tutorial_interfaces/include/tutorial_interfaces/tutorial_interfaces/msg/armor_msg.h
[2.849s] -- Installing: /home/xzq/project/ros2_ws/install/tutorial_interfaces/share/tutorial_interfaces/environment/library_path.sh
[2.849s] -- Installing: /home/xzq/project/ros2_ws/install/tutorial_interfaces/share/tutorial_interfaces/environment/library_path.dsv
[2.850s] -- Installing: /home/xzq/project/ros2_ws/install/tutorial_interfaces/lib/libtutorial_interfaces__rosidl_generator_c.so
[2.850s] -- Set runtime path of "/home/xzq/project/ros2_ws/install/tutorial_interfaces/lib/libtutorial_interfaces__rosidl_generator_c.so" to ""
[2.850s] -- Up-to-date: /home/xzq/project/ros2_ws/install/tutorial_interfaces/include/tutorial_interfaces/tutorial_interfaces
[2.850s] -- Up-to-date: /home/xzq/project/ros2_ws/install/tutorial_interfaces/include/tutorial_interfaces/tutorial_interfaces/msg
[2.850s] -- Up-to-date: /home/xzq/project/ros2_ws/install/tutorial_interfaces/include/tutorial_interfaces/tutorial_interfaces/msg/detail
[2.850s] -- Installing: /home/xzq/project/ros2_ws/install/tutorial_interfaces/include/tutorial_interfaces/tutorial_interfaces/msg/detail/armor_msg__rosidl_typesupport_fastrtps_c.h
[2.851s] -- Installing: /home/xzq/project/ros2_ws/install/tutorial_interfaces/include/tutorial_interfaces/tutorial_interfaces/msg/rosidl_typesupport_fastrtps_c__visibility_control.h
[2.851s] -- Installing: /home/xzq/project/ros2_ws/install/tutorial_interfaces/lib/libtutorial_interfaces__rosidl_typesupport_fastrtps_c.so
[2.851s] -- Set runtime path of "/home/xzq/project/ros2_ws/install/tutorial_interfaces/lib/libtutorial_interfaces__rosidl_typesupport_fastrtps_c.so" to ""
[2.851s] -- Up-to-date: /home/xzq/project/ros2_ws/install/tutorial_interfaces/include/tutorial_interfaces/tutorial_interfaces
[2.851s] -- Up-to-date: /home/xzq/project/ros2_ws/install/tutorial_interfaces/include/tutorial_interfaces/tutorial_interfaces/msg
[2.851s] -- Installing: /home/xzq/project/ros2_ws/install/tutorial_interfaces/include/tutorial_interfaces/tutorial_interfaces/msg/rosidl_typesupport_introspection_c__visibility_control.h
[2.851s] -- Up-to-date: /home/xzq/project/ros2_ws/install/tutorial_interfaces/include/tutorial_interfaces/tutorial_interfaces/msg/detail
[2.851s] -- Installing: /home/xzq/project/ros2_ws/install/tutorial_interfaces/include/tutorial_interfaces/tutorial_interfaces/msg/detail/armor_msg__rosidl_typesupport_introspection_c.h
[2.851s] -- Installing: /home/xzq/project/ros2_ws/install/tutorial_interfaces/include/tutorial_interfaces/tutorial_interfaces/msg/detail/armor_msg__type_support.c
[2.851s] -- Installing: /home/xzq/project/ros2_ws/install/tutorial_interfaces/lib/libtutorial_interfaces__rosidl_typesupport_introspection_c.so
[2.852s] -- Set runtime path of "/home/xzq/project/ros2_ws/install/tutorial_interfaces/lib/libtutorial_interfaces__rosidl_typesupport_introspection_c.so" to ""
[2.852s] -- Installing: /home/xzq/project/ros2_ws/install/tutorial_interfaces/lib/libtutorial_interfaces__rosidl_typesupport_c.so
[2.852s] -- Set runtime path of "/home/xzq/project/ros2_ws/install/tutorial_interfaces/lib/libtutorial_interfaces__rosidl_typesupport_c.so" to ""
[2.852s] -- Up-to-date: /home/xzq/project/ros2_ws/install/tutorial_interfaces/include/tutorial_interfaces/tutorial_interfaces
[2.852s] -- Up-to-date: /home/xzq/project/ros2_ws/install/tutorial_interfaces/include/tutorial_interfaces/tutorial_interfaces/msg
[2.852s] -- Installing: /home/xzq/project/ros2_ws/install/tutorial_interfaces/include/tutorial_interfaces/tutorial_interfaces/msg/armor_msg.hpp
[2.852s] -- Installing: /home/xzq/project/ros2_ws/install/tutorial_interfaces/include/tutorial_interfaces/tutorial_interfaces/msg/rosidl_generator_cpp__visibility_control.hpp
[2.852s] -- Up-to-date: /home/xzq/project/ros2_ws/install/tutorial_interfaces/include/tutorial_interfaces/tutorial_interfaces/msg/detail
[2.852s] -- Installing: /home/xzq/project/ros2_ws/install/tutorial_interfaces/include/tutorial_interfaces/tutorial_interfaces/msg/detail/armor_msg__builder.hpp
[2.852s] -- Installing: /home/xzq/project/ros2_ws/install/tutorial_interfaces/include/tutorial_interfaces/tutorial_interfaces/msg/detail/armor_msg__struct.hpp
[2.852s] -- Installing: /home/xzq/project/ros2_ws/install/tutorial_interfaces/include/tutorial_interfaces/tutorial_interfaces/msg/detail/armor_msg__type_support.hpp
[2.852s] -- Installing: /home/xzq/project/ros2_ws/install/tutorial_interfaces/include/tutorial_interfaces/tutorial_interfaces/msg/detail/armor_msg__traits.hpp
[2.853s] -- Up-to-date: /home/xzq/project/ros2_ws/install/tutorial_interfaces/include/tutorial_interfaces/tutorial_interfaces
[2.853s] -- Up-to-date: /home/xzq/project/ros2_ws/install/tutorial_interfaces/include/tutorial_interfaces/tutorial_interfaces/msg
[2.853s] -- Installing: /home/xzq/project/ros2_ws/install/tutorial_interfaces/include/tutorial_interfaces/tutorial_interfaces/msg/rosidl_typesupport_fastrtps_cpp__visibility_control.h
[2.853s] -- Up-to-date: /home/xzq/project/ros2_ws/install/tutorial_interfaces/include/tutorial_interfaces/tutorial_interfaces/msg/detail
[2.853s] -- Installing: /home/xzq/project/ros2_ws/install/tutorial_interfaces/include/tutorial_interfaces/tutorial_interfaces/msg/detail/dds_fastrtps
[2.853s] -- Installing: /home/xzq/project/ros2_ws/install/tutorial_interfaces/include/tutorial_interfaces/tutorial_interfaces/msg/detail/armor_msg__rosidl_typesupport_fastrtps_cpp.hpp
[2.853s] -- Installing: /home/xzq/project/ros2_ws/install/tutorial_interfaces/lib/libtutorial_interfaces__rosidl_typesupport_fastrtps_cpp.so
[2.853s] -- Set runtime path of "/home/xzq/project/ros2_ws/install/tutorial_interfaces/lib/libtutorial_interfaces__rosidl_typesupport_fastrtps_cpp.so" to ""
[2.854s] -- Up-to-date: /home/xzq/project/ros2_ws/install/tutorial_interfaces/include/tutorial_interfaces/tutorial_interfaces
[2.854s] -- Up-to-date: /home/xzq/project/ros2_ws/install/tutorial_interfaces/include/tutorial_interfaces/tutorial_interfaces/msg
[2.854s] -- Up-to-date: /home/xzq/project/ros2_ws/install/tutorial_interfaces/include/tutorial_interfaces/tutorial_interfaces/msg/detail
[2.854s] -- Installing: /home/xzq/project/ros2_ws/install/tutorial_interfaces/include/tutorial_interfaces/tutorial_interfaces/msg/detail/armor_msg__type_support.cpp
[2.854s] -- Installing: /home/xzq/project/ros2_ws/install/tutorial_interfaces/include/tutorial_interfaces/tutorial_interfaces/msg/detail/armor_msg__rosidl_typesupport_introspection_cpp.hpp
[2.854s] -- Installing: /home/xzq/project/ros2_ws/install/tutorial_interfaces/lib/libtutorial_interfaces__rosidl_typesupport_introspection_cpp.so
[2.854s] -- Set runtime path of "/home/xzq/project/ros2_ws/install/tutorial_interfaces/lib/libtutorial_interfaces__rosidl_typesupport_introspection_cpp.so" to ""
[2.854s] -- Installing: /home/xzq/project/ros2_ws/install/tutorial_interfaces/lib/libtutorial_interfaces__rosidl_typesupport_cpp.so
[2.854s] -- Set runtime path of "/home/xzq/project/ros2_ws/install/tutorial_interfaces/lib/libtutorial_interfaces__rosidl_typesupport_cpp.so" to ""
[2.855s] -- Installing: /home/xzq/project/ros2_ws/install/tutorial_interfaces/share/tutorial_interfaces/environment/pythonpath.sh
[2.855s] -- Installing: /home/xzq/project/ros2_ws/install/tutorial_interfaces/share/tutorial_interfaces/environment/pythonpath.dsv
[2.855s] -- Installing: /home/xzq/project/ros2_ws/install/tutorial_interfaces/local/lib/python3.10/dist-packages/tutorial_interfaces-0.0.0-py3.10.egg-info
[2.855s] -- Installing: /home/xzq/project/ros2_ws/install/tutorial_interfaces/local/lib/python3.10/dist-packages/tutorial_interfaces-0.0.0-py3.10.egg-info/top_level.txt
[2.855s] -- Installing: /home/xzq/project/ros2_ws/install/tutorial_interfaces/local/lib/python3.10/dist-packages/tutorial_interfaces-0.0.0-py3.10.egg-info/PKG-INFO
[2.855s] -- Installing: /home/xzq/project/ros2_ws/install/tutorial_interfaces/local/lib/python3.10/dist-packages/tutorial_interfaces-0.0.0-py3.10.egg-info/SOURCES.txt
[2.855s] -- Installing: /home/xzq/project/ros2_ws/install/tutorial_interfaces/local/lib/python3.10/dist-packages/tutorial_interfaces-0.0.0-py3.10.egg-info/dependency_links.txt
[2.855s] -- Installing: /home/xzq/project/ros2_ws/install/tutorial_interfaces/local/lib/python3.10/dist-packages/tutorial_interfaces
[2.855s] -- Installing: /home/xzq/project/ros2_ws/install/tutorial_interfaces/local/lib/python3.10/dist-packages/tutorial_interfaces/_tutorial_interfaces_s.ep.rosidl_typesupport_c.c
[2.855s] -- Installing: /home/xzq/project/ros2_ws/install/tutorial_interfaces/local/lib/python3.10/dist-packages/tutorial_interfaces/_tutorial_interfaces_s.ep.rosidl_typesupport_introspection_c.c
[2.856s] -- Installing: /home/xzq/project/ros2_ws/install/tutorial_interfaces/local/lib/python3.10/dist-packages/tutorial_interfaces/libtutorial_interfaces__rosidl_generator_py.so
[2.856s] -- Installing: /home/xzq/project/ros2_ws/install/tutorial_interfaces/local/lib/python3.10/dist-packages/tutorial_interfaces/tutorial_interfaces_s__rosidl_typesupport_introspection_c.cpython-310-x86_64-linux-gnu.so
[2.856s] -- Installing: /home/xzq/project/ros2_ws/install/tutorial_interfaces/local/lib/python3.10/dist-packages/tutorial_interfaces/msg
[2.856s] -- Installing: /home/xzq/project/ros2_ws/install/tutorial_interfaces/local/lib/python3.10/dist-packages/tutorial_interfaces/msg/_armor_msg.py
[2.856s] -- Installing: /home/xzq/project/ros2_ws/install/tutorial_interfaces/local/lib/python3.10/dist-packages/tutorial_interfaces/msg/_armor_msg_s.c
[2.856s] -- Installing: /home/xzq/project/ros2_ws/install/tutorial_interfaces/local/lib/python3.10/dist-packages/tutorial_interfaces/msg/__init__.py
[2.856s] -- Installing: /home/xzq/project/ros2_ws/install/tutorial_interfaces/local/lib/python3.10/dist-packages/tutorial_interfaces/tutorial_interfaces_s__rosidl_typesupport_fastrtps_c.cpython-310-x86_64-linux-gnu.so
[2.856s] -- Installing: /home/xzq/project/ros2_ws/install/tutorial_interfaces/local/lib/python3.10/dist-packages/tutorial_interfaces/tutorial_interfaces_s__rosidl_typesupport_c.cpython-310-x86_64-linux-gnu.so
[2.856s] -- Installing: /home/xzq/project/ros2_ws/install/tutorial_interfaces/local/lib/python3.10/dist-packages/tutorial_interfaces/_tutorial_interfaces_s.ep.rosidl_typesupport_fastrtps_c.c
[2.856s] -- Installing: /home/xzq/project/ros2_ws/install/tutorial_interfaces/local/lib/python3.10/dist-packages/tutorial_interfaces/__init__.py
[2.892s] Listing '/home/xzq/project/ros2_ws/install/tutorial_interfaces/local/lib/python3.10/dist-packages/tutorial_interfaces'...
[2.892s] Compiling '/home/xzq/project/ros2_ws/install/tutorial_interfaces/local/lib/python3.10/dist-packages/tutorial_interfaces/__init__.py'...
[2.892s] Listing '/home/xzq/project/ros2_ws/install/tutorial_interfaces/local/lib/python3.10/dist-packages/tutorial_interfaces/msg'...
[2.892s] Compiling '/home/xzq/project/ros2_ws/install/tutorial_interfaces/local/lib/python3.10/dist-packages/tutorial_interfaces/msg/__init__.py'...
[2.892s] Compiling '/home/xzq/project/ros2_ws/install/tutorial_interfaces/local/lib/python3.10/dist-packages/tutorial_interfaces/msg/_armor_msg.py'...
[2.899s] -- Installing: /home/xzq/project/ros2_ws/install/tutorial_interfaces/local/lib/python3.10/dist-packages/tutorial_interfaces/tutorial_interfaces_s__rosidl_typesupport_fastrtps_c.cpython-310-x86_64-linux-gnu.so
[2.899s] -- Set runtime path of "/home/xzq/project/ros2_ws/install/tutorial_interfaces/local/lib/python3.10/dist-packages/tutorial_interfaces/tutorial_interfaces_s__rosidl_typesupport_fastrtps_c.cpython-310-x86_64-linux-gnu.so" to ""
[2.899s] -- Installing: /home/xzq/project/ros2_ws/install/tutorial_interfaces/local/lib/python3.10/dist-packages/tutorial_interfaces/tutorial_interfaces_s__rosidl_typesupport_introspection_c.cpython-310-x86_64-linux-gnu.so
[2.899s] -- Set runtime path of "/home/xzq/project/ros2_ws/install/tutorial_interfaces/local/lib/python3.10/dist-packages/tutorial_interfaces/tutorial_interfaces_s__rosidl_typesupport_introspection_c.cpython-310-x86_64-linux-gnu.so" to ""
[2.899s] -- Installing: /home/xzq/project/ros2_ws/install/tutorial_interfaces/local/lib/python3.10/dist-packages/tutorial_interfaces/tutorial_interfaces_s__rosidl_typesupport_c.cpython-310-x86_64-linux-gnu.so
[2.900s] -- Set runtime path of "/home/xzq/project/ros2_ws/install/tutorial_interfaces/local/lib/python3.10/dist-packages/tutorial_interfaces/tutorial_interfaces_s__rosidl_typesupport_c.cpython-310-x86_64-linux-gnu.so" to ""
[2.900s] -- Installing: /home/xzq/project/ros2_ws/install/tutorial_interfaces/lib/libtutorial_interfaces__rosidl_generator_py.so
[2.900s] -- Set runtime path of "/home/xzq/project/ros2_ws/install/tutorial_interfaces/lib/libtutorial_interfaces__rosidl_generator_py.so" to ""
[2.900s] -- Installing: /home/xzq/project/ros2_ws/install/tutorial_interfaces/share/tutorial_interfaces/msg/ArmorMsg.idl
[2.900s] -- Installing: /home/xzq/project/ros2_ws/install/tutorial_interfaces/share/tutorial_interfaces/msg/ArmorMsg.msg
[2.900s] -- Installing: /home/xzq/project/ros2_ws/install/tutorial_interfaces/share/ament_index/resource_index/package_run_dependencies/tutorial_interfaces
[2.901s] -- Installing: /home/xzq/project/ros2_ws/install/tutorial_interfaces/share/ament_index/resource_index/parent_prefix_path/tutorial_interfaces
[2.901s] -- Installing: /home/xzq/project/ros2_ws/install/tutorial_interfaces/share/tutorial_interfaces/environment/ament_prefix_path.sh
[2.901s] -- Installing: /home/xzq/project/ros2_ws/install/tutorial_interfaces/share/tutorial_interfaces/environment/ament_prefix_path.dsv
[2.901s] -- Installing: /home/xzq/project/ros2_ws/install/tutorial_interfaces/share/tutorial_interfaces/environment/path.sh
[2.901s] -- Installing: /home/xzq/project/ros2_ws/install/tutorial_interfaces/share/tutorial_interfaces/environment/path.dsv
[2.901s] -- Installing: /home/xzq/project/ros2_ws/install/tutorial_interfaces/share/tutorial_interfaces/local_setup.bash
[2.901s] -- Installing: /home/xzq/project/ros2_ws/install/tutorial_interfaces/share/tutorial_interfaces/local_setup.sh
[2.902s] -- Installing: /home/xzq/project/ros2_ws/install/tutorial_interfaces/share/tutorial_interfaces/local_setup.zsh
[2.902s] -- Installing: /home/xzq/project/ros2_ws/install/tutorial_interfaces/share/tutorial_interfaces/local_setup.dsv
[2.902s] -- Installing: /home/xzq/project/ros2_ws/install/tutorial_interfaces/share/tutorial_interfaces/package.dsv
[2.902s] -- Installing: /home/xzq/project/ros2_ws/install/tutorial_interfaces/share/ament_index/resource_index/packages/tutorial_interfaces
[2.902s] -- Installing: /home/xzq/project/ros2_ws/install/tutorial_interfaces/share/tutorial_interfaces/cmake/export_tutorial_interfaces__rosidl_generator_cExport.cmake
[2.902s] -- Installing: /home/xzq/project/ros2_ws/install/tutorial_interfaces/share/tutorial_interfaces/cmake/export_tutorial_interfaces__rosidl_generator_cExport-noconfig.cmake
[2.902s] -- Installing: /home/xzq/project/ros2_ws/install/tutorial_interfaces/share/tutorial_interfaces/cmake/export_tutorial_interfaces__rosidl_typesupport_fastrtps_cExport.cmake
[2.902s] -- Installing: /home/xzq/project/ros2_ws/install/tutorial_interfaces/share/tutorial_interfaces/cmake/export_tutorial_interfaces__rosidl_typesupport_fastrtps_cExport-noconfig.cmake
[2.903s] -- Installing: /home/xzq/project/ros2_ws/install/tutorial_interfaces/share/tutorial_interfaces/cmake/tutorial_interfaces__rosidl_typesupport_introspection_cExport.cmake
[2.903s] -- Installing: /home/xzq/project/ros2_ws/install/tutorial_interfaces/share/tutorial_interfaces/cmake/tutorial_interfaces__rosidl_typesupport_introspection_cExport-noconfig.cmake
[2.903s] -- Installing: /home/xzq/project/ros2_ws/install/tutorial_interfaces/share/tutorial_interfaces/cmake/tutorial_interfaces__rosidl_typesupport_cExport.cmake
[2.903s] -- Installing: /home/xzq/project/ros2_ws/install/tutorial_interfaces/share/tutorial_interfaces/cmake/tutorial_interfaces__rosidl_typesupport_cExport-noconfig.cmake
[2.903s] -- Installing: /home/xzq/project/ros2_ws/install/tutorial_interfaces/share/tutorial_interfaces/cmake/export_tutorial_interfaces__rosidl_generator_cppExport.cmake
[2.903s] -- Installing: /home/xzq/project/ros2_ws/install/tutorial_interfaces/share/tutorial_interfaces/cmake/export_tutorial_interfaces__rosidl_typesupport_fastrtps_cppExport.cmake
[2.903s] -- Installing: /home/xzq/project/ros2_ws/install/tutorial_interfaces/share/tutorial_interfaces/cmake/export_tutorial_interfaces__rosidl_typesupport_fastrtps_cppExport-noconfig.cmake
[2.903s] -- Installing: /home/xzq/project/ros2_ws/install/tutorial_interfaces/share/tutorial_interfaces/cmake/tutorial_interfaces__rosidl_typesupport_introspection_cppExport.cmake
[2.904s] -- Installing: /home/xzq/project/ros2_ws/install/tutorial_interfaces/share/tutorial_interfaces/cmake/tutorial_interfaces__rosidl_typesupport_introspection_cppExport-noconfig.cmake
[2.904s] -- Installing: /home/xzq/project/ros2_ws/install/tutorial_interfaces/share/tutorial_interfaces/cmake/tutorial_interfaces__rosidl_typesupport_cppExport.cmake
[2.904s] -- Installing: /home/xzq/project/ros2_ws/install/tutorial_interfaces/share/tutorial_interfaces/cmake/tutorial_interfaces__rosidl_typesupport_cppExport-noconfig.cmake
[2.904s] -- Installing: /home/xzq/project/ros2_ws/install/tutorial_interfaces/share/tutorial_interfaces/cmake/export_tutorial_interfaces__rosidl_generator_pyExport.cmake
[2.904s] -- Installing: /home/xzq/project/ros2_ws/install/tutorial_interfaces/share/tutorial_interfaces/cmake/export_tutorial_interfaces__rosidl_generator_pyExport-noconfig.cmake
[2.904s] -- Installing: /home/xzq/project/ros2_ws/install/tutorial_interfaces/share/tutorial_interfaces/cmake/rosidl_cmake-extras.cmake
[2.904s] -- Installing: /home/xzq/project/ros2_ws/install/tutorial_interfaces/share/tutorial_interfaces/cmake/ament_cmake_export_dependencies-extras.cmake
[2.904s] -- Installing: /home/xzq/project/ros2_ws/install/tutorial_interfaces/share/tutorial_interfaces/cmake/ament_cmake_export_include_directories-extras.cmake
[2.905s] -- Installing: /home/xzq/project/ros2_ws/install/tutorial_interfaces/share/tutorial_interfaces/cmake/ament_cmake_export_libraries-extras.cmake
[2.905s] -- Installing: /home/xzq/project/ros2_ws/install/tutorial_interfaces/share/tutorial_interfaces/cmake/ament_cmake_export_targets-extras.cmake
[2.905s] -- Installing: /home/xzq/project/ros2_ws/install/tutorial_interfaces/share/tutorial_interfaces/cmake/rosidl_cmake_export_typesupport_targets-extras.cmake
[2.905s] -- Installing: /home/xzq/project/ros2_ws/install/tutorial_interfaces/share/tutorial_interfaces/cmake/rosidl_cmake_export_typesupport_libraries-extras.cmake
[2.905s] -- Installing: /home/xzq/project/ros2_ws/install/tutorial_interfaces/share/tutorial_interfaces/cmake/tutorial_interfacesConfig.cmake
[2.905s] -- Installing: /home/xzq/project/ros2_ws/install/tutorial_interfaces/share/tutorial_interfaces/cmake/tutorial_interfacesConfig-version.cmake
[2.905s] -- Installing: /home/xzq/project/ros2_ws/install/tutorial_interfaces/share/tutorial_interfaces/package.xml
[2.908s] Invoked command in '/home/xzq/project/ros2_ws/build/tutorial_interfaces' returned '0': CMAKE_PREFIX_PATH=/opt/ros/humble /usr/bin/cmake --install /home/xzq/project/ros2_ws/build/tutorial_interfaces
