[0.006s] Invoking command in '/home/xzq/project/ros2_ws/build/tutorial_interfaces': CMAKE_PREFIX_PATH=/opt/ros/humble /usr/bin/cmake --build /home/xzq/project/ros2_ws/build/tutorial_interfaces -- -j12 -l12
[0.043s] [  3%] Built target tutorial_interfaces__cpp
[0.044s] [ 12%] Built target tutorial_interfaces__rosidl_generator_c
[0.051s] [ 12%] Built target ament_cmake_python_copy_tutorial_interfaces
[0.058s] [ 29%] Built target tutorial_interfaces__rosidl_typesupport_introspection_c
[0.058s] [ 32%] Built target tutorial_interfaces__rosidl_typesupport_fastrtps_cpp
[0.058s] [ 41%] Built target tutorial_interfaces__rosidl_typesupport_fastrtps_c
[0.058s] [ 51%] Built target tutorial_interfaces__rosidl_typesupport_c
[0.059s] [ 61%] Built target tutorial_interfaces__rosidl_typesupport_cpp
[0.060s] [ 70%] Built target tutorial_interfaces__rosidl_typesupport_introspection_cpp
[0.075s] [ 70%] Built target tutorial_interfaces
[0.092s] [ 74%] Built target tutorial_interfaces__py
[0.111s] [ 80%] Built target tutorial_interfaces__rosidl_generator_py
[0.127s] [ 87%] Built target tutorial_interfaces__rosidl_typesupport_introspection_c__pyext
[0.131s] [100%] Built target tutorial_interfaces__rosidl_typesupport_fastrtps_c__pyext
[0.131s] [100%] Built target tutorial_interfaces__rosidl_typesupport_c__pyext
[0.186s] running egg_info
[0.187s] writing tutorial_interfaces.egg-info/PKG-INFO
[0.187s] writing dependency_links to tutorial_interfaces.egg-info/dependency_links.txt
[0.187s] writing top-level names to tutorial_interfaces.egg-info/top_level.txt
[0.188s] reading manifest file 'tutorial_interfaces.egg-info/SOURCES.txt'
[0.188s] writing manifest file 'tutorial_interfaces.egg-info/SOURCES.txt'
[0.205s] [100%] Built target ament_cmake_python_build_tutorial_interfaces_egg
[0.213s] Invoked command in '/home/xzq/project/ros2_ws/build/tutorial_interfaces' returned '0': CMAKE_PREFIX_PATH=/opt/ros/humble /usr/bin/cmake --build /home/xzq/project/ros2_ws/build/tutorial_interfaces -- -j12 -l12
[0.221s] Invoking command in '/home/xzq/project/ros2_ws/build/tutorial_interfaces': CMAKE_PREFIX_PATH=/opt/ros/humble /usr/bin/cmake --install /home/xzq/project/ros2_ws/build/tutorial_interfaces
[0.227s] -- Install configuration: ""
[0.227s] -- Up-to-date: /home/xzq/project/ros2_ws/install/tutorial_interfaces/share/ament_index/resource_index/rosidl_interfaces/tutorial_interfaces
[0.227s] -- Up-to-date: /home/xzq/project/ros2_ws/install/tutorial_interfaces/include/tutorial_interfaces/tutorial_interfaces
[0.227s] -- Up-to-date: /home/xzq/project/ros2_ws/install/tutorial_interfaces/include/tutorial_interfaces/tutorial_interfaces/msg
[0.227s] -- Up-to-date: /home/xzq/project/ros2_ws/install/tutorial_interfaces/include/tutorial_interfaces/tutorial_interfaces/msg/rosidl_generator_c__visibility_control.h
[0.227s] -- Up-to-date: /home/xzq/project/ros2_ws/install/tutorial_interfaces/include/tutorial_interfaces/tutorial_interfaces/msg/detail
[0.227s] -- Up-to-date: /home/xzq/project/ros2_ws/install/tutorial_interfaces/include/tutorial_interfaces/tutorial_interfaces/msg/detail/armor_msg__struct.h
[0.228s] -- Up-to-date: /home/xzq/project/ros2_ws/install/tutorial_interfaces/include/tutorial_interfaces/tutorial_interfaces/msg/detail/armor_msg__functions.c
[0.228s] -- Up-to-date: /home/xzq/project/ros2_ws/install/tutorial_interfaces/include/tutorial_interfaces/tutorial_interfaces/msg/detail/armor_msg__functions.h
[0.228s] -- Up-to-date: /home/xzq/project/ros2_ws/install/tutorial_interfaces/include/tutorial_interfaces/tutorial_interfaces/msg/detail/armor_msg__type_support.h
[0.228s] -- Up-to-date: /home/xzq/project/ros2_ws/install/tutorial_interfaces/include/tutorial_interfaces/tutorial_interfaces/msg/armor_msg.h
[0.228s] -- Up-to-date: /home/xzq/project/ros2_ws/install/tutorial_interfaces/share/tutorial_interfaces/environment/library_path.sh
[0.228s] -- Up-to-date: /home/xzq/project/ros2_ws/install/tutorial_interfaces/share/tutorial_interfaces/environment/library_path.dsv
[0.228s] -- Up-to-date: /home/xzq/project/ros2_ws/install/tutorial_interfaces/lib/libtutorial_interfaces__rosidl_generator_c.so
[0.228s] -- Up-to-date: /home/xzq/project/ros2_ws/install/tutorial_interfaces/include/tutorial_interfaces/tutorial_interfaces
[0.228s] -- Up-to-date: /home/xzq/project/ros2_ws/install/tutorial_interfaces/include/tutorial_interfaces/tutorial_interfaces/msg
[0.228s] -- Up-to-date: /home/xzq/project/ros2_ws/install/tutorial_interfaces/include/tutorial_interfaces/tutorial_interfaces/msg/detail
[0.228s] -- Up-to-date: /home/xzq/project/ros2_ws/install/tutorial_interfaces/include/tutorial_interfaces/tutorial_interfaces/msg/detail/armor_msg__rosidl_typesupport_fastrtps_c.h
[0.228s] -- Up-to-date: /home/xzq/project/ros2_ws/install/tutorial_interfaces/include/tutorial_interfaces/tutorial_interfaces/msg/rosidl_typesupport_fastrtps_c__visibility_control.h
[0.228s] -- Up-to-date: /home/xzq/project/ros2_ws/install/tutorial_interfaces/lib/libtutorial_interfaces__rosidl_typesupport_fastrtps_c.so
[0.229s] -- Up-to-date: /home/xzq/project/ros2_ws/install/tutorial_interfaces/include/tutorial_interfaces/tutorial_interfaces
[0.229s] -- Up-to-date: /home/xzq/project/ros2_ws/install/tutorial_interfaces/include/tutorial_interfaces/tutorial_interfaces/msg
[0.229s] -- Up-to-date: /home/xzq/project/ros2_ws/install/tutorial_interfaces/include/tutorial_interfaces/tutorial_interfaces/msg/rosidl_typesupport_introspection_c__visibility_control.h
[0.229s] -- Up-to-date: /home/xzq/project/ros2_ws/install/tutorial_interfaces/include/tutorial_interfaces/tutorial_interfaces/msg/detail
[0.229s] -- Up-to-date: /home/xzq/project/ros2_ws/install/tutorial_interfaces/include/tutorial_interfaces/tutorial_interfaces/msg/detail/armor_msg__rosidl_typesupport_introspection_c.h
[0.229s] -- Up-to-date: /home/xzq/project/ros2_ws/install/tutorial_interfaces/include/tutorial_interfaces/tutorial_interfaces/msg/detail/armor_msg__type_support.c
[0.229s] -- Up-to-date: /home/xzq/project/ros2_ws/install/tutorial_interfaces/lib/libtutorial_interfaces__rosidl_typesupport_introspection_c.so
[0.229s] -- Up-to-date: /home/xzq/project/ros2_ws/install/tutorial_interfaces/lib/libtutorial_interfaces__rosidl_typesupport_c.so
[0.229s] -- Up-to-date: /home/xzq/project/ros2_ws/install/tutorial_interfaces/include/tutorial_interfaces/tutorial_interfaces
[0.229s] -- Up-to-date: /home/xzq/project/ros2_ws/install/tutorial_interfaces/include/tutorial_interfaces/tutorial_interfaces/msg
[0.229s] -- Up-to-date: /home/xzq/project/ros2_ws/install/tutorial_interfaces/include/tutorial_interfaces/tutorial_interfaces/msg/armor_msg.hpp
[0.229s] -- Up-to-date: /home/xzq/project/ros2_ws/install/tutorial_interfaces/include/tutorial_interfaces/tutorial_interfaces/msg/rosidl_generator_cpp__visibility_control.hpp
[0.229s] -- Up-to-date: /home/xzq/project/ros2_ws/install/tutorial_interfaces/include/tutorial_interfaces/tutorial_interfaces/msg/detail
[0.229s] -- Up-to-date: /home/xzq/project/ros2_ws/install/tutorial_interfaces/include/tutorial_interfaces/tutorial_interfaces/msg/detail/armor_msg__builder.hpp
[0.229s] -- Up-to-date: /home/xzq/project/ros2_ws/install/tutorial_interfaces/include/tutorial_interfaces/tutorial_interfaces/msg/detail/armor_msg__struct.hpp
[0.229s] -- Up-to-date: /home/xzq/project/ros2_ws/install/tutorial_interfaces/include/tutorial_interfaces/tutorial_interfaces/msg/detail/armor_msg__type_support.hpp
[0.230s] -- Up-to-date: /home/xzq/project/ros2_ws/install/tutorial_interfaces/include/tutorial_interfaces/tutorial_interfaces/msg/detail/armor_msg__traits.hpp
[0.230s] -- Up-to-date: /home/xzq/project/ros2_ws/install/tutorial_interfaces/include/tutorial_interfaces/tutorial_interfaces
[0.230s] -- Up-to-date: /home/xzq/project/ros2_ws/install/tutorial_interfaces/include/tutorial_interfaces/tutorial_interfaces/msg
[0.230s] -- Up-to-date: /home/xzq/project/ros2_ws/install/tutorial_interfaces/include/tutorial_interfaces/tutorial_interfaces/msg/rosidl_typesupport_fastrtps_cpp__visibility_control.h
[0.230s] -- Up-to-date: /home/xzq/project/ros2_ws/install/tutorial_interfaces/include/tutorial_interfaces/tutorial_interfaces/msg/detail
[0.230s] -- Up-to-date: /home/xzq/project/ros2_ws/install/tutorial_interfaces/include/tutorial_interfaces/tutorial_interfaces/msg/detail/dds_fastrtps
[0.230s] -- Up-to-date: /home/xzq/project/ros2_ws/install/tutorial_interfaces/include/tutorial_interfaces/tutorial_interfaces/msg/detail/armor_msg__rosidl_typesupport_fastrtps_cpp.hpp
[0.230s] -- Up-to-date: /home/xzq/project/ros2_ws/install/tutorial_interfaces/lib/libtutorial_interfaces__rosidl_typesupport_fastrtps_cpp.so
[0.230s] -- Up-to-date: /home/xzq/project/ros2_ws/install/tutorial_interfaces/include/tutorial_interfaces/tutorial_interfaces
[0.230s] -- Up-to-date: /home/xzq/project/ros2_ws/install/tutorial_interfaces/include/tutorial_interfaces/tutorial_interfaces/msg
[0.230s] -- Up-to-date: /home/xzq/project/ros2_ws/install/tutorial_interfaces/include/tutorial_interfaces/tutorial_interfaces/msg/detail
[0.230s] -- Up-to-date: /home/xzq/project/ros2_ws/install/tutorial_interfaces/include/tutorial_interfaces/tutorial_interfaces/msg/detail/armor_msg__type_support.cpp
[0.230s] -- Up-to-date: /home/xzq/project/ros2_ws/install/tutorial_interfaces/include/tutorial_interfaces/tutorial_interfaces/msg/detail/armor_msg__rosidl_typesupport_introspection_cpp.hpp
[0.230s] -- Up-to-date: /home/xzq/project/ros2_ws/install/tutorial_interfaces/lib/libtutorial_interfaces__rosidl_typesupport_introspection_cpp.so
[0.230s] -- Up-to-date: /home/xzq/project/ros2_ws/install/tutorial_interfaces/lib/libtutorial_interfaces__rosidl_typesupport_cpp.so
[0.230s] -- Up-to-date: /home/xzq/project/ros2_ws/install/tutorial_interfaces/share/tutorial_interfaces/environment/pythonpath.sh
[0.230s] -- Up-to-date: /home/xzq/project/ros2_ws/install/tutorial_interfaces/share/tutorial_interfaces/environment/pythonpath.dsv
[0.231s] -- Up-to-date: /home/xzq/project/ros2_ws/install/tutorial_interfaces/local/lib/python3.10/dist-packages/tutorial_interfaces-0.0.0-py3.10.egg-info
[0.231s] -- Installing: /home/xzq/project/ros2_ws/install/tutorial_interfaces/local/lib/python3.10/dist-packages/tutorial_interfaces-0.0.0-py3.10.egg-info/top_level.txt
[0.231s] -- Installing: /home/xzq/project/ros2_ws/install/tutorial_interfaces/local/lib/python3.10/dist-packages/tutorial_interfaces-0.0.0-py3.10.egg-info/PKG-INFO
[0.231s] -- Installing: /home/xzq/project/ros2_ws/install/tutorial_interfaces/local/lib/python3.10/dist-packages/tutorial_interfaces-0.0.0-py3.10.egg-info/SOURCES.txt
[0.231s] -- Installing: /home/xzq/project/ros2_ws/install/tutorial_interfaces/local/lib/python3.10/dist-packages/tutorial_interfaces-0.0.0-py3.10.egg-info/dependency_links.txt
[0.231s] -- Up-to-date: /home/xzq/project/ros2_ws/install/tutorial_interfaces/local/lib/python3.10/dist-packages/tutorial_interfaces
[0.231s] -- Up-to-date: /home/xzq/project/ros2_ws/install/tutorial_interfaces/local/lib/python3.10/dist-packages/tutorial_interfaces/_tutorial_interfaces_s.ep.rosidl_typesupport_c.c
[0.231s] -- Up-to-date: /home/xzq/project/ros2_ws/install/tutorial_interfaces/local/lib/python3.10/dist-packages/tutorial_interfaces/_tutorial_interfaces_s.ep.rosidl_typesupport_introspection_c.c
[0.231s] -- Up-to-date: /home/xzq/project/ros2_ws/install/tutorial_interfaces/local/lib/python3.10/dist-packages/tutorial_interfaces/libtutorial_interfaces__rosidl_generator_py.so
[0.231s] -- Up-to-date: /home/xzq/project/ros2_ws/install/tutorial_interfaces/local/lib/python3.10/dist-packages/tutorial_interfaces/tutorial_interfaces_s__rosidl_typesupport_introspection_c.cpython-310-x86_64-linux-gnu.so
[0.231s] -- Up-to-date: /home/xzq/project/ros2_ws/install/tutorial_interfaces/local/lib/python3.10/dist-packages/tutorial_interfaces/msg
[0.231s] -- Up-to-date: /home/xzq/project/ros2_ws/install/tutorial_interfaces/local/lib/python3.10/dist-packages/tutorial_interfaces/msg/_armor_msg.py
[0.231s] -- Up-to-date: /home/xzq/project/ros2_ws/install/tutorial_interfaces/local/lib/python3.10/dist-packages/tutorial_interfaces/msg/_armor_msg_s.c
[0.231s] -- Up-to-date: /home/xzq/project/ros2_ws/install/tutorial_interfaces/local/lib/python3.10/dist-packages/tutorial_interfaces/msg/__init__.py
[0.231s] -- Up-to-date: /home/xzq/project/ros2_ws/install/tutorial_interfaces/local/lib/python3.10/dist-packages/tutorial_interfaces/tutorial_interfaces_s__rosidl_typesupport_fastrtps_c.cpython-310-x86_64-linux-gnu.so
[0.231s] -- Up-to-date: /home/xzq/project/ros2_ws/install/tutorial_interfaces/local/lib/python3.10/dist-packages/tutorial_interfaces/tutorial_interfaces_s__rosidl_typesupport_c.cpython-310-x86_64-linux-gnu.so
[0.231s] -- Up-to-date: /home/xzq/project/ros2_ws/install/tutorial_interfaces/local/lib/python3.10/dist-packages/tutorial_interfaces/_tutorial_interfaces_s.ep.rosidl_typesupport_fastrtps_c.c
[0.231s] -- Up-to-date: /home/xzq/project/ros2_ws/install/tutorial_interfaces/local/lib/python3.10/dist-packages/tutorial_interfaces/__init__.py
[0.246s] Listing '/home/xzq/project/ros2_ws/install/tutorial_interfaces/local/lib/python3.10/dist-packages/tutorial_interfaces'...
[0.247s] Listing '/home/xzq/project/ros2_ws/install/tutorial_interfaces/local/lib/python3.10/dist-packages/tutorial_interfaces/msg'...
[0.249s] -- Up-to-date: /home/xzq/project/ros2_ws/install/tutorial_interfaces/local/lib/python3.10/dist-packages/tutorial_interfaces/tutorial_interfaces_s__rosidl_typesupport_fastrtps_c.cpython-310-x86_64-linux-gnu.so
[0.249s] -- Up-to-date: /home/xzq/project/ros2_ws/install/tutorial_interfaces/local/lib/python3.10/dist-packages/tutorial_interfaces/tutorial_interfaces_s__rosidl_typesupport_introspection_c.cpython-310-x86_64-linux-gnu.so
[0.249s] -- Up-to-date: /home/xzq/project/ros2_ws/install/tutorial_interfaces/local/lib/python3.10/dist-packages/tutorial_interfaces/tutorial_interfaces_s__rosidl_typesupport_c.cpython-310-x86_64-linux-gnu.so
[0.249s] -- Up-to-date: /home/xzq/project/ros2_ws/install/tutorial_interfaces/lib/libtutorial_interfaces__rosidl_generator_py.so
[0.250s] -- Up-to-date: /home/xzq/project/ros2_ws/install/tutorial_interfaces/share/tutorial_interfaces/msg/ArmorMsg.idl
[0.250s] -- Up-to-date: /home/xzq/project/ros2_ws/install/tutorial_interfaces/share/tutorial_interfaces/msg/ArmorMsg.msg
[0.250s] -- Up-to-date: /home/xzq/project/ros2_ws/install/tutorial_interfaces/share/ament_index/resource_index/package_run_dependencies/tutorial_interfaces
[0.250s] -- Up-to-date: /home/xzq/project/ros2_ws/install/tutorial_interfaces/share/ament_index/resource_index/parent_prefix_path/tutorial_interfaces
[0.250s] -- Up-to-date: /home/xzq/project/ros2_ws/install/tutorial_interfaces/share/tutorial_interfaces/environment/ament_prefix_path.sh
[0.250s] -- Up-to-date: /home/xzq/project/ros2_ws/install/tutorial_interfaces/share/tutorial_interfaces/environment/ament_prefix_path.dsv
[0.250s] -- Up-to-date: /home/xzq/project/ros2_ws/install/tutorial_interfaces/share/tutorial_interfaces/environment/path.sh
[0.250s] -- Up-to-date: /home/xzq/project/ros2_ws/install/tutorial_interfaces/share/tutorial_interfaces/environment/path.dsv
[0.250s] -- Up-to-date: /home/xzq/project/ros2_ws/install/tutorial_interfaces/share/tutorial_interfaces/local_setup.bash
[0.250s] -- Up-to-date: /home/xzq/project/ros2_ws/install/tutorial_interfaces/share/tutorial_interfaces/local_setup.sh
[0.250s] -- Up-to-date: /home/xzq/project/ros2_ws/install/tutorial_interfaces/share/tutorial_interfaces/local_setup.zsh
[0.250s] -- Up-to-date: /home/xzq/project/ros2_ws/install/tutorial_interfaces/share/tutorial_interfaces/local_setup.dsv
[0.251s] -- Installing: /home/xzq/project/ros2_ws/install/tutorial_interfaces/share/tutorial_interfaces/package.dsv
[0.251s] -- Up-to-date: /home/xzq/project/ros2_ws/install/tutorial_interfaces/share/ament_index/resource_index/packages/tutorial_interfaces
[0.251s] -- Up-to-date: /home/xzq/project/ros2_ws/install/tutorial_interfaces/share/tutorial_interfaces/cmake/export_tutorial_interfaces__rosidl_generator_cExport.cmake
[0.251s] -- Up-to-date: /home/xzq/project/ros2_ws/install/tutorial_interfaces/share/tutorial_interfaces/cmake/export_tutorial_interfaces__rosidl_generator_cExport-noconfig.cmake
[0.251s] -- Up-to-date: /home/xzq/project/ros2_ws/install/tutorial_interfaces/share/tutorial_interfaces/cmake/export_tutorial_interfaces__rosidl_typesupport_fastrtps_cExport.cmake
[0.251s] -- Up-to-date: /home/xzq/project/ros2_ws/install/tutorial_interfaces/share/tutorial_interfaces/cmake/export_tutorial_interfaces__rosidl_typesupport_fastrtps_cExport-noconfig.cmake
[0.251s] -- Up-to-date: /home/xzq/project/ros2_ws/install/tutorial_interfaces/share/tutorial_interfaces/cmake/tutorial_interfaces__rosidl_typesupport_introspection_cExport.cmake
[0.251s] -- Up-to-date: /home/xzq/project/ros2_ws/install/tutorial_interfaces/share/tutorial_interfaces/cmake/tutorial_interfaces__rosidl_typesupport_introspection_cExport-noconfig.cmake
[0.251s] -- Up-to-date: /home/xzq/project/ros2_ws/install/tutorial_interfaces/share/tutorial_interfaces/cmake/tutorial_interfaces__rosidl_typesupport_cExport.cmake
[0.251s] -- Up-to-date: /home/xzq/project/ros2_ws/install/tutorial_interfaces/share/tutorial_interfaces/cmake/tutorial_interfaces__rosidl_typesupport_cExport-noconfig.cmake
[0.251s] -- Up-to-date: /home/xzq/project/ros2_ws/install/tutorial_interfaces/share/tutorial_interfaces/cmake/export_tutorial_interfaces__rosidl_generator_cppExport.cmake
[0.251s] -- Up-to-date: /home/xzq/project/ros2_ws/install/tutorial_interfaces/share/tutorial_interfaces/cmake/export_tutorial_interfaces__rosidl_typesupport_fastrtps_cppExport.cmake
[0.251s] -- Up-to-date: /home/xzq/project/ros2_ws/install/tutorial_interfaces/share/tutorial_interfaces/cmake/export_tutorial_interfaces__rosidl_typesupport_fastrtps_cppExport-noconfig.cmake
[0.251s] -- Up-to-date: /home/xzq/project/ros2_ws/install/tutorial_interfaces/share/tutorial_interfaces/cmake/tutorial_interfaces__rosidl_typesupport_introspection_cppExport.cmake
[0.251s] -- Up-to-date: /home/xzq/project/ros2_ws/install/tutorial_interfaces/share/tutorial_interfaces/cmake/tutorial_interfaces__rosidl_typesupport_introspection_cppExport-noconfig.cmake
[0.252s] -- Up-to-date: /home/xzq/project/ros2_ws/install/tutorial_interfaces/share/tutorial_interfaces/cmake/tutorial_interfaces__rosidl_typesupport_cppExport.cmake
[0.252s] -- Up-to-date: /home/xzq/project/ros2_ws/install/tutorial_interfaces/share/tutorial_interfaces/cmake/tutorial_interfaces__rosidl_typesupport_cppExport-noconfig.cmake
[0.252s] -- Up-to-date: /home/xzq/project/ros2_ws/install/tutorial_interfaces/share/tutorial_interfaces/cmake/export_tutorial_interfaces__rosidl_generator_pyExport.cmake
[0.252s] -- Up-to-date: /home/xzq/project/ros2_ws/install/tutorial_interfaces/share/tutorial_interfaces/cmake/export_tutorial_interfaces__rosidl_generator_pyExport-noconfig.cmake
[0.252s] -- Up-to-date: /home/xzq/project/ros2_ws/install/tutorial_interfaces/share/tutorial_interfaces/cmake/rosidl_cmake-extras.cmake
[0.253s] -- Up-to-date: /home/xzq/project/ros2_ws/install/tutorial_interfaces/share/tutorial_interfaces/cmake/ament_cmake_export_dependencies-extras.cmake
[0.253s] -- Up-to-date: /home/xzq/project/ros2_ws/install/tutorial_interfaces/share/tutorial_interfaces/cmake/ament_cmake_export_include_directories-extras.cmake
[0.253s] -- Up-to-date: /home/xzq/project/ros2_ws/install/tutorial_interfaces/share/tutorial_interfaces/cmake/ament_cmake_export_libraries-extras.cmake
[0.253s] -- Up-to-date: /home/xzq/project/ros2_ws/install/tutorial_interfaces/share/tutorial_interfaces/cmake/ament_cmake_export_targets-extras.cmake
[0.253s] -- Up-to-date: /home/xzq/project/ros2_ws/install/tutorial_interfaces/share/tutorial_interfaces/cmake/rosidl_cmake_export_typesupport_targets-extras.cmake
[0.253s] -- Up-to-date: /home/xzq/project/ros2_ws/install/tutorial_interfaces/share/tutorial_interfaces/cmake/rosidl_cmake_export_typesupport_libraries-extras.cmake
[0.254s] -- Up-to-date: /home/xzq/project/ros2_ws/install/tutorial_interfaces/share/tutorial_interfaces/cmake/tutorial_interfacesConfig.cmake
[0.254s] -- Up-to-date: /home/xzq/project/ros2_ws/install/tutorial_interfaces/share/tutorial_interfaces/cmake/tutorial_interfacesConfig-version.cmake
[0.254s] -- Up-to-date: /home/xzq/project/ros2_ws/install/tutorial_interfaces/share/tutorial_interfaces/package.xml
[0.254s] Invoked command in '/home/xzq/project/ros2_ws/build/tutorial_interfaces' returned '0': CMAKE_PREFIX_PATH=/opt/ros/humble /usr/bin/cmake --install /home/xzq/project/ros2_ws/build/tutorial_interfaces
