[0.007s] Invoking command in '/home/xzq/project/ros2_ws/build/armor_interfaces': CMAKE_PREFIX_PATH=/opt/ros/humble /usr/bin/cmake --build /home/xzq/project/ros2_ws/build/armor_interfaces -- -j12 -l12
[0.026s] -- Found ament_cmake: 1.3.11 (/opt/ros/humble/share/ament_cmake/cmake)
[0.110s] -- Found ament_cmake_auto: 1.3.11 (/opt/ros/humble/share/ament_cmake_auto/cmake)
[0.111s] -- Found geometry_msgs: 4.2.4 (/opt/ros/humble/share/geometry_msgs/cmake)
[0.127s] -- Found rosidl_generator_c: 3.1.6 (/opt/ros/humble/share/rosidl_generator_c/cmake)
[0.129s] -- Found rosidl_adapter: 3.1.6 (/opt/ros/humble/share/rosidl_adapter/cmake)
[0.133s] -- Found rosidl_generator_cpp: 3.1.6 (/opt/ros/humble/share/rosidl_generator_cpp/cmake)
[0.139s] -- Using all available rosidl_typesupport_c: rosidl_typesupport_fastrtps_c;rosidl_typesupport_introspection_c
[0.146s] -- Using all available rosidl_typesupport_cpp: rosidl_typesupport_fastrtps_cpp;rosidl_typesupport_introspection_cpp
[0.166s] -- Found rosidl_default_generators: 1.2.0 (/opt/ros/humble/share/rosidl_default_generators/cmake)
[0.352s] -- Found ament_cmake_ros: 0.10.0 (/opt/ros/humble/share/ament_cmake_ros/cmake)
[0.600s] -- Using all available rosidl_typesupport_c: rosidl_typesupport_fastrtps_c;rosidl_typesupport_introspection_c
[0.699s] -- Using all available rosidl_typesupport_cpp: rosidl_typesupport_fastrtps_cpp;rosidl_typesupport_introspection_cpp
[0.714s] -- Found python_cmake_module: 0.10.0 (/opt/ros/humble/share/python_cmake_module/cmake)
[0.728s] -- Using PYTHON_EXECUTABLE: /usr/bin/python3
[0.728s] -- Using PYTHON_INCLUDE_DIRS: /usr/include/python3.10
[0.728s] -- Using PYTHON_LIBRARIES: /usr/lib/x86_64-linux-gnu/libpython3.10.so
[0.752s] -- Configuring done
[0.773s] -- Generating done
[0.780s] -- Build files have been written to: /home/xzq/project/ros2_ws/build/armor_interfaces
[0.799s] [  2%] [34m[1mGenerating C code for ROS interfaces[0m
[0.810s] [  4%] [34m[1mGenerating C++ code for ROS interfaces[0m
[0.813s] [  4%] Built target ament_cmake_python_copy_armor_interfaces
[0.968s] running egg_info
[0.968s] writing armor_interfaces.egg-info/PKG-INFO
[0.968s] writing dependency_links to armor_interfaces.egg-info/dependency_links.txt
[0.969s] writing top-level names to armor_interfaces.egg-info/top_level.txt
[0.970s] reading manifest file 'armor_interfaces.egg-info/SOURCES.txt'
[0.970s] writing manifest file 'armor_interfaces.egg-info/SOURCES.txt'
[0.992s] [  4%] Built target ament_cmake_python_build_armor_interfaces_egg
[1.079s] [35m[1mConsolidate compiler generated dependencies of target armor_interfaces__rosidl_generator_c[0m
[1.090s] [  6%] [32mBuilding C object CMakeFiles/armor_interfaces__rosidl_generator_c.dir/rosidl_generator_c/armor_interfaces/msg/detail/armor__functions.c.o[0m
[1.092s] [  8%] [32mBuilding C object CMakeFiles/armor_interfaces__rosidl_generator_c.dir/rosidl_generator_c/armor_interfaces/msg/detail/target__functions.c.o[0m
[1.094s] [ 10%] [32mBuilding C object CMakeFiles/armor_interfaces__rosidl_generator_c.dir/rosidl_generator_c/armor_interfaces/msg/detail/armors__functions.c.o[0m
[1.099s] [ 10%] Built target armor_interfaces__cpp
[1.107s] [ 14%] [34m[1mGenerating C++ introspection for ROS interfaces[0m
[1.107s] [ 14%] [34m[1mGenerating C++ type support dispatch for ROS interfaces[0m
[1.109s] [ 17%] [34m[1mGenerating C++ type support for eProsima Fast-RTPS[0m
[1.153s] [ 19%] [32m[1mLinking C shared library libarmor_interfaces__rosidl_generator_c.so[0m
[1.193s] [ 19%] Built target armor_interfaces__rosidl_generator_c
[1.205s] [ 25%] [34m[1mGenerating C type support for eProsima Fast-RTPS[0m
[1.205s] [ 25%] [34m[1mGenerating C introspection for ROS interfaces[0m
[1.205s] [ 25%] [34m[1mGenerating C type support dispatch for ROS interfaces[0m
[1.365s] [35m[1mConsolidate compiler generated dependencies of target armor_interfaces__rosidl_typesupport_cpp[0m
[1.368s] [35m[1mConsolidate compiler generated dependencies of target armor_interfaces__rosidl_typesupport_introspection_cpp[0m
[1.381s] [ 29%] [32mBuilding CXX object CMakeFiles/armor_interfaces__rosidl_typesupport_introspection_cpp.dir/rosidl_typesupport_introspection_cpp/armor_interfaces/msg/detail/armor__type_support.cpp.o[0m
[1.382s] [ 29%] [32mBuilding CXX object CMakeFiles/armor_interfaces__rosidl_typesupport_cpp.dir/rosidl_typesupport_cpp/armor_interfaces/msg/target__type_support.cpp.o[0m
[1.382s] [ 31%] [32mBuilding CXX object CMakeFiles/armor_interfaces__rosidl_typesupport_cpp.dir/rosidl_typesupport_cpp/armor_interfaces/msg/armor__type_support.cpp.o[0m
[1.382s] [ 34%] [32mBuilding CXX object CMakeFiles/armor_interfaces__rosidl_typesupport_cpp.dir/rosidl_typesupport_cpp/armor_interfaces/msg/armors__type_support.cpp.o[0m
[1.382s] [ 36%] [32mBuilding CXX object CMakeFiles/armor_interfaces__rosidl_typesupport_introspection_cpp.dir/rosidl_typesupport_introspection_cpp/armor_interfaces/msg/detail/target__type_support.cpp.o[0m
[1.382s] [ 38%] [32mBuilding CXX object CMakeFiles/armor_interfaces__rosidl_typesupport_introspection_cpp.dir/rosidl_typesupport_introspection_cpp/armor_interfaces/msg/detail/armors__type_support.cpp.o[0m
[1.419s] [35m[1mConsolidate compiler generated dependencies of target armor_interfaces__rosidl_typesupport_fastrtps_cpp[0m
[1.432s] [ 40%] [32mBuilding CXX object CMakeFiles/armor_interfaces__rosidl_typesupport_fastrtps_cpp.dir/rosidl_typesupport_fastrtps_cpp/armor_interfaces/msg/detail/dds_fastrtps/armors__type_support.cpp.o[0m
[1.440s] [ 42%] [32mBuilding CXX object CMakeFiles/armor_interfaces__rosidl_typesupport_fastrtps_cpp.dir/rosidl_typesupport_fastrtps_cpp/armor_interfaces/msg/detail/dds_fastrtps/armor__type_support.cpp.o[0m
[1.448s] [ 44%] [32mBuilding CXX object CMakeFiles/armor_interfaces__rosidl_typesupport_fastrtps_cpp.dir/rosidl_typesupport_fastrtps_cpp/armor_interfaces/msg/detail/dds_fastrtps/target__type_support.cpp.o[0m
[1.722s] [35m[1mConsolidate compiler generated dependencies of target armor_interfaces__rosidl_typesupport_fastrtps_c[0m
[1.739s] [ 46%] [32mBuilding CXX object CMakeFiles/armor_interfaces__rosidl_typesupport_fastrtps_c.dir/rosidl_typesupport_fastrtps_c/armor_interfaces/msg/detail/armors__type_support_c.cpp.o[0m
[1.739s] [ 48%] [32mBuilding CXX object CMakeFiles/armor_interfaces__rosidl_typesupport_fastrtps_c.dir/rosidl_typesupport_fastrtps_c/armor_interfaces/msg/detail/armor__type_support_c.cpp.o[0m
[1.746s] [ 51%] [32mBuilding CXX object CMakeFiles/armor_interfaces__rosidl_typesupport_fastrtps_c.dir/rosidl_typesupport_fastrtps_c/armor_interfaces/msg/detail/target__type_support_c.cpp.o[0m
[1.748s] [35m[1mConsolidate compiler generated dependencies of target armor_interfaces__rosidl_typesupport_c[0m
[1.755s] [ 53%] [32m[1mLinking CXX shared library libarmor_interfaces__rosidl_typesupport_cpp.so[0m
[1.768s] [ 55%] [32mBuilding CXX object CMakeFiles/armor_interfaces__rosidl_typesupport_c.dir/rosidl_typesupport_c/armor_interfaces/msg/armor__type_support.cpp.o[0m
[1.825s] [ 57%] [32mBuilding CXX object CMakeFiles/armor_interfaces__rosidl_typesupport_c.dir/rosidl_typesupport_c/armor_interfaces/msg/armors__type_support.cpp.o[0m
[1.828s] [35m[1mConsolidate compiler generated dependencies of target armor_interfaces__rosidl_typesupport_introspection_c[0m
[1.835s] [ 57%] Built target armor_interfaces__rosidl_typesupport_cpp
[1.844s] [ 59%] [32mBuilding C object CMakeFiles/armor_interfaces__rosidl_typesupport_introspection_c.dir/rosidl_typesupport_introspection_c/armor_interfaces/msg/detail/armor__type_support.c.o[0m
[1.857s] [ 61%] [32mBuilding CXX object CMakeFiles/armor_interfaces__rosidl_typesupport_c.dir/rosidl_typesupport_c/armor_interfaces/msg/target__type_support.cpp.o[0m
[1.868s] [ 63%] [32mBuilding C object CMakeFiles/armor_interfaces__rosidl_typesupport_introspection_c.dir/rosidl_typesupport_introspection_c/armor_interfaces/msg/detail/armors__type_support.c.o[0m
[1.911s] [ 65%] [32mBuilding C object CMakeFiles/armor_interfaces__rosidl_typesupport_introspection_c.dir/rosidl_typesupport_introspection_c/armor_interfaces/msg/detail/target__type_support.c.o[0m
[1.915s] [ 68%] [32m[1mLinking CXX shared library libarmor_interfaces__rosidl_typesupport_c.so[0m
[1.958s] [ 70%] [32m[1mLinking C shared library libarmor_interfaces__rosidl_typesupport_introspection_c.so[0m
[1.971s] [ 70%] Built target armor_interfaces__rosidl_typesupport_c
[2.000s] [ 70%] Built target armor_interfaces__rosidl_typesupport_introspection_c
[2.019s] [ 72%] [32m[1mLinking CXX shared library libarmor_interfaces__rosidl_typesupport_fastrtps_cpp.so[0m
[2.020s] [ 74%] [32m[1mLinking CXX shared library libarmor_interfaces__rosidl_typesupport_introspection_cpp.so[0m
[2.094s] [ 74%] Built target armor_interfaces__rosidl_typesupport_fastrtps_cpp
[2.109s] [ 74%] Built target armor_interfaces__rosidl_typesupport_introspection_cpp
[2.176s] [ 76%] [32m[1mLinking CXX shared library libarmor_interfaces__rosidl_typesupport_fastrtps_c.so[0m
[2.225s] [ 76%] Built target armor_interfaces__rosidl_typesupport_fastrtps_c
[2.242s] [ 76%] Built target armor_interfaces
[2.257s] [ 78%] [34m[1mGenerating Python code for ROS interfaces[0m
[2.613s] [ 78%] Built target armor_interfaces__py
[2.622s] [35m[1mConsolidate compiler generated dependencies of target armor_interfaces__rosidl_generator_py[0m
[2.633s] [ 80%] [32mBuilding C object CMakeFiles/armor_interfaces__rosidl_generator_py.dir/rosidl_generator_py/armor_interfaces/msg/_target_s.c.o[0m
[2.634s] [ 82%] [32mBuilding C object CMakeFiles/armor_interfaces__rosidl_generator_py.dir/rosidl_generator_py/armor_interfaces/msg/_armors_s.c.o[0m
[2.634s] [ 85%] [32mBuilding C object CMakeFiles/armor_interfaces__rosidl_generator_py.dir/rosidl_generator_py/armor_interfaces/msg/_armor_s.c.o[0m
[2.730s] [ 87%] [32m[1mLinking C shared library rosidl_generator_py/armor_interfaces/libarmor_interfaces__rosidl_generator_py.so[0m
[2.760s] [ 87%] Built target armor_interfaces__rosidl_generator_py
[2.766s] [35m[1mConsolidate compiler generated dependencies of target armor_interfaces__rosidl_typesupport_c__pyext[0m
[2.767s] [35m[1mConsolidate compiler generated dependencies of target armor_interfaces__rosidl_typesupport_fastrtps_c__pyext[0m
[2.768s] [35m[1mConsolidate compiler generated dependencies of target armor_interfaces__rosidl_typesupport_introspection_c__pyext[0m
[2.775s] [ 89%] [32mBuilding C object CMakeFiles/armor_interfaces__rosidl_typesupport_fastrtps_c__pyext.dir/rosidl_generator_py/armor_interfaces/_armor_interfaces_s.ep.rosidl_typesupport_fastrtps_c.c.o[0m
[2.777s] [ 93%] [32mBuilding C object CMakeFiles/armor_interfaces__rosidl_typesupport_introspection_c__pyext.dir/rosidl_generator_py/armor_interfaces/_armor_interfaces_s.ep.rosidl_typesupport_introspection_c.c.o[0m
[2.778s] [ 93%] [32mBuilding C object CMakeFiles/armor_interfaces__rosidl_typesupport_c__pyext.dir/rosidl_generator_py/armor_interfaces/_armor_interfaces_s.ep.rosidl_typesupport_c.c.o[0m
[2.851s] [ 95%] [32m[1mLinking C shared library rosidl_generator_py/armor_interfaces/armor_interfaces_s__rosidl_typesupport_fastrtps_c.cpython-310-x86_64-linux-gnu.so[0m
[2.857s] [ 97%] [32m[1mLinking C shared library rosidl_generator_py/armor_interfaces/armor_interfaces_s__rosidl_typesupport_introspection_c.cpython-310-x86_64-linux-gnu.so[0m
[2.880s] [ 97%] Built target armor_interfaces__rosidl_typesupport_fastrtps_c__pyext
[2.892s] [ 97%] Built target armor_interfaces__rosidl_typesupport_introspection_c__pyext
[2.898s] [100%] [32m[1mLinking C shared library rosidl_generator_py/armor_interfaces/armor_interfaces_s__rosidl_typesupport_c.cpython-310-x86_64-linux-gnu.so[0m
[2.929s] [100%] Built target armor_interfaces__rosidl_typesupport_c__pyext
[2.937s] Invoked command in '/home/xzq/project/ros2_ws/build/armor_interfaces' returned '0': CMAKE_PREFIX_PATH=/opt/ros/humble /usr/bin/cmake --build /home/xzq/project/ros2_ws/build/armor_interfaces -- -j12 -l12
[2.938s] Invoking command in '/home/xzq/project/ros2_ws/build/armor_interfaces': CMAKE_PREFIX_PATH=/opt/ros/humble /usr/bin/cmake --install /home/xzq/project/ros2_ws/build/armor_interfaces
[2.943s] -- Install configuration: ""
[2.943s] -- Up-to-date: /home/xzq/project/ros2_ws/install/armor_interfaces/share/ament_index/resource_index/rosidl_interfaces/armor_interfaces
[2.943s] -- Up-to-date: /home/xzq/project/ros2_ws/install/armor_interfaces/include/armor_interfaces/armor_interfaces
[2.943s] -- Up-to-date: /home/xzq/project/ros2_ws/install/armor_interfaces/include/armor_interfaces/armor_interfaces/msg
[2.943s] -- Up-to-date: /home/xzq/project/ros2_ws/install/armor_interfaces/include/armor_interfaces/armor_interfaces/msg/rosidl_generator_c__visibility_control.h
[2.944s] -- Up-to-date: /home/xzq/project/ros2_ws/install/armor_interfaces/include/armor_interfaces/armor_interfaces/msg/detail
[2.944s] -- Installing: /home/xzq/project/ros2_ws/install/armor_interfaces/include/armor_interfaces/armor_interfaces/msg/detail/armor__functions.c
[2.944s] -- Installing: /home/xzq/project/ros2_ws/install/armor_interfaces/include/armor_interfaces/armor_interfaces/msg/detail/target__functions.c
[2.944s] -- Installing: /home/xzq/project/ros2_ws/install/armor_interfaces/include/armor_interfaces/armor_interfaces/msg/detail/armors__functions.h
[2.944s] -- Installing: /home/xzq/project/ros2_ws/install/armor_interfaces/include/armor_interfaces/armor_interfaces/msg/detail/armor__struct.h
[2.944s] -- Installing: /home/xzq/project/ros2_ws/install/armor_interfaces/include/armor_interfaces/armor_interfaces/msg/detail/target__struct.h
[2.944s] -- Installing: /home/xzq/project/ros2_ws/install/armor_interfaces/include/armor_interfaces/armor_interfaces/msg/detail/armors__struct.h
[2.944s] -- Installing: /home/xzq/project/ros2_ws/install/armor_interfaces/include/armor_interfaces/armor_interfaces/msg/detail/target__type_support.h
[2.944s] -- Installing: /home/xzq/project/ros2_ws/install/armor_interfaces/include/armor_interfaces/armor_interfaces/msg/detail/target__functions.h
[2.944s] -- Installing: /home/xzq/project/ros2_ws/install/armor_interfaces/include/armor_interfaces/armor_interfaces/msg/detail/armor__functions.h
[2.944s] -- Installing: /home/xzq/project/ros2_ws/install/armor_interfaces/include/armor_interfaces/armor_interfaces/msg/detail/armors__functions.c
[2.944s] -- Installing: /home/xzq/project/ros2_ws/install/armor_interfaces/include/armor_interfaces/armor_interfaces/msg/detail/armors__type_support.h
[2.944s] -- Installing: /home/xzq/project/ros2_ws/install/armor_interfaces/include/armor_interfaces/armor_interfaces/msg/detail/armor__type_support.h
[2.944s] -- Installing: /home/xzq/project/ros2_ws/install/armor_interfaces/include/armor_interfaces/armor_interfaces/msg/armors.h
[2.944s] -- Installing: /home/xzq/project/ros2_ws/install/armor_interfaces/include/armor_interfaces/armor_interfaces/msg/target.h
[2.944s] -- Installing: /home/xzq/project/ros2_ws/install/armor_interfaces/include/armor_interfaces/armor_interfaces/msg/armor.h
[2.944s] -- Up-to-date: /home/xzq/project/ros2_ws/install/armor_interfaces/share/armor_interfaces/environment/library_path.sh
[2.944s] -- Installing: /home/xzq/project/ros2_ws/install/armor_interfaces/share/armor_interfaces/environment/library_path.dsv
[2.944s] -- Installing: /home/xzq/project/ros2_ws/install/armor_interfaces/lib/libarmor_interfaces__rosidl_generator_c.so
[2.944s] -- Set runtime path of "/home/xzq/project/ros2_ws/install/armor_interfaces/lib/libarmor_interfaces__rosidl_generator_c.so" to ""
[2.944s] -- Up-to-date: /home/xzq/project/ros2_ws/install/armor_interfaces/include/armor_interfaces/armor_interfaces
[2.944s] -- Up-to-date: /home/xzq/project/ros2_ws/install/armor_interfaces/include/armor_interfaces/armor_interfaces/msg
[2.944s] -- Up-to-date: /home/xzq/project/ros2_ws/install/armor_interfaces/include/armor_interfaces/armor_interfaces/msg/detail
[2.945s] -- Installing: /home/xzq/project/ros2_ws/install/armor_interfaces/include/armor_interfaces/armor_interfaces/msg/detail/target__rosidl_typesupport_fastrtps_c.h
[2.945s] -- Installing: /home/xzq/project/ros2_ws/install/armor_interfaces/include/armor_interfaces/armor_interfaces/msg/detail/armors__rosidl_typesupport_fastrtps_c.h
[2.945s] -- Installing: /home/xzq/project/ros2_ws/install/armor_interfaces/include/armor_interfaces/armor_interfaces/msg/detail/armor__rosidl_typesupport_fastrtps_c.h
[2.945s] -- Up-to-date: /home/xzq/project/ros2_ws/install/armor_interfaces/include/armor_interfaces/armor_interfaces/msg/rosidl_typesupport_fastrtps_c__visibility_control.h
[2.945s] -- Installing: /home/xzq/project/ros2_ws/install/armor_interfaces/lib/libarmor_interfaces__rosidl_typesupport_fastrtps_c.so
[2.945s] -- Set runtime path of "/home/xzq/project/ros2_ws/install/armor_interfaces/lib/libarmor_interfaces__rosidl_typesupport_fastrtps_c.so" to ""
[2.945s] -- Up-to-date: /home/xzq/project/ros2_ws/install/armor_interfaces/include/armor_interfaces/armor_interfaces
[2.945s] -- Up-to-date: /home/xzq/project/ros2_ws/install/armor_interfaces/include/armor_interfaces/armor_interfaces/msg
[2.945s] -- Up-to-date: /home/xzq/project/ros2_ws/install/armor_interfaces/include/armor_interfaces/armor_interfaces/msg/rosidl_generator_cpp__visibility_control.hpp
[2.945s] -- Installing: /home/xzq/project/ros2_ws/install/armor_interfaces/include/armor_interfaces/armor_interfaces/msg/armors.hpp
[2.945s] -- Installing: /home/xzq/project/ros2_ws/install/armor_interfaces/include/armor_interfaces/armor_interfaces/msg/armor.hpp
[2.945s] -- Up-to-date: /home/xzq/project/ros2_ws/install/armor_interfaces/include/armor_interfaces/armor_interfaces/msg/detail
[2.945s] -- Installing: /home/xzq/project/ros2_ws/install/armor_interfaces/include/armor_interfaces/armor_interfaces/msg/detail/armors__struct.hpp
[2.945s] -- Installing: /home/xzq/project/ros2_ws/install/armor_interfaces/include/armor_interfaces/armor_interfaces/msg/detail/armors__traits.hpp
[2.945s] -- Installing: /home/xzq/project/ros2_ws/install/armor_interfaces/include/armor_interfaces/armor_interfaces/msg/detail/target__type_support.hpp
[2.945s] -- Installing: /home/xzq/project/ros2_ws/install/armor_interfaces/include/armor_interfaces/armor_interfaces/msg/detail/armor__struct.hpp
[2.945s] -- Installing: /home/xzq/project/ros2_ws/install/armor_interfaces/include/armor_interfaces/armor_interfaces/msg/detail/armor__traits.hpp
[2.945s] -- Installing: /home/xzq/project/ros2_ws/install/armor_interfaces/include/armor_interfaces/armor_interfaces/msg/detail/armor__type_support.hpp
[2.945s] -- Installing: /home/xzq/project/ros2_ws/install/armor_interfaces/include/armor_interfaces/armor_interfaces/msg/detail/target__traits.hpp
[2.945s] -- Installing: /home/xzq/project/ros2_ws/install/armor_interfaces/include/armor_interfaces/armor_interfaces/msg/detail/armor__builder.hpp
[2.945s] -- Installing: /home/xzq/project/ros2_ws/install/armor_interfaces/include/armor_interfaces/armor_interfaces/msg/detail/armors__type_support.hpp
[2.945s] -- Installing: /home/xzq/project/ros2_ws/install/armor_interfaces/include/armor_interfaces/armor_interfaces/msg/detail/target__struct.hpp
[2.946s] -- Installing: /home/xzq/project/ros2_ws/install/armor_interfaces/include/armor_interfaces/armor_interfaces/msg/detail/armors__builder.hpp
[2.946s] -- Installing: /home/xzq/project/ros2_ws/install/armor_interfaces/include/armor_interfaces/armor_interfaces/msg/detail/target__builder.hpp
[2.946s] -- Installing: /home/xzq/project/ros2_ws/install/armor_interfaces/include/armor_interfaces/armor_interfaces/msg/target.hpp
[2.946s] -- Up-to-date: /home/xzq/project/ros2_ws/install/armor_interfaces/include/armor_interfaces/armor_interfaces
[2.946s] -- Up-to-date: /home/xzq/project/ros2_ws/install/armor_interfaces/include/armor_interfaces/armor_interfaces/msg
[2.946s] -- Up-to-date: /home/xzq/project/ros2_ws/install/armor_interfaces/include/armor_interfaces/armor_interfaces/msg/rosidl_typesupport_fastrtps_cpp__visibility_control.h
[2.946s] -- Up-to-date: /home/xzq/project/ros2_ws/install/armor_interfaces/include/armor_interfaces/armor_interfaces/msg/detail
[2.946s] -- Installing: /home/xzq/project/ros2_ws/install/armor_interfaces/include/armor_interfaces/armor_interfaces/msg/detail/target__rosidl_typesupport_fastrtps_cpp.hpp
[2.946s] -- Up-to-date: /home/xzq/project/ros2_ws/install/armor_interfaces/include/armor_interfaces/armor_interfaces/msg/detail/dds_fastrtps
[2.946s] -- Installing: /home/xzq/project/ros2_ws/install/armor_interfaces/include/armor_interfaces/armor_interfaces/msg/detail/armors__rosidl_typesupport_fastrtps_cpp.hpp
[2.946s] -- Installing: /home/xzq/project/ros2_ws/install/armor_interfaces/include/armor_interfaces/armor_interfaces/msg/detail/armor__rosidl_typesupport_fastrtps_cpp.hpp
[2.946s] -- Installing: /home/xzq/project/ros2_ws/install/armor_interfaces/lib/libarmor_interfaces__rosidl_typesupport_fastrtps_cpp.so
[2.946s] -- Set runtime path of "/home/xzq/project/ros2_ws/install/armor_interfaces/lib/libarmor_interfaces__rosidl_typesupport_fastrtps_cpp.so" to ""
[2.946s] -- Up-to-date: /home/xzq/project/ros2_ws/install/armor_interfaces/include/armor_interfaces/armor_interfaces
[2.946s] -- Up-to-date: /home/xzq/project/ros2_ws/install/armor_interfaces/include/armor_interfaces/armor_interfaces/msg
[2.946s] -- Up-to-date: /home/xzq/project/ros2_ws/install/armor_interfaces/include/armor_interfaces/armor_interfaces/msg/rosidl_typesupport_introspection_c__visibility_control.h
[2.946s] -- Up-to-date: /home/xzq/project/ros2_ws/install/armor_interfaces/include/armor_interfaces/armor_interfaces/msg/detail
[2.946s] -- Installing: /home/xzq/project/ros2_ws/install/armor_interfaces/include/armor_interfaces/armor_interfaces/msg/detail/target__type_support.c
[2.946s] -- Installing: /home/xzq/project/ros2_ws/install/armor_interfaces/include/armor_interfaces/armor_interfaces/msg/detail/armors__rosidl_typesupport_introspection_c.h
[2.946s] -- Installing: /home/xzq/project/ros2_ws/install/armor_interfaces/include/armor_interfaces/armor_interfaces/msg/detail/armor__rosidl_typesupport_introspection_c.h
[2.946s] -- Installing: /home/xzq/project/ros2_ws/install/armor_interfaces/include/armor_interfaces/armor_interfaces/msg/detail/armor__type_support.c
[2.946s] -- Installing: /home/xzq/project/ros2_ws/install/armor_interfaces/include/armor_interfaces/armor_interfaces/msg/detail/target__rosidl_typesupport_introspection_c.h
[2.946s] -- Installing: /home/xzq/project/ros2_ws/install/armor_interfaces/include/armor_interfaces/armor_interfaces/msg/detail/armors__type_support.c
[2.946s] -- Installing: /home/xzq/project/ros2_ws/install/armor_interfaces/lib/libarmor_interfaces__rosidl_typesupport_introspection_c.so
[2.947s] -- Set runtime path of "/home/xzq/project/ros2_ws/install/armor_interfaces/lib/libarmor_interfaces__rosidl_typesupport_introspection_c.so" to ""
[2.947s] -- Installing: /home/xzq/project/ros2_ws/install/armor_interfaces/lib/libarmor_interfaces__rosidl_typesupport_c.so
[2.947s] -- Set runtime path of "/home/xzq/project/ros2_ws/install/armor_interfaces/lib/libarmor_interfaces__rosidl_typesupport_c.so" to ""
[2.947s] -- Up-to-date: /home/xzq/project/ros2_ws/install/armor_interfaces/include/armor_interfaces/armor_interfaces
[2.947s] -- Up-to-date: /home/xzq/project/ros2_ws/install/armor_interfaces/include/armor_interfaces/armor_interfaces/msg
[2.947s] -- Up-to-date: /home/xzq/project/ros2_ws/install/armor_interfaces/include/armor_interfaces/armor_interfaces/msg/detail
[2.947s] -- Installing: /home/xzq/project/ros2_ws/install/armor_interfaces/include/armor_interfaces/armor_interfaces/msg/detail/armors__type_support.cpp
[2.947s] -- Installing: /home/xzq/project/ros2_ws/install/armor_interfaces/include/armor_interfaces/armor_interfaces/msg/detail/armors__rosidl_typesupport_introspection_cpp.hpp
[2.947s] -- Installing: /home/xzq/project/ros2_ws/install/armor_interfaces/include/armor_interfaces/armor_interfaces/msg/detail/armor__type_support.cpp
[2.947s] -- Installing: /home/xzq/project/ros2_ws/install/armor_interfaces/include/armor_interfaces/armor_interfaces/msg/detail/target__type_support.cpp
[2.947s] -- Installing: /home/xzq/project/ros2_ws/install/armor_interfaces/include/armor_interfaces/armor_interfaces/msg/detail/target__rosidl_typesupport_introspection_cpp.hpp
[2.947s] -- Installing: /home/xzq/project/ros2_ws/install/armor_interfaces/include/armor_interfaces/armor_interfaces/msg/detail/armor__rosidl_typesupport_introspection_cpp.hpp
[2.947s] -- Installing: /home/xzq/project/ros2_ws/install/armor_interfaces/lib/libarmor_interfaces__rosidl_typesupport_introspection_cpp.so
[2.947s] -- Set runtime path of "/home/xzq/project/ros2_ws/install/armor_interfaces/lib/libarmor_interfaces__rosidl_typesupport_introspection_cpp.so" to ""
[2.947s] -- Installing: /home/xzq/project/ros2_ws/install/armor_interfaces/lib/libarmor_interfaces__rosidl_typesupport_cpp.so
[2.948s] -- Set runtime path of "/home/xzq/project/ros2_ws/install/armor_interfaces/lib/libarmor_interfaces__rosidl_typesupport_cpp.so" to ""
[2.948s] -- Up-to-date: /home/xzq/project/ros2_ws/install/armor_interfaces/share/armor_interfaces/environment/pythonpath.sh
[2.948s] -- Installing: /home/xzq/project/ros2_ws/install/armor_interfaces/share/armor_interfaces/environment/pythonpath.dsv
[2.948s] -- Up-to-date: /home/xzq/project/ros2_ws/install/armor_interfaces/local/lib/python3.10/dist-packages/armor_interfaces-0.0.0-py3.10.egg-info
[2.948s] -- Installing: /home/xzq/project/ros2_ws/install/armor_interfaces/local/lib/python3.10/dist-packages/armor_interfaces-0.0.0-py3.10.egg-info/top_level.txt
[2.948s] -- Installing: /home/xzq/project/ros2_ws/install/armor_interfaces/local/lib/python3.10/dist-packages/armor_interfaces-0.0.0-py3.10.egg-info/PKG-INFO
[2.948s] -- Installing: /home/xzq/project/ros2_ws/install/armor_interfaces/local/lib/python3.10/dist-packages/armor_interfaces-0.0.0-py3.10.egg-info/SOURCES.txt
[2.948s] -- Installing: /home/xzq/project/ros2_ws/install/armor_interfaces/local/lib/python3.10/dist-packages/armor_interfaces-0.0.0-py3.10.egg-info/dependency_links.txt
[2.948s] -- Up-to-date: /home/xzq/project/ros2_ws/install/armor_interfaces/local/lib/python3.10/dist-packages/armor_interfaces
[2.948s] -- Installing: /home/xzq/project/ros2_ws/install/armor_interfaces/local/lib/python3.10/dist-packages/armor_interfaces/armor_interfaces_s__rosidl_typesupport_introspection_c.cpython-310-x86_64-linux-gnu.so
[2.948s] -- Installing: /home/xzq/project/ros2_ws/install/armor_interfaces/local/lib/python3.10/dist-packages/armor_interfaces/armor_interfaces_s__rosidl_typesupport_c.cpython-310-x86_64-linux-gnu.so
[2.948s] -- Installing: /home/xzq/project/ros2_ws/install/armor_interfaces/local/lib/python3.10/dist-packages/armor_interfaces/armor_interfaces_s__rosidl_typesupport_fastrtps_c.cpython-310-x86_64-linux-gnu.so
[2.948s] -- Installing: /home/xzq/project/ros2_ws/install/armor_interfaces/local/lib/python3.10/dist-packages/armor_interfaces/libarmor_interfaces__rosidl_generator_py.so
[2.948s] -- Installing: /home/xzq/project/ros2_ws/install/armor_interfaces/local/lib/python3.10/dist-packages/armor_interfaces/_armor_interfaces_s.ep.rosidl_typesupport_c.c
[2.948s] -- Installing: /home/xzq/project/ros2_ws/install/armor_interfaces/local/lib/python3.10/dist-packages/armor_interfaces/_armor_interfaces_s.ep.rosidl_typesupport_introspection_c.c
[2.948s] -- Up-to-date: /home/xzq/project/ros2_ws/install/armor_interfaces/local/lib/python3.10/dist-packages/armor_interfaces/msg
[2.948s] -- Installing: /home/xzq/project/ros2_ws/install/armor_interfaces/local/lib/python3.10/dist-packages/armor_interfaces/msg/_armor_s.c
[2.948s] -- Installing: /home/xzq/project/ros2_ws/install/armor_interfaces/local/lib/python3.10/dist-packages/armor_interfaces/msg/_armors_s.c
[2.948s] -- Installing: /home/xzq/project/ros2_ws/install/armor_interfaces/local/lib/python3.10/dist-packages/armor_interfaces/msg/_armors.py
[2.948s] -- Installing: /home/xzq/project/ros2_ws/install/armor_interfaces/local/lib/python3.10/dist-packages/armor_interfaces/msg/_target.py
[2.948s] -- Installing: /home/xzq/project/ros2_ws/install/armor_interfaces/local/lib/python3.10/dist-packages/armor_interfaces/msg/_target_s.c
[2.948s] -- Installing: /home/xzq/project/ros2_ws/install/armor_interfaces/local/lib/python3.10/dist-packages/armor_interfaces/msg/__init__.py
[2.948s] -- Installing: /home/xzq/project/ros2_ws/install/armor_interfaces/local/lib/python3.10/dist-packages/armor_interfaces/msg/_armor.py
[2.949s] -- Installing: /home/xzq/project/ros2_ws/install/armor_interfaces/local/lib/python3.10/dist-packages/armor_interfaces/_armor_interfaces_s.ep.rosidl_typesupport_fastrtps_c.c
[2.949s] -- Installing: /home/xzq/project/ros2_ws/install/armor_interfaces/local/lib/python3.10/dist-packages/armor_interfaces/__init__.py
[2.971s] Listing '/home/xzq/project/ros2_ws/install/armor_interfaces/local/lib/python3.10/dist-packages/armor_interfaces'...
[2.971s] Compiling '/home/xzq/project/ros2_ws/install/armor_interfaces/local/lib/python3.10/dist-packages/armor_interfaces/__init__.py'...
[2.971s] Listing '/home/xzq/project/ros2_ws/install/armor_interfaces/local/lib/python3.10/dist-packages/armor_interfaces/msg'...
[2.972s] Compiling '/home/xzq/project/ros2_ws/install/armor_interfaces/local/lib/python3.10/dist-packages/armor_interfaces/msg/__init__.py'...
[2.972s] Compiling '/home/xzq/project/ros2_ws/install/armor_interfaces/local/lib/python3.10/dist-packages/armor_interfaces/msg/_armor.py'...
[2.972s] Compiling '/home/xzq/project/ros2_ws/install/armor_interfaces/local/lib/python3.10/dist-packages/armor_interfaces/msg/_armors.py'...
[2.972s] Compiling '/home/xzq/project/ros2_ws/install/armor_interfaces/local/lib/python3.10/dist-packages/armor_interfaces/msg/_target.py'...
[2.975s] -- Installing: /home/xzq/project/ros2_ws/install/armor_interfaces/local/lib/python3.10/dist-packages/armor_interfaces/armor_interfaces_s__rosidl_typesupport_fastrtps_c.cpython-310-x86_64-linux-gnu.so
[2.975s] -- Set runtime path of "/home/xzq/project/ros2_ws/install/armor_interfaces/local/lib/python3.10/dist-packages/armor_interfaces/armor_interfaces_s__rosidl_typesupport_fastrtps_c.cpython-310-x86_64-linux-gnu.so" to ""
[2.975s] -- Installing: /home/xzq/project/ros2_ws/install/armor_interfaces/local/lib/python3.10/dist-packages/armor_interfaces/armor_interfaces_s__rosidl_typesupport_introspection_c.cpython-310-x86_64-linux-gnu.so
[2.975s] -- Set runtime path of "/home/xzq/project/ros2_ws/install/armor_interfaces/local/lib/python3.10/dist-packages/armor_interfaces/armor_interfaces_s__rosidl_typesupport_introspection_c.cpython-310-x86_64-linux-gnu.so" to ""
[2.975s] -- Installing: /home/xzq/project/ros2_ws/install/armor_interfaces/local/lib/python3.10/dist-packages/armor_interfaces/armor_interfaces_s__rosidl_typesupport_c.cpython-310-x86_64-linux-gnu.so
[2.975s] -- Set runtime path of "/home/xzq/project/ros2_ws/install/armor_interfaces/local/lib/python3.10/dist-packages/armor_interfaces/armor_interfaces_s__rosidl_typesupport_c.cpython-310-x86_64-linux-gnu.so" to ""
[2.976s] -- Installing: /home/xzq/project/ros2_ws/install/armor_interfaces/lib/libarmor_interfaces__rosidl_generator_py.so
[2.976s] -- Set runtime path of "/home/xzq/project/ros2_ws/install/armor_interfaces/lib/libarmor_interfaces__rosidl_generator_py.so" to ""
[2.976s] -- Installing: /home/xzq/project/ros2_ws/install/armor_interfaces/share/armor_interfaces/msg/Armor.idl
[2.976s] -- Up-to-date: /home/xzq/project/ros2_ws/install/armor_interfaces/share/armor_interfaces/msg/Armors.idl
[2.976s] -- Up-to-date: /home/xzq/project/ros2_ws/install/armor_interfaces/share/armor_interfaces/msg/Target.idl
[2.976s] -- Installing: /home/xzq/project/ros2_ws/install/armor_interfaces/share/armor_interfaces/msg/Armor.msg
[2.976s] -- Up-to-date: /home/xzq/project/ros2_ws/install/armor_interfaces/share/armor_interfaces/msg/Armors.msg
[2.977s] -- Up-to-date: /home/xzq/project/ros2_ws/install/armor_interfaces/share/armor_interfaces/msg/Target.msg
[2.977s] -- Up-to-date: /home/xzq/project/ros2_ws/install/armor_interfaces/share/ament_index/resource_index/package_run_dependencies/armor_interfaces
[2.977s] -- Up-to-date: /home/xzq/project/ros2_ws/install/armor_interfaces/share/ament_index/resource_index/parent_prefix_path/armor_interfaces
[2.977s] -- Up-to-date: /home/xzq/project/ros2_ws/install/armor_interfaces/share/armor_interfaces/environment/ament_prefix_path.sh
[2.977s] -- Installing: /home/xzq/project/ros2_ws/install/armor_interfaces/share/armor_interfaces/environment/ament_prefix_path.dsv
[2.977s] -- Up-to-date: /home/xzq/project/ros2_ws/install/armor_interfaces/share/armor_interfaces/environment/path.sh
[2.977s] -- Installing: /home/xzq/project/ros2_ws/install/armor_interfaces/share/armor_interfaces/environment/path.dsv
[2.977s] -- Up-to-date: /home/xzq/project/ros2_ws/install/armor_interfaces/share/armor_interfaces/local_setup.bash
[2.977s] -- Up-to-date: /home/xzq/project/ros2_ws/install/armor_interfaces/share/armor_interfaces/local_setup.sh
[2.977s] -- Up-to-date: /home/xzq/project/ros2_ws/install/armor_interfaces/share/armor_interfaces/local_setup.zsh
[2.977s] -- Installing: /home/xzq/project/ros2_ws/install/armor_interfaces/share/armor_interfaces/local_setup.dsv
[2.978s] -- Installing: /home/xzq/project/ros2_ws/install/armor_interfaces/share/armor_interfaces/package.dsv
[2.978s] -- Up-to-date: /home/xzq/project/ros2_ws/install/armor_interfaces/share/ament_index/resource_index/packages/armor_interfaces
[2.978s] -- Up-to-date: /home/xzq/project/ros2_ws/install/armor_interfaces/share/armor_interfaces/cmake/export_armor_interfaces__rosidl_generator_cExport.cmake
[2.978s] -- Up-to-date: /home/xzq/project/ros2_ws/install/armor_interfaces/share/armor_interfaces/cmake/export_armor_interfaces__rosidl_generator_cExport-noconfig.cmake
[2.978s] -- Up-to-date: /home/xzq/project/ros2_ws/install/armor_interfaces/share/armor_interfaces/cmake/export_armor_interfaces__rosidl_typesupport_fastrtps_cExport.cmake
[2.978s] -- Up-to-date: /home/xzq/project/ros2_ws/install/armor_interfaces/share/armor_interfaces/cmake/export_armor_interfaces__rosidl_typesupport_fastrtps_cExport-noconfig.cmake
[2.978s] -- Up-to-date: /home/xzq/project/ros2_ws/install/armor_interfaces/share/armor_interfaces/cmake/export_armor_interfaces__rosidl_generator_cppExport.cmake
[2.978s] -- Up-to-date: /home/xzq/project/ros2_ws/install/armor_interfaces/share/armor_interfaces/cmake/export_armor_interfaces__rosidl_typesupport_fastrtps_cppExport.cmake
[2.978s] -- Up-to-date: /home/xzq/project/ros2_ws/install/armor_interfaces/share/armor_interfaces/cmake/export_armor_interfaces__rosidl_typesupport_fastrtps_cppExport-noconfig.cmake
[2.978s] -- Up-to-date: /home/xzq/project/ros2_ws/install/armor_interfaces/share/armor_interfaces/cmake/armor_interfaces__rosidl_typesupport_introspection_cExport.cmake
[2.978s] -- Up-to-date: /home/xzq/project/ros2_ws/install/armor_interfaces/share/armor_interfaces/cmake/armor_interfaces__rosidl_typesupport_introspection_cExport-noconfig.cmake
[2.978s] -- Up-to-date: /home/xzq/project/ros2_ws/install/armor_interfaces/share/armor_interfaces/cmake/armor_interfaces__rosidl_typesupport_cExport.cmake
[2.978s] -- Up-to-date: /home/xzq/project/ros2_ws/install/armor_interfaces/share/armor_interfaces/cmake/armor_interfaces__rosidl_typesupport_cExport-noconfig.cmake
[2.978s] -- Up-to-date: /home/xzq/project/ros2_ws/install/armor_interfaces/share/armor_interfaces/cmake/armor_interfaces__rosidl_typesupport_introspection_cppExport.cmake
[2.979s] -- Up-to-date: /home/xzq/project/ros2_ws/install/armor_interfaces/share/armor_interfaces/cmake/armor_interfaces__rosidl_typesupport_introspection_cppExport-noconfig.cmake
[2.979s] -- Up-to-date: /home/xzq/project/ros2_ws/install/armor_interfaces/share/armor_interfaces/cmake/armor_interfaces__rosidl_typesupport_cppExport.cmake
[2.979s] -- Up-to-date: /home/xzq/project/ros2_ws/install/armor_interfaces/share/armor_interfaces/cmake/armor_interfaces__rosidl_typesupport_cppExport-noconfig.cmake
[2.979s] -- Up-to-date: /home/xzq/project/ros2_ws/install/armor_interfaces/share/armor_interfaces/cmake/export_armor_interfaces__rosidl_generator_pyExport.cmake
[2.979s] -- Up-to-date: /home/xzq/project/ros2_ws/install/armor_interfaces/share/armor_interfaces/cmake/export_armor_interfaces__rosidl_generator_pyExport-noconfig.cmake
[2.979s] -- Up-to-date: /home/xzq/project/ros2_ws/install/armor_interfaces/share/armor_interfaces/cmake/rosidl_cmake-extras.cmake
[2.979s] -- Up-to-date: /home/xzq/project/ros2_ws/install/armor_interfaces/share/armor_interfaces/cmake/ament_cmake_export_dependencies-extras.cmake
[2.979s] -- Up-to-date: /home/xzq/project/ros2_ws/install/armor_interfaces/share/armor_interfaces/cmake/ament_cmake_export_include_directories-extras.cmake
[2.979s] -- Up-to-date: /home/xzq/project/ros2_ws/install/armor_interfaces/share/armor_interfaces/cmake/ament_cmake_export_libraries-extras.cmake
[2.980s] -- Up-to-date: /home/xzq/project/ros2_ws/install/armor_interfaces/share/armor_interfaces/cmake/ament_cmake_export_targets-extras.cmake
[2.980s] -- Up-to-date: /home/xzq/project/ros2_ws/install/armor_interfaces/share/armor_interfaces/cmake/rosidl_cmake_export_typesupport_targets-extras.cmake
[2.980s] -- Up-to-date: /home/xzq/project/ros2_ws/install/armor_interfaces/share/armor_interfaces/cmake/rosidl_cmake_export_typesupport_libraries-extras.cmake
[2.980s] -- Up-to-date: /home/xzq/project/ros2_ws/install/armor_interfaces/share/armor_interfaces/cmake/armor_interfacesConfig.cmake
[2.981s] -- Up-to-date: /home/xzq/project/ros2_ws/install/armor_interfaces/share/armor_interfaces/cmake/armor_interfacesConfig-version.cmake
[2.981s] -- Up-to-date: /home/xzq/project/ros2_ws/install/armor_interfaces/share/armor_interfaces/package.xml
[2.981s] Invoked command in '/home/xzq/project/ros2_ws/build/armor_interfaces' returned '0': CMAKE_PREFIX_PATH=/opt/ros/humble /usr/bin/cmake --install /home/xzq/project/ros2_ws/build/armor_interfaces
