[0.007s] Invoking command in '/home/xzq/project/ros2_ws/build/armor_interfaces': CMAKE_PREFIX_PATH=/opt/ros/humble /usr/bin/cmake --build /home/xzq/project/ros2_ws/build/armor_interfaces -- -j12 -l12
[0.027s] -- Found ament_cmake: 1.3.11 (/opt/ros/humble/share/ament_cmake/cmake)
[0.105s] -- Found ament_cmake_auto: 1.3.11 (/opt/ros/humble/share/ament_cmake_auto/cmake)
[0.106s] -- Found geometry_msgs: 4.2.4 (/opt/ros/humble/share/geometry_msgs/cmake)
[0.121s] -- Found rosidl_generator_c: 3.1.6 (/opt/ros/humble/share/rosidl_generator_c/cmake)
[0.123s] -- Found rosidl_adapter: 3.1.6 (/opt/ros/humble/share/rosidl_adapter/cmake)
[0.129s] -- Found rosidl_generator_cpp: 3.1.6 (/opt/ros/humble/share/rosidl_generator_cpp/cmake)
[0.134s] -- Using all available rosidl_typesupport_c: rosidl_typesupport_fastrtps_c;rosidl_typesupport_introspection_c
[0.142s] -- Using all available rosidl_typesupport_cpp: rosidl_typesupport_fastrtps_cpp;rosidl_typesupport_introspection_cpp
[0.163s] -- Found rosidl_default_generators: 1.2.0 (/opt/ros/humble/share/rosidl_default_generators/cmake)
[0.345s] -- Found ament_cmake_ros: 0.10.0 (/opt/ros/humble/share/ament_cmake_ros/cmake)
[0.592s] -- Using all available rosidl_typesupport_c: rosidl_typesupport_fastrtps_c;rosidl_typesupport_introspection_c
[0.691s] -- Using all available rosidl_typesupport_cpp: rosidl_typesupport_fastrtps_cpp;rosidl_typesupport_introspection_cpp
[0.706s] -- Found python_cmake_module: 0.10.0 (/opt/ros/humble/share/python_cmake_module/cmake)
[0.723s] -- Using PYTHON_EXECUTABLE: /usr/bin/python3
[0.723s] -- Using PYTHON_INCLUDE_DIRS: /usr/include/python3.10
[0.723s] -- Using PYTHON_LIBRARIES: /usr/lib/x86_64-linux-gnu/libpython3.10.so
[0.753s] -- Configuring done
[0.782s] -- Generating done
[0.789s] -- Build files have been written to: /home/xzq/project/ros2_ws/build/armor_interfaces
[0.807s] [35m[1mConsolidate compiler generated dependencies of target armor_interfaces__rosidl_generator_c[0m
[0.815s] [ 10%] Built target armor_interfaces__rosidl_generator_c
[0.815s] [ 12%] Built target armor_interfaces__cpp
[0.821s] [ 12%] Built target ament_cmake_python_copy_armor_interfaces
[0.823s] [35m[1mConsolidate compiler generated dependencies of target armor_interfaces__rosidl_typesupport_c[0m
[0.824s] [35m[1mConsolidate compiler generated dependencies of target armor_interfaces__rosidl_typesupport_fastrtps_cpp[0m
[0.825s] [35m[1mConsolidate compiler generated dependencies of target armor_interfaces__rosidl_typesupport_introspection_cpp[0m
[0.825s] [35m[1mConsolidate compiler generated dependencies of target armor_interfaces__rosidl_typesupport_fastrtps_c[0m
[0.825s] [35m[1mConsolidate compiler generated dependencies of target armor_interfaces__rosidl_typesupport_cpp[0m
[0.826s] [35m[1mConsolidate compiler generated dependencies of target armor_interfaces__rosidl_typesupport_introspection_c[0m
[0.832s] [ 23%] Built target armor_interfaces__rosidl_typesupport_c
[0.834s] [ 44%] Built target armor_interfaces__rosidl_typesupport_fastrtps_c
[0.834s] [ 44%] Built target armor_interfaces__rosidl_typesupport_cpp
[0.835s] [ 55%] Built target armor_interfaces__rosidl_typesupport_introspection_c
[0.835s] [ 65%] Built target armor_interfaces__rosidl_typesupport_introspection_cpp
[0.836s] [ 76%] Built target armor_interfaces__rosidl_typesupport_fastrtps_cpp
[0.850s] [ 76%] Built target armor_interfaces
[0.869s] [ 78%] Built target armor_interfaces__py
[0.880s] [35m[1mConsolidate compiler generated dependencies of target armor_interfaces__rosidl_generator_py[0m
[0.893s] [ 87%] Built target armor_interfaces__rosidl_generator_py
[0.900s] [35m[1mConsolidate compiler generated dependencies of target armor_interfaces__rosidl_typesupport_fastrtps_c__pyext[0m
[0.900s] [35m[1mConsolidate compiler generated dependencies of target armor_interfaces__rosidl_typesupport_c__pyext[0m
[0.902s] [35m[1mConsolidate compiler generated dependencies of target armor_interfaces__rosidl_typesupport_introspection_c__pyext[0m
[0.908s] [ 95%] Built target armor_interfaces__rosidl_typesupport_fastrtps_c__pyext
[0.908s] [ 95%] Built target armor_interfaces__rosidl_typesupport_c__pyext
[0.910s] [100%] Built target armor_interfaces__rosidl_typesupport_introspection_c__pyext
[0.960s] running egg_info
[0.961s] writing armor_interfaces.egg-info/PKG-INFO
[0.961s] writing dependency_links to armor_interfaces.egg-info/dependency_links.txt
[0.961s] writing top-level names to armor_interfaces.egg-info/top_level.txt
[0.962s] reading manifest file 'armor_interfaces.egg-info/SOURCES.txt'
[0.962s] writing manifest file 'armor_interfaces.egg-info/SOURCES.txt'
[0.982s] [100%] Built target ament_cmake_python_build_armor_interfaces_egg
[0.990s] Invoked command in '/home/xzq/project/ros2_ws/build/armor_interfaces' returned '0': CMAKE_PREFIX_PATH=/opt/ros/humble /usr/bin/cmake --build /home/xzq/project/ros2_ws/build/armor_interfaces -- -j12 -l12
[0.991s] Invoking command in '/home/xzq/project/ros2_ws/build/armor_interfaces': CMAKE_PREFIX_PATH=/opt/ros/humble /usr/bin/cmake --install /home/xzq/project/ros2_ws/build/armor_interfaces
[0.996s] -- Install configuration: ""
[0.996s] -- Up-to-date: /home/xzq/project/ros2_ws/install/armor_interfaces/share/ament_index/resource_index/rosidl_interfaces/armor_interfaces
[0.996s] -- Up-to-date: /home/xzq/project/ros2_ws/install/armor_interfaces/include/armor_interfaces/armor_interfaces
[0.996s] -- Up-to-date: /home/xzq/project/ros2_ws/install/armor_interfaces/include/armor_interfaces/armor_interfaces/msg
[0.996s] -- Up-to-date: /home/xzq/project/ros2_ws/install/armor_interfaces/include/armor_interfaces/armor_interfaces/msg/rosidl_generator_c__visibility_control.h
[0.996s] -- Up-to-date: /home/xzq/project/ros2_ws/install/armor_interfaces/include/armor_interfaces/armor_interfaces/msg/detail
[0.996s] -- Up-to-date: /home/xzq/project/ros2_ws/install/armor_interfaces/include/armor_interfaces/armor_interfaces/msg/detail/armor__functions.c
[0.996s] -- Up-to-date: /home/xzq/project/ros2_ws/install/armor_interfaces/include/armor_interfaces/armor_interfaces/msg/detail/target__functions.c
[0.996s] -- Up-to-date: /home/xzq/project/ros2_ws/install/armor_interfaces/include/armor_interfaces/armor_interfaces/msg/detail/armors__functions.h
[0.996s] -- Up-to-date: /home/xzq/project/ros2_ws/install/armor_interfaces/include/armor_interfaces/armor_interfaces/msg/detail/armor__struct.h
[0.996s] -- Up-to-date: /home/xzq/project/ros2_ws/install/armor_interfaces/include/armor_interfaces/armor_interfaces/msg/detail/target__struct.h
[0.996s] -- Up-to-date: /home/xzq/project/ros2_ws/install/armor_interfaces/include/armor_interfaces/armor_interfaces/msg/detail/armors__struct.h
[0.996s] -- Up-to-date: /home/xzq/project/ros2_ws/install/armor_interfaces/include/armor_interfaces/armor_interfaces/msg/detail/target__type_support.h
[0.996s] -- Up-to-date: /home/xzq/project/ros2_ws/install/armor_interfaces/include/armor_interfaces/armor_interfaces/msg/detail/target__functions.h
[0.996s] -- Up-to-date: /home/xzq/project/ros2_ws/install/armor_interfaces/include/armor_interfaces/armor_interfaces/msg/detail/armor__functions.h
[0.996s] -- Up-to-date: /home/xzq/project/ros2_ws/install/armor_interfaces/include/armor_interfaces/armor_interfaces/msg/detail/armors__functions.c
[0.996s] -- Up-to-date: /home/xzq/project/ros2_ws/install/armor_interfaces/include/armor_interfaces/armor_interfaces/msg/detail/armors__type_support.h
[0.996s] -- Up-to-date: /home/xzq/project/ros2_ws/install/armor_interfaces/include/armor_interfaces/armor_interfaces/msg/detail/armor__type_support.h
[0.996s] -- Up-to-date: /home/xzq/project/ros2_ws/install/armor_interfaces/include/armor_interfaces/armor_interfaces/msg/armors.h
[0.996s] -- Up-to-date: /home/xzq/project/ros2_ws/install/armor_interfaces/include/armor_interfaces/armor_interfaces/msg/target.h
[0.996s] -- Up-to-date: /home/xzq/project/ros2_ws/install/armor_interfaces/include/armor_interfaces/armor_interfaces/msg/armor.h
[0.996s] -- Up-to-date: /home/xzq/project/ros2_ws/install/armor_interfaces/share/armor_interfaces/environment/library_path.sh
[0.996s] -- Installing: /home/xzq/project/ros2_ws/install/armor_interfaces/share/armor_interfaces/environment/library_path.dsv
[0.997s] -- Up-to-date: /home/xzq/project/ros2_ws/install/armor_interfaces/lib/libarmor_interfaces__rosidl_generator_c.so
[0.997s] -- Up-to-date: /home/xzq/project/ros2_ws/install/armor_interfaces/include/armor_interfaces/armor_interfaces
[0.997s] -- Up-to-date: /home/xzq/project/ros2_ws/install/armor_interfaces/include/armor_interfaces/armor_interfaces/msg
[0.997s] -- Up-to-date: /home/xzq/project/ros2_ws/install/armor_interfaces/include/armor_interfaces/armor_interfaces/msg/detail
[0.997s] -- Up-to-date: /home/xzq/project/ros2_ws/install/armor_interfaces/include/armor_interfaces/armor_interfaces/msg/detail/target__rosidl_typesupport_fastrtps_c.h
[0.997s] -- Up-to-date: /home/xzq/project/ros2_ws/install/armor_interfaces/include/armor_interfaces/armor_interfaces/msg/detail/armors__rosidl_typesupport_fastrtps_c.h
[0.997s] -- Up-to-date: /home/xzq/project/ros2_ws/install/armor_interfaces/include/armor_interfaces/armor_interfaces/msg/detail/armor__rosidl_typesupport_fastrtps_c.h
[0.997s] -- Up-to-date: /home/xzq/project/ros2_ws/install/armor_interfaces/include/armor_interfaces/armor_interfaces/msg/rosidl_typesupport_fastrtps_c__visibility_control.h
[0.998s] -- Up-to-date: /home/xzq/project/ros2_ws/install/armor_interfaces/lib/libarmor_interfaces__rosidl_typesupport_fastrtps_c.so
[0.998s] -- Up-to-date: /home/xzq/project/ros2_ws/install/armor_interfaces/include/armor_interfaces/armor_interfaces
[0.998s] -- Up-to-date: /home/xzq/project/ros2_ws/install/armor_interfaces/include/armor_interfaces/armor_interfaces/msg
[0.998s] -- Up-to-date: /home/xzq/project/ros2_ws/install/armor_interfaces/include/armor_interfaces/armor_interfaces/msg/rosidl_generator_cpp__visibility_control.hpp
[0.998s] -- Up-to-date: /home/xzq/project/ros2_ws/install/armor_interfaces/include/armor_interfaces/armor_interfaces/msg/armors.hpp
[0.998s] -- Up-to-date: /home/xzq/project/ros2_ws/install/armor_interfaces/include/armor_interfaces/armor_interfaces/msg/armor.hpp
[0.998s] -- Up-to-date: /home/xzq/project/ros2_ws/install/armor_interfaces/include/armor_interfaces/armor_interfaces/msg/detail
[0.998s] -- Up-to-date: /home/xzq/project/ros2_ws/install/armor_interfaces/include/armor_interfaces/armor_interfaces/msg/detail/armors__struct.hpp
[0.998s] -- Up-to-date: /home/xzq/project/ros2_ws/install/armor_interfaces/include/armor_interfaces/armor_interfaces/msg/detail/armors__traits.hpp
[0.998s] -- Up-to-date: /home/xzq/project/ros2_ws/install/armor_interfaces/include/armor_interfaces/armor_interfaces/msg/detail/target__type_support.hpp
[0.998s] -- Up-to-date: /home/xzq/project/ros2_ws/install/armor_interfaces/include/armor_interfaces/armor_interfaces/msg/detail/armor__struct.hpp
[0.998s] -- Up-to-date: /home/xzq/project/ros2_ws/install/armor_interfaces/include/armor_interfaces/armor_interfaces/msg/detail/armor__traits.hpp
[0.998s] -- Up-to-date: /home/xzq/project/ros2_ws/install/armor_interfaces/include/armor_interfaces/armor_interfaces/msg/detail/armor__type_support.hpp
[0.998s] -- Up-to-date: /home/xzq/project/ros2_ws/install/armor_interfaces/include/armor_interfaces/armor_interfaces/msg/detail/target__traits.hpp
[0.998s] -- Up-to-date: /home/xzq/project/ros2_ws/install/armor_interfaces/include/armor_interfaces/armor_interfaces/msg/detail/armor__builder.hpp
[0.998s] -- Up-to-date: /home/xzq/project/ros2_ws/install/armor_interfaces/include/armor_interfaces/armor_interfaces/msg/detail/armors__type_support.hpp
[0.998s] -- Up-to-date: /home/xzq/project/ros2_ws/install/armor_interfaces/include/armor_interfaces/armor_interfaces/msg/detail/target__struct.hpp
[0.998s] -- Up-to-date: /home/xzq/project/ros2_ws/install/armor_interfaces/include/armor_interfaces/armor_interfaces/msg/detail/armors__builder.hpp
[0.998s] -- Up-to-date: /home/xzq/project/ros2_ws/install/armor_interfaces/include/armor_interfaces/armor_interfaces/msg/detail/target__builder.hpp
[0.998s] -- Up-to-date: /home/xzq/project/ros2_ws/install/armor_interfaces/include/armor_interfaces/armor_interfaces/msg/target.hpp
[0.998s] -- Up-to-date: /home/xzq/project/ros2_ws/install/armor_interfaces/include/armor_interfaces/armor_interfaces
[0.998s] -- Up-to-date: /home/xzq/project/ros2_ws/install/armor_interfaces/include/armor_interfaces/armor_interfaces/msg
[0.998s] -- Up-to-date: /home/xzq/project/ros2_ws/install/armor_interfaces/include/armor_interfaces/armor_interfaces/msg/rosidl_typesupport_fastrtps_cpp__visibility_control.h
[0.998s] -- Up-to-date: /home/xzq/project/ros2_ws/install/armor_interfaces/include/armor_interfaces/armor_interfaces/msg/detail
[0.998s] -- Up-to-date: /home/xzq/project/ros2_ws/install/armor_interfaces/include/armor_interfaces/armor_interfaces/msg/detail/target__rosidl_typesupport_fastrtps_cpp.hpp
[0.998s] -- Up-to-date: /home/xzq/project/ros2_ws/install/armor_interfaces/include/armor_interfaces/armor_interfaces/msg/detail/dds_fastrtps
[0.998s] -- Up-to-date: /home/xzq/project/ros2_ws/install/armor_interfaces/include/armor_interfaces/armor_interfaces/msg/detail/armors__rosidl_typesupport_fastrtps_cpp.hpp
[0.998s] -- Up-to-date: /home/xzq/project/ros2_ws/install/armor_interfaces/include/armor_interfaces/armor_interfaces/msg/detail/armor__rosidl_typesupport_fastrtps_cpp.hpp
[0.998s] -- Up-to-date: /home/xzq/project/ros2_ws/install/armor_interfaces/lib/libarmor_interfaces__rosidl_typesupport_fastrtps_cpp.so
[0.998s] -- Up-to-date: /home/xzq/project/ros2_ws/install/armor_interfaces/include/armor_interfaces/armor_interfaces
[0.999s] -- Up-to-date: /home/xzq/project/ros2_ws/install/armor_interfaces/include/armor_interfaces/armor_interfaces/msg
[0.999s] -- Up-to-date: /home/xzq/project/ros2_ws/install/armor_interfaces/include/armor_interfaces/armor_interfaces/msg/rosidl_typesupport_introspection_c__visibility_control.h
[0.999s] -- Up-to-date: /home/xzq/project/ros2_ws/install/armor_interfaces/include/armor_interfaces/armor_interfaces/msg/detail
[0.999s] -- Up-to-date: /home/xzq/project/ros2_ws/install/armor_interfaces/include/armor_interfaces/armor_interfaces/msg/detail/target__type_support.c
[0.999s] -- Up-to-date: /home/xzq/project/ros2_ws/install/armor_interfaces/include/armor_interfaces/armor_interfaces/msg/detail/armors__rosidl_typesupport_introspection_c.h
[0.999s] -- Up-to-date: /home/xzq/project/ros2_ws/install/armor_interfaces/include/armor_interfaces/armor_interfaces/msg/detail/armor__rosidl_typesupport_introspection_c.h
[0.999s] -- Up-to-date: /home/xzq/project/ros2_ws/install/armor_interfaces/include/armor_interfaces/armor_interfaces/msg/detail/armor__type_support.c
[0.999s] -- Up-to-date: /home/xzq/project/ros2_ws/install/armor_interfaces/include/armor_interfaces/armor_interfaces/msg/detail/target__rosidl_typesupport_introspection_c.h
[0.999s] -- Up-to-date: /home/xzq/project/ros2_ws/install/armor_interfaces/include/armor_interfaces/armor_interfaces/msg/detail/armors__type_support.c
[0.999s] -- Up-to-date: /home/xzq/project/ros2_ws/install/armor_interfaces/lib/libarmor_interfaces__rosidl_typesupport_introspection_c.so
[0.999s] -- Up-to-date: /home/xzq/project/ros2_ws/install/armor_interfaces/lib/libarmor_interfaces__rosidl_typesupport_c.so
[0.999s] -- Up-to-date: /home/xzq/project/ros2_ws/install/armor_interfaces/include/armor_interfaces/armor_interfaces
[0.999s] -- Up-to-date: /home/xzq/project/ros2_ws/install/armor_interfaces/include/armor_interfaces/armor_interfaces/msg
[0.999s] -- Up-to-date: /home/xzq/project/ros2_ws/install/armor_interfaces/include/armor_interfaces/armor_interfaces/msg/detail
[0.999s] -- Up-to-date: /home/xzq/project/ros2_ws/install/armor_interfaces/include/armor_interfaces/armor_interfaces/msg/detail/armors__type_support.cpp
[0.999s] -- Up-to-date: /home/xzq/project/ros2_ws/install/armor_interfaces/include/armor_interfaces/armor_interfaces/msg/detail/armors__rosidl_typesupport_introspection_cpp.hpp
[0.999s] -- Up-to-date: /home/xzq/project/ros2_ws/install/armor_interfaces/include/armor_interfaces/armor_interfaces/msg/detail/armor__type_support.cpp
[0.999s] -- Up-to-date: /home/xzq/project/ros2_ws/install/armor_interfaces/include/armor_interfaces/armor_interfaces/msg/detail/target__type_support.cpp
[0.999s] -- Up-to-date: /home/xzq/project/ros2_ws/install/armor_interfaces/include/armor_interfaces/armor_interfaces/msg/detail/target__rosidl_typesupport_introspection_cpp.hpp
[0.999s] -- Up-to-date: /home/xzq/project/ros2_ws/install/armor_interfaces/include/armor_interfaces/armor_interfaces/msg/detail/armor__rosidl_typesupport_introspection_cpp.hpp
[1.000s] -- Up-to-date: /home/xzq/project/ros2_ws/install/armor_interfaces/lib/libarmor_interfaces__rosidl_typesupport_introspection_cpp.so
[1.000s] -- Up-to-date: /home/xzq/project/ros2_ws/install/armor_interfaces/lib/libarmor_interfaces__rosidl_typesupport_cpp.so
[1.000s] -- Up-to-date: /home/xzq/project/ros2_ws/install/armor_interfaces/share/armor_interfaces/environment/pythonpath.sh
[1.000s] -- Installing: /home/xzq/project/ros2_ws/install/armor_interfaces/share/armor_interfaces/environment/pythonpath.dsv
[1.000s] -- Up-to-date: /home/xzq/project/ros2_ws/install/armor_interfaces/local/lib/python3.10/dist-packages/armor_interfaces-0.0.0-py3.10.egg-info
[1.000s] -- Installing: /home/xzq/project/ros2_ws/install/armor_interfaces/local/lib/python3.10/dist-packages/armor_interfaces-0.0.0-py3.10.egg-info/top_level.txt
[1.000s] -- Installing: /home/xzq/project/ros2_ws/install/armor_interfaces/local/lib/python3.10/dist-packages/armor_interfaces-0.0.0-py3.10.egg-info/PKG-INFO
[1.000s] -- Installing: /home/xzq/project/ros2_ws/install/armor_interfaces/local/lib/python3.10/dist-packages/armor_interfaces-0.0.0-py3.10.egg-info/SOURCES.txt
[1.000s] -- Installing: /home/xzq/project/ros2_ws/install/armor_interfaces/local/lib/python3.10/dist-packages/armor_interfaces-0.0.0-py3.10.egg-info/dependency_links.txt
[1.000s] -- Up-to-date: /home/xzq/project/ros2_ws/install/armor_interfaces/local/lib/python3.10/dist-packages/armor_interfaces
[1.000s] -- Up-to-date: /home/xzq/project/ros2_ws/install/armor_interfaces/local/lib/python3.10/dist-packages/armor_interfaces/armor_interfaces_s__rosidl_typesupport_introspection_c.cpython-310-x86_64-linux-gnu.so
[1.000s] -- Up-to-date: /home/xzq/project/ros2_ws/install/armor_interfaces/local/lib/python3.10/dist-packages/armor_interfaces/armor_interfaces_s__rosidl_typesupport_c.cpython-310-x86_64-linux-gnu.so
[1.000s] -- Up-to-date: /home/xzq/project/ros2_ws/install/armor_interfaces/local/lib/python3.10/dist-packages/armor_interfaces/armor_interfaces_s__rosidl_typesupport_fastrtps_c.cpython-310-x86_64-linux-gnu.so
[1.000s] -- Up-to-date: /home/xzq/project/ros2_ws/install/armor_interfaces/local/lib/python3.10/dist-packages/armor_interfaces/libarmor_interfaces__rosidl_generator_py.so
[1.000s] -- Up-to-date: /home/xzq/project/ros2_ws/install/armor_interfaces/local/lib/python3.10/dist-packages/armor_interfaces/_armor_interfaces_s.ep.rosidl_typesupport_c.c
[1.000s] -- Up-to-date: /home/xzq/project/ros2_ws/install/armor_interfaces/local/lib/python3.10/dist-packages/armor_interfaces/_armor_interfaces_s.ep.rosidl_typesupport_introspection_c.c
[1.001s] -- Up-to-date: /home/xzq/project/ros2_ws/install/armor_interfaces/local/lib/python3.10/dist-packages/armor_interfaces/msg
[1.001s] -- Up-to-date: /home/xzq/project/ros2_ws/install/armor_interfaces/local/lib/python3.10/dist-packages/armor_interfaces/msg/_armor_s.c
[1.001s] -- Up-to-date: /home/xzq/project/ros2_ws/install/armor_interfaces/local/lib/python3.10/dist-packages/armor_interfaces/msg/_armors_s.c
[1.001s] -- Up-to-date: /home/xzq/project/ros2_ws/install/armor_interfaces/local/lib/python3.10/dist-packages/armor_interfaces/msg/_armors.py
[1.001s] -- Up-to-date: /home/xzq/project/ros2_ws/install/armor_interfaces/local/lib/python3.10/dist-packages/armor_interfaces/msg/_target.py
[1.001s] -- Up-to-date: /home/xzq/project/ros2_ws/install/armor_interfaces/local/lib/python3.10/dist-packages/armor_interfaces/msg/_target_s.c
[1.001s] -- Up-to-date: /home/xzq/project/ros2_ws/install/armor_interfaces/local/lib/python3.10/dist-packages/armor_interfaces/msg/__init__.py
[1.001s] -- Up-to-date: /home/xzq/project/ros2_ws/install/armor_interfaces/local/lib/python3.10/dist-packages/armor_interfaces/msg/_armor.py
[1.001s] -- Up-to-date: /home/xzq/project/ros2_ws/install/armor_interfaces/local/lib/python3.10/dist-packages/armor_interfaces/_armor_interfaces_s.ep.rosidl_typesupport_fastrtps_c.c
[1.001s] -- Installing: /home/xzq/project/ros2_ws/install/armor_interfaces/local/lib/python3.10/dist-packages/armor_interfaces/__init__.py
[1.023s] Listing '/home/xzq/project/ros2_ws/install/armor_interfaces/local/lib/python3.10/dist-packages/armor_interfaces'...
[1.023s] Compiling '/home/xzq/project/ros2_ws/install/armor_interfaces/local/lib/python3.10/dist-packages/armor_interfaces/__init__.py'...
[1.023s] Listing '/home/xzq/project/ros2_ws/install/armor_interfaces/local/lib/python3.10/dist-packages/armor_interfaces/msg'...
[1.026s] -- Up-to-date: /home/xzq/project/ros2_ws/install/armor_interfaces/local/lib/python3.10/dist-packages/armor_interfaces/armor_interfaces_s__rosidl_typesupport_fastrtps_c.cpython-310-x86_64-linux-gnu.so
[1.027s] -- Up-to-date: /home/xzq/project/ros2_ws/install/armor_interfaces/local/lib/python3.10/dist-packages/armor_interfaces/armor_interfaces_s__rosidl_typesupport_introspection_c.cpython-310-x86_64-linux-gnu.so
[1.027s] -- Up-to-date: /home/xzq/project/ros2_ws/install/armor_interfaces/local/lib/python3.10/dist-packages/armor_interfaces/armor_interfaces_s__rosidl_typesupport_c.cpython-310-x86_64-linux-gnu.so
[1.027s] -- Up-to-date: /home/xzq/project/ros2_ws/install/armor_interfaces/lib/libarmor_interfaces__rosidl_generator_py.so
[1.028s] -- Up-to-date: /home/xzq/project/ros2_ws/install/armor_interfaces/share/armor_interfaces/msg/Armor.idl
[1.028s] -- Up-to-date: /home/xzq/project/ros2_ws/install/armor_interfaces/share/armor_interfaces/msg/Armors.idl
[1.028s] -- Up-to-date: /home/xzq/project/ros2_ws/install/armor_interfaces/share/armor_interfaces/msg/Target.idl
[1.028s] -- Up-to-date: /home/xzq/project/ros2_ws/install/armor_interfaces/share/armor_interfaces/msg/Armor.msg
[1.028s] -- Up-to-date: /home/xzq/project/ros2_ws/install/armor_interfaces/share/armor_interfaces/msg/Armors.msg
[1.028s] -- Up-to-date: /home/xzq/project/ros2_ws/install/armor_interfaces/share/armor_interfaces/msg/Target.msg
[1.028s] -- Up-to-date: /home/xzq/project/ros2_ws/install/armor_interfaces/share/ament_index/resource_index/package_run_dependencies/armor_interfaces
[1.028s] -- Up-to-date: /home/xzq/project/ros2_ws/install/armor_interfaces/share/ament_index/resource_index/parent_prefix_path/armor_interfaces
[1.028s] -- Up-to-date: /home/xzq/project/ros2_ws/install/armor_interfaces/share/armor_interfaces/environment/ament_prefix_path.sh
[1.028s] -- Installing: /home/xzq/project/ros2_ws/install/armor_interfaces/share/armor_interfaces/environment/ament_prefix_path.dsv
[1.028s] -- Up-to-date: /home/xzq/project/ros2_ws/install/armor_interfaces/share/armor_interfaces/environment/path.sh
[1.028s] -- Installing: /home/xzq/project/ros2_ws/install/armor_interfaces/share/armor_interfaces/environment/path.dsv
[1.029s] -- Up-to-date: /home/xzq/project/ros2_ws/install/armor_interfaces/share/armor_interfaces/local_setup.bash
[1.029s] -- Up-to-date: /home/xzq/project/ros2_ws/install/armor_interfaces/share/armor_interfaces/local_setup.sh
[1.029s] -- Up-to-date: /home/xzq/project/ros2_ws/install/armor_interfaces/share/armor_interfaces/local_setup.zsh
[1.029s] -- Installing: /home/xzq/project/ros2_ws/install/armor_interfaces/share/armor_interfaces/local_setup.dsv
[1.029s] -- Installing: /home/xzq/project/ros2_ws/install/armor_interfaces/share/armor_interfaces/package.dsv
[1.029s] -- Up-to-date: /home/xzq/project/ros2_ws/install/armor_interfaces/share/ament_index/resource_index/packages/armor_interfaces
[1.029s] -- Up-to-date: /home/xzq/project/ros2_ws/install/armor_interfaces/share/armor_interfaces/cmake/export_armor_interfaces__rosidl_generator_cExport.cmake
[1.029s] -- Up-to-date: /home/xzq/project/ros2_ws/install/armor_interfaces/share/armor_interfaces/cmake/export_armor_interfaces__rosidl_generator_cExport-noconfig.cmake
[1.029s] -- Up-to-date: /home/xzq/project/ros2_ws/install/armor_interfaces/share/armor_interfaces/cmake/export_armor_interfaces__rosidl_typesupport_fastrtps_cExport.cmake
[1.029s] -- Up-to-date: /home/xzq/project/ros2_ws/install/armor_interfaces/share/armor_interfaces/cmake/export_armor_interfaces__rosidl_typesupport_fastrtps_cExport-noconfig.cmake
[1.029s] -- Up-to-date: /home/xzq/project/ros2_ws/install/armor_interfaces/share/armor_interfaces/cmake/export_armor_interfaces__rosidl_generator_cppExport.cmake
[1.029s] -- Up-to-date: /home/xzq/project/ros2_ws/install/armor_interfaces/share/armor_interfaces/cmake/export_armor_interfaces__rosidl_typesupport_fastrtps_cppExport.cmake
[1.029s] -- Up-to-date: /home/xzq/project/ros2_ws/install/armor_interfaces/share/armor_interfaces/cmake/export_armor_interfaces__rosidl_typesupport_fastrtps_cppExport-noconfig.cmake
[1.029s] -- Up-to-date: /home/xzq/project/ros2_ws/install/armor_interfaces/share/armor_interfaces/cmake/armor_interfaces__rosidl_typesupport_introspection_cExport.cmake
[1.029s] -- Up-to-date: /home/xzq/project/ros2_ws/install/armor_interfaces/share/armor_interfaces/cmake/armor_interfaces__rosidl_typesupport_introspection_cExport-noconfig.cmake
[1.029s] -- Up-to-date: /home/xzq/project/ros2_ws/install/armor_interfaces/share/armor_interfaces/cmake/armor_interfaces__rosidl_typesupport_cExport.cmake
[1.029s] -- Up-to-date: /home/xzq/project/ros2_ws/install/armor_interfaces/share/armor_interfaces/cmake/armor_interfaces__rosidl_typesupport_cExport-noconfig.cmake
[1.029s] -- Up-to-date: /home/xzq/project/ros2_ws/install/armor_interfaces/share/armor_interfaces/cmake/armor_interfaces__rosidl_typesupport_introspection_cppExport.cmake
[1.029s] -- Up-to-date: /home/xzq/project/ros2_ws/install/armor_interfaces/share/armor_interfaces/cmake/armor_interfaces__rosidl_typesupport_introspection_cppExport-noconfig.cmake
[1.029s] -- Up-to-date: /home/xzq/project/ros2_ws/install/armor_interfaces/share/armor_interfaces/cmake/armor_interfaces__rosidl_typesupport_cppExport.cmake
[1.029s] -- Up-to-date: /home/xzq/project/ros2_ws/install/armor_interfaces/share/armor_interfaces/cmake/armor_interfaces__rosidl_typesupport_cppExport-noconfig.cmake
[1.030s] -- Up-to-date: /home/xzq/project/ros2_ws/install/armor_interfaces/share/armor_interfaces/cmake/export_armor_interfaces__rosidl_generator_pyExport.cmake
[1.030s] -- Up-to-date: /home/xzq/project/ros2_ws/install/armor_interfaces/share/armor_interfaces/cmake/export_armor_interfaces__rosidl_generator_pyExport-noconfig.cmake
[1.030s] -- Up-to-date: /home/xzq/project/ros2_ws/install/armor_interfaces/share/armor_interfaces/cmake/rosidl_cmake-extras.cmake
[1.030s] -- Up-to-date: /home/xzq/project/ros2_ws/install/armor_interfaces/share/armor_interfaces/cmake/ament_cmake_export_dependencies-extras.cmake
[1.030s] -- Up-to-date: /home/xzq/project/ros2_ws/install/armor_interfaces/share/armor_interfaces/cmake/ament_cmake_export_include_directories-extras.cmake
[1.030s] -- Up-to-date: /home/xzq/project/ros2_ws/install/armor_interfaces/share/armor_interfaces/cmake/ament_cmake_export_libraries-extras.cmake
[1.030s] -- Up-to-date: /home/xzq/project/ros2_ws/install/armor_interfaces/share/armor_interfaces/cmake/ament_cmake_export_targets-extras.cmake
[1.030s] -- Up-to-date: /home/xzq/project/ros2_ws/install/armor_interfaces/share/armor_interfaces/cmake/rosidl_cmake_export_typesupport_targets-extras.cmake
[1.030s] -- Up-to-date: /home/xzq/project/ros2_ws/install/armor_interfaces/share/armor_interfaces/cmake/rosidl_cmake_export_typesupport_libraries-extras.cmake
[1.030s] -- Up-to-date: /home/xzq/project/ros2_ws/install/armor_interfaces/share/armor_interfaces/cmake/armor_interfacesConfig.cmake
[1.030s] -- Up-to-date: /home/xzq/project/ros2_ws/install/armor_interfaces/share/armor_interfaces/cmake/armor_interfacesConfig-version.cmake
[1.030s] -- Installing: /home/xzq/project/ros2_ws/install/armor_interfaces/share/armor_interfaces/package.xml
[1.032s] Invoked command in '/home/xzq/project/ros2_ws/build/armor_interfaces' returned '0': CMAKE_PREFIX_PATH=/opt/ros/humble /usr/bin/cmake --install /home/xzq/project/ros2_ws/build/armor_interfaces
