[0.007s] Invoking command in '/home/xzq/project/armor_ws/build/armor_interfaces': CMAKE_PREFIX_PATH=/opt/ros/humble /usr/bin/cmake --build /home/xzq/project/armor_ws/build/armor_interfaces -- -j12 -l12
[0.046s] [ 10%] Built target armor_interfaces__rosidl_generator_c
[0.046s] [ 12%] Built target armor_interfaces__cpp
[0.050s] [ 12%] Built target ament_cmake_python_copy_armor_interfaces
[0.060s] [ 44%] Built target armor_interfaces__rosidl_typesupport_introspection_c
[0.060s] [ 44%] Built target armor_interfaces__rosidl_typesupport_introspection_cpp
[0.060s] [ 44%] Built target armor_interfaces__rosidl_typesupport_c
[0.064s] [ 55%] Built target armor_interfaces__rosidl_typesupport_fastrtps_c
[0.065s] [ 65%] Built target armor_interfaces__rosidl_typesupport_cpp
[0.065s] [ 76%] Built target armor_interfaces__rosidl_typesupport_fastrtps_cpp
[0.080s] [ 76%] Built target armor_interfaces
[0.096s] [ 78%] Built target armor_interfaces__py
[0.113s] [ 87%] Built target armor_interfaces__rosidl_generator_py
[0.128s] [ 91%] Built target armor_interfaces__rosidl_typesupport_c__pyext
[0.132s] [ 95%] Built target armor_interfaces__rosidl_typesupport_fastrtps_c__pyext
[0.132s] [100%] Built target armor_interfaces__rosidl_typesupport_introspection_c__pyext
[0.176s] running egg_info
[0.177s] writing armor_interfaces.egg-info/PKG-INFO
[0.177s] writing dependency_links to armor_interfaces.egg-info/dependency_links.txt
[0.177s] writing top-level names to armor_interfaces.egg-info/top_level.txt
[0.178s] reading manifest file 'armor_interfaces.egg-info/SOURCES.txt'
[0.178s] writing manifest file 'armor_interfaces.egg-info/SOURCES.txt'
[0.194s] [100%] Built target ament_cmake_python_build_armor_interfaces_egg
[0.203s] Invoked command in '/home/xzq/project/armor_ws/build/armor_interfaces' returned '0': CMAKE_PREFIX_PATH=/opt/ros/humble /usr/bin/cmake --build /home/xzq/project/armor_ws/build/armor_interfaces -- -j12 -l12
[0.210s] Invoking command in '/home/xzq/project/armor_ws/build/armor_interfaces': CMAKE_PREFIX_PATH=/opt/ros/humble /usr/bin/cmake --install /home/xzq/project/armor_ws/build/armor_interfaces
[0.215s] -- Install configuration: ""
[0.215s] -- Up-to-date: /home/xzq/project/armor_ws/install/armor_interfaces/share/ament_index/resource_index/rosidl_interfaces/armor_interfaces
[0.216s] -- Up-to-date: /home/xzq/project/armor_ws/install/armor_interfaces/include/armor_interfaces/armor_interfaces
[0.216s] -- Up-to-date: /home/xzq/project/armor_ws/install/armor_interfaces/include/armor_interfaces/armor_interfaces/msg
[0.216s] -- Up-to-date: /home/xzq/project/armor_ws/install/armor_interfaces/include/armor_interfaces/armor_interfaces/msg/rosidl_generator_c__visibility_control.h
[0.216s] -- Up-to-date: /home/xzq/project/armor_ws/install/armor_interfaces/include/armor_interfaces/armor_interfaces/msg/detail
[0.216s] -- Up-to-date: /home/xzq/project/armor_ws/install/armor_interfaces/include/armor_interfaces/armor_interfaces/msg/detail/armor__functions.c
[0.216s] -- Up-to-date: /home/xzq/project/armor_ws/install/armor_interfaces/include/armor_interfaces/armor_interfaces/msg/detail/target__functions.c
[0.216s] -- Up-to-date: /home/xzq/project/armor_ws/install/armor_interfaces/include/armor_interfaces/armor_interfaces/msg/detail/armors__functions.h
[0.216s] -- Up-to-date: /home/xzq/project/armor_ws/install/armor_interfaces/include/armor_interfaces/armor_interfaces/msg/detail/armor__struct.h
[0.216s] -- Up-to-date: /home/xzq/project/armor_ws/install/armor_interfaces/include/armor_interfaces/armor_interfaces/msg/detail/target__struct.h
[0.216s] -- Up-to-date: /home/xzq/project/armor_ws/install/armor_interfaces/include/armor_interfaces/armor_interfaces/msg/detail/armors__struct.h
[0.216s] -- Up-to-date: /home/xzq/project/armor_ws/install/armor_interfaces/include/armor_interfaces/armor_interfaces/msg/detail/target__type_support.h
[0.216s] -- Up-to-date: /home/xzq/project/armor_ws/install/armor_interfaces/include/armor_interfaces/armor_interfaces/msg/detail/target__functions.h
[0.216s] -- Up-to-date: /home/xzq/project/armor_ws/install/armor_interfaces/include/armor_interfaces/armor_interfaces/msg/detail/armor__functions.h
[0.216s] -- Up-to-date: /home/xzq/project/armor_ws/install/armor_interfaces/include/armor_interfaces/armor_interfaces/msg/detail/armors__functions.c
[0.216s] -- Up-to-date: /home/xzq/project/armor_ws/install/armor_interfaces/include/armor_interfaces/armor_interfaces/msg/detail/armors__type_support.h
[0.216s] -- Up-to-date: /home/xzq/project/armor_ws/install/armor_interfaces/include/armor_interfaces/armor_interfaces/msg/detail/armor__type_support.h
[0.216s] -- Up-to-date: /home/xzq/project/armor_ws/install/armor_interfaces/include/armor_interfaces/armor_interfaces/msg/armors.h
[0.216s] -- Up-to-date: /home/xzq/project/armor_ws/install/armor_interfaces/include/armor_interfaces/armor_interfaces/msg/target.h
[0.216s] -- Up-to-date: /home/xzq/project/armor_ws/install/armor_interfaces/include/armor_interfaces/armor_interfaces/msg/armor.h
[0.216s] -- Up-to-date: /home/xzq/project/armor_ws/install/armor_interfaces/share/armor_interfaces/environment/library_path.sh
[0.216s] -- Up-to-date: /home/xzq/project/armor_ws/install/armor_interfaces/share/armor_interfaces/environment/library_path.dsv
[0.216s] -- Up-to-date: /home/xzq/project/armor_ws/install/armor_interfaces/lib/libarmor_interfaces__rosidl_generator_c.so
[0.216s] -- Up-to-date: /home/xzq/project/armor_ws/install/armor_interfaces/include/armor_interfaces/armor_interfaces
[0.216s] -- Up-to-date: /home/xzq/project/armor_ws/install/armor_interfaces/include/armor_interfaces/armor_interfaces/msg
[0.216s] -- Up-to-date: /home/xzq/project/armor_ws/install/armor_interfaces/include/armor_interfaces/armor_interfaces/msg/detail
[0.216s] -- Up-to-date: /home/xzq/project/armor_ws/install/armor_interfaces/include/armor_interfaces/armor_interfaces/msg/detail/target__rosidl_typesupport_fastrtps_c.h
[0.216s] -- Up-to-date: /home/xzq/project/armor_ws/install/armor_interfaces/include/armor_interfaces/armor_interfaces/msg/detail/armors__rosidl_typesupport_fastrtps_c.h
[0.216s] -- Up-to-date: /home/xzq/project/armor_ws/install/armor_interfaces/include/armor_interfaces/armor_interfaces/msg/detail/armor__rosidl_typesupport_fastrtps_c.h
[0.216s] -- Up-to-date: /home/xzq/project/armor_ws/install/armor_interfaces/include/armor_interfaces/armor_interfaces/msg/rosidl_typesupport_fastrtps_c__visibility_control.h
[0.216s] -- Up-to-date: /home/xzq/project/armor_ws/install/armor_interfaces/lib/libarmor_interfaces__rosidl_typesupport_fastrtps_c.so
[0.216s] -- Up-to-date: /home/xzq/project/armor_ws/install/armor_interfaces/include/armor_interfaces/armor_interfaces
[0.216s] -- Up-to-date: /home/xzq/project/armor_ws/install/armor_interfaces/include/armor_interfaces/armor_interfaces/msg
[0.216s] -- Up-to-date: /home/xzq/project/armor_ws/install/armor_interfaces/include/armor_interfaces/armor_interfaces/msg/rosidl_generator_cpp__visibility_control.hpp
[0.217s] -- Up-to-date: /home/xzq/project/armor_ws/install/armor_interfaces/include/armor_interfaces/armor_interfaces/msg/armors.hpp
[0.217s] -- Up-to-date: /home/xzq/project/armor_ws/install/armor_interfaces/include/armor_interfaces/armor_interfaces/msg/armor.hpp
[0.217s] -- Up-to-date: /home/xzq/project/armor_ws/install/armor_interfaces/include/armor_interfaces/armor_interfaces/msg/detail
[0.217s] -- Up-to-date: /home/xzq/project/armor_ws/install/armor_interfaces/include/armor_interfaces/armor_interfaces/msg/detail/armors__struct.hpp
[0.217s] -- Up-to-date: /home/xzq/project/armor_ws/install/armor_interfaces/include/armor_interfaces/armor_interfaces/msg/detail/armors__traits.hpp
[0.217s] -- Up-to-date: /home/xzq/project/armor_ws/install/armor_interfaces/include/armor_interfaces/armor_interfaces/msg/detail/target__type_support.hpp
[0.217s] -- Up-to-date: /home/xzq/project/armor_ws/install/armor_interfaces/include/armor_interfaces/armor_interfaces/msg/detail/armor__struct.hpp
[0.217s] -- Up-to-date: /home/xzq/project/armor_ws/install/armor_interfaces/include/armor_interfaces/armor_interfaces/msg/detail/armor__traits.hpp
[0.217s] -- Up-to-date: /home/xzq/project/armor_ws/install/armor_interfaces/include/armor_interfaces/armor_interfaces/msg/detail/armor__type_support.hpp
[0.217s] -- Up-to-date: /home/xzq/project/armor_ws/install/armor_interfaces/include/armor_interfaces/armor_interfaces/msg/detail/target__traits.hpp
[0.217s] -- Up-to-date: /home/xzq/project/armor_ws/install/armor_interfaces/include/armor_interfaces/armor_interfaces/msg/detail/armor__builder.hpp
[0.217s] -- Up-to-date: /home/xzq/project/armor_ws/install/armor_interfaces/include/armor_interfaces/armor_interfaces/msg/detail/armors__type_support.hpp
[0.217s] -- Up-to-date: /home/xzq/project/armor_ws/install/armor_interfaces/include/armor_interfaces/armor_interfaces/msg/detail/target__struct.hpp
[0.217s] -- Up-to-date: /home/xzq/project/armor_ws/install/armor_interfaces/include/armor_interfaces/armor_interfaces/msg/detail/armors__builder.hpp
[0.217s] -- Up-to-date: /home/xzq/project/armor_ws/install/armor_interfaces/include/armor_interfaces/armor_interfaces/msg/detail/target__builder.hpp
[0.217s] -- Up-to-date: /home/xzq/project/armor_ws/install/armor_interfaces/include/armor_interfaces/armor_interfaces/msg/target.hpp
[0.217s] -- Up-to-date: /home/xzq/project/armor_ws/install/armor_interfaces/include/armor_interfaces/armor_interfaces
[0.217s] -- Up-to-date: /home/xzq/project/armor_ws/install/armor_interfaces/include/armor_interfaces/armor_interfaces/msg
[0.217s] -- Up-to-date: /home/xzq/project/armor_ws/install/armor_interfaces/include/armor_interfaces/armor_interfaces/msg/rosidl_typesupport_fastrtps_cpp__visibility_control.h
[0.217s] -- Up-to-date: /home/xzq/project/armor_ws/install/armor_interfaces/include/armor_interfaces/armor_interfaces/msg/detail
[0.217s] -- Up-to-date: /home/xzq/project/armor_ws/install/armor_interfaces/include/armor_interfaces/armor_interfaces/msg/detail/target__rosidl_typesupport_fastrtps_cpp.hpp
[0.217s] -- Up-to-date: /home/xzq/project/armor_ws/install/armor_interfaces/include/armor_interfaces/armor_interfaces/msg/detail/dds_fastrtps
[0.217s] -- Up-to-date: /home/xzq/project/armor_ws/install/armor_interfaces/include/armor_interfaces/armor_interfaces/msg/detail/armors__rosidl_typesupport_fastrtps_cpp.hpp
[0.217s] -- Up-to-date: /home/xzq/project/armor_ws/install/armor_interfaces/include/armor_interfaces/armor_interfaces/msg/detail/armor__rosidl_typesupport_fastrtps_cpp.hpp
[0.217s] -- Up-to-date: /home/xzq/project/armor_ws/install/armor_interfaces/lib/libarmor_interfaces__rosidl_typesupport_fastrtps_cpp.so
[0.217s] -- Up-to-date: /home/xzq/project/armor_ws/install/armor_interfaces/include/armor_interfaces/armor_interfaces
[0.217s] -- Up-to-date: /home/xzq/project/armor_ws/install/armor_interfaces/include/armor_interfaces/armor_interfaces/msg
[0.217s] -- Up-to-date: /home/xzq/project/armor_ws/install/armor_interfaces/include/armor_interfaces/armor_interfaces/msg/rosidl_typesupport_introspection_c__visibility_control.h
[0.217s] -- Up-to-date: /home/xzq/project/armor_ws/install/armor_interfaces/include/armor_interfaces/armor_interfaces/msg/detail
[0.217s] -- Up-to-date: /home/xzq/project/armor_ws/install/armor_interfaces/include/armor_interfaces/armor_interfaces/msg/detail/target__type_support.c
[0.217s] -- Up-to-date: /home/xzq/project/armor_ws/install/armor_interfaces/include/armor_interfaces/armor_interfaces/msg/detail/armors__rosidl_typesupport_introspection_c.h
[0.217s] -- Up-to-date: /home/xzq/project/armor_ws/install/armor_interfaces/include/armor_interfaces/armor_interfaces/msg/detail/armor__rosidl_typesupport_introspection_c.h
[0.217s] -- Up-to-date: /home/xzq/project/armor_ws/install/armor_interfaces/include/armor_interfaces/armor_interfaces/msg/detail/armor__type_support.c
[0.217s] -- Up-to-date: /home/xzq/project/armor_ws/install/armor_interfaces/include/armor_interfaces/armor_interfaces/msg/detail/target__rosidl_typesupport_introspection_c.h
[0.217s] -- Up-to-date: /home/xzq/project/armor_ws/install/armor_interfaces/include/armor_interfaces/armor_interfaces/msg/detail/armors__type_support.c
[0.217s] -- Up-to-date: /home/xzq/project/armor_ws/install/armor_interfaces/lib/libarmor_interfaces__rosidl_typesupport_introspection_c.so
[0.217s] -- Up-to-date: /home/xzq/project/armor_ws/install/armor_interfaces/lib/libarmor_interfaces__rosidl_typesupport_c.so
[0.217s] -- Up-to-date: /home/xzq/project/armor_ws/install/armor_interfaces/include/armor_interfaces/armor_interfaces
[0.218s] -- Up-to-date: /home/xzq/project/armor_ws/install/armor_interfaces/include/armor_interfaces/armor_interfaces/msg
[0.218s] -- Up-to-date: /home/xzq/project/armor_ws/install/armor_interfaces/include/armor_interfaces/armor_interfaces/msg/detail
[0.218s] -- Up-to-date: /home/xzq/project/armor_ws/install/armor_interfaces/include/armor_interfaces/armor_interfaces/msg/detail/armors__type_support.cpp
[0.218s] -- Up-to-date: /home/xzq/project/armor_ws/install/armor_interfaces/include/armor_interfaces/armor_interfaces/msg/detail/armors__rosidl_typesupport_introspection_cpp.hpp
[0.218s] -- Up-to-date: /home/xzq/project/armor_ws/install/armor_interfaces/include/armor_interfaces/armor_interfaces/msg/detail/armor__type_support.cpp
[0.218s] -- Up-to-date: /home/xzq/project/armor_ws/install/armor_interfaces/include/armor_interfaces/armor_interfaces/msg/detail/target__type_support.cpp
[0.218s] -- Up-to-date: /home/xzq/project/armor_ws/install/armor_interfaces/include/armor_interfaces/armor_interfaces/msg/detail/target__rosidl_typesupport_introspection_cpp.hpp
[0.218s] -- Up-to-date: /home/xzq/project/armor_ws/install/armor_interfaces/include/armor_interfaces/armor_interfaces/msg/detail/armor__rosidl_typesupport_introspection_cpp.hpp
[0.218s] -- Up-to-date: /home/xzq/project/armor_ws/install/armor_interfaces/lib/libarmor_interfaces__rosidl_typesupport_introspection_cpp.so
[0.218s] -- Up-to-date: /home/xzq/project/armor_ws/install/armor_interfaces/lib/libarmor_interfaces__rosidl_typesupport_cpp.so
[0.218s] -- Up-to-date: /home/xzq/project/armor_ws/install/armor_interfaces/share/armor_interfaces/environment/pythonpath.sh
[0.218s] -- Up-to-date: /home/xzq/project/armor_ws/install/armor_interfaces/share/armor_interfaces/environment/pythonpath.dsv
[0.218s] -- Up-to-date: /home/xzq/project/armor_ws/install/armor_interfaces/local/lib/python3.10/dist-packages/armor_interfaces-0.0.0-py3.10.egg-info
[0.218s] -- Installing: /home/xzq/project/armor_ws/install/armor_interfaces/local/lib/python3.10/dist-packages/armor_interfaces-0.0.0-py3.10.egg-info/top_level.txt
[0.218s] -- Installing: /home/xzq/project/armor_ws/install/armor_interfaces/local/lib/python3.10/dist-packages/armor_interfaces-0.0.0-py3.10.egg-info/PKG-INFO
[0.218s] -- Installing: /home/xzq/project/armor_ws/install/armor_interfaces/local/lib/python3.10/dist-packages/armor_interfaces-0.0.0-py3.10.egg-info/SOURCES.txt
[0.218s] -- Installing: /home/xzq/project/armor_ws/install/armor_interfaces/local/lib/python3.10/dist-packages/armor_interfaces-0.0.0-py3.10.egg-info/dependency_links.txt
[0.218s] -- Up-to-date: /home/xzq/project/armor_ws/install/armor_interfaces/local/lib/python3.10/dist-packages/armor_interfaces
[0.218s] -- Up-to-date: /home/xzq/project/armor_ws/install/armor_interfaces/local/lib/python3.10/dist-packages/armor_interfaces/armor_interfaces_s__rosidl_typesupport_introspection_c.cpython-310-x86_64-linux-gnu.so
[0.218s] -- Up-to-date: /home/xzq/project/armor_ws/install/armor_interfaces/local/lib/python3.10/dist-packages/armor_interfaces/armor_interfaces_s__rosidl_typesupport_c.cpython-310-x86_64-linux-gnu.so
[0.218s] -- Up-to-date: /home/xzq/project/armor_ws/install/armor_interfaces/local/lib/python3.10/dist-packages/armor_interfaces/armor_interfaces_s__rosidl_typesupport_fastrtps_c.cpython-310-x86_64-linux-gnu.so
[0.218s] -- Up-to-date: /home/xzq/project/armor_ws/install/armor_interfaces/local/lib/python3.10/dist-packages/armor_interfaces/libarmor_interfaces__rosidl_generator_py.so
[0.218s] -- Up-to-date: /home/xzq/project/armor_ws/install/armor_interfaces/local/lib/python3.10/dist-packages/armor_interfaces/_armor_interfaces_s.ep.rosidl_typesupport_c.c
[0.218s] -- Up-to-date: /home/xzq/project/armor_ws/install/armor_interfaces/local/lib/python3.10/dist-packages/armor_interfaces/_armor_interfaces_s.ep.rosidl_typesupport_introspection_c.c
[0.218s] -- Up-to-date: /home/xzq/project/armor_ws/install/armor_interfaces/local/lib/python3.10/dist-packages/armor_interfaces/msg
[0.218s] -- Up-to-date: /home/xzq/project/armor_ws/install/armor_interfaces/local/lib/python3.10/dist-packages/armor_interfaces/msg/_armor_s.c
[0.218s] -- Up-to-date: /home/xzq/project/armor_ws/install/armor_interfaces/local/lib/python3.10/dist-packages/armor_interfaces/msg/_armors_s.c
[0.218s] -- Up-to-date: /home/xzq/project/armor_ws/install/armor_interfaces/local/lib/python3.10/dist-packages/armor_interfaces/msg/_armors.py
[0.218s] -- Up-to-date: /home/xzq/project/armor_ws/install/armor_interfaces/local/lib/python3.10/dist-packages/armor_interfaces/msg/_target.py
[0.218s] -- Up-to-date: /home/xzq/project/armor_ws/install/armor_interfaces/local/lib/python3.10/dist-packages/armor_interfaces/msg/_target_s.c
[0.218s] -- Up-to-date: /home/xzq/project/armor_ws/install/armor_interfaces/local/lib/python3.10/dist-packages/armor_interfaces/msg/__init__.py
[0.218s] -- Up-to-date: /home/xzq/project/armor_ws/install/armor_interfaces/local/lib/python3.10/dist-packages/armor_interfaces/msg/_armor.py
[0.218s] -- Up-to-date: /home/xzq/project/armor_ws/install/armor_interfaces/local/lib/python3.10/dist-packages/armor_interfaces/_armor_interfaces_s.ep.rosidl_typesupport_fastrtps_c.c
[0.218s] -- Up-to-date: /home/xzq/project/armor_ws/install/armor_interfaces/local/lib/python3.10/dist-packages/armor_interfaces/__init__.py
[0.236s] Listing '/home/xzq/project/armor_ws/install/armor_interfaces/local/lib/python3.10/dist-packages/armor_interfaces'...
[0.236s] Listing '/home/xzq/project/armor_ws/install/armor_interfaces/local/lib/python3.10/dist-packages/armor_interfaces/msg'...
[0.239s] -- Up-to-date: /home/xzq/project/armor_ws/install/armor_interfaces/local/lib/python3.10/dist-packages/armor_interfaces/armor_interfaces_s__rosidl_typesupport_fastrtps_c.cpython-310-x86_64-linux-gnu.so
[0.239s] -- Up-to-date: /home/xzq/project/armor_ws/install/armor_interfaces/local/lib/python3.10/dist-packages/armor_interfaces/armor_interfaces_s__rosidl_typesupport_introspection_c.cpython-310-x86_64-linux-gnu.so
[0.239s] -- Up-to-date: /home/xzq/project/armor_ws/install/armor_interfaces/local/lib/python3.10/dist-packages/armor_interfaces/armor_interfaces_s__rosidl_typesupport_c.cpython-310-x86_64-linux-gnu.so
[0.239s] -- Up-to-date: /home/xzq/project/armor_ws/install/armor_interfaces/lib/libarmor_interfaces__rosidl_generator_py.so
[0.239s] -- Up-to-date: /home/xzq/project/armor_ws/install/armor_interfaces/share/armor_interfaces/msg/Armor.idl
[0.239s] -- Up-to-date: /home/xzq/project/armor_ws/install/armor_interfaces/share/armor_interfaces/msg/Armors.idl
[0.239s] -- Up-to-date: /home/xzq/project/armor_ws/install/armor_interfaces/share/armor_interfaces/msg/Target.idl
[0.239s] -- Up-to-date: /home/xzq/project/armor_ws/install/armor_interfaces/share/armor_interfaces/msg/Armor.msg
[0.239s] -- Up-to-date: /home/xzq/project/armor_ws/install/armor_interfaces/share/armor_interfaces/msg/Armors.msg
[0.239s] -- Up-to-date: /home/xzq/project/armor_ws/install/armor_interfaces/share/armor_interfaces/msg/Target.msg
[0.239s] -- Up-to-date: /home/xzq/project/armor_ws/install/armor_interfaces/share/ament_index/resource_index/package_run_dependencies/armor_interfaces
[0.239s] -- Up-to-date: /home/xzq/project/armor_ws/install/armor_interfaces/share/ament_index/resource_index/parent_prefix_path/armor_interfaces
[0.239s] -- Up-to-date: /home/xzq/project/armor_ws/install/armor_interfaces/share/armor_interfaces/environment/ament_prefix_path.sh
[0.239s] -- Up-to-date: /home/xzq/project/armor_ws/install/armor_interfaces/share/armor_interfaces/environment/ament_prefix_path.dsv
[0.239s] -- Up-to-date: /home/xzq/project/armor_ws/install/armor_interfaces/share/armor_interfaces/environment/path.sh
[0.239s] -- Up-to-date: /home/xzq/project/armor_ws/install/armor_interfaces/share/armor_interfaces/environment/path.dsv
[0.239s] -- Up-to-date: /home/xzq/project/armor_ws/install/armor_interfaces/share/armor_interfaces/local_setup.bash
[0.239s] -- Up-to-date: /home/xzq/project/armor_ws/install/armor_interfaces/share/armor_interfaces/local_setup.sh
[0.240s] -- Up-to-date: /home/xzq/project/armor_ws/install/armor_interfaces/share/armor_interfaces/local_setup.zsh
[0.240s] -- Up-to-date: /home/xzq/project/armor_ws/install/armor_interfaces/share/armor_interfaces/local_setup.dsv
[0.240s] -- Installing: /home/xzq/project/armor_ws/install/armor_interfaces/share/armor_interfaces/package.dsv
[0.240s] -- Up-to-date: /home/xzq/project/armor_ws/install/armor_interfaces/share/ament_index/resource_index/packages/armor_interfaces
[0.240s] -- Up-to-date: /home/xzq/project/armor_ws/install/armor_interfaces/share/armor_interfaces/cmake/export_armor_interfaces__rosidl_generator_cExport.cmake
[0.240s] -- Up-to-date: /home/xzq/project/armor_ws/install/armor_interfaces/share/armor_interfaces/cmake/export_armor_interfaces__rosidl_generator_cExport-noconfig.cmake
[0.240s] -- Up-to-date: /home/xzq/project/armor_ws/install/armor_interfaces/share/armor_interfaces/cmake/export_armor_interfaces__rosidl_typesupport_fastrtps_cExport.cmake
[0.240s] -- Up-to-date: /home/xzq/project/armor_ws/install/armor_interfaces/share/armor_interfaces/cmake/export_armor_interfaces__rosidl_typesupport_fastrtps_cExport-noconfig.cmake
[0.240s] -- Up-to-date: /home/xzq/project/armor_ws/install/armor_interfaces/share/armor_interfaces/cmake/export_armor_interfaces__rosidl_generator_cppExport.cmake
[0.240s] -- Up-to-date: /home/xzq/project/armor_ws/install/armor_interfaces/share/armor_interfaces/cmake/export_armor_interfaces__rosidl_typesupport_fastrtps_cppExport.cmake
[0.240s] -- Up-to-date: /home/xzq/project/armor_ws/install/armor_interfaces/share/armor_interfaces/cmake/export_armor_interfaces__rosidl_typesupport_fastrtps_cppExport-noconfig.cmake
[0.240s] -- Up-to-date: /home/xzq/project/armor_ws/install/armor_interfaces/share/armor_interfaces/cmake/armor_interfaces__rosidl_typesupport_introspection_cExport.cmake
[0.240s] -- Up-to-date: /home/xzq/project/armor_ws/install/armor_interfaces/share/armor_interfaces/cmake/armor_interfaces__rosidl_typesupport_introspection_cExport-noconfig.cmake
[0.240s] -- Up-to-date: /home/xzq/project/armor_ws/install/armor_interfaces/share/armor_interfaces/cmake/armor_interfaces__rosidl_typesupport_cExport.cmake
[0.240s] -- Up-to-date: /home/xzq/project/armor_ws/install/armor_interfaces/share/armor_interfaces/cmake/armor_interfaces__rosidl_typesupport_cExport-noconfig.cmake
[0.240s] -- Up-to-date: /home/xzq/project/armor_ws/install/armor_interfaces/share/armor_interfaces/cmake/armor_interfaces__rosidl_typesupport_introspection_cppExport.cmake
[0.240s] -- Up-to-date: /home/xzq/project/armor_ws/install/armor_interfaces/share/armor_interfaces/cmake/armor_interfaces__rosidl_typesupport_introspection_cppExport-noconfig.cmake
[0.240s] -- Up-to-date: /home/xzq/project/armor_ws/install/armor_interfaces/share/armor_interfaces/cmake/armor_interfaces__rosidl_typesupport_cppExport.cmake
[0.240s] -- Up-to-date: /home/xzq/project/armor_ws/install/armor_interfaces/share/armor_interfaces/cmake/armor_interfaces__rosidl_typesupport_cppExport-noconfig.cmake
[0.240s] -- Up-to-date: /home/xzq/project/armor_ws/install/armor_interfaces/share/armor_interfaces/cmake/export_armor_interfaces__rosidl_generator_pyExport.cmake
[0.240s] -- Up-to-date: /home/xzq/project/armor_ws/install/armor_interfaces/share/armor_interfaces/cmake/export_armor_interfaces__rosidl_generator_pyExport-noconfig.cmake
[0.240s] -- Up-to-date: /home/xzq/project/armor_ws/install/armor_interfaces/share/armor_interfaces/cmake/rosidl_cmake-extras.cmake
[0.240s] -- Up-to-date: /home/xzq/project/armor_ws/install/armor_interfaces/share/armor_interfaces/cmake/ament_cmake_export_dependencies-extras.cmake
[0.240s] -- Up-to-date: /home/xzq/project/armor_ws/install/armor_interfaces/share/armor_interfaces/cmake/ament_cmake_export_include_directories-extras.cmake
[0.240s] -- Up-to-date: /home/xzq/project/armor_ws/install/armor_interfaces/share/armor_interfaces/cmake/ament_cmake_export_libraries-extras.cmake
[0.240s] -- Up-to-date: /home/xzq/project/armor_ws/install/armor_interfaces/share/armor_interfaces/cmake/ament_cmake_export_targets-extras.cmake
[0.240s] -- Up-to-date: /home/xzq/project/armor_ws/install/armor_interfaces/share/armor_interfaces/cmake/rosidl_cmake_export_typesupport_targets-extras.cmake
[0.240s] -- Up-to-date: /home/xzq/project/armor_ws/install/armor_interfaces/share/armor_interfaces/cmake/rosidl_cmake_export_typesupport_libraries-extras.cmake
[0.240s] -- Up-to-date: /home/xzq/project/armor_ws/install/armor_interfaces/share/armor_interfaces/cmake/armor_interfacesConfig.cmake
[0.240s] -- Up-to-date: /home/xzq/project/armor_ws/install/armor_interfaces/share/armor_interfaces/cmake/armor_interfacesConfig-version.cmake
[0.240s] -- Up-to-date: /home/xzq/project/armor_ws/install/armor_interfaces/share/armor_interfaces/package.xml
[0.242s] Invoked command in '/home/xzq/project/armor_ws/build/armor_interfaces' returned '0': CMAKE_PREFIX_PATH=/opt/ros/humble /usr/bin/cmake --install /home/xzq/project/armor_ws/build/armor_interfaces
