[0.007s] Invoking command in '/home/xzq/project/ros2_ws/build/armor_pub': AMENT_PREFIX_PATH=/home/xzq/project/ros2_ws/install/armor_interfaces:${AMENT_PREFIX_PATH} CMAKE_PREFIX_PATH=/home/xzq/project/ros2_ws/install/armor_interfaces:/opt/ros/humble LD_LIBRARY_PATH=/home/xzq/project/ros2_ws/install/armor_interfaces/lib:/opt/MVS/lib/64:/opt/MVS/lib/32:/opt/MVS/lib/64:/opt/MVS/lib/32:/opt/MVS/lib/64:/opt/MVS/lib/32:/opt/MVS/lib/64:/opt/MVS/lib/32:/opt/MVS/lib/64:/opt/MVS/lib/32:/opt/ros/humble/opt/rviz_ogre_vendor/lib:/opt/ros/humble/lib/x86_64-linux-gnu:/opt/ros/humble/lib:/opt/MVS/lib/64:/opt/MVS/lib/32 PYTHONPATH=/home/xzq/project/ros2_ws/install/armor_interfaces/local/lib/python3.10/dist-packages:${PYTHONPATH} /usr/bin/cmake --build /home/xzq/project/ros2_ws/build/armor_pub -- -j12 -l12
[0.046s] [ 25%] [32mBuilding CXX object CMakeFiles/armor_pub.dir/src/ArmorPubNode.cpp.o[0m
[0.047s] [ 75%] Built target armor_pub_node
[4.833s] [100%] [32m[1mLinking CXX shared library libarmor_pub.so[0m
[4.932s] [100%] Built target armor_pub
[4.939s] Invoked command in '/home/xzq/project/ros2_ws/build/armor_pub' returned '0': AMENT_PREFIX_PATH=/home/xzq/project/ros2_ws/install/armor_interfaces:${AMENT_PREFIX_PATH} CMAKE_PREFIX_PATH=/home/xzq/project/ros2_ws/install/armor_interfaces:/opt/ros/humble LD_LIBRARY_PATH=/home/xzq/project/ros2_ws/install/armor_interfaces/lib:/opt/MVS/lib/64:/opt/MVS/lib/32:/opt/MVS/lib/64:/opt/MVS/lib/32:/opt/MVS/lib/64:/opt/MVS/lib/32:/opt/MVS/lib/64:/opt/MVS/lib/32:/opt/MVS/lib/64:/opt/MVS/lib/32:/opt/ros/humble/opt/rviz_ogre_vendor/lib:/opt/ros/humble/lib/x86_64-linux-gnu:/opt/ros/humble/lib:/opt/MVS/lib/64:/opt/MVS/lib/32 PYTHONPATH=/home/xzq/project/ros2_ws/install/armor_interfaces/local/lib/python3.10/dist-packages:${PYTHONPATH} /usr/bin/cmake --build /home/xzq/project/ros2_ws/build/armor_pub -- -j12 -l12
[4.941s] Invoking command in '/home/xzq/project/ros2_ws/build/armor_pub': AMENT_PREFIX_PATH=/home/xzq/project/ros2_ws/install/armor_interfaces:${AMENT_PREFIX_PATH} CMAKE_PREFIX_PATH=/home/xzq/project/ros2_ws/install/armor_interfaces:/opt/ros/humble LD_LIBRARY_PATH=/home/xzq/project/ros2_ws/install/armor_interfaces/lib:/opt/MVS/lib/64:/opt/MVS/lib/32:/opt/MVS/lib/64:/opt/MVS/lib/32:/opt/MVS/lib/64:/opt/MVS/lib/32:/opt/MVS/lib/64:/opt/MVS/lib/32:/opt/MVS/lib/64:/opt/MVS/lib/32:/opt/ros/humble/opt/rviz_ogre_vendor/lib:/opt/ros/humble/lib/x86_64-linux-gnu:/opt/ros/humble/lib:/opt/MVS/lib/64:/opt/MVS/lib/32 PYTHONPATH=/home/xzq/project/ros2_ws/install/armor_interfaces/local/lib/python3.10/dist-packages:${PYTHONPATH} /usr/bin/cmake --install /home/xzq/project/ros2_ws/build/armor_pub
[4.946s] -- Install configuration: "Release"
[4.946s] -- Up-to-date: /home/xzq/project/ros2_ws/install/armor_pub/lib/armor_pub/armor_pub_node
[4.946s] -- Up-to-date: /home/xzq/project/ros2_ws/install/armor_pub/include
[4.946s] -- Up-to-date: /home/xzq/project/ros2_ws/install/armor_pub/include/ArmorPubNode.h
[4.946s] -- Up-to-date: /home/xzq/project/ros2_ws/install/armor_pub/share/armor_pub/environment/library_path.sh
[4.946s] -- Up-to-date: /home/xzq/project/ros2_ws/install/armor_pub/share/armor_pub/environment/library_path.dsv
[4.946s] -- Installing: /home/xzq/project/ros2_ws/install/armor_pub/lib/libarmor_pub.so
[4.946s] -- Set runtime path of "/home/xzq/project/ros2_ws/install/armor_pub/lib/libarmor_pub.so" to ""
[4.946s] -- Up-to-date: /home/xzq/project/ros2_ws/install/armor_pub/share/ament_index/resource_index/package_run_dependencies/armor_pub
[4.946s] -- Up-to-date: /home/xzq/project/ros2_ws/install/armor_pub/share/ament_index/resource_index/parent_prefix_path/armor_pub
[4.946s] -- Up-to-date: /home/xzq/project/ros2_ws/install/armor_pub/share/armor_pub/environment/ament_prefix_path.sh
[4.946s] -- Up-to-date: /home/xzq/project/ros2_ws/install/armor_pub/share/armor_pub/environment/ament_prefix_path.dsv
[4.946s] -- Up-to-date: /home/xzq/project/ros2_ws/install/armor_pub/share/armor_pub/environment/path.sh
[4.946s] -- Up-to-date: /home/xzq/project/ros2_ws/install/armor_pub/share/armor_pub/environment/path.dsv
[4.946s] -- Up-to-date: /home/xzq/project/ros2_ws/install/armor_pub/share/armor_pub/local_setup.bash
[4.946s] -- Up-to-date: /home/xzq/project/ros2_ws/install/armor_pub/share/armor_pub/local_setup.sh
[4.946s] -- Up-to-date: /home/xzq/project/ros2_ws/install/armor_pub/share/armor_pub/local_setup.zsh
[4.946s] -- Up-to-date: /home/xzq/project/ros2_ws/install/armor_pub/share/armor_pub/local_setup.dsv
[4.947s] -- Up-to-date: /home/xzq/project/ros2_ws/install/armor_pub/share/armor_pub/package.dsv
[4.947s] -- Up-to-date: /home/xzq/project/ros2_ws/install/armor_pub/share/ament_index/resource_index/packages/armor_pub
[4.947s] -- Up-to-date: /home/xzq/project/ros2_ws/install/armor_pub/share/ament_index/resource_index/rclcpp_components/armor_pub
[4.947s] -- Up-to-date: /home/xzq/project/ros2_ws/install/armor_pub/share/armor_pub/cmake/ament_cmake_export_dependencies-extras.cmake
[4.947s] -- Up-to-date: /home/xzq/project/ros2_ws/install/armor_pub/share/armor_pub/cmake/ament_cmake_export_include_directories-extras.cmake
[4.947s] -- Up-to-date: /home/xzq/project/ros2_ws/install/armor_pub/share/armor_pub/cmake/ament_cmake_export_libraries-extras.cmake
[4.947s] -- Up-to-date: /home/xzq/project/ros2_ws/install/armor_pub/share/armor_pub/cmake/armor_pubConfig.cmake
[4.947s] -- Up-to-date: /home/xzq/project/ros2_ws/install/armor_pub/share/armor_pub/cmake/armor_pubConfig-version.cmake
[4.947s] -- Up-to-date: /home/xzq/project/ros2_ws/install/armor_pub/share/armor_pub/package.xml
[4.948s] Invoked command in '/home/xzq/project/ros2_ws/build/armor_pub' returned '0': AMENT_PREFIX_PATH=/home/xzq/project/ros2_ws/install/armor_interfaces:${AMENT_PREFIX_PATH} CMAKE_PREFIX_PATH=/home/xzq/project/ros2_ws/install/armor_interfaces:/opt/ros/humble LD_LIBRARY_PATH=/home/xzq/project/ros2_ws/install/armor_interfaces/lib:/opt/MVS/lib/64:/opt/MVS/lib/32:/opt/MVS/lib/64:/opt/MVS/lib/32:/opt/MVS/lib/64:/opt/MVS/lib/32:/opt/MVS/lib/64:/opt/MVS/lib/32:/opt/MVS/lib/64:/opt/MVS/lib/32:/opt/ros/humble/opt/rviz_ogre_vendor/lib:/opt/ros/humble/lib/x86_64-linux-gnu:/opt/ros/humble/lib:/opt/MVS/lib/64:/opt/MVS/lib/32 PYTHONPATH=/home/xzq/project/ros2_ws/install/armor_interfaces/local/lib/python3.10/dist-packages:${PYTHONPATH} /usr/bin/cmake --install /home/xzq/project/ros2_ws/build/armor_pub
