[0.007s] Invoking command in '/home/xzq/Downloads/armor_ws/build/armor_interfaces': CMAKE_PREFIX_PATH=/opt/ros/humble /usr/bin/cmake --build /home/xzq/Downloads/armor_ws/build/armor_interfaces -- -j12 -l12
[0.043s] [  2%] Built target armor_interfaces__cpp
[0.043s] [ 12%] Built target armor_interfaces__rosidl_generator_c
[0.051s] [ 12%] Built target ament_cmake_python_copy_armor_interfaces
[0.058s] [ 23%] Built target armor_interfaces__rosidl_typesupport_fastrtps_cpp
[0.058s] [ 34%] Built target armor_interfaces__rosidl_typesupport_fastrtps_c
[0.060s] [ 55%] Built target armor_interfaces__rosidl_typesupport_introspection_cpp
[0.060s] [ 55%] Built target armor_interfaces__rosidl_typesupport_cpp
[0.061s] [ 65%] Built target armor_interfaces__rosidl_typesupport_c
[0.063s] [ 76%] Built target armor_interfaces__rosidl_typesupport_introspection_c
[0.079s] [ 76%] Built target armor_interfaces
[0.097s] [ 78%] Built target armor_interfaces__py
[0.116s] [ 87%] Built target armor_interfaces__rosidl_generator_py
[0.131s] [ 91%] Built target armor_interfaces__rosidl_typesupport_c__pyext
[0.135s] [ 95%] Built target armor_interfaces__rosidl_typesupport_fastrtps_c__pyext
[0.136s] [100%] Built target armor_interfaces__rosidl_typesupport_introspection_c__pyext
[0.185s] running egg_info
[0.185s] writing armor_interfaces.egg-info/PKG-INFO
[0.185s] writing dependency_links to armor_interfaces.egg-info/dependency_links.txt
[0.185s] writing top-level names to armor_interfaces.egg-info/top_level.txt
[0.186s] reading manifest file 'armor_interfaces.egg-info/SOURCES.txt'
[0.187s] writing manifest file 'armor_interfaces.egg-info/SOURCES.txt'
[0.205s] [100%] Built target ament_cmake_python_build_armor_interfaces_egg
[0.214s] Invoked command in '/home/xzq/Downloads/armor_ws/build/armor_interfaces' returned '0': CMAKE_PREFIX_PATH=/opt/ros/humble /usr/bin/cmake --build /home/xzq/Downloads/armor_ws/build/armor_interfaces -- -j12 -l12
[0.220s] Invoking command in '/home/xzq/Downloads/armor_ws/build/armor_interfaces': CMAKE_PREFIX_PATH=/opt/ros/humble /usr/bin/cmake --install /home/xzq/Downloads/armor_ws/build/armor_interfaces
[0.226s] -- Install configuration: ""
[0.226s] -- Up-to-date: /home/xzq/Downloads/armor_ws/install/armor_interfaces/share/ament_index/resource_index/rosidl_interfaces/armor_interfaces
[0.226s] -- Up-to-date: /home/xzq/Downloads/armor_ws/install/armor_interfaces/include/armor_interfaces/armor_interfaces
[0.226s] -- Up-to-date: /home/xzq/Downloads/armor_ws/install/armor_interfaces/include/armor_interfaces/armor_interfaces/msg
[0.227s] -- Up-to-date: /home/xzq/Downloads/armor_ws/install/armor_interfaces/include/armor_interfaces/armor_interfaces/msg/rosidl_generator_c__visibility_control.h
[0.227s] -- Up-to-date: /home/xzq/Downloads/armor_ws/install/armor_interfaces/include/armor_interfaces/armor_interfaces/msg/detail
[0.227s] -- Up-to-date: /home/xzq/Downloads/armor_ws/install/armor_interfaces/include/armor_interfaces/armor_interfaces/msg/detail/armor__functions.c
[0.227s] -- Up-to-date: /home/xzq/Downloads/armor_ws/install/armor_interfaces/include/armor_interfaces/armor_interfaces/msg/detail/target__functions.c
[0.227s] -- Up-to-date: /home/xzq/Downloads/armor_ws/install/armor_interfaces/include/armor_interfaces/armor_interfaces/msg/detail/armors__functions.h
[0.227s] -- Up-to-date: /home/xzq/Downloads/armor_ws/install/armor_interfaces/include/armor_interfaces/armor_interfaces/msg/detail/armor__struct.h
[0.227s] -- Up-to-date: /home/xzq/Downloads/armor_ws/install/armor_interfaces/include/armor_interfaces/armor_interfaces/msg/detail/target__struct.h
[0.227s] -- Up-to-date: /home/xzq/Downloads/armor_ws/install/armor_interfaces/include/armor_interfaces/armor_interfaces/msg/detail/armors__struct.h
[0.227s] -- Up-to-date: /home/xzq/Downloads/armor_ws/install/armor_interfaces/include/armor_interfaces/armor_interfaces/msg/detail/target__type_support.h
[0.227s] -- Up-to-date: /home/xzq/Downloads/armor_ws/install/armor_interfaces/include/armor_interfaces/armor_interfaces/msg/detail/target__functions.h
[0.227s] -- Up-to-date: /home/xzq/Downloads/armor_ws/install/armor_interfaces/include/armor_interfaces/armor_interfaces/msg/detail/armor__functions.h
[0.227s] -- Up-to-date: /home/xzq/Downloads/armor_ws/install/armor_interfaces/include/armor_interfaces/armor_interfaces/msg/detail/armors__functions.c
[0.227s] -- Up-to-date: /home/xzq/Downloads/armor_ws/install/armor_interfaces/include/armor_interfaces/armor_interfaces/msg/detail/armors__type_support.h
[0.227s] -- Up-to-date: /home/xzq/Downloads/armor_ws/install/armor_interfaces/include/armor_interfaces/armor_interfaces/msg/detail/armor__type_support.h
[0.227s] -- Up-to-date: /home/xzq/Downloads/armor_ws/install/armor_interfaces/include/armor_interfaces/armor_interfaces/msg/armors.h
[0.227s] -- Up-to-date: /home/xzq/Downloads/armor_ws/install/armor_interfaces/include/armor_interfaces/armor_interfaces/msg/target.h
[0.227s] -- Up-to-date: /home/xzq/Downloads/armor_ws/install/armor_interfaces/include/armor_interfaces/armor_interfaces/msg/armor.h
[0.227s] -- Up-to-date: /home/xzq/Downloads/armor_ws/install/armor_interfaces/share/armor_interfaces/environment/library_path.sh
[0.228s] -- Up-to-date: /home/xzq/Downloads/armor_ws/install/armor_interfaces/share/armor_interfaces/environment/library_path.dsv
[0.228s] -- Up-to-date: /home/xzq/Downloads/armor_ws/install/armor_interfaces/lib/libarmor_interfaces__rosidl_generator_c.so
[0.228s] -- Up-to-date: /home/xzq/Downloads/armor_ws/install/armor_interfaces/include/armor_interfaces/armor_interfaces
[0.228s] -- Up-to-date: /home/xzq/Downloads/armor_ws/install/armor_interfaces/include/armor_interfaces/armor_interfaces/msg
[0.228s] -- Up-to-date: /home/xzq/Downloads/armor_ws/install/armor_interfaces/include/armor_interfaces/armor_interfaces/msg/detail
[0.228s] -- Up-to-date: /home/xzq/Downloads/armor_ws/install/armor_interfaces/include/armor_interfaces/armor_interfaces/msg/detail/target__rosidl_typesupport_fastrtps_c.h
[0.228s] -- Up-to-date: /home/xzq/Downloads/armor_ws/install/armor_interfaces/include/armor_interfaces/armor_interfaces/msg/detail/armors__rosidl_typesupport_fastrtps_c.h
[0.228s] -- Up-to-date: /home/xzq/Downloads/armor_ws/install/armor_interfaces/include/armor_interfaces/armor_interfaces/msg/detail/armor__rosidl_typesupport_fastrtps_c.h
[0.228s] -- Up-to-date: /home/xzq/Downloads/armor_ws/install/armor_interfaces/include/armor_interfaces/armor_interfaces/msg/rosidl_typesupport_fastrtps_c__visibility_control.h
[0.228s] -- Up-to-date: /home/xzq/Downloads/armor_ws/install/armor_interfaces/lib/libarmor_interfaces__rosidl_typesupport_fastrtps_c.so
[0.228s] -- Up-to-date: /home/xzq/Downloads/armor_ws/install/armor_interfaces/include/armor_interfaces/armor_interfaces
[0.228s] -- Up-to-date: /home/xzq/Downloads/armor_ws/install/armor_interfaces/include/armor_interfaces/armor_interfaces/msg
[0.228s] -- Up-to-date: /home/xzq/Downloads/armor_ws/install/armor_interfaces/include/armor_interfaces/armor_interfaces/msg/rosidl_generator_cpp__visibility_control.hpp
[0.228s] -- Up-to-date: /home/xzq/Downloads/armor_ws/install/armor_interfaces/include/armor_interfaces/armor_interfaces/msg/armors.hpp
[0.228s] -- Up-to-date: /home/xzq/Downloads/armor_ws/install/armor_interfaces/include/armor_interfaces/armor_interfaces/msg/armor.hpp
[0.228s] -- Up-to-date: /home/xzq/Downloads/armor_ws/install/armor_interfaces/include/armor_interfaces/armor_interfaces/msg/detail
[0.228s] -- Up-to-date: /home/xzq/Downloads/armor_ws/install/armor_interfaces/include/armor_interfaces/armor_interfaces/msg/detail/armors__struct.hpp
[0.228s] -- Up-to-date: /home/xzq/Downloads/armor_ws/install/armor_interfaces/include/armor_interfaces/armor_interfaces/msg/detail/armors__traits.hpp
[0.228s] -- Up-to-date: /home/xzq/Downloads/armor_ws/install/armor_interfaces/include/armor_interfaces/armor_interfaces/msg/detail/target__type_support.hpp
[0.228s] -- Up-to-date: /home/xzq/Downloads/armor_ws/install/armor_interfaces/include/armor_interfaces/armor_interfaces/msg/detail/armor__struct.hpp
[0.228s] -- Up-to-date: /home/xzq/Downloads/armor_ws/install/armor_interfaces/include/armor_interfaces/armor_interfaces/msg/detail/armor__traits.hpp
[0.228s] -- Up-to-date: /home/xzq/Downloads/armor_ws/install/armor_interfaces/include/armor_interfaces/armor_interfaces/msg/detail/armor__type_support.hpp
[0.228s] -- Up-to-date: /home/xzq/Downloads/armor_ws/install/armor_interfaces/include/armor_interfaces/armor_interfaces/msg/detail/target__traits.hpp
[0.228s] -- Up-to-date: /home/xzq/Downloads/armor_ws/install/armor_interfaces/include/armor_interfaces/armor_interfaces/msg/detail/armor__builder.hpp
[0.228s] -- Up-to-date: /home/xzq/Downloads/armor_ws/install/armor_interfaces/include/armor_interfaces/armor_interfaces/msg/detail/armors__type_support.hpp
[0.228s] -- Up-to-date: /home/xzq/Downloads/armor_ws/install/armor_interfaces/include/armor_interfaces/armor_interfaces/msg/detail/target__struct.hpp
[0.228s] -- Up-to-date: /home/xzq/Downloads/armor_ws/install/armor_interfaces/include/armor_interfaces/armor_interfaces/msg/detail/armors__builder.hpp
[0.228s] -- Up-to-date: /home/xzq/Downloads/armor_ws/install/armor_interfaces/include/armor_interfaces/armor_interfaces/msg/detail/target__builder.hpp
[0.228s] -- Up-to-date: /home/xzq/Downloads/armor_ws/install/armor_interfaces/include/armor_interfaces/armor_interfaces/msg/target.hpp
[0.228s] -- Up-to-date: /home/xzq/Downloads/armor_ws/install/armor_interfaces/include/armor_interfaces/armor_interfaces
[0.228s] -- Up-to-date: /home/xzq/Downloads/armor_ws/install/armor_interfaces/include/armor_interfaces/armor_interfaces/msg
[0.228s] -- Up-to-date: /home/xzq/Downloads/armor_ws/install/armor_interfaces/include/armor_interfaces/armor_interfaces/msg/rosidl_typesupport_fastrtps_cpp__visibility_control.h
[0.228s] -- Up-to-date: /home/xzq/Downloads/armor_ws/install/armor_interfaces/include/armor_interfaces/armor_interfaces/msg/detail
[0.228s] -- Up-to-date: /home/xzq/Downloads/armor_ws/install/armor_interfaces/include/armor_interfaces/armor_interfaces/msg/detail/target__rosidl_typesupport_fastrtps_cpp.hpp
[0.228s] -- Up-to-date: /home/xzq/Downloads/armor_ws/install/armor_interfaces/include/armor_interfaces/armor_interfaces/msg/detail/dds_fastrtps
[0.228s] -- Up-to-date: /home/xzq/Downloads/armor_ws/install/armor_interfaces/include/armor_interfaces/armor_interfaces/msg/detail/armors__rosidl_typesupport_fastrtps_cpp.hpp
[0.228s] -- Up-to-date: /home/xzq/Downloads/armor_ws/install/armor_interfaces/include/armor_interfaces/armor_interfaces/msg/detail/armor__rosidl_typesupport_fastrtps_cpp.hpp
[0.228s] -- Up-to-date: /home/xzq/Downloads/armor_ws/install/armor_interfaces/lib/libarmor_interfaces__rosidl_typesupport_fastrtps_cpp.so
[0.228s] -- Up-to-date: /home/xzq/Downloads/armor_ws/install/armor_interfaces/include/armor_interfaces/armor_interfaces
[0.229s] -- Up-to-date: /home/xzq/Downloads/armor_ws/install/armor_interfaces/include/armor_interfaces/armor_interfaces/msg
[0.229s] -- Up-to-date: /home/xzq/Downloads/armor_ws/install/armor_interfaces/include/armor_interfaces/armor_interfaces/msg/rosidl_typesupport_introspection_c__visibility_control.h
[0.229s] -- Up-to-date: /home/xzq/Downloads/armor_ws/install/armor_interfaces/include/armor_interfaces/armor_interfaces/msg/detail
[0.229s] -- Up-to-date: /home/xzq/Downloads/armor_ws/install/armor_interfaces/include/armor_interfaces/armor_interfaces/msg/detail/target__type_support.c
[0.229s] -- Up-to-date: /home/xzq/Downloads/armor_ws/install/armor_interfaces/include/armor_interfaces/armor_interfaces/msg/detail/armors__rosidl_typesupport_introspection_c.h
[0.229s] -- Up-to-date: /home/xzq/Downloads/armor_ws/install/armor_interfaces/include/armor_interfaces/armor_interfaces/msg/detail/armor__rosidl_typesupport_introspection_c.h
[0.229s] -- Up-to-date: /home/xzq/Downloads/armor_ws/install/armor_interfaces/include/armor_interfaces/armor_interfaces/msg/detail/armor__type_support.c
[0.229s] -- Up-to-date: /home/xzq/Downloads/armor_ws/install/armor_interfaces/include/armor_interfaces/armor_interfaces/msg/detail/target__rosidl_typesupport_introspection_c.h
[0.229s] -- Up-to-date: /home/xzq/Downloads/armor_ws/install/armor_interfaces/include/armor_interfaces/armor_interfaces/msg/detail/armors__type_support.c
[0.229s] -- Up-to-date: /home/xzq/Downloads/armor_ws/install/armor_interfaces/lib/libarmor_interfaces__rosidl_typesupport_introspection_c.so
[0.229s] -- Up-to-date: /home/xzq/Downloads/armor_ws/install/armor_interfaces/lib/libarmor_interfaces__rosidl_typesupport_c.so
[0.229s] -- Up-to-date: /home/xzq/Downloads/armor_ws/install/armor_interfaces/include/armor_interfaces/armor_interfaces
[0.229s] -- Up-to-date: /home/xzq/Downloads/armor_ws/install/armor_interfaces/include/armor_interfaces/armor_interfaces/msg
[0.229s] -- Up-to-date: /home/xzq/Downloads/armor_ws/install/armor_interfaces/include/armor_interfaces/armor_interfaces/msg/detail
[0.229s] -- Up-to-date: /home/xzq/Downloads/armor_ws/install/armor_interfaces/include/armor_interfaces/armor_interfaces/msg/detail/armors__type_support.cpp
[0.229s] -- Up-to-date: /home/xzq/Downloads/armor_ws/install/armor_interfaces/include/armor_interfaces/armor_interfaces/msg/detail/armors__rosidl_typesupport_introspection_cpp.hpp
[0.229s] -- Up-to-date: /home/xzq/Downloads/armor_ws/install/armor_interfaces/include/armor_interfaces/armor_interfaces/msg/detail/armor__type_support.cpp
[0.229s] -- Up-to-date: /home/xzq/Downloads/armor_ws/install/armor_interfaces/include/armor_interfaces/armor_interfaces/msg/detail/target__type_support.cpp
[0.229s] -- Up-to-date: /home/xzq/Downloads/armor_ws/install/armor_interfaces/include/armor_interfaces/armor_interfaces/msg/detail/target__rosidl_typesupport_introspection_cpp.hpp
[0.229s] -- Up-to-date: /home/xzq/Downloads/armor_ws/install/armor_interfaces/include/armor_interfaces/armor_interfaces/msg/detail/armor__rosidl_typesupport_introspection_cpp.hpp
[0.229s] -- Up-to-date: /home/xzq/Downloads/armor_ws/install/armor_interfaces/lib/libarmor_interfaces__rosidl_typesupport_introspection_cpp.so
[0.229s] -- Up-to-date: /home/xzq/Downloads/armor_ws/install/armor_interfaces/lib/libarmor_interfaces__rosidl_typesupport_cpp.so
[0.229s] -- Up-to-date: /home/xzq/Downloads/armor_ws/install/armor_interfaces/share/armor_interfaces/environment/pythonpath.sh
[0.229s] -- Up-to-date: /home/xzq/Downloads/armor_ws/install/armor_interfaces/share/armor_interfaces/environment/pythonpath.dsv
[0.229s] -- Up-to-date: /home/xzq/Downloads/armor_ws/install/armor_interfaces/local/lib/python3.10/dist-packages/armor_interfaces-0.0.0-py3.10.egg-info
[0.229s] -- Installing: /home/xzq/Downloads/armor_ws/install/armor_interfaces/local/lib/python3.10/dist-packages/armor_interfaces-0.0.0-py3.10.egg-info/top_level.txt
[0.229s] -- Installing: /home/xzq/Downloads/armor_ws/install/armor_interfaces/local/lib/python3.10/dist-packages/armor_interfaces-0.0.0-py3.10.egg-info/PKG-INFO
[0.229s] -- Installing: /home/xzq/Downloads/armor_ws/install/armor_interfaces/local/lib/python3.10/dist-packages/armor_interfaces-0.0.0-py3.10.egg-info/SOURCES.txt
[0.229s] -- Installing: /home/xzq/Downloads/armor_ws/install/armor_interfaces/local/lib/python3.10/dist-packages/armor_interfaces-0.0.0-py3.10.egg-info/dependency_links.txt
[0.229s] -- Up-to-date: /home/xzq/Downloads/armor_ws/install/armor_interfaces/local/lib/python3.10/dist-packages/armor_interfaces
[0.229s] -- Up-to-date: /home/xzq/Downloads/armor_ws/install/armor_interfaces/local/lib/python3.10/dist-packages/armor_interfaces/armor_interfaces_s__rosidl_typesupport_introspection_c.cpython-310-x86_64-linux-gnu.so
[0.229s] -- Up-to-date: /home/xzq/Downloads/armor_ws/install/armor_interfaces/local/lib/python3.10/dist-packages/armor_interfaces/armor_interfaces_s__rosidl_typesupport_c.cpython-310-x86_64-linux-gnu.so
[0.229s] -- Up-to-date: /home/xzq/Downloads/armor_ws/install/armor_interfaces/local/lib/python3.10/dist-packages/armor_interfaces/armor_interfaces_s__rosidl_typesupport_fastrtps_c.cpython-310-x86_64-linux-gnu.so
[0.229s] -- Up-to-date: /home/xzq/Downloads/armor_ws/install/armor_interfaces/local/lib/python3.10/dist-packages/armor_interfaces/libarmor_interfaces__rosidl_generator_py.so
[0.229s] -- Up-to-date: /home/xzq/Downloads/armor_ws/install/armor_interfaces/local/lib/python3.10/dist-packages/armor_interfaces/_armor_interfaces_s.ep.rosidl_typesupport_c.c
[0.229s] -- Up-to-date: /home/xzq/Downloads/armor_ws/install/armor_interfaces/local/lib/python3.10/dist-packages/armor_interfaces/_armor_interfaces_s.ep.rosidl_typesupport_introspection_c.c
[0.229s] -- Up-to-date: /home/xzq/Downloads/armor_ws/install/armor_interfaces/local/lib/python3.10/dist-packages/armor_interfaces/msg
[0.229s] -- Up-to-date: /home/xzq/Downloads/armor_ws/install/armor_interfaces/local/lib/python3.10/dist-packages/armor_interfaces/msg/_armor_s.c
[0.229s] -- Up-to-date: /home/xzq/Downloads/armor_ws/install/armor_interfaces/local/lib/python3.10/dist-packages/armor_interfaces/msg/_armors_s.c
[0.229s] -- Up-to-date: /home/xzq/Downloads/armor_ws/install/armor_interfaces/local/lib/python3.10/dist-packages/armor_interfaces/msg/_armors.py
[0.229s] -- Up-to-date: /home/xzq/Downloads/armor_ws/install/armor_interfaces/local/lib/python3.10/dist-packages/armor_interfaces/msg/_target.py
[0.229s] -- Up-to-date: /home/xzq/Downloads/armor_ws/install/armor_interfaces/local/lib/python3.10/dist-packages/armor_interfaces/msg/_target_s.c
[0.229s] -- Up-to-date: /home/xzq/Downloads/armor_ws/install/armor_interfaces/local/lib/python3.10/dist-packages/armor_interfaces/msg/__init__.py
[0.229s] -- Up-to-date: /home/xzq/Downloads/armor_ws/install/armor_interfaces/local/lib/python3.10/dist-packages/armor_interfaces/msg/_armor.py
[0.230s] -- Up-to-date: /home/xzq/Downloads/armor_ws/install/armor_interfaces/local/lib/python3.10/dist-packages/armor_interfaces/_armor_interfaces_s.ep.rosidl_typesupport_fastrtps_c.c
[0.230s] -- Up-to-date: /home/xzq/Downloads/armor_ws/install/armor_interfaces/local/lib/python3.10/dist-packages/armor_interfaces/__init__.py
[0.246s] Listing '/home/xzq/Downloads/armor_ws/install/armor_interfaces/local/lib/python3.10/dist-packages/armor_interfaces'...
[0.246s] Listing '/home/xzq/Downloads/armor_ws/install/armor_interfaces/local/lib/python3.10/dist-packages/armor_interfaces/msg'...
[0.248s] -- Up-to-date: /home/xzq/Downloads/armor_ws/install/armor_interfaces/local/lib/python3.10/dist-packages/armor_interfaces/armor_interfaces_s__rosidl_typesupport_fastrtps_c.cpython-310-x86_64-linux-gnu.so
[0.248s] -- Up-to-date: /home/xzq/Downloads/armor_ws/install/armor_interfaces/local/lib/python3.10/dist-packages/armor_interfaces/armor_interfaces_s__rosidl_typesupport_introspection_c.cpython-310-x86_64-linux-gnu.so
[0.249s] -- Up-to-date: /home/xzq/Downloads/armor_ws/install/armor_interfaces/local/lib/python3.10/dist-packages/armor_interfaces/armor_interfaces_s__rosidl_typesupport_c.cpython-310-x86_64-linux-gnu.so
[0.249s] -- Up-to-date: /home/xzq/Downloads/armor_ws/install/armor_interfaces/lib/libarmor_interfaces__rosidl_generator_py.so
[0.249s] -- Up-to-date: /home/xzq/Downloads/armor_ws/install/armor_interfaces/share/armor_interfaces/msg/Armor.idl
[0.249s] -- Up-to-date: /home/xzq/Downloads/armor_ws/install/armor_interfaces/share/armor_interfaces/msg/Armors.idl
[0.249s] -- Up-to-date: /home/xzq/Downloads/armor_ws/install/armor_interfaces/share/armor_interfaces/msg/Target.idl
[0.249s] -- Up-to-date: /home/xzq/Downloads/armor_ws/install/armor_interfaces/share/armor_interfaces/msg/Armor.msg
[0.249s] -- Up-to-date: /home/xzq/Downloads/armor_ws/install/armor_interfaces/share/armor_interfaces/msg/Armors.msg
[0.249s] -- Up-to-date: /home/xzq/Downloads/armor_ws/install/armor_interfaces/share/armor_interfaces/msg/Target.msg
[0.249s] -- Up-to-date: /home/xzq/Downloads/armor_ws/install/armor_interfaces/share/ament_index/resource_index/package_run_dependencies/armor_interfaces
[0.249s] -- Up-to-date: /home/xzq/Downloads/armor_ws/install/armor_interfaces/share/ament_index/resource_index/parent_prefix_path/armor_interfaces
[0.249s] -- Up-to-date: /home/xzq/Downloads/armor_ws/install/armor_interfaces/share/armor_interfaces/environment/ament_prefix_path.sh
[0.249s] -- Up-to-date: /home/xzq/Downloads/armor_ws/install/armor_interfaces/share/armor_interfaces/environment/ament_prefix_path.dsv
[0.249s] -- Up-to-date: /home/xzq/Downloads/armor_ws/install/armor_interfaces/share/armor_interfaces/environment/path.sh
[0.249s] -- Up-to-date: /home/xzq/Downloads/armor_ws/install/armor_interfaces/share/armor_interfaces/environment/path.dsv
[0.249s] -- Up-to-date: /home/xzq/Downloads/armor_ws/install/armor_interfaces/share/armor_interfaces/local_setup.bash
[0.249s] -- Up-to-date: /home/xzq/Downloads/armor_ws/install/armor_interfaces/share/armor_interfaces/local_setup.sh
[0.249s] -- Up-to-date: /home/xzq/Downloads/armor_ws/install/armor_interfaces/share/armor_interfaces/local_setup.zsh
[0.249s] -- Up-to-date: /home/xzq/Downloads/armor_ws/install/armor_interfaces/share/armor_interfaces/local_setup.dsv
[0.249s] -- Installing: /home/xzq/Downloads/armor_ws/install/armor_interfaces/share/armor_interfaces/package.dsv
[0.249s] -- Up-to-date: /home/xzq/Downloads/armor_ws/install/armor_interfaces/share/ament_index/resource_index/packages/armor_interfaces
[0.249s] -- Up-to-date: /home/xzq/Downloads/armor_ws/install/armor_interfaces/share/armor_interfaces/cmake/export_armor_interfaces__rosidl_generator_cExport.cmake
[0.249s] -- Up-to-date: /home/xzq/Downloads/armor_ws/install/armor_interfaces/share/armor_interfaces/cmake/export_armor_interfaces__rosidl_generator_cExport-noconfig.cmake
[0.249s] -- Up-to-date: /home/xzq/Downloads/armor_ws/install/armor_interfaces/share/armor_interfaces/cmake/export_armor_interfaces__rosidl_typesupport_fastrtps_cExport.cmake
[0.249s] -- Up-to-date: /home/xzq/Downloads/armor_ws/install/armor_interfaces/share/armor_interfaces/cmake/export_armor_interfaces__rosidl_typesupport_fastrtps_cExport-noconfig.cmake
[0.250s] -- Up-to-date: /home/xzq/Downloads/armor_ws/install/armor_interfaces/share/armor_interfaces/cmake/export_armor_interfaces__rosidl_generator_cppExport.cmake
[0.250s] -- Up-to-date: /home/xzq/Downloads/armor_ws/install/armor_interfaces/share/armor_interfaces/cmake/export_armor_interfaces__rosidl_typesupport_fastrtps_cppExport.cmake
[0.250s] -- Up-to-date: /home/xzq/Downloads/armor_ws/install/armor_interfaces/share/armor_interfaces/cmake/export_armor_interfaces__rosidl_typesupport_fastrtps_cppExport-noconfig.cmake
[0.250s] -- Up-to-date: /home/xzq/Downloads/armor_ws/install/armor_interfaces/share/armor_interfaces/cmake/armor_interfaces__rosidl_typesupport_introspection_cExport.cmake
[0.250s] -- Up-to-date: /home/xzq/Downloads/armor_ws/install/armor_interfaces/share/armor_interfaces/cmake/armor_interfaces__rosidl_typesupport_introspection_cExport-noconfig.cmake
[0.250s] -- Up-to-date: /home/xzq/Downloads/armor_ws/install/armor_interfaces/share/armor_interfaces/cmake/armor_interfaces__rosidl_typesupport_cExport.cmake
[0.250s] -- Up-to-date: /home/xzq/Downloads/armor_ws/install/armor_interfaces/share/armor_interfaces/cmake/armor_interfaces__rosidl_typesupport_cExport-noconfig.cmake
[0.250s] -- Up-to-date: /home/xzq/Downloads/armor_ws/install/armor_interfaces/share/armor_interfaces/cmake/armor_interfaces__rosidl_typesupport_introspection_cppExport.cmake
[0.250s] -- Up-to-date: /home/xzq/Downloads/armor_ws/install/armor_interfaces/share/armor_interfaces/cmake/armor_interfaces__rosidl_typesupport_introspection_cppExport-noconfig.cmake
[0.250s] -- Up-to-date: /home/xzq/Downloads/armor_ws/install/armor_interfaces/share/armor_interfaces/cmake/armor_interfaces__rosidl_typesupport_cppExport.cmake
[0.250s] -- Up-to-date: /home/xzq/Downloads/armor_ws/install/armor_interfaces/share/armor_interfaces/cmake/armor_interfaces__rosidl_typesupport_cppExport-noconfig.cmake
[0.250s] -- Up-to-date: /home/xzq/Downloads/armor_ws/install/armor_interfaces/share/armor_interfaces/cmake/export_armor_interfaces__rosidl_generator_pyExport.cmake
[0.250s] -- Up-to-date: /home/xzq/Downloads/armor_ws/install/armor_interfaces/share/armor_interfaces/cmake/export_armor_interfaces__rosidl_generator_pyExport-noconfig.cmake
[0.250s] -- Up-to-date: /home/xzq/Downloads/armor_ws/install/armor_interfaces/share/armor_interfaces/cmake/rosidl_cmake-extras.cmake
[0.250s] -- Up-to-date: /home/xzq/Downloads/armor_ws/install/armor_interfaces/share/armor_interfaces/cmake/ament_cmake_export_dependencies-extras.cmake
[0.250s] -- Up-to-date: /home/xzq/Downloads/armor_ws/install/armor_interfaces/share/armor_interfaces/cmake/ament_cmake_export_include_directories-extras.cmake
[0.250s] -- Up-to-date: /home/xzq/Downloads/armor_ws/install/armor_interfaces/share/armor_interfaces/cmake/ament_cmake_export_libraries-extras.cmake
[0.250s] -- Up-to-date: /home/xzq/Downloads/armor_ws/install/armor_interfaces/share/armor_interfaces/cmake/ament_cmake_export_targets-extras.cmake
[0.250s] -- Up-to-date: /home/xzq/Downloads/armor_ws/install/armor_interfaces/share/armor_interfaces/cmake/rosidl_cmake_export_typesupport_targets-extras.cmake
[0.250s] -- Up-to-date: /home/xzq/Downloads/armor_ws/install/armor_interfaces/share/armor_interfaces/cmake/rosidl_cmake_export_typesupport_libraries-extras.cmake
[0.250s] -- Up-to-date: /home/xzq/Downloads/armor_ws/install/armor_interfaces/share/armor_interfaces/cmake/armor_interfacesConfig.cmake
[0.250s] -- Up-to-date: /home/xzq/Downloads/armor_ws/install/armor_interfaces/share/armor_interfaces/cmake/armor_interfacesConfig-version.cmake
[0.250s] -- Up-to-date: /home/xzq/Downloads/armor_ws/install/armor_interfaces/share/armor_interfaces/package.xml
[0.252s] Invoked command in '/home/xzq/Downloads/armor_ws/build/armor_interfaces' returned '0': CMAKE_PREFIX_PATH=/opt/ros/humble /usr/bin/cmake --install /home/xzq/Downloads/armor_ws/build/armor_interfaces
