[0.006s] Invoking command in '/home/xzq/project/armor_ws/build/armor_pub': AMENT_PREFIX_PATH=/home/xzq/project/armor_ws/install/armor_interfaces:${AMENT_PREFIX_PATH} CMAKE_PREFIX_PATH=/home/xzq/project/armor_ws/install/armor_interfaces:/opt/ros/humble LD_LIBRARY_PATH=/home/xzq/project/armor_ws/install/armor_interfaces/lib:/opt/MVS/lib/64:/opt/MVS/lib/32:/opt/MVS/lib/64:/opt/MVS/lib/32:/opt/MVS/lib/64:/opt/MVS/lib/32:/opt/ros/humble/opt/rviz_ogre_vendor/lib:/opt/ros/humble/lib/x86_64-linux-gnu:/opt/ros/humble/lib:/opt/MVS/lib/64:/opt/MVS/lib/32 PYTHONPATH=/home/xzq/project/armor_ws/install/armor_interfaces/local/lib/python3.10/dist-packages:${PYTHONPATH} /usr/bin/cmake --build /home/xzq/project/armor_ws/build/armor_pub -- -j12 -l12
[0.030s] [0m-- CMAKE_BUILD_TYPE: Release[0m
[0.030s] -- Found ament_cmake_auto: 1.3.11 (/opt/ros/humble/share/ament_cmake_auto/cmake)
[0.166s] -- Found rosidl_generator_c: 3.1.6 (/opt/ros/humble/share/rosidl_generator_c/cmake)
[0.167s] -- Found rosidl_adapter: 3.1.6 (/opt/ros/humble/share/rosidl_adapter/cmake)
[0.170s] -- Found rosidl_generator_cpp: 3.1.6 (/opt/ros/humble/share/rosidl_generator_cpp/cmake)
[0.176s] -- Using all available rosidl_typesupport_c: rosidl_typesupport_fastrtps_c;rosidl_typesupport_introspection_c
[0.182s] -- Using all available rosidl_typesupport_cpp: rosidl_typesupport_fastrtps_cpp;rosidl_typesupport_introspection_cpp
[0.200s] -- Found rmw_implementation_cmake: 6.1.2 (/opt/ros/humble/share/rmw_implementation_cmake/cmake)
[0.200s] -- Found rmw_fastrtps_cpp: 6.2.7 (/opt/ros/humble/share/rmw_fastrtps_cpp/cmake)
[0.261s] -- Using RMW implementation 'rmw_fastrtps_cpp' as default
[0.380s] -- Found eigen3_cmake_module: 0.1.1 (/opt/ros/humble/share/eigen3_cmake_module/cmake)
[0.381s] -- Ensuring Eigen3 include directory is part of orocos-kdl CMake target
[0.393s] [31mCMake Error at /opt/ros/humble/share/ament_cmake_target_dependencies/cmake/ament_target_dependencies.cmake:77 (message):
[0.393s]   ament_target_dependencies() the passed package name 'hik_driver' was not
[0.393s]   found before
[0.393s] Call Stack (most recent call first):
[0.393s]   CMakeLists.txt:38 (ament_target_dependencies)
[0.393s] 
[0.393s] [0m
[0.393s] -- Configuring incomplete, errors occurred!
[0.393s] See also "/home/xzq/project/armor_ws/build/armor_pub/CMakeFiles/CMakeOutput.log".
[0.398s] gmake: *** [Makefile:538：cmake_check_build_system] 错误 1
[0.400s] Invoked command in '/home/xzq/project/armor_ws/build/armor_pub' returned '2': AMENT_PREFIX_PATH=/home/xzq/project/armor_ws/install/armor_interfaces:${AMENT_PREFIX_PATH} CMAKE_PREFIX_PATH=/home/xzq/project/armor_ws/install/armor_interfaces:/opt/ros/humble LD_LIBRARY_PATH=/home/xzq/project/armor_ws/install/armor_interfaces/lib:/opt/MVS/lib/64:/opt/MVS/lib/32:/opt/MVS/lib/64:/opt/MVS/lib/32:/opt/MVS/lib/64:/opt/MVS/lib/32:/opt/ros/humble/opt/rviz_ogre_vendor/lib:/opt/ros/humble/lib/x86_64-linux-gnu:/opt/ros/humble/lib:/opt/MVS/lib/64:/opt/MVS/lib/32 PYTHONPATH=/home/xzq/project/armor_ws/install/armor_interfaces/local/lib/python3.10/dist-packages:${PYTHONPATH} /usr/bin/cmake --build /home/xzq/project/armor_ws/build/armor_pub -- -j12 -l12
