[0.007s] Invoking command in '/home/xzq/Downloads/armor_ws/build/armor_interfaces': CMAKE_PREFIX_PATH=/opt/ros/humble /usr/bin/cmake /home/xzq/Downloads/armor_ws/src/armor_interfaces -DCMAKE_INSTALL_PREFIX=/home/xzq/Downloads/armor_ws/install/armor_interfaces
[0.048s] -- The C compiler identification is GNU 12.3.0
[0.084s] -- The CXX compiler identification is GNU 11.4.0
[0.089s] -- Detecting C compiler ABI info
[0.144s] -- Detecting C compiler ABI info - done
[0.148s] -- Check for working C compiler: /usr/bin/cc - skipped
[0.148s] -- Detecting C compile features
[0.149s] -- Detecting C compile features - done
[0.151s] -- Detecting CXX compiler ABI info
[0.208s] -- Detecting CXX compiler ABI info - done
[0.212s] -- Check for working CXX compiler: /usr/bin/c++ - skipped
[0.213s] -- Detecting CXX compile features
[0.213s] -- Detecting CXX compile features - done
[0.214s] -- Found ament_cmake: 1.3.11 (/opt/ros/humble/share/ament_cmake/cmake)
[0.306s] -- Found Python3: /usr/bin/python3 (found version "3.10.12") found components: Interpreter 
[0.355s] -- Found ament_cmake_auto: 1.3.11 (/opt/ros/humble/share/ament_cmake_auto/cmake)
[0.356s] -- Found geometry_msgs: 4.2.4 (/opt/ros/humble/share/geometry_msgs/cmake)
[0.375s] -- Found rosidl_generator_c: 3.1.6 (/opt/ros/humble/share/rosidl_generator_c/cmake)
[0.377s] -- Found rosidl_adapter: 3.1.6 (/opt/ros/humble/share/rosidl_adapter/cmake)
[0.381s] -- Found rosidl_generator_cpp: 3.1.6 (/opt/ros/humble/share/rosidl_generator_cpp/cmake)
[0.390s] -- Using all available rosidl_typesupport_c: rosidl_typesupport_fastrtps_c;rosidl_typesupport_introspection_c
[0.399s] -- Using all available rosidl_typesupport_cpp: rosidl_typesupport_fastrtps_cpp;rosidl_typesupport_introspection_cpp
[0.421s] -- Found rosidl_default_generators: 1.2.0 (/opt/ros/humble/share/rosidl_default_generators/cmake)
[0.616s] -- Found ament_cmake_ros: 0.10.0 (/opt/ros/humble/share/ament_cmake_ros/cmake)
[0.875s] -- Using all available rosidl_typesupport_c: rosidl_typesupport_fastrtps_c;rosidl_typesupport_introspection_c
[0.976s] -- Using all available rosidl_typesupport_cpp: rosidl_typesupport_fastrtps_cpp;rosidl_typesupport_introspection_cpp
[0.992s] -- Found PythonInterp: /usr/bin/python3 (found suitable version "3.10.12", minimum required is "3.6") 
[0.993s] -- Found python_cmake_module: 0.10.0 (/opt/ros/humble/share/python_cmake_module/cmake)
[1.008s] -- Found PythonLibs: /usr/lib/x86_64-linux-gnu/libpython3.10.so (found suitable version "3.10.12", minimum required is "3.5") 
[1.009s] -- Using PYTHON_EXECUTABLE: /usr/bin/python3
[1.009s] -- Using PYTHON_INCLUDE_DIRS: /usr/include/python3.10
[1.009s] -- Using PYTHON_LIBRARIES: /usr/lib/x86_64-linux-gnu/libpython3.10.so
[1.022s] -- Found PythonExtra: .so  
[1.058s] -- Configuring done
[1.079s] -- Generating done
[1.086s] -- Build files have been written to: /home/xzq/Downloads/armor_ws/build/armor_interfaces
[1.092s] Invoked command in '/home/xzq/Downloads/armor_ws/build/armor_interfaces' returned '0': CMAKE_PREFIX_PATH=/opt/ros/humble /usr/bin/cmake /home/xzq/Downloads/armor_ws/src/armor_interfaces -DCMAKE_INSTALL_PREFIX=/home/xzq/Downloads/armor_ws/install/armor_interfaces
[1.094s] Invoking command in '/home/xzq/Downloads/armor_ws/build/armor_interfaces': CMAKE_PREFIX_PATH=/opt/ros/humble /usr/bin/cmake --build /home/xzq/Downloads/armor_ws/build/armor_interfaces -- -j12 -l12
[1.124s] [  2%] [34m[1mGenerating C code for ROS interfaces[0m
[1.136s] [  4%] [34m[1mGenerating C++ code for ROS interfaces[0m
[1.136s] [  4%] Built target ament_cmake_python_copy_armor_interfaces
[1.267s] running egg_info
[1.268s] creating armor_interfaces.egg-info
[1.268s] writing armor_interfaces.egg-info/PKG-INFO
[1.269s] writing dependency_links to armor_interfaces.egg-info/dependency_links.txt
[1.269s] writing top-level names to armor_interfaces.egg-info/top_level.txt
[1.269s] writing manifest file 'armor_interfaces.egg-info/SOURCES.txt'
[1.271s] reading manifest file 'armor_interfaces.egg-info/SOURCES.txt'
[1.272s] writing manifest file 'armor_interfaces.egg-info/SOURCES.txt'
[1.300s] [  4%] Built target ament_cmake_python_build_armor_interfaces_egg
[1.371s] [  6%] [32mBuilding C object CMakeFiles/armor_interfaces__rosidl_generator_c.dir/rosidl_generator_c/armor_interfaces/msg/detail/armor__functions.c.o[0m
[1.372s] [  8%] [32mBuilding C object CMakeFiles/armor_interfaces__rosidl_generator_c.dir/rosidl_generator_c/armor_interfaces/msg/detail/target__functions.c.o[0m
[1.374s] [ 10%] [32mBuilding C object CMakeFiles/armor_interfaces__rosidl_generator_c.dir/rosidl_generator_c/armor_interfaces/msg/detail/armors__functions.c.o[0m
[1.378s] [ 10%] Built target armor_interfaces__cpp
[1.385s] [ 12%] [34m[1mGenerating C++ introspection for ROS interfaces[0m
[1.388s] [ 17%] [34m[1mGenerating C++ type support for eProsima Fast-RTPS[0m
[1.388s] [ 17%] [34m[1mGenerating C++ type support dispatch for ROS interfaces[0m
[1.415s] [ 19%] [32m[1mLinking C shared library libarmor_interfaces__rosidl_generator_c.so[0m
[1.442s] [ 19%] Built target armor_interfaces__rosidl_generator_c
[1.450s] [ 21%] [34m[1mGenerating C introspection for ROS interfaces[0m
[1.453s] [ 25%] [34m[1mGenerating C type support dispatch for ROS interfaces[0m
[1.453s] [ 25%] [34m[1mGenerating C type support for eProsima Fast-RTPS[0m
[1.604s] [ 29%] [32mBuilding CXX object CMakeFiles/armor_interfaces__rosidl_typesupport_cpp.dir/rosidl_typesupport_cpp/armor_interfaces/msg/target__type_support.cpp.o[0m
[1.604s] [ 29%] [32mBuilding CXX object CMakeFiles/armor_interfaces__rosidl_typesupport_cpp.dir/rosidl_typesupport_cpp/armor_interfaces/msg/armors__type_support.cpp.o[0m
[1.604s] [ 31%] [32mBuilding CXX object CMakeFiles/armor_interfaces__rosidl_typesupport_cpp.dir/rosidl_typesupport_cpp/armor_interfaces/msg/armor__type_support.cpp.o[0m
[1.611s] [ 34%] [32mBuilding CXX object CMakeFiles/armor_interfaces__rosidl_typesupport_introspection_cpp.dir/rosidl_typesupport_introspection_cpp/armor_interfaces/msg/detail/armor__type_support.cpp.o[0m
[1.611s] [ 36%] [32mBuilding CXX object CMakeFiles/armor_interfaces__rosidl_typesupport_introspection_cpp.dir/rosidl_typesupport_introspection_cpp/armor_interfaces/msg/detail/armors__type_support.cpp.o[0m
[1.611s] [ 38%] [32mBuilding CXX object CMakeFiles/armor_interfaces__rosidl_typesupport_introspection_cpp.dir/rosidl_typesupport_introspection_cpp/armor_interfaces/msg/detail/target__type_support.cpp.o[0m
[1.655s] [ 40%] [32mBuilding CXX object CMakeFiles/armor_interfaces__rosidl_typesupport_fastrtps_cpp.dir/rosidl_typesupport_fastrtps_cpp/armor_interfaces/msg/detail/dds_fastrtps/armor__type_support.cpp.o[0m
[1.656s] [ 42%] [32mBuilding CXX object CMakeFiles/armor_interfaces__rosidl_typesupport_fastrtps_cpp.dir/rosidl_typesupport_fastrtps_cpp/armor_interfaces/msg/detail/dds_fastrtps/armors__type_support.cpp.o[0m
[1.660s] [ 44%] [32mBuilding CXX object CMakeFiles/armor_interfaces__rosidl_typesupport_fastrtps_cpp.dir/rosidl_typesupport_fastrtps_cpp/armor_interfaces/msg/detail/dds_fastrtps/target__type_support.cpp.o[0m
[1.760s] [ 46%] [32mBuilding C object CMakeFiles/armor_interfaces__rosidl_typesupport_introspection_c.dir/rosidl_typesupport_introspection_c/armor_interfaces/msg/detail/armor__type_support.c.o[0m
[1.802s] [ 48%] [32mBuilding C object CMakeFiles/armor_interfaces__rosidl_typesupport_introspection_c.dir/rosidl_typesupport_introspection_c/armor_interfaces/msg/detail/armors__type_support.c.o[0m
[1.831s] [ 51%] [32mBuilding CXX object CMakeFiles/armor_interfaces__rosidl_typesupport_c.dir/rosidl_typesupport_c/armor_interfaces/msg/armor__type_support.cpp.o[0m
[1.848s] [ 53%] [32mBuilding C object CMakeFiles/armor_interfaces__rosidl_typesupport_introspection_c.dir/rosidl_typesupport_introspection_c/armor_interfaces/msg/detail/target__type_support.c.o[0m
[1.863s] [ 55%] [32mBuilding CXX object CMakeFiles/armor_interfaces__rosidl_typesupport_c.dir/rosidl_typesupport_c/armor_interfaces/msg/armors__type_support.cpp.o[0m
[1.864s] [ 57%] [32mBuilding CXX object CMakeFiles/armor_interfaces__rosidl_typesupport_c.dir/rosidl_typesupport_c/armor_interfaces/msg/target__type_support.cpp.o[0m
[1.891s] [ 61%] [32m[1mLinking CXX shared library libarmor_interfaces__rosidl_typesupport_c.so[0m
[1.891s] [ 61%] [32m[1mLinking C shared library libarmor_interfaces__rosidl_typesupport_introspection_c.so[0m
[1.905s] [ 65%] [32mBuilding CXX object CMakeFiles/armor_interfaces__rosidl_typesupport_fastrtps_c.dir/rosidl_typesupport_fastrtps_c/armor_interfaces/msg/detail/armor__type_support_c.cpp.o[0m
[1.905s] [ 65%] [32mBuilding CXX object CMakeFiles/armor_interfaces__rosidl_typesupport_fastrtps_c.dir/rosidl_typesupport_fastrtps_c/armor_interfaces/msg/detail/armors__type_support_c.cpp.o[0m
[1.907s] [ 68%] [32mBuilding CXX object CMakeFiles/armor_interfaces__rosidl_typesupport_fastrtps_c.dir/rosidl_typesupport_fastrtps_c/armor_interfaces/msg/detail/target__type_support_c.cpp.o[0m
[1.929s] [ 68%] Built target armor_interfaces__rosidl_typesupport_introspection_c
[1.938s] [ 68%] Built target armor_interfaces__rosidl_typesupport_c
[1.941s] [ 70%] [32m[1mLinking CXX shared library libarmor_interfaces__rosidl_typesupport_cpp.so[0m
[1.976s] [ 70%] Built target armor_interfaces__rosidl_typesupport_cpp
[2.015s] [ 72%] [32m[1mLinking CXX shared library libarmor_interfaces__rosidl_typesupport_introspection_cpp.so[0m
[2.076s] [ 74%] [32m[1mLinking CXX shared library libarmor_interfaces__rosidl_typesupport_fastrtps_cpp.so[0m
[2.110s] [ 74%] Built target armor_interfaces__rosidl_typesupport_introspection_cpp
[2.139s] [ 74%] Built target armor_interfaces__rosidl_typesupport_fastrtps_cpp
[2.187s] [ 76%] [32m[1mLinking CXX shared library libarmor_interfaces__rosidl_typesupport_fastrtps_c.so[0m
[2.239s] [ 76%] Built target armor_interfaces__rosidl_typesupport_fastrtps_c
[2.255s] [ 76%] Built target armor_interfaces
[2.270s] [ 78%] [34m[1mGenerating Python code for ROS interfaces[0m
[2.618s] [ 78%] Built target armor_interfaces__py
[2.633s] [ 80%] [32mBuilding C object CMakeFiles/armor_interfaces__rosidl_generator_py.dir/rosidl_generator_py/armor_interfaces/msg/_target_s.c.o[0m
[2.634s] [ 82%] [32mBuilding C object CMakeFiles/armor_interfaces__rosidl_generator_py.dir/rosidl_generator_py/armor_interfaces/msg/_armor_s.c.o[0m
[2.635s] [ 85%] [32mBuilding C object CMakeFiles/armor_interfaces__rosidl_generator_py.dir/rosidl_generator_py/armor_interfaces/msg/_armors_s.c.o[0m
[2.711s] [ 87%] [32m[1mLinking C shared library rosidl_generator_py/armor_interfaces/libarmor_interfaces__rosidl_generator_py.so[0m
[2.744s] [ 87%] Built target armor_interfaces__rosidl_generator_py
[2.758s] [ 91%] [32mBuilding C object CMakeFiles/armor_interfaces__rosidl_typesupport_fastrtps_c__pyext.dir/rosidl_generator_py/armor_interfaces/_armor_interfaces_s.ep.rosidl_typesupport_fastrtps_c.c.o[0m
[2.758s] [ 91%] [32mBuilding C object CMakeFiles/armor_interfaces__rosidl_typesupport_c__pyext.dir/rosidl_generator_py/armor_interfaces/_armor_interfaces_s.ep.rosidl_typesupport_c.c.o[0m
[2.761s] [ 93%] [32mBuilding C object CMakeFiles/armor_interfaces__rosidl_typesupport_introspection_c__pyext.dir/rosidl_generator_py/armor_interfaces/_armor_interfaces_s.ep.rosidl_typesupport_introspection_c.c.o[0m
[2.826s] [ 97%] [32m[1mLinking C shared library rosidl_generator_py/armor_interfaces/armor_interfaces_s__rosidl_typesupport_introspection_c.cpython-310-x86_64-linux-gnu.so[0m
[2.827s] [ 97%] [32m[1mLinking C shared library rosidl_generator_py/armor_interfaces/armor_interfaces_s__rosidl_typesupport_fastrtps_c.cpython-310-x86_64-linux-gnu.so[0m
[2.831s] [100%] [32m[1mLinking C shared library rosidl_generator_py/armor_interfaces/armor_interfaces_s__rosidl_typesupport_c.cpython-310-x86_64-linux-gnu.so[0m
[2.855s] [100%] Built target armor_interfaces__rosidl_typesupport_fastrtps_c__pyext
[2.859s] [100%] Built target armor_interfaces__rosidl_typesupport_introspection_c__pyext
[2.866s] [100%] Built target armor_interfaces__rosidl_typesupport_c__pyext
[2.875s] Invoked command in '/home/xzq/Downloads/armor_ws/build/armor_interfaces' returned '0': CMAKE_PREFIX_PATH=/opt/ros/humble /usr/bin/cmake --build /home/xzq/Downloads/armor_ws/build/armor_interfaces -- -j12 -l12
[2.883s] Invoking command in '/home/xzq/Downloads/armor_ws/build/armor_interfaces': CMAKE_PREFIX_PATH=/opt/ros/humble /usr/bin/cmake --install /home/xzq/Downloads/armor_ws/build/armor_interfaces
[2.891s] -- Install configuration: ""
[2.891s] -- Installing: /home/xzq/Downloads/armor_ws/install/armor_interfaces/share/ament_index/resource_index/rosidl_interfaces/armor_interfaces
[2.891s] -- Installing: /home/xzq/Downloads/armor_ws/install/armor_interfaces/include/armor_interfaces/armor_interfaces
[2.891s] -- Installing: /home/xzq/Downloads/armor_ws/install/armor_interfaces/include/armor_interfaces/armor_interfaces/msg
[2.891s] -- Installing: /home/xzq/Downloads/armor_ws/install/armor_interfaces/include/armor_interfaces/armor_interfaces/msg/rosidl_generator_c__visibility_control.h
[2.891s] -- Installing: /home/xzq/Downloads/armor_ws/install/armor_interfaces/include/armor_interfaces/armor_interfaces/msg/detail
[2.891s] -- Installing: /home/xzq/Downloads/armor_ws/install/armor_interfaces/include/armor_interfaces/armor_interfaces/msg/detail/armor__functions.c
[2.891s] -- Installing: /home/xzq/Downloads/armor_ws/install/armor_interfaces/include/armor_interfaces/armor_interfaces/msg/detail/target__functions.c
[2.892s] -- Installing: /home/xzq/Downloads/armor_ws/install/armor_interfaces/include/armor_interfaces/armor_interfaces/msg/detail/armors__functions.h
[2.892s] -- Installing: /home/xzq/Downloads/armor_ws/install/armor_interfaces/include/armor_interfaces/armor_interfaces/msg/detail/armor__struct.h
[2.892s] -- Installing: /home/xzq/Downloads/armor_ws/install/armor_interfaces/include/armor_interfaces/armor_interfaces/msg/detail/target__struct.h
[2.892s] -- Installing: /home/xzq/Downloads/armor_ws/install/armor_interfaces/include/armor_interfaces/armor_interfaces/msg/detail/armors__struct.h
[2.892s] -- Installing: /home/xzq/Downloads/armor_ws/install/armor_interfaces/include/armor_interfaces/armor_interfaces/msg/detail/target__type_support.h
[2.892s] -- Installing: /home/xzq/Downloads/armor_ws/install/armor_interfaces/include/armor_interfaces/armor_interfaces/msg/detail/target__functions.h
[2.892s] -- Installing: /home/xzq/Downloads/armor_ws/install/armor_interfaces/include/armor_interfaces/armor_interfaces/msg/detail/armor__functions.h
[2.892s] -- Installing: /home/xzq/Downloads/armor_ws/install/armor_interfaces/include/armor_interfaces/armor_interfaces/msg/detail/armors__functions.c
[2.892s] -- Installing: /home/xzq/Downloads/armor_ws/install/armor_interfaces/include/armor_interfaces/armor_interfaces/msg/detail/armors__type_support.h
[2.892s] -- Installing: /home/xzq/Downloads/armor_ws/install/armor_interfaces/include/armor_interfaces/armor_interfaces/msg/detail/armor__type_support.h
[2.892s] -- Installing: /home/xzq/Downloads/armor_ws/install/armor_interfaces/include/armor_interfaces/armor_interfaces/msg/armors.h
[2.892s] -- Installing: /home/xzq/Downloads/armor_ws/install/armor_interfaces/include/armor_interfaces/armor_interfaces/msg/target.h
[2.893s] -- Installing: /home/xzq/Downloads/armor_ws/install/armor_interfaces/include/armor_interfaces/armor_interfaces/msg/armor.h
[2.893s] -- Installing: /home/xzq/Downloads/armor_ws/install/armor_interfaces/share/armor_interfaces/environment/library_path.sh
[2.893s] -- Installing: /home/xzq/Downloads/armor_ws/install/armor_interfaces/share/armor_interfaces/environment/library_path.dsv
[2.893s] -- Installing: /home/xzq/Downloads/armor_ws/install/armor_interfaces/lib/libarmor_interfaces__rosidl_generator_c.so
[2.893s] -- Set runtime path of "/home/xzq/Downloads/armor_ws/install/armor_interfaces/lib/libarmor_interfaces__rosidl_generator_c.so" to ""
[2.893s] -- Up-to-date: /home/xzq/Downloads/armor_ws/install/armor_interfaces/include/armor_interfaces/armor_interfaces
[2.893s] -- Up-to-date: /home/xzq/Downloads/armor_ws/install/armor_interfaces/include/armor_interfaces/armor_interfaces/msg
[2.893s] -- Up-to-date: /home/xzq/Downloads/armor_ws/install/armor_interfaces/include/armor_interfaces/armor_interfaces/msg/detail
[2.893s] -- Installing: /home/xzq/Downloads/armor_ws/install/armor_interfaces/include/armor_interfaces/armor_interfaces/msg/detail/target__rosidl_typesupport_fastrtps_c.h
[2.893s] -- Installing: /home/xzq/Downloads/armor_ws/install/armor_interfaces/include/armor_interfaces/armor_interfaces/msg/detail/armors__rosidl_typesupport_fastrtps_c.h
[2.893s] -- Installing: /home/xzq/Downloads/armor_ws/install/armor_interfaces/include/armor_interfaces/armor_interfaces/msg/detail/armor__rosidl_typesupport_fastrtps_c.h
[2.893s] -- Installing: /home/xzq/Downloads/armor_ws/install/armor_interfaces/include/armor_interfaces/armor_interfaces/msg/rosidl_typesupport_fastrtps_c__visibility_control.h
[2.893s] -- Installing: /home/xzq/Downloads/armor_ws/install/armor_interfaces/lib/libarmor_interfaces__rosidl_typesupport_fastrtps_c.so
[2.893s] -- Set runtime path of "/home/xzq/Downloads/armor_ws/install/armor_interfaces/lib/libarmor_interfaces__rosidl_typesupport_fastrtps_c.so" to ""
[2.894s] -- Up-to-date: /home/xzq/Downloads/armor_ws/install/armor_interfaces/include/armor_interfaces/armor_interfaces
[2.894s] -- Up-to-date: /home/xzq/Downloads/armor_ws/install/armor_interfaces/include/armor_interfaces/armor_interfaces/msg
[2.894s] -- Installing: /home/xzq/Downloads/armor_ws/install/armor_interfaces/include/armor_interfaces/armor_interfaces/msg/rosidl_generator_cpp__visibility_control.hpp
[2.894s] -- Installing: /home/xzq/Downloads/armor_ws/install/armor_interfaces/include/armor_interfaces/armor_interfaces/msg/armors.hpp
[2.894s] -- Installing: /home/xzq/Downloads/armor_ws/install/armor_interfaces/include/armor_interfaces/armor_interfaces/msg/armor.hpp
[2.894s] -- Up-to-date: /home/xzq/Downloads/armor_ws/install/armor_interfaces/include/armor_interfaces/armor_interfaces/msg/detail
[2.894s] -- Installing: /home/xzq/Downloads/armor_ws/install/armor_interfaces/include/armor_interfaces/armor_interfaces/msg/detail/armors__struct.hpp
[2.894s] -- Installing: /home/xzq/Downloads/armor_ws/install/armor_interfaces/include/armor_interfaces/armor_interfaces/msg/detail/armors__traits.hpp
[2.894s] -- Installing: /home/xzq/Downloads/armor_ws/install/armor_interfaces/include/armor_interfaces/armor_interfaces/msg/detail/target__type_support.hpp
[2.894s] -- Installing: /home/xzq/Downloads/armor_ws/install/armor_interfaces/include/armor_interfaces/armor_interfaces/msg/detail/armor__struct.hpp
[2.894s] -- Installing: /home/xzq/Downloads/armor_ws/install/armor_interfaces/include/armor_interfaces/armor_interfaces/msg/detail/armor__traits.hpp
[2.894s] -- Installing: /home/xzq/Downloads/armor_ws/install/armor_interfaces/include/armor_interfaces/armor_interfaces/msg/detail/armor__type_support.hpp
[2.894s] -- Installing: /home/xzq/Downloads/armor_ws/install/armor_interfaces/include/armor_interfaces/armor_interfaces/msg/detail/target__traits.hpp
[2.894s] -- Installing: /home/xzq/Downloads/armor_ws/install/armor_interfaces/include/armor_interfaces/armor_interfaces/msg/detail/armor__builder.hpp
[2.894s] -- Installing: /home/xzq/Downloads/armor_ws/install/armor_interfaces/include/armor_interfaces/armor_interfaces/msg/detail/armors__type_support.hpp
[2.894s] -- Installing: /home/xzq/Downloads/armor_ws/install/armor_interfaces/include/armor_interfaces/armor_interfaces/msg/detail/target__struct.hpp
[2.894s] -- Installing: /home/xzq/Downloads/armor_ws/install/armor_interfaces/include/armor_interfaces/armor_interfaces/msg/detail/armors__builder.hpp
[2.894s] -- Installing: /home/xzq/Downloads/armor_ws/install/armor_interfaces/include/armor_interfaces/armor_interfaces/msg/detail/target__builder.hpp
[2.894s] -- Installing: /home/xzq/Downloads/armor_ws/install/armor_interfaces/include/armor_interfaces/armor_interfaces/msg/target.hpp
[2.894s] -- Up-to-date: /home/xzq/Downloads/armor_ws/install/armor_interfaces/include/armor_interfaces/armor_interfaces
[2.894s] -- Up-to-date: /home/xzq/Downloads/armor_ws/install/armor_interfaces/include/armor_interfaces/armor_interfaces/msg
[2.894s] -- Installing: /home/xzq/Downloads/armor_ws/install/armor_interfaces/include/armor_interfaces/armor_interfaces/msg/rosidl_typesupport_fastrtps_cpp__visibility_control.h
[2.894s] -- Up-to-date: /home/xzq/Downloads/armor_ws/install/armor_interfaces/include/armor_interfaces/armor_interfaces/msg/detail
[2.894s] -- Installing: /home/xzq/Downloads/armor_ws/install/armor_interfaces/include/armor_interfaces/armor_interfaces/msg/detail/target__rosidl_typesupport_fastrtps_cpp.hpp
[2.894s] -- Installing: /home/xzq/Downloads/armor_ws/install/armor_interfaces/include/armor_interfaces/armor_interfaces/msg/detail/dds_fastrtps
[2.894s] -- Installing: /home/xzq/Downloads/armor_ws/install/armor_interfaces/include/armor_interfaces/armor_interfaces/msg/detail/armors__rosidl_typesupport_fastrtps_cpp.hpp
[2.894s] -- Installing: /home/xzq/Downloads/armor_ws/install/armor_interfaces/include/armor_interfaces/armor_interfaces/msg/detail/armor__rosidl_typesupport_fastrtps_cpp.hpp
[2.894s] -- Installing: /home/xzq/Downloads/armor_ws/install/armor_interfaces/lib/libarmor_interfaces__rosidl_typesupport_fastrtps_cpp.so
[2.895s] -- Set runtime path of "/home/xzq/Downloads/armor_ws/install/armor_interfaces/lib/libarmor_interfaces__rosidl_typesupport_fastrtps_cpp.so" to ""
[2.895s] -- Up-to-date: /home/xzq/Downloads/armor_ws/install/armor_interfaces/include/armor_interfaces/armor_interfaces
[2.895s] -- Up-to-date: /home/xzq/Downloads/armor_ws/install/armor_interfaces/include/armor_interfaces/armor_interfaces/msg
[2.895s] -- Installing: /home/xzq/Downloads/armor_ws/install/armor_interfaces/include/armor_interfaces/armor_interfaces/msg/rosidl_typesupport_introspection_c__visibility_control.h
[2.895s] -- Up-to-date: /home/xzq/Downloads/armor_ws/install/armor_interfaces/include/armor_interfaces/armor_interfaces/msg/detail
[2.895s] -- Installing: /home/xzq/Downloads/armor_ws/install/armor_interfaces/include/armor_interfaces/armor_interfaces/msg/detail/target__type_support.c
[2.895s] -- Installing: /home/xzq/Downloads/armor_ws/install/armor_interfaces/include/armor_interfaces/armor_interfaces/msg/detail/armors__rosidl_typesupport_introspection_c.h
[2.895s] -- Installing: /home/xzq/Downloads/armor_ws/install/armor_interfaces/include/armor_interfaces/armor_interfaces/msg/detail/armor__rosidl_typesupport_introspection_c.h
[2.895s] -- Installing: /home/xzq/Downloads/armor_ws/install/armor_interfaces/include/armor_interfaces/armor_interfaces/msg/detail/armor__type_support.c
[2.895s] -- Installing: /home/xzq/Downloads/armor_ws/install/armor_interfaces/include/armor_interfaces/armor_interfaces/msg/detail/target__rosidl_typesupport_introspection_c.h
[2.895s] -- Installing: /home/xzq/Downloads/armor_ws/install/armor_interfaces/include/armor_interfaces/armor_interfaces/msg/detail/armors__type_support.c
[2.895s] -- Installing: /home/xzq/Downloads/armor_ws/install/armor_interfaces/lib/libarmor_interfaces__rosidl_typesupport_introspection_c.so
[2.895s] -- Set runtime path of "/home/xzq/Downloads/armor_ws/install/armor_interfaces/lib/libarmor_interfaces__rosidl_typesupport_introspection_c.so" to ""
[2.895s] -- Installing: /home/xzq/Downloads/armor_ws/install/armor_interfaces/lib/libarmor_interfaces__rosidl_typesupport_c.so
[2.895s] -- Set runtime path of "/home/xzq/Downloads/armor_ws/install/armor_interfaces/lib/libarmor_interfaces__rosidl_typesupport_c.so" to ""
[2.895s] -- Up-to-date: /home/xzq/Downloads/armor_ws/install/armor_interfaces/include/armor_interfaces/armor_interfaces
[2.895s] -- Up-to-date: /home/xzq/Downloads/armor_ws/install/armor_interfaces/include/armor_interfaces/armor_interfaces/msg
[2.895s] -- Up-to-date: /home/xzq/Downloads/armor_ws/install/armor_interfaces/include/armor_interfaces/armor_interfaces/msg/detail
[2.895s] -- Installing: /home/xzq/Downloads/armor_ws/install/armor_interfaces/include/armor_interfaces/armor_interfaces/msg/detail/armors__type_support.cpp
[2.895s] -- Installing: /home/xzq/Downloads/armor_ws/install/armor_interfaces/include/armor_interfaces/armor_interfaces/msg/detail/armors__rosidl_typesupport_introspection_cpp.hpp
[2.895s] -- Installing: /home/xzq/Downloads/armor_ws/install/armor_interfaces/include/armor_interfaces/armor_interfaces/msg/detail/armor__type_support.cpp
[2.896s] -- Installing: /home/xzq/Downloads/armor_ws/install/armor_interfaces/include/armor_interfaces/armor_interfaces/msg/detail/target__type_support.cpp
[2.896s] -- Installing: /home/xzq/Downloads/armor_ws/install/armor_interfaces/include/armor_interfaces/armor_interfaces/msg/detail/target__rosidl_typesupport_introspection_cpp.hpp
[2.896s] -- Installing: /home/xzq/Downloads/armor_ws/install/armor_interfaces/include/armor_interfaces/armor_interfaces/msg/detail/armor__rosidl_typesupport_introspection_cpp.hpp
[2.896s] -- Installing: /home/xzq/Downloads/armor_ws/install/armor_interfaces/lib/libarmor_interfaces__rosidl_typesupport_introspection_cpp.so
[2.896s] -- Set runtime path of "/home/xzq/Downloads/armor_ws/install/armor_interfaces/lib/libarmor_interfaces__rosidl_typesupport_introspection_cpp.so" to ""
[2.896s] -- Installing: /home/xzq/Downloads/armor_ws/install/armor_interfaces/lib/libarmor_interfaces__rosidl_typesupport_cpp.so
[2.896s] -- Set runtime path of "/home/xzq/Downloads/armor_ws/install/armor_interfaces/lib/libarmor_interfaces__rosidl_typesupport_cpp.so" to ""
[2.896s] -- Installing: /home/xzq/Downloads/armor_ws/install/armor_interfaces/share/armor_interfaces/environment/pythonpath.sh
[2.896s] -- Installing: /home/xzq/Downloads/armor_ws/install/armor_interfaces/share/armor_interfaces/environment/pythonpath.dsv
[2.896s] -- Installing: /home/xzq/Downloads/armor_ws/install/armor_interfaces/local/lib/python3.10/dist-packages/armor_interfaces-0.0.0-py3.10.egg-info
[2.896s] -- Installing: /home/xzq/Downloads/armor_ws/install/armor_interfaces/local/lib/python3.10/dist-packages/armor_interfaces-0.0.0-py3.10.egg-info/top_level.txt
[2.896s] -- Installing: /home/xzq/Downloads/armor_ws/install/armor_interfaces/local/lib/python3.10/dist-packages/armor_interfaces-0.0.0-py3.10.egg-info/PKG-INFO
[2.896s] -- Installing: /home/xzq/Downloads/armor_ws/install/armor_interfaces/local/lib/python3.10/dist-packages/armor_interfaces-0.0.0-py3.10.egg-info/SOURCES.txt
[2.896s] -- Installing: /home/xzq/Downloads/armor_ws/install/armor_interfaces/local/lib/python3.10/dist-packages/armor_interfaces-0.0.0-py3.10.egg-info/dependency_links.txt
[2.896s] -- Installing: /home/xzq/Downloads/armor_ws/install/armor_interfaces/local/lib/python3.10/dist-packages/armor_interfaces
[2.896s] -- Installing: /home/xzq/Downloads/armor_ws/install/armor_interfaces/local/lib/python3.10/dist-packages/armor_interfaces/armor_interfaces_s__rosidl_typesupport_introspection_c.cpython-310-x86_64-linux-gnu.so
[2.896s] -- Installing: /home/xzq/Downloads/armor_ws/install/armor_interfaces/local/lib/python3.10/dist-packages/armor_interfaces/armor_interfaces_s__rosidl_typesupport_c.cpython-310-x86_64-linux-gnu.so
[2.896s] -- Installing: /home/xzq/Downloads/armor_ws/install/armor_interfaces/local/lib/python3.10/dist-packages/armor_interfaces/armor_interfaces_s__rosidl_typesupport_fastrtps_c.cpython-310-x86_64-linux-gnu.so
[2.896s] -- Installing: /home/xzq/Downloads/armor_ws/install/armor_interfaces/local/lib/python3.10/dist-packages/armor_interfaces/libarmor_interfaces__rosidl_generator_py.so
[2.897s] -- Installing: /home/xzq/Downloads/armor_ws/install/armor_interfaces/local/lib/python3.10/dist-packages/armor_interfaces/_armor_interfaces_s.ep.rosidl_typesupport_c.c
[2.897s] -- Installing: /home/xzq/Downloads/armor_ws/install/armor_interfaces/local/lib/python3.10/dist-packages/armor_interfaces/_armor_interfaces_s.ep.rosidl_typesupport_introspection_c.c
[2.897s] -- Installing: /home/xzq/Downloads/armor_ws/install/armor_interfaces/local/lib/python3.10/dist-packages/armor_interfaces/msg
[2.897s] -- Installing: /home/xzq/Downloads/armor_ws/install/armor_interfaces/local/lib/python3.10/dist-packages/armor_interfaces/msg/_armor_s.c
[2.897s] -- Installing: /home/xzq/Downloads/armor_ws/install/armor_interfaces/local/lib/python3.10/dist-packages/armor_interfaces/msg/_armors_s.c
[2.897s] -- Installing: /home/xzq/Downloads/armor_ws/install/armor_interfaces/local/lib/python3.10/dist-packages/armor_interfaces/msg/_armors.py
[2.897s] -- Installing: /home/xzq/Downloads/armor_ws/install/armor_interfaces/local/lib/python3.10/dist-packages/armor_interfaces/msg/_target.py
[2.897s] -- Installing: /home/xzq/Downloads/armor_ws/install/armor_interfaces/local/lib/python3.10/dist-packages/armor_interfaces/msg/_target_s.c
[2.897s] -- Installing: /home/xzq/Downloads/armor_ws/install/armor_interfaces/local/lib/python3.10/dist-packages/armor_interfaces/msg/__init__.py
[2.897s] -- Installing: /home/xzq/Downloads/armor_ws/install/armor_interfaces/local/lib/python3.10/dist-packages/armor_interfaces/msg/_armor.py
[2.897s] -- Installing: /home/xzq/Downloads/armor_ws/install/armor_interfaces/local/lib/python3.10/dist-packages/armor_interfaces/_armor_interfaces_s.ep.rosidl_typesupport_fastrtps_c.c
[2.897s] -- Installing: /home/xzq/Downloads/armor_ws/install/armor_interfaces/local/lib/python3.10/dist-packages/armor_interfaces/__init__.py
[2.922s] Listing '/home/xzq/Downloads/armor_ws/install/armor_interfaces/local/lib/python3.10/dist-packages/armor_interfaces'...
[2.922s] Compiling '/home/xzq/Downloads/armor_ws/install/armor_interfaces/local/lib/python3.10/dist-packages/armor_interfaces/__init__.py'...
[2.922s] Listing '/home/xzq/Downloads/armor_ws/install/armor_interfaces/local/lib/python3.10/dist-packages/armor_interfaces/msg'...
[2.922s] Compiling '/home/xzq/Downloads/armor_ws/install/armor_interfaces/local/lib/python3.10/dist-packages/armor_interfaces/msg/__init__.py'...
[2.922s] Compiling '/home/xzq/Downloads/armor_ws/install/armor_interfaces/local/lib/python3.10/dist-packages/armor_interfaces/msg/_armor.py'...
[2.922s] Compiling '/home/xzq/Downloads/armor_ws/install/armor_interfaces/local/lib/python3.10/dist-packages/armor_interfaces/msg/_armors.py'...
[2.922s] Compiling '/home/xzq/Downloads/armor_ws/install/armor_interfaces/local/lib/python3.10/dist-packages/armor_interfaces/msg/_target.py'...
[2.925s] -- Installing: /home/xzq/Downloads/armor_ws/install/armor_interfaces/local/lib/python3.10/dist-packages/armor_interfaces/armor_interfaces_s__rosidl_typesupport_fastrtps_c.cpython-310-x86_64-linux-gnu.so
[2.925s] -- Set runtime path of "/home/xzq/Downloads/armor_ws/install/armor_interfaces/local/lib/python3.10/dist-packages/armor_interfaces/armor_interfaces_s__rosidl_typesupport_fastrtps_c.cpython-310-x86_64-linux-gnu.so" to ""
[2.925s] -- Installing: /home/xzq/Downloads/armor_ws/install/armor_interfaces/local/lib/python3.10/dist-packages/armor_interfaces/armor_interfaces_s__rosidl_typesupport_introspection_c.cpython-310-x86_64-linux-gnu.so
[2.925s] -- Set runtime path of "/home/xzq/Downloads/armor_ws/install/armor_interfaces/local/lib/python3.10/dist-packages/armor_interfaces/armor_interfaces_s__rosidl_typesupport_introspection_c.cpython-310-x86_64-linux-gnu.so" to ""
[2.925s] -- Installing: /home/xzq/Downloads/armor_ws/install/armor_interfaces/local/lib/python3.10/dist-packages/armor_interfaces/armor_interfaces_s__rosidl_typesupport_c.cpython-310-x86_64-linux-gnu.so
[2.925s] -- Set runtime path of "/home/xzq/Downloads/armor_ws/install/armor_interfaces/local/lib/python3.10/dist-packages/armor_interfaces/armor_interfaces_s__rosidl_typesupport_c.cpython-310-x86_64-linux-gnu.so" to ""
[2.926s] -- Installing: /home/xzq/Downloads/armor_ws/install/armor_interfaces/lib/libarmor_interfaces__rosidl_generator_py.so
[2.926s] -- Set runtime path of "/home/xzq/Downloads/armor_ws/install/armor_interfaces/lib/libarmor_interfaces__rosidl_generator_py.so" to ""
[2.926s] -- Installing: /home/xzq/Downloads/armor_ws/install/armor_interfaces/share/armor_interfaces/msg/Armor.idl
[2.926s] -- Installing: /home/xzq/Downloads/armor_ws/install/armor_interfaces/share/armor_interfaces/msg/Armors.idl
[2.926s] -- Installing: /home/xzq/Downloads/armor_ws/install/armor_interfaces/share/armor_interfaces/msg/Target.idl
[2.926s] -- Installing: /home/xzq/Downloads/armor_ws/install/armor_interfaces/share/armor_interfaces/msg/Armor.msg
[2.926s] -- Installing: /home/xzq/Downloads/armor_ws/install/armor_interfaces/share/armor_interfaces/msg/Armors.msg
[2.926s] -- Installing: /home/xzq/Downloads/armor_ws/install/armor_interfaces/share/armor_interfaces/msg/Target.msg
[2.926s] -- Installing: /home/xzq/Downloads/armor_ws/install/armor_interfaces/share/ament_index/resource_index/package_run_dependencies/armor_interfaces
[2.926s] -- Installing: /home/xzq/Downloads/armor_ws/install/armor_interfaces/share/ament_index/resource_index/parent_prefix_path/armor_interfaces
[2.926s] -- Installing: /home/xzq/Downloads/armor_ws/install/armor_interfaces/share/armor_interfaces/environment/ament_prefix_path.sh
[2.926s] -- Installing: /home/xzq/Downloads/armor_ws/install/armor_interfaces/share/armor_interfaces/environment/ament_prefix_path.dsv
[2.926s] -- Installing: /home/xzq/Downloads/armor_ws/install/armor_interfaces/share/armor_interfaces/environment/path.sh
[2.926s] -- Installing: /home/xzq/Downloads/armor_ws/install/armor_interfaces/share/armor_interfaces/environment/path.dsv
[2.926s] -- Installing: /home/xzq/Downloads/armor_ws/install/armor_interfaces/share/armor_interfaces/local_setup.bash
[2.926s] -- Installing: /home/xzq/Downloads/armor_ws/install/armor_interfaces/share/armor_interfaces/local_setup.sh
[2.926s] -- Installing: /home/xzq/Downloads/armor_ws/install/armor_interfaces/share/armor_interfaces/local_setup.zsh
[2.926s] -- Installing: /home/xzq/Downloads/armor_ws/install/armor_interfaces/share/armor_interfaces/local_setup.dsv
[2.926s] -- Installing: /home/xzq/Downloads/armor_ws/install/armor_interfaces/share/armor_interfaces/package.dsv
[2.926s] -- Installing: /home/xzq/Downloads/armor_ws/install/armor_interfaces/share/ament_index/resource_index/packages/armor_interfaces
[2.927s] -- Installing: /home/xzq/Downloads/armor_ws/install/armor_interfaces/share/armor_interfaces/cmake/export_armor_interfaces__rosidl_generator_cExport.cmake
[2.927s] -- Installing: /home/xzq/Downloads/armor_ws/install/armor_interfaces/share/armor_interfaces/cmake/export_armor_interfaces__rosidl_generator_cExport-noconfig.cmake
[2.927s] -- Installing: /home/xzq/Downloads/armor_ws/install/armor_interfaces/share/armor_interfaces/cmake/export_armor_interfaces__rosidl_typesupport_fastrtps_cExport.cmake
[2.927s] -- Installing: /home/xzq/Downloads/armor_ws/install/armor_interfaces/share/armor_interfaces/cmake/export_armor_interfaces__rosidl_typesupport_fastrtps_cExport-noconfig.cmake
[2.927s] -- Installing: /home/xzq/Downloads/armor_ws/install/armor_interfaces/share/armor_interfaces/cmake/export_armor_interfaces__rosidl_generator_cppExport.cmake
[2.927s] -- Installing: /home/xzq/Downloads/armor_ws/install/armor_interfaces/share/armor_interfaces/cmake/export_armor_interfaces__rosidl_typesupport_fastrtps_cppExport.cmake
[2.927s] -- Installing: /home/xzq/Downloads/armor_ws/install/armor_interfaces/share/armor_interfaces/cmake/export_armor_interfaces__rosidl_typesupport_fastrtps_cppExport-noconfig.cmake
[2.927s] -- Installing: /home/xzq/Downloads/armor_ws/install/armor_interfaces/share/armor_interfaces/cmake/armor_interfaces__rosidl_typesupport_introspection_cExport.cmake
[2.927s] -- Installing: /home/xzq/Downloads/armor_ws/install/armor_interfaces/share/armor_interfaces/cmake/armor_interfaces__rosidl_typesupport_introspection_cExport-noconfig.cmake
[2.927s] -- Installing: /home/xzq/Downloads/armor_ws/install/armor_interfaces/share/armor_interfaces/cmake/armor_interfaces__rosidl_typesupport_cExport.cmake
[2.927s] -- Installing: /home/xzq/Downloads/armor_ws/install/armor_interfaces/share/armor_interfaces/cmake/armor_interfaces__rosidl_typesupport_cExport-noconfig.cmake
[2.927s] -- Installing: /home/xzq/Downloads/armor_ws/install/armor_interfaces/share/armor_interfaces/cmake/armor_interfaces__rosidl_typesupport_introspection_cppExport.cmake
[2.927s] -- Installing: /home/xzq/Downloads/armor_ws/install/armor_interfaces/share/armor_interfaces/cmake/armor_interfaces__rosidl_typesupport_introspection_cppExport-noconfig.cmake
[2.927s] -- Installing: /home/xzq/Downloads/armor_ws/install/armor_interfaces/share/armor_interfaces/cmake/armor_interfaces__rosidl_typesupport_cppExport.cmake
[2.927s] -- Installing: /home/xzq/Downloads/armor_ws/install/armor_interfaces/share/armor_interfaces/cmake/armor_interfaces__rosidl_typesupport_cppExport-noconfig.cmake
[2.927s] -- Installing: /home/xzq/Downloads/armor_ws/install/armor_interfaces/share/armor_interfaces/cmake/export_armor_interfaces__rosidl_generator_pyExport.cmake
[2.927s] -- Installing: /home/xzq/Downloads/armor_ws/install/armor_interfaces/share/armor_interfaces/cmake/export_armor_interfaces__rosidl_generator_pyExport-noconfig.cmake
[2.927s] -- Installing: /home/xzq/Downloads/armor_ws/install/armor_interfaces/share/armor_interfaces/cmake/rosidl_cmake-extras.cmake
[2.927s] -- Installing: /home/xzq/Downloads/armor_ws/install/armor_interfaces/share/armor_interfaces/cmake/ament_cmake_export_dependencies-extras.cmake
[2.927s] -- Installing: /home/xzq/Downloads/armor_ws/install/armor_interfaces/share/armor_interfaces/cmake/ament_cmake_export_include_directories-extras.cmake
[2.928s] -- Installing: /home/xzq/Downloads/armor_ws/install/armor_interfaces/share/armor_interfaces/cmake/ament_cmake_export_libraries-extras.cmake
[2.928s] -- Installing: /home/xzq/Downloads/armor_ws/install/armor_interfaces/share/armor_interfaces/cmake/ament_cmake_export_targets-extras.cmake
[2.928s] -- Installing: /home/xzq/Downloads/armor_ws/install/armor_interfaces/share/armor_interfaces/cmake/rosidl_cmake_export_typesupport_targets-extras.cmake
[2.928s] -- Installing: /home/xzq/Downloads/armor_ws/install/armor_interfaces/share/armor_interfaces/cmake/rosidl_cmake_export_typesupport_libraries-extras.cmake
[2.928s] -- Installing: /home/xzq/Downloads/armor_ws/install/armor_interfaces/share/armor_interfaces/cmake/armor_interfacesConfig.cmake
[2.928s] -- Installing: /home/xzq/Downloads/armor_ws/install/armor_interfaces/share/armor_interfaces/cmake/armor_interfacesConfig-version.cmake
[2.928s] -- Installing: /home/xzq/Downloads/armor_ws/install/armor_interfaces/share/armor_interfaces/package.xml
[2.930s] Invoked command in '/home/xzq/Downloads/armor_ws/build/armor_interfaces' returned '0': CMAKE_PREFIX_PATH=/opt/ros/humble /usr/bin/cmake --install /home/xzq/Downloads/armor_ws/build/armor_interfaces
