[0.006s] Invoking command in '/home/xzq/project/armor_ws/build/armor_pub': AMENT_PREFIX_PATH=/home/xzq/project/armor_ws/install/armor_interfaces:${AMENT_PREFIX_PATH} CMAKE_PREFIX_PATH=/home/xzq/project/armor_ws/install/armor_interfaces:/opt/ros/humble LD_LIBRARY_PATH=/home/xzq/project/armor_ws/install/armor_interfaces/lib:/opt/MVS/lib/64:/opt/MVS/lib/32:/opt/MVS/lib/64:/opt/MVS/lib/32:/opt/MVS/lib/64:/opt/MVS/lib/32:/opt/ros/humble/opt/rviz_ogre_vendor/lib:/opt/ros/humble/lib/x86_64-linux-gnu:/opt/ros/humble/lib:/opt/MVS/lib/64:/opt/MVS/lib/32 PYTHONPATH=/home/xzq/project/armor_ws/install/armor_interfaces/local/lib/python3.10/dist-packages:${PYTHONPATH} /usr/bin/cmake --build /home/xzq/project/armor_ws/build/armor_pub -- -j12 -l12
[0.028s] [0m-- CMAKE_BUILD_TYPE: Release[0m
[0.028s] -- Found ament_cmake_auto: 1.3.11 (/opt/ros/humble/share/ament_cmake_auto/cmake)
[0.168s] -- Found rosidl_generator_c: 3.1.6 (/opt/ros/humble/share/rosidl_generator_c/cmake)
[0.170s] -- Found rosidl_adapter: 3.1.6 (/opt/ros/humble/share/rosidl_adapter/cmake)
[0.175s] -- Found rosidl_generator_cpp: 3.1.6 (/opt/ros/humble/share/rosidl_generator_cpp/cmake)
[0.181s] -- Using all available rosidl_typesupport_c: rosidl_typesupport_fastrtps_c;rosidl_typesupport_introspection_c
[0.189s] -- Using all available rosidl_typesupport_cpp: rosidl_typesupport_fastrtps_cpp;rosidl_typesupport_introspection_cpp
[0.207s] -- Found rmw_implementation_cmake: 6.1.2 (/opt/ros/humble/share/rmw_implementation_cmake/cmake)
[0.207s] -- Found rmw_fastrtps_cpp: 6.2.7 (/opt/ros/humble/share/rmw_fastrtps_cpp/cmake)
[0.265s] -- Using RMW implementation 'rmw_fastrtps_cpp' as default
[0.384s] -- Found eigen3_cmake_module: 0.1.1 (/opt/ros/humble/share/eigen3_cmake_module/cmake)
[0.385s] -- Ensuring Eigen3 include directory is part of orocos-kdl CMake target
[0.400s] -- Configuring done
[0.415s] -- Generating done
[0.420s] -- Build files have been written to: /home/xzq/project/armor_ws/build/armor_pub
[0.438s] [35m[1mConsolidate compiler generated dependencies of target hik_driver[0m
[0.438s] [35m[1mConsolidate compiler generated dependencies of target armor_pub_node[0m
[0.449s] [  7%] [32mBuilding CXX object HikDriver/CMakeFiles/hik_driver.dir/src/HikDriver.cpp.o[0m
[0.449s] [ 21%] Built target armor_pub_node
[1.570s] [ 28%] [32m[1mLinking CXX static library libhik_driver.a[0m
[1.614s] [ 28%] Built target hik_driver
[1.628s] [35m[1mConsolidate compiler generated dependencies of target armor_pub[0m
[1.650s] [ 35%] [32m[1mLinking CXX shared library libarmor_pub.so[0m
[1.794s] [100%] Built target armor_pub
[1.802s] Invoked command in '/home/xzq/project/armor_ws/build/armor_pub' returned '0': AMENT_PREFIX_PATH=/home/xzq/project/armor_ws/install/armor_interfaces:${AMENT_PREFIX_PATH} CMAKE_PREFIX_PATH=/home/xzq/project/armor_ws/install/armor_interfaces:/opt/ros/humble LD_LIBRARY_PATH=/home/xzq/project/armor_ws/install/armor_interfaces/lib:/opt/MVS/lib/64:/opt/MVS/lib/32:/opt/MVS/lib/64:/opt/MVS/lib/32:/opt/MVS/lib/64:/opt/MVS/lib/32:/opt/ros/humble/opt/rviz_ogre_vendor/lib:/opt/ros/humble/lib/x86_64-linux-gnu:/opt/ros/humble/lib:/opt/MVS/lib/64:/opt/MVS/lib/32 PYTHONPATH=/home/xzq/project/armor_ws/install/armor_interfaces/local/lib/python3.10/dist-packages:${PYTHONPATH} /usr/bin/cmake --build /home/xzq/project/armor_ws/build/armor_pub -- -j12 -l12
[1.803s] Invoking command in '/home/xzq/project/armor_ws/build/armor_pub': AMENT_PREFIX_PATH=/home/xzq/project/armor_ws/install/armor_interfaces:${AMENT_PREFIX_PATH} CMAKE_PREFIX_PATH=/home/xzq/project/armor_ws/install/armor_interfaces:/opt/ros/humble LD_LIBRARY_PATH=/home/xzq/project/armor_ws/install/armor_interfaces/lib:/opt/MVS/lib/64:/opt/MVS/lib/32:/opt/MVS/lib/64:/opt/MVS/lib/32:/opt/MVS/lib/64:/opt/MVS/lib/32:/opt/ros/humble/opt/rviz_ogre_vendor/lib:/opt/ros/humble/lib/x86_64-linux-gnu:/opt/ros/humble/lib:/opt/MVS/lib/64:/opt/MVS/lib/32 PYTHONPATH=/home/xzq/project/armor_ws/install/armor_interfaces/local/lib/python3.10/dist-packages:${PYTHONPATH} /usr/bin/cmake --install /home/xzq/project/armor_ws/build/armor_pub
[1.807s] -- Install configuration: "Release"
[1.807s] -- Installing: /home/xzq/project/armor_ws/install/armor_pub/lib/armor_pub/armor_pub_node
[1.807s] -- Set runtime path of "/home/xzq/project/armor_ws/install/armor_pub/lib/armor_pub/armor_pub_node" to ""
[1.807s] -- Installing: /home/xzq/project/armor_ws/install/armor_pub/include
[1.807s] -- Installing: /home/xzq/project/armor_ws/install/armor_pub/include/pnpslover.h
[1.807s] -- Installing: /home/xzq/project/armor_ws/install/armor_pub/include/detect.h
[1.807s] -- Installing: /home/xzq/project/armor_ws/install/armor_pub/share/armor_pub/environment/library_path.sh
[1.807s] -- Installing: /home/xzq/project/armor_ws/install/armor_pub/share/armor_pub/environment/library_path.dsv
[1.807s] -- Installing: /home/xzq/project/armor_ws/install/armor_pub/lib/libarmor_pub.so
[1.808s] -- Set runtime path of "/home/xzq/project/armor_ws/install/armor_pub/lib/libarmor_pub.so" to ""
[1.808s] -- Installing: /home/xzq/project/armor_ws/install/armor_pub/share/ament_index/resource_index/package_run_dependencies/armor_pub
[1.808s] -- Installing: /home/xzq/project/armor_ws/install/armor_pub/share/ament_index/resource_index/parent_prefix_path/armor_pub
[1.808s] -- Installing: /home/xzq/project/armor_ws/install/armor_pub/share/armor_pub/environment/ament_prefix_path.sh
[1.808s] -- Installing: /home/xzq/project/armor_ws/install/armor_pub/share/armor_pub/environment/ament_prefix_path.dsv
[1.808s] -- Installing: /home/xzq/project/armor_ws/install/armor_pub/share/armor_pub/environment/path.sh
[1.808s] -- Installing: /home/xzq/project/armor_ws/install/armor_pub/share/armor_pub/environment/path.dsv
[1.808s] -- Installing: /home/xzq/project/armor_ws/install/armor_pub/share/armor_pub/local_setup.bash
[1.808s] -- Installing: /home/xzq/project/armor_ws/install/armor_pub/share/armor_pub/local_setup.sh
[1.808s] -- Installing: /home/xzq/project/armor_ws/install/armor_pub/share/armor_pub/local_setup.zsh
[1.808s] -- Installing: /home/xzq/project/armor_ws/install/armor_pub/share/armor_pub/local_setup.dsv
[1.808s] -- Installing: /home/xzq/project/armor_ws/install/armor_pub/share/armor_pub/package.dsv
[1.808s] -- Installing: /home/xzq/project/armor_ws/install/armor_pub/share/ament_index/resource_index/packages/armor_pub
[1.808s] -- Installing: /home/xzq/project/armor_ws/install/armor_pub/share/ament_index/resource_index/rclcpp_components/armor_pub
[1.808s] -- Installing: /home/xzq/project/armor_ws/install/armor_pub/share/armor_pub/cmake/ament_cmake_export_dependencies-extras.cmake
[1.808s] -- Installing: /home/xzq/project/armor_ws/install/armor_pub/share/armor_pub/cmake/ament_cmake_export_include_directories-extras.cmake
[1.808s] -- Installing: /home/xzq/project/armor_ws/install/armor_pub/share/armor_pub/cmake/ament_cmake_export_libraries-extras.cmake
[1.808s] -- Installing: /home/xzq/project/armor_ws/install/armor_pub/share/armor_pub/cmake/armor_pubConfig.cmake
[1.808s] -- Installing: /home/xzq/project/armor_ws/install/armor_pub/share/armor_pub/cmake/armor_pubConfig-version.cmake
[1.808s] -- Installing: /home/xzq/project/armor_ws/install/armor_pub/share/armor_pub/package.xml
[1.810s] Invoked command in '/home/xzq/project/armor_ws/build/armor_pub' returned '0': AMENT_PREFIX_PATH=/home/xzq/project/armor_ws/install/armor_interfaces:${AMENT_PREFIX_PATH} CMAKE_PREFIX_PATH=/home/xzq/project/armor_ws/install/armor_interfaces:/opt/ros/humble LD_LIBRARY_PATH=/home/xzq/project/armor_ws/install/armor_interfaces/lib:/opt/MVS/lib/64:/opt/MVS/lib/32:/opt/MVS/lib/64:/opt/MVS/lib/32:/opt/MVS/lib/64:/opt/MVS/lib/32:/opt/ros/humble/opt/rviz_ogre_vendor/lib:/opt/ros/humble/lib/x86_64-linux-gnu:/opt/ros/humble/lib:/opt/MVS/lib/64:/opt/MVS/lib/32 PYTHONPATH=/home/xzq/project/armor_ws/install/armor_interfaces/local/lib/python3.10/dist-packages:${PYTHONPATH} /usr/bin/cmake --install /home/xzq/project/armor_ws/build/armor_pub
