[0.007s] Invoking command in '/home/xzq/project/armor_ws/build/hik_camera': AMENT_PREFIX_PATH=/home/xzq/project/armor_ws/install/armor_interfaces:${AMENT_PREFIX_PATH} CMAKE_PREFIX_PATH=/home/xzq/project/armor_ws/install/armor_interfaces:/opt/ros/humble LD_LIBRARY_PATH=/home/xzq/project/armor_ws/install/armor_interfaces/lib:/opt/MVS/lib/64:/opt/MVS/lib/32:/opt/MVS/lib/64:/opt/MVS/lib/32:/opt/MVS/lib/64:/opt/MVS/lib/32:/opt/ros/humble/opt/rviz_ogre_vendor/lib:/opt/ros/humble/lib/x86_64-linux-gnu:/opt/ros/humble/lib:/opt/MVS/lib/64:/opt/MVS/lib/32 PYTHONPATH=/home/xzq/project/armor_ws/install/armor_interfaces/local/lib/python3.10/dist-packages:${PYTHONPATH} /usr/bin/cmake /home/xzq/project/armor_ws/src/HikDriver -DCMAKE_INSTALL_PREFIX=/home/xzq/project/armor_ws/install/hik_camera
[0.047s] -- The C compiler identification is GNU 12.3.0
[0.082s] -- The CXX compiler identification is GNU 11.4.0
[0.086s] -- Detecting C compiler ABI info
[0.137s] -- Detecting C compiler ABI info - done
[0.143s] -- Check for working C compiler: /usr/bin/cc - skipped
[0.143s] -- Detecting C compile features
[0.143s] -- Detecting C compile features - done
[0.145s] -- Detecting CXX compiler ABI info
[0.200s] -- Detecting CXX compiler ABI info - done
[0.204s] -- Check for working CXX compiler: /usr/bin/c++ - skipped
[0.204s] -- Detecting CXX compile features
[0.205s] -- Detecting CXX compile features - done
[0.205s] [0m-- CMAKE_BUILD_TYPE: Release[0m
[0.206s] -- Looking for pthread.h
[0.255s] -- Looking for pthread.h - found
[0.255s] -- Performing Test CMAKE_HAVE_LIBC_PTHREAD
[0.308s] -- Performing Test CMAKE_HAVE_LIBC_PTHREAD - Success
[0.308s] -- Found Threads: TRUE  
[0.316s] -- Found OpenCV: /usr (found version "4.5.4") 
[0.317s] -- Found ament_cmake_auto: 1.3.11 (/opt/ros/humble/share/ament_cmake_auto/cmake)
[0.413s] -- Found Python3: /usr/bin/python3 (found version "3.10.12") found components: Interpreter 
[0.470s] -- Found rclcpp: 16.0.11 (/opt/ros/humble/share/rclcpp/cmake)
[0.493s] -- Found rosidl_generator_c: 3.1.6 (/opt/ros/humble/share/rosidl_generator_c/cmake)
[0.495s] -- Found rosidl_adapter: 3.1.6 (/opt/ros/humble/share/rosidl_adapter/cmake)
[0.499s] -- Found rosidl_generator_cpp: 3.1.6 (/opt/ros/humble/share/rosidl_generator_cpp/cmake)
[0.505s] -- Using all available rosidl_typesupport_c: rosidl_typesupport_fastrtps_c;rosidl_typesupport_introspection_c
[0.514s] -- Using all available rosidl_typesupport_cpp: rosidl_typesupport_fastrtps_cpp;rosidl_typesupport_introspection_cpp
[0.536s] -- Found rmw_implementation_cmake: 6.1.2 (/opt/ros/humble/share/rmw_implementation_cmake/cmake)
[0.537s] -- Found rmw_fastrtps_cpp: 6.2.7 (/opt/ros/humble/share/rmw_fastrtps_cpp/cmake)
[0.590s] -- Found OpenSSL: /usr/lib/x86_64-linux-gnu/libcrypto.so (found version "3.0.2")  
[0.609s] -- Found FastRTPS: /opt/ros/humble/include  
[0.634s] -- Using RMW implementation 'rmw_fastrtps_cpp' as default
[0.664s] -- Found rclcpp_components: 16.0.11 (/opt/ros/humble/share/rclcpp_components/cmake)
[0.808s] -- Found eigen3_cmake_module: 0.1.1 (/opt/ros/humble/share/eigen3_cmake_module/cmake)
[0.809s] -- Found Eigen3: TRUE (found version "3.4.0") 
[0.809s] -- Ensuring Eigen3 include directory is part of orocos-kdl CMake target
[0.819s] [31mCMake Error at /opt/ros/humble/share/ament_cmake_target_dependencies/cmake/ament_target_dependencies.cmake:42 (message):
[0.819s]   ament_target_dependencies() the first argument must be a valid target name
[0.819s] Call Stack (most recent call first):
[0.819s]   CMakeLists.txt:39 (ament_target_dependencies)
[0.819s] 
[0.819s] [0m
[0.819s] -- Configuring incomplete, errors occurred!
[0.819s] See also "/home/xzq/project/armor_ws/build/hik_camera/CMakeFiles/CMakeOutput.log".
[0.827s] Invoked command in '/home/xzq/project/armor_ws/build/hik_camera' returned '1': AMENT_PREFIX_PATH=/home/xzq/project/armor_ws/install/armor_interfaces:${AMENT_PREFIX_PATH} CMAKE_PREFIX_PATH=/home/xzq/project/armor_ws/install/armor_interfaces:/opt/ros/humble LD_LIBRARY_PATH=/home/xzq/project/armor_ws/install/armor_interfaces/lib:/opt/MVS/lib/64:/opt/MVS/lib/32:/opt/MVS/lib/64:/opt/MVS/lib/32:/opt/MVS/lib/64:/opt/MVS/lib/32:/opt/ros/humble/opt/rviz_ogre_vendor/lib:/opt/ros/humble/lib/x86_64-linux-gnu:/opt/ros/humble/lib:/opt/MVS/lib/64:/opt/MVS/lib/32 PYTHONPATH=/home/xzq/project/armor_ws/install/armor_interfaces/local/lib/python3.10/dist-packages:${PYTHONPATH} /usr/bin/cmake /home/xzq/project/armor_ws/src/HikDriver -DCMAKE_INSTALL_PREFIX=/home/xzq/project/armor_ws/install/hik_camera
