[0.006s] Invoking command in '/home/xzq/project/armor_ws/build/armor_pub': AMENT_PREFIX_PATH=/home/xzq/project/armor_ws/install/armor_interfaces:${AMENT_PREFIX_PATH} CMAKE_PREFIX_PATH=/home/xzq/project/armor_ws/install/armor_interfaces:/opt/ros/humble LD_LIBRARY_PATH=/home/xzq/project/armor_ws/install/armor_interfaces/lib:/opt/MVS/lib/64:/opt/MVS/lib/32:/opt/MVS/lib/64:/opt/MVS/lib/32:/opt/MVS/lib/64:/opt/MVS/lib/32:/opt/ros/humble/opt/rviz_ogre_vendor/lib:/opt/ros/humble/lib/x86_64-linux-gnu:/opt/ros/humble/lib:/opt/MVS/lib/64:/opt/MVS/lib/32 PYTHONPATH=/home/xzq/project/armor_ws/install/armor_interfaces/local/lib/python3.10/dist-packages:${PYTHONPATH} /usr/bin/cmake --build /home/xzq/project/armor_ws/build/armor_pub -- -j12 -l12
[0.029s] [0m-- CMAKE_BUILD_TYPE: Release[0m
[0.029s] -- Found ament_cmake_auto: 1.3.11 (/opt/ros/humble/share/ament_cmake_auto/cmake)
[0.163s] -- Found rosidl_generator_c: 3.1.6 (/opt/ros/humble/share/rosidl_generator_c/cmake)
[0.164s] -- Found rosidl_adapter: 3.1.6 (/opt/ros/humble/share/rosidl_adapter/cmake)
[0.167s] -- Found rosidl_generator_cpp: 3.1.6 (/opt/ros/humble/share/rosidl_generator_cpp/cmake)
[0.172s] -- Using all available rosidl_typesupport_c: rosidl_typesupport_fastrtps_c;rosidl_typesupport_introspection_c
[0.179s] -- Using all available rosidl_typesupport_cpp: rosidl_typesupport_fastrtps_cpp;rosidl_typesupport_introspection_cpp
[0.196s] -- Found rmw_implementation_cmake: 6.1.2 (/opt/ros/humble/share/rmw_implementation_cmake/cmake)
[0.197s] -- Found rmw_fastrtps_cpp: 6.2.7 (/opt/ros/humble/share/rmw_fastrtps_cpp/cmake)
[0.255s] -- Using RMW implementation 'rmw_fastrtps_cpp' as default
[0.376s] -- Found eigen3_cmake_module: 0.1.1 (/opt/ros/humble/share/eigen3_cmake_module/cmake)
[0.377s] -- Ensuring Eigen3 include directory is part of orocos-kdl CMake target
[0.392s] -- Configuring done
[0.398s] [31mCMake Error at /opt/ros/humble/share/ament_cmake_auto/cmake/ament_auto_add_library.cmake:66 (add_library):
[0.398s]   Target "armor_pub" links to target "fmt::fma_ptr" but the target was not
[0.398s]   found.  Perhaps a find_package() call is missing for an IMPORTED target, or
[0.398s]   an ALIAS target is missing?
[0.398s] Call Stack (most recent call first):
[0.398s]   CMakeLists.txt:29 (ament_auto_add_library)
[0.398s] 
[0.398s] [0m
[0.398s] [31mCMake Error at HikDriver/CMakeLists.txt:7 (add_library):
[0.398s]   Target "hik_driver" links to target "fmt::fma_ptr" but the target was not
[0.398s]   found.  Perhaps a find_package() call is missing for an IMPORTED target, or
[0.398s]   an ALIAS target is missing?
[0.398s] 
[0.398s] [0m
[0.402s] [31mCMake Error at HikDriver/CMakeLists.txt:7 (add_library):
[0.402s]   Target "hik_driver" links to target "fmt::fma_ptr" but the target was not
[0.402s]   found.  Perhaps a find_package() call is missing for an IMPORTED target, or
[0.402s]   an ALIAS target is missing?
[0.402s] 
[0.402s] [0m
[0.407s] -- Generating done
[0.408s] [0mCMake Generate step failed.  Build files cannot be regenerated correctly.[0m
[0.414s] gmake: *** [Makefile:538：cmake_check_build_system] 错误 1
[0.415s] Invoked command in '/home/xzq/project/armor_ws/build/armor_pub' returned '2': AMENT_PREFIX_PATH=/home/xzq/project/armor_ws/install/armor_interfaces:${AMENT_PREFIX_PATH} CMAKE_PREFIX_PATH=/home/xzq/project/armor_ws/install/armor_interfaces:/opt/ros/humble LD_LIBRARY_PATH=/home/xzq/project/armor_ws/install/armor_interfaces/lib:/opt/MVS/lib/64:/opt/MVS/lib/32:/opt/MVS/lib/64:/opt/MVS/lib/32:/opt/MVS/lib/64:/opt/MVS/lib/32:/opt/ros/humble/opt/rviz_ogre_vendor/lib:/opt/ros/humble/lib/x86_64-linux-gnu:/opt/ros/humble/lib:/opt/MVS/lib/64:/opt/MVS/lib/32 PYTHONPATH=/home/xzq/project/armor_ws/install/armor_interfaces/local/lib/python3.10/dist-packages:${PYTHONPATH} /usr/bin/cmake --build /home/xzq/project/armor_ws/build/armor_pub -- -j12 -l12
