[0.057s] DEBUG:colcon:Command line arguments: ['/usr/bin/colcon', 'build']
[0.057s] DEBUG:colcon:Parsed command line arguments: Namespace(log_base=None, log_level=None, verb_name='build', build_base='build', install_base='install', merge_install=False, symlink_install=False, test_result_base=None, continue_on_error=False, executor='parallel', parallel_workers=12, event_handlers=None, ignore_user_meta=False, metas=['./colcon.meta'], base_paths=['.'], packages_ignore=None, packages_ignore_regex=None, paths=None, packages_up_to=None, packages_up_to_regex=None, packages_above=None, packages_above_and_dependencies=None, packages_above_depth=None, packages_select_by_dep=None, packages_skip_by_dep=None, packages_skip_up_to=None, packages_select_build_failed=False, packages_skip_build_finished=False, packages_select_test_failures=False, packages_skip_test_passed=False, packages_select=None, packages_skip=None, packages_select_regex=None, packages_skip_regex=None, packages_start=None, packages_end=None, allow_overriding=[], cmake_args=None, cmake_target=None, cmake_target_skip_unavailable=False, cmake_clean_cache=False, cmake_clean_first=False, cmake_force_configure=False, ament_cmake_args=None, catkin_cmake_args=None, catkin_skip_building_tests=False, mixin_files=None, mixin=None, verb_parser=<colcon_mixin.mixin.mixin_argument.MixinArgumentDecorator object at 0x77b770742c80>, verb_extension=<colcon_core.verb.build.BuildVerb object at 0x77b770837b50>, main=<bound method BuildVerb.main of <colcon_core.verb.build.BuildVerb object at 0x77b770837b50>>, mixin_verb=('build',))
[0.139s] Level 1:colcon.colcon_core.package_discovery:discover_packages(colcon_meta) check parameters
[0.139s] Level 1:colcon.colcon_core.package_discovery:discover_packages(recursive) check parameters
[0.140s] Level 1:colcon.colcon_core.package_discovery:discover_packages(ignore) check parameters
[0.140s] Level 1:colcon.colcon_core.package_discovery:discover_packages(path) check parameters
[0.140s] Level 1:colcon.colcon_core.package_discovery:discover_packages(colcon_meta) discover
[0.140s] Level 1:colcon.colcon_core.package_discovery:discover_packages(recursive) discover
[0.140s] INFO:colcon.colcon_core.package_discovery:Crawling recursively for packages in '/home/xzq/project/ros2_ws'
[0.140s] Level 1:colcon.colcon_core.package_identification:_identify(.) by extensions ['ignore', 'ignore_ament_install']
[0.140s] Level 1:colcon.colcon_core.package_identification:_identify(.) by extension 'ignore'
[0.140s] Level 1:colcon.colcon_core.package_identification:_identify(.) by extension 'ignore_ament_install'
[0.140s] Level 1:colcon.colcon_core.package_identification:_identify(.) by extensions ['colcon_pkg']
[0.140s] Level 1:colcon.colcon_core.package_identification:_identify(.) by extension 'colcon_pkg'
[0.140s] Level 1:colcon.colcon_core.package_identification:_identify(.) by extensions ['colcon_meta']
[0.140s] Level 1:colcon.colcon_core.package_identification:_identify(.) by extension 'colcon_meta'
[0.140s] Level 1:colcon.colcon_core.package_identification:_identify(.) by extensions ['ros']
[0.140s] Level 1:colcon.colcon_core.package_identification:_identify(.) by extension 'ros'
[0.146s] Level 1:colcon.colcon_core.package_identification:_identify(.) by extensions ['cmake', 'python']
[0.146s] Level 1:colcon.colcon_core.package_identification:_identify(.) by extension 'cmake'
[0.146s] Level 1:colcon.colcon_core.package_identification:_identify(.) by extension 'python'
[0.146s] Level 1:colcon.colcon_core.package_identification:_identify(.) by extensions ['python_setup_py']
[0.146s] Level 1:colcon.colcon_core.package_identification:_identify(.) by extension 'python_setup_py'
[0.146s] Level 1:colcon.colcon_core.package_identification:_identify(build) by extensions ['ignore', 'ignore_ament_install']
[0.146s] Level 1:colcon.colcon_core.package_identification:_identify(build) by extension 'ignore'
[0.146s] Level 1:colcon.colcon_core.package_identification:_identify(build) ignored
[0.147s] Level 1:colcon.colcon_core.package_identification:_identify(install) by extensions ['ignore', 'ignore_ament_install']
[0.147s] Level 1:colcon.colcon_core.package_identification:_identify(install) by extension 'ignore'
[0.147s] Level 1:colcon.colcon_core.package_identification:_identify(install) ignored
[0.147s] Level 1:colcon.colcon_core.package_identification:_identify(log) by extensions ['ignore', 'ignore_ament_install']
[0.147s] Level 1:colcon.colcon_core.package_identification:_identify(log) by extension 'ignore'
[0.147s] Level 1:colcon.colcon_core.package_identification:_identify(log) ignored
[0.147s] Level 1:colcon.colcon_core.package_identification:_identify(src) by extensions ['ignore', 'ignore_ament_install']
[0.147s] Level 1:colcon.colcon_core.package_identification:_identify(src) by extension 'ignore'
[0.147s] Level 1:colcon.colcon_core.package_identification:_identify(src) by extension 'ignore_ament_install'
[0.147s] Level 1:colcon.colcon_core.package_identification:_identify(src) by extensions ['colcon_pkg']
[0.147s] Level 1:colcon.colcon_core.package_identification:_identify(src) by extension 'colcon_pkg'
[0.147s] Level 1:colcon.colcon_core.package_identification:_identify(src) by extensions ['colcon_meta']
[0.147s] Level 1:colcon.colcon_core.package_identification:_identify(src) by extension 'colcon_meta'
[0.147s] Level 1:colcon.colcon_core.package_identification:_identify(src) by extensions ['ros']
[0.147s] Level 1:colcon.colcon_core.package_identification:_identify(src) by extension 'ros'
[0.147s] Level 1:colcon.colcon_core.package_identification:_identify(src) by extensions ['cmake', 'python']
[0.147s] Level 1:colcon.colcon_core.package_identification:_identify(src) by extension 'cmake'
[0.147s] Level 1:colcon.colcon_core.package_identification:_identify(src) by extension 'python'
[0.147s] Level 1:colcon.colcon_core.package_identification:_identify(src) by extensions ['python_setup_py']
[0.147s] Level 1:colcon.colcon_core.package_identification:_identify(src) by extension 'python_setup_py'
[0.147s] Level 1:colcon.colcon_core.package_identification:_identify(src/ArmorPub) by extensions ['ignore', 'ignore_ament_install']
[0.147s] Level 1:colcon.colcon_core.package_identification:_identify(src/ArmorPub) by extension 'ignore'
[0.147s] Level 1:colcon.colcon_core.package_identification:_identify(src/ArmorPub) by extension 'ignore_ament_install'
[0.147s] Level 1:colcon.colcon_core.package_identification:_identify(src/ArmorPub) by extensions ['colcon_pkg']
[0.147s] Level 1:colcon.colcon_core.package_identification:_identify(src/ArmorPub) by extension 'colcon_pkg'
[0.147s] Level 1:colcon.colcon_core.package_identification:_identify(src/ArmorPub) by extensions ['colcon_meta']
[0.147s] Level 1:colcon.colcon_core.package_identification:_identify(src/ArmorPub) by extension 'colcon_meta'
[0.147s] Level 1:colcon.colcon_core.package_identification:_identify(src/ArmorPub) by extensions ['ros']
[0.147s] Level 1:colcon.colcon_core.package_identification:_identify(src/ArmorPub) by extension 'ros'
[0.149s] DEBUG:colcon.colcon_core.package_identification:Package 'src/ArmorPub' with type 'ros.ament_cmake' and name 'armor_pub'
[0.149s] Level 1:colcon.colcon_core.package_identification:_identify(src/ArmorSub) by extensions ['ignore', 'ignore_ament_install']
[0.149s] Level 1:colcon.colcon_core.package_identification:_identify(src/ArmorSub) by extension 'ignore'
[0.149s] Level 1:colcon.colcon_core.package_identification:_identify(src/ArmorSub) by extension 'ignore_ament_install'
[0.149s] Level 1:colcon.colcon_core.package_identification:_identify(src/ArmorSub) by extensions ['colcon_pkg']
[0.149s] Level 1:colcon.colcon_core.package_identification:_identify(src/ArmorSub) by extension 'colcon_pkg'
[0.149s] Level 1:colcon.colcon_core.package_identification:_identify(src/ArmorSub) by extensions ['colcon_meta']
[0.149s] Level 1:colcon.colcon_core.package_identification:_identify(src/ArmorSub) by extension 'colcon_meta'
[0.149s] Level 1:colcon.colcon_core.package_identification:_identify(src/ArmorSub) by extensions ['ros']
[0.149s] Level 1:colcon.colcon_core.package_identification:_identify(src/ArmorSub) by extension 'ros'
[0.150s] DEBUG:colcon.colcon_core.package_identification:Package 'src/ArmorSub' with type 'ros.ament_cmake' and name 'armor_sub'
[0.150s] Level 1:colcon.colcon_core.package_identification:_identify(src/armor_interfaces) by extensions ['ignore', 'ignore_ament_install']
[0.150s] Level 1:colcon.colcon_core.package_identification:_identify(src/armor_interfaces) by extension 'ignore'
[0.150s] Level 1:colcon.colcon_core.package_identification:_identify(src/armor_interfaces) by extension 'ignore_ament_install'
[0.151s] Level 1:colcon.colcon_core.package_identification:_identify(src/armor_interfaces) by extensions ['colcon_pkg']
[0.151s] Level 1:colcon.colcon_core.package_identification:_identify(src/armor_interfaces) by extension 'colcon_pkg'
[0.151s] Level 1:colcon.colcon_core.package_identification:_identify(src/armor_interfaces) by extensions ['colcon_meta']
[0.151s] Level 1:colcon.colcon_core.package_identification:_identify(src/armor_interfaces) by extension 'colcon_meta'
[0.151s] Level 1:colcon.colcon_core.package_identification:_identify(src/armor_interfaces) by extensions ['ros']
[0.151s] Level 1:colcon.colcon_core.package_identification:_identify(src/armor_interfaces) by extension 'ros'
[0.151s] DEBUG:colcon.colcon_core.package_identification:Package 'src/armor_interfaces' with type 'ros.ament_cmake' and name 'armor_interfaces'
[0.151s] Level 1:colcon.colcon_core.package_identification:_identify(src/build) by extensions ['ignore', 'ignore_ament_install']
[0.151s] Level 1:colcon.colcon_core.package_identification:_identify(src/build) by extension 'ignore'
[0.151s] Level 1:colcon.colcon_core.package_identification:_identify(src/build) by extension 'ignore_ament_install'
[0.151s] Level 1:colcon.colcon_core.package_identification:_identify(src/build) by extensions ['colcon_pkg']
[0.151s] Level 1:colcon.colcon_core.package_identification:_identify(src/build) by extension 'colcon_pkg'
[0.151s] Level 1:colcon.colcon_core.package_identification:_identify(src/build) by extensions ['colcon_meta']
[0.151s] Level 1:colcon.colcon_core.package_identification:_identify(src/build) by extension 'colcon_meta'
[0.151s] Level 1:colcon.colcon_core.package_identification:_identify(src/build) by extensions ['ros']
[0.151s] Level 1:colcon.colcon_core.package_identification:_identify(src/build) by extension 'ros'
[0.151s] Level 1:colcon.colcon_core.package_identification:_identify(src/build) by extensions ['cmake', 'python']
[0.151s] Level 1:colcon.colcon_core.package_identification:_identify(src/build) by extension 'cmake'
[0.151s] Level 1:colcon.colcon_core.package_identification:_identify(src/build) by extension 'python'
[0.151s] Level 1:colcon.colcon_core.package_identification:_identify(src/build) by extensions ['python_setup_py']
[0.151s] Level 1:colcon.colcon_core.package_identification:_identify(src/build) by extension 'python_setup_py'
[0.151s] Level 1:colcon.colcon_core.package_identification:_identify(src/build/ArmorPub) by extensions ['ignore', 'ignore_ament_install']
[0.151s] Level 1:colcon.colcon_core.package_identification:_identify(src/build/ArmorPub) by extension 'ignore'
[0.151s] Level 1:colcon.colcon_core.package_identification:_identify(src/build/ArmorPub) by extension 'ignore_ament_install'
[0.151s] Level 1:colcon.colcon_core.package_identification:_identify(src/build/ArmorPub) by extensions ['colcon_pkg']
[0.151s] Level 1:colcon.colcon_core.package_identification:_identify(src/build/ArmorPub) by extension 'colcon_pkg'
[0.151s] Level 1:colcon.colcon_core.package_identification:_identify(src/build/ArmorPub) by extensions ['colcon_meta']
[0.151s] Level 1:colcon.colcon_core.package_identification:_identify(src/build/ArmorPub) by extension 'colcon_meta'
[0.151s] Level 1:colcon.colcon_core.package_identification:_identify(src/build/ArmorPub) by extensions ['ros']
[0.151s] Level 1:colcon.colcon_core.package_identification:_identify(src/build/ArmorPub) by extension 'ros'
[0.151s] Level 1:colcon.colcon_core.package_identification:_identify(src/build/ArmorPub) by extensions ['cmake', 'python']
[0.151s] Level 1:colcon.colcon_core.package_identification:_identify(src/build/ArmorPub) by extension 'cmake'
[0.152s] Level 1:colcon.colcon_core.package_identification:_identify(src/build/ArmorPub) by extension 'python'
[0.152s] Level 1:colcon.colcon_core.package_identification:_identify(src/build/ArmorPub) by extensions ['python_setup_py']
[0.152s] Level 1:colcon.colcon_core.package_identification:_identify(src/build/ArmorPub) by extension 'python_setup_py'
[0.152s] Level 1:colcon.colcon_core.package_identification:_identify(src/build/ArmorPub/CMakeFiles) by extensions ['ignore', 'ignore_ament_install']
[0.152s] Level 1:colcon.colcon_core.package_identification:_identify(src/build/ArmorPub/CMakeFiles) by extension 'ignore'
[0.152s] Level 1:colcon.colcon_core.package_identification:_identify(src/build/ArmorPub/CMakeFiles) by extension 'ignore_ament_install'
[0.152s] Level 1:colcon.colcon_core.package_identification:_identify(src/build/ArmorPub/CMakeFiles) by extensions ['colcon_pkg']
[0.152s] Level 1:colcon.colcon_core.package_identification:_identify(src/build/ArmorPub/CMakeFiles) by extension 'colcon_pkg'
[0.152s] Level 1:colcon.colcon_core.package_identification:_identify(src/build/ArmorPub/CMakeFiles) by extensions ['colcon_meta']
[0.152s] Level 1:colcon.colcon_core.package_identification:_identify(src/build/ArmorPub/CMakeFiles) by extension 'colcon_meta'
[0.152s] Level 1:colcon.colcon_core.package_identification:_identify(src/build/ArmorPub/CMakeFiles) by extensions ['ros']
[0.152s] Level 1:colcon.colcon_core.package_identification:_identify(src/build/ArmorPub/CMakeFiles) by extension 'ros'
[0.152s] Level 1:colcon.colcon_core.package_identification:_identify(src/build/ArmorPub/CMakeFiles) by extensions ['cmake', 'python']
[0.152s] Level 1:colcon.colcon_core.package_identification:_identify(src/build/ArmorPub/CMakeFiles) by extension 'cmake'
[0.152s] Level 1:colcon.colcon_core.package_identification:_identify(src/build/ArmorPub/CMakeFiles) by extension 'python'
[0.152s] Level 1:colcon.colcon_core.package_identification:_identify(src/build/ArmorPub/CMakeFiles) by extensions ['python_setup_py']
[0.152s] Level 1:colcon.colcon_core.package_identification:_identify(src/build/ArmorPub/CMakeFiles) by extension 'python_setup_py'
[0.152s] Level 1:colcon.colcon_core.package_identification:_identify(src/build/ArmorPub/ament_cmake_core) by extensions ['ignore', 'ignore_ament_install']
[0.152s] Level 1:colcon.colcon_core.package_identification:_identify(src/build/ArmorPub/ament_cmake_core) by extension 'ignore'
[0.152s] Level 1:colcon.colcon_core.package_identification:_identify(src/build/ArmorPub/ament_cmake_core) by extension 'ignore_ament_install'
[0.152s] Level 1:colcon.colcon_core.package_identification:_identify(src/build/ArmorPub/ament_cmake_core) by extensions ['colcon_pkg']
[0.152s] Level 1:colcon.colcon_core.package_identification:_identify(src/build/ArmorPub/ament_cmake_core) by extension 'colcon_pkg'
[0.152s] Level 1:colcon.colcon_core.package_identification:_identify(src/build/ArmorPub/ament_cmake_core) by extensions ['colcon_meta']
[0.152s] Level 1:colcon.colcon_core.package_identification:_identify(src/build/ArmorPub/ament_cmake_core) by extension 'colcon_meta'
[0.152s] Level 1:colcon.colcon_core.package_identification:_identify(src/build/ArmorPub/ament_cmake_core) by extensions ['ros']
[0.152s] Level 1:colcon.colcon_core.package_identification:_identify(src/build/ArmorPub/ament_cmake_core) by extension 'ros'
[0.152s] Level 1:colcon.colcon_core.package_identification:_identify(src/build/ArmorPub/ament_cmake_core) by extensions ['cmake', 'python']
[0.152s] Level 1:colcon.colcon_core.package_identification:_identify(src/build/ArmorPub/ament_cmake_core) by extension 'cmake'
[0.152s] Level 1:colcon.colcon_core.package_identification:_identify(src/build/ArmorPub/ament_cmake_core) by extension 'python'
[0.152s] Level 1:colcon.colcon_core.package_identification:_identify(src/build/ArmorPub/ament_cmake_core) by extensions ['python_setup_py']
[0.152s] Level 1:colcon.colcon_core.package_identification:_identify(src/build/ArmorPub/ament_cmake_core) by extension 'python_setup_py'
[0.152s] Level 1:colcon.colcon_core.package_identification:_identify(src/build/ArmorPub/ament_cmake_core/stamps) by extensions ['ignore', 'ignore_ament_install']
[0.152s] Level 1:colcon.colcon_core.package_identification:_identify(src/build/ArmorPub/ament_cmake_core/stamps) by extension 'ignore'
[0.152s] Level 1:colcon.colcon_core.package_identification:_identify(src/build/ArmorPub/ament_cmake_core/stamps) by extension 'ignore_ament_install'
[0.152s] Level 1:colcon.colcon_core.package_identification:_identify(src/build/ArmorPub/ament_cmake_core/stamps) by extensions ['colcon_pkg']
[0.152s] Level 1:colcon.colcon_core.package_identification:_identify(src/build/ArmorPub/ament_cmake_core/stamps) by extension 'colcon_pkg'
[0.152s] Level 1:colcon.colcon_core.package_identification:_identify(src/build/ArmorPub/ament_cmake_core/stamps) by extensions ['colcon_meta']
[0.152s] Level 1:colcon.colcon_core.package_identification:_identify(src/build/ArmorPub/ament_cmake_core/stamps) by extension 'colcon_meta'
[0.152s] Level 1:colcon.colcon_core.package_identification:_identify(src/build/ArmorPub/ament_cmake_core/stamps) by extensions ['ros']
[0.152s] Level 1:colcon.colcon_core.package_identification:_identify(src/build/ArmorPub/ament_cmake_core/stamps) by extension 'ros'
[0.152s] Level 1:colcon.colcon_core.package_identification:_identify(src/build/ArmorPub/ament_cmake_core/stamps) by extensions ['cmake', 'python']
[0.152s] Level 1:colcon.colcon_core.package_identification:_identify(src/build/ArmorPub/ament_cmake_core/stamps) by extension 'cmake'
[0.152s] Level 1:colcon.colcon_core.package_identification:_identify(src/build/ArmorPub/ament_cmake_core/stamps) by extension 'python'
[0.152s] Level 1:colcon.colcon_core.package_identification:_identify(src/build/ArmorPub/ament_cmake_core/stamps) by extensions ['python_setup_py']
[0.152s] Level 1:colcon.colcon_core.package_identification:_identify(src/build/ArmorPub/ament_cmake_core/stamps) by extension 'python_setup_py'
[0.152s] Level 1:colcon.colcon_core.package_identification:_identify(src/build/ArmorPub/ament_cmake_package_templates) by extensions ['ignore', 'ignore_ament_install']
[0.153s] Level 1:colcon.colcon_core.package_identification:_identify(src/build/ArmorPub/ament_cmake_package_templates) by extension 'ignore'
[0.153s] Level 1:colcon.colcon_core.package_identification:_identify(src/build/ArmorPub/ament_cmake_package_templates) by extension 'ignore_ament_install'
[0.153s] Level 1:colcon.colcon_core.package_identification:_identify(src/build/ArmorPub/ament_cmake_package_templates) by extensions ['colcon_pkg']
[0.153s] Level 1:colcon.colcon_core.package_identification:_identify(src/build/ArmorPub/ament_cmake_package_templates) by extension 'colcon_pkg'
[0.153s] Level 1:colcon.colcon_core.package_identification:_identify(src/build/ArmorPub/ament_cmake_package_templates) by extensions ['colcon_meta']
[0.153s] Level 1:colcon.colcon_core.package_identification:_identify(src/build/ArmorPub/ament_cmake_package_templates) by extension 'colcon_meta'
[0.153s] Level 1:colcon.colcon_core.package_identification:_identify(src/build/ArmorPub/ament_cmake_package_templates) by extensions ['ros']
[0.153s] Level 1:colcon.colcon_core.package_identification:_identify(src/build/ArmorPub/ament_cmake_package_templates) by extension 'ros'
[0.153s] Level 1:colcon.colcon_core.package_identification:_identify(src/build/ArmorPub/ament_cmake_package_templates) by extensions ['cmake', 'python']
[0.153s] Level 1:colcon.colcon_core.package_identification:_identify(src/build/ArmorPub/ament_cmake_package_templates) by extension 'cmake'
[0.153s] Level 1:colcon.colcon_core.package_identification:_identify(src/build/ArmorPub/ament_cmake_package_templates) by extension 'python'
[0.153s] Level 1:colcon.colcon_core.package_identification:_identify(src/build/ArmorPub/ament_cmake_package_templates) by extensions ['python_setup_py']
[0.153s] Level 1:colcon.colcon_core.package_identification:_identify(src/build/ArmorPub/ament_cmake_package_templates) by extension 'python_setup_py'
[0.153s] Level 1:colcon.colcon_core.package_identification:_identify(src/build/ArmorPub/ament_cmake_uninstall_target) by extensions ['ignore', 'ignore_ament_install']
[0.153s] Level 1:colcon.colcon_core.package_identification:_identify(src/build/ArmorPub/ament_cmake_uninstall_target) by extension 'ignore'
[0.153s] Level 1:colcon.colcon_core.package_identification:_identify(src/build/ArmorPub/ament_cmake_uninstall_target) by extension 'ignore_ament_install'
[0.153s] Level 1:colcon.colcon_core.package_identification:_identify(src/build/ArmorPub/ament_cmake_uninstall_target) by extensions ['colcon_pkg']
[0.153s] Level 1:colcon.colcon_core.package_identification:_identify(src/build/ArmorPub/ament_cmake_uninstall_target) by extension 'colcon_pkg'
[0.153s] Level 1:colcon.colcon_core.package_identification:_identify(src/build/ArmorPub/ament_cmake_uninstall_target) by extensions ['colcon_meta']
[0.153s] Level 1:colcon.colcon_core.package_identification:_identify(src/build/ArmorPub/ament_cmake_uninstall_target) by extension 'colcon_meta'
[0.153s] Level 1:colcon.colcon_core.package_identification:_identify(src/build/ArmorPub/ament_cmake_uninstall_target) by extensions ['ros']
[0.153s] Level 1:colcon.colcon_core.package_identification:_identify(src/build/ArmorPub/ament_cmake_uninstall_target) by extension 'ros'
[0.153s] Level 1:colcon.colcon_core.package_identification:_identify(src/build/ArmorPub/ament_cmake_uninstall_target) by extensions ['cmake', 'python']
[0.153s] Level 1:colcon.colcon_core.package_identification:_identify(src/build/ArmorPub/ament_cmake_uninstall_target) by extension 'cmake'
[0.153s] Level 1:colcon.colcon_core.package_identification:_identify(src/build/ArmorPub/ament_cmake_uninstall_target) by extension 'python'
[0.153s] Level 1:colcon.colcon_core.package_identification:_identify(src/build/ArmorPub/ament_cmake_uninstall_target) by extensions ['python_setup_py']
[0.153s] Level 1:colcon.colcon_core.package_identification:_identify(src/build/ArmorPub/ament_cmake_uninstall_target) by extension 'python_setup_py'
[0.153s] Level 1:colcon.colcon_core.package_identification:_identify(src/build/CMakeFiles) by extensions ['ignore', 'ignore_ament_install']
[0.153s] Level 1:colcon.colcon_core.package_identification:_identify(src/build/CMakeFiles) by extension 'ignore'
[0.153s] Level 1:colcon.colcon_core.package_identification:_identify(src/build/CMakeFiles) by extension 'ignore_ament_install'
[0.153s] Level 1:colcon.colcon_core.package_identification:_identify(src/build/CMakeFiles) by extensions ['colcon_pkg']
[0.153s] Level 1:colcon.colcon_core.package_identification:_identify(src/build/CMakeFiles) by extension 'colcon_pkg'
[0.153s] Level 1:colcon.colcon_core.package_identification:_identify(src/build/CMakeFiles) by extensions ['colcon_meta']
[0.153s] Level 1:colcon.colcon_core.package_identification:_identify(src/build/CMakeFiles) by extension 'colcon_meta'
[0.153s] Level 1:colcon.colcon_core.package_identification:_identify(src/build/CMakeFiles) by extensions ['ros']
[0.153s] Level 1:colcon.colcon_core.package_identification:_identify(src/build/CMakeFiles) by extension 'ros'
[0.153s] Level 1:colcon.colcon_core.package_identification:_identify(src/build/CMakeFiles) by extensions ['cmake', 'python']
[0.153s] Level 1:colcon.colcon_core.package_identification:_identify(src/build/CMakeFiles) by extension 'cmake'
[0.153s] Level 1:colcon.colcon_core.package_identification:_identify(src/build/CMakeFiles) by extension 'python'
[0.153s] Level 1:colcon.colcon_core.package_identification:_identify(src/build/CMakeFiles) by extensions ['python_setup_py']
[0.153s] Level 1:colcon.colcon_core.package_identification:_identify(src/build/CMakeFiles) by extension 'python_setup_py'
[0.153s] Level 1:colcon.colcon_core.package_identification:_identify(src/build/CMakeFiles/3.22.1) by extensions ['ignore', 'ignore_ament_install']
[0.153s] Level 1:colcon.colcon_core.package_identification:_identify(src/build/CMakeFiles/3.22.1) by extension 'ignore'
[0.153s] Level 1:colcon.colcon_core.package_identification:_identify(src/build/CMakeFiles/3.22.1) by extension 'ignore_ament_install'
[0.153s] Level 1:colcon.colcon_core.package_identification:_identify(src/build/CMakeFiles/3.22.1) by extensions ['colcon_pkg']
[0.153s] Level 1:colcon.colcon_core.package_identification:_identify(src/build/CMakeFiles/3.22.1) by extension 'colcon_pkg'
[0.153s] Level 1:colcon.colcon_core.package_identification:_identify(src/build/CMakeFiles/3.22.1) by extensions ['colcon_meta']
[0.153s] Level 1:colcon.colcon_core.package_identification:_identify(src/build/CMakeFiles/3.22.1) by extension 'colcon_meta'
[0.153s] Level 1:colcon.colcon_core.package_identification:_identify(src/build/CMakeFiles/3.22.1) by extensions ['ros']
[0.153s] Level 1:colcon.colcon_core.package_identification:_identify(src/build/CMakeFiles/3.22.1) by extension 'ros'
[0.154s] Level 1:colcon.colcon_core.package_identification:_identify(src/build/CMakeFiles/3.22.1) by extensions ['cmake', 'python']
[0.154s] Level 1:colcon.colcon_core.package_identification:_identify(src/build/CMakeFiles/3.22.1) by extension 'cmake'
[0.154s] Level 1:colcon.colcon_core.package_identification:_identify(src/build/CMakeFiles/3.22.1) by extension 'python'
[0.154s] Level 1:colcon.colcon_core.package_identification:_identify(src/build/CMakeFiles/3.22.1) by extensions ['python_setup_py']
[0.154s] Level 1:colcon.colcon_core.package_identification:_identify(src/build/CMakeFiles/3.22.1) by extension 'python_setup_py'
[0.154s] Level 1:colcon.colcon_core.package_identification:_identify(src/build/CMakeFiles/3.22.1/CompilerIdC) by extensions ['ignore', 'ignore_ament_install']
[0.154s] Level 1:colcon.colcon_core.package_identification:_identify(src/build/CMakeFiles/3.22.1/CompilerIdC) by extension 'ignore'
[0.154s] Level 1:colcon.colcon_core.package_identification:_identify(src/build/CMakeFiles/3.22.1/CompilerIdC) by extension 'ignore_ament_install'
[0.154s] Level 1:colcon.colcon_core.package_identification:_identify(src/build/CMakeFiles/3.22.1/CompilerIdC) by extensions ['colcon_pkg']
[0.154s] Level 1:colcon.colcon_core.package_identification:_identify(src/build/CMakeFiles/3.22.1/CompilerIdC) by extension 'colcon_pkg'
[0.154s] Level 1:colcon.colcon_core.package_identification:_identify(src/build/CMakeFiles/3.22.1/CompilerIdC) by extensions ['colcon_meta']
[0.154s] Level 1:colcon.colcon_core.package_identification:_identify(src/build/CMakeFiles/3.22.1/CompilerIdC) by extension 'colcon_meta'
[0.154s] Level 1:colcon.colcon_core.package_identification:_identify(src/build/CMakeFiles/3.22.1/CompilerIdC) by extensions ['ros']
[0.154s] Level 1:colcon.colcon_core.package_identification:_identify(src/build/CMakeFiles/3.22.1/CompilerIdC) by extension 'ros'
[0.154s] Level 1:colcon.colcon_core.package_identification:_identify(src/build/CMakeFiles/3.22.1/CompilerIdC) by extensions ['cmake', 'python']
[0.154s] Level 1:colcon.colcon_core.package_identification:_identify(src/build/CMakeFiles/3.22.1/CompilerIdC) by extension 'cmake'
[0.154s] Level 1:colcon.colcon_core.package_identification:_identify(src/build/CMakeFiles/3.22.1/CompilerIdC) by extension 'python'
[0.154s] Level 1:colcon.colcon_core.package_identification:_identify(src/build/CMakeFiles/3.22.1/CompilerIdC) by extensions ['python_setup_py']
[0.154s] Level 1:colcon.colcon_core.package_identification:_identify(src/build/CMakeFiles/3.22.1/CompilerIdC) by extension 'python_setup_py'
[0.154s] Level 1:colcon.colcon_core.package_identification:_identify(src/build/CMakeFiles/3.22.1/CompilerIdC/tmp) by extensions ['ignore', 'ignore_ament_install']
[0.154s] Level 1:colcon.colcon_core.package_identification:_identify(src/build/CMakeFiles/3.22.1/CompilerIdC/tmp) by extension 'ignore'
[0.154s] Level 1:colcon.colcon_core.package_identification:_identify(src/build/CMakeFiles/3.22.1/CompilerIdC/tmp) by extension 'ignore_ament_install'
[0.154s] Level 1:colcon.colcon_core.package_identification:_identify(src/build/CMakeFiles/3.22.1/CompilerIdC/tmp) by extensions ['colcon_pkg']
[0.154s] Level 1:colcon.colcon_core.package_identification:_identify(src/build/CMakeFiles/3.22.1/CompilerIdC/tmp) by extension 'colcon_pkg'
[0.154s] Level 1:colcon.colcon_core.package_identification:_identify(src/build/CMakeFiles/3.22.1/CompilerIdC/tmp) by extensions ['colcon_meta']
[0.154s] Level 1:colcon.colcon_core.package_identification:_identify(src/build/CMakeFiles/3.22.1/CompilerIdC/tmp) by extension 'colcon_meta'
[0.154s] Level 1:colcon.colcon_core.package_identification:_identify(src/build/CMakeFiles/3.22.1/CompilerIdC/tmp) by extensions ['ros']
[0.154s] Level 1:colcon.colcon_core.package_identification:_identify(src/build/CMakeFiles/3.22.1/CompilerIdC/tmp) by extension 'ros'
[0.154s] Level 1:colcon.colcon_core.package_identification:_identify(src/build/CMakeFiles/3.22.1/CompilerIdC/tmp) by extensions ['cmake', 'python']
[0.154s] Level 1:colcon.colcon_core.package_identification:_identify(src/build/CMakeFiles/3.22.1/CompilerIdC/tmp) by extension 'cmake'
[0.154s] Level 1:colcon.colcon_core.package_identification:_identify(src/build/CMakeFiles/3.22.1/CompilerIdC/tmp) by extension 'python'
[0.154s] Level 1:colcon.colcon_core.package_identification:_identify(src/build/CMakeFiles/3.22.1/CompilerIdC/tmp) by extensions ['python_setup_py']
[0.154s] Level 1:colcon.colcon_core.package_identification:_identify(src/build/CMakeFiles/3.22.1/CompilerIdC/tmp) by extension 'python_setup_py'
[0.154s] Level 1:colcon.colcon_core.package_identification:_identify(src/build/CMakeFiles/3.22.1/CompilerIdCXX) by extensions ['ignore', 'ignore_ament_install']
[0.154s] Level 1:colcon.colcon_core.package_identification:_identify(src/build/CMakeFiles/3.22.1/CompilerIdCXX) by extension 'ignore'
[0.154s] Level 1:colcon.colcon_core.package_identification:_identify(src/build/CMakeFiles/3.22.1/CompilerIdCXX) by extension 'ignore_ament_install'
[0.154s] Level 1:colcon.colcon_core.package_identification:_identify(src/build/CMakeFiles/3.22.1/CompilerIdCXX) by extensions ['colcon_pkg']
[0.154s] Level 1:colcon.colcon_core.package_identification:_identify(src/build/CMakeFiles/3.22.1/CompilerIdCXX) by extension 'colcon_pkg'
[0.154s] Level 1:colcon.colcon_core.package_identification:_identify(src/build/CMakeFiles/3.22.1/CompilerIdCXX) by extensions ['colcon_meta']
[0.154s] Level 1:colcon.colcon_core.package_identification:_identify(src/build/CMakeFiles/3.22.1/CompilerIdCXX) by extension 'colcon_meta'
[0.154s] Level 1:colcon.colcon_core.package_identification:_identify(src/build/CMakeFiles/3.22.1/CompilerIdCXX) by extensions ['ros']
[0.154s] Level 1:colcon.colcon_core.package_identification:_identify(src/build/CMakeFiles/3.22.1/CompilerIdCXX) by extension 'ros'
[0.154s] Level 1:colcon.colcon_core.package_identification:_identify(src/build/CMakeFiles/3.22.1/CompilerIdCXX) by extensions ['cmake', 'python']
[0.154s] Level 1:colcon.colcon_core.package_identification:_identify(src/build/CMakeFiles/3.22.1/CompilerIdCXX) by extension 'cmake'
[0.154s] Level 1:colcon.colcon_core.package_identification:_identify(src/build/CMakeFiles/3.22.1/CompilerIdCXX) by extension 'python'
[0.154s] Level 1:colcon.colcon_core.package_identification:_identify(src/build/CMakeFiles/3.22.1/CompilerIdCXX) by extensions ['python_setup_py']
[0.154s] Level 1:colcon.colcon_core.package_identification:_identify(src/build/CMakeFiles/3.22.1/CompilerIdCXX) by extension 'python_setup_py'
[0.155s] Level 1:colcon.colcon_core.package_identification:_identify(src/build/CMakeFiles/3.22.1/CompilerIdCXX/tmp) by extensions ['ignore', 'ignore_ament_install']
[0.155s] Level 1:colcon.colcon_core.package_identification:_identify(src/build/CMakeFiles/3.22.1/CompilerIdCXX/tmp) by extension 'ignore'
[0.155s] Level 1:colcon.colcon_core.package_identification:_identify(src/build/CMakeFiles/3.22.1/CompilerIdCXX/tmp) by extension 'ignore_ament_install'
[0.155s] Level 1:colcon.colcon_core.package_identification:_identify(src/build/CMakeFiles/3.22.1/CompilerIdCXX/tmp) by extensions ['colcon_pkg']
[0.155s] Level 1:colcon.colcon_core.package_identification:_identify(src/build/CMakeFiles/3.22.1/CompilerIdCXX/tmp) by extension 'colcon_pkg'
[0.155s] Level 1:colcon.colcon_core.package_identification:_identify(src/build/CMakeFiles/3.22.1/CompilerIdCXX/tmp) by extensions ['colcon_meta']
[0.155s] Level 1:colcon.colcon_core.package_identification:_identify(src/build/CMakeFiles/3.22.1/CompilerIdCXX/tmp) by extension 'colcon_meta'
[0.155s] Level 1:colcon.colcon_core.package_identification:_identify(src/build/CMakeFiles/3.22.1/CompilerIdCXX/tmp) by extensions ['ros']
[0.155s] Level 1:colcon.colcon_core.package_identification:_identify(src/build/CMakeFiles/3.22.1/CompilerIdCXX/tmp) by extension 'ros'
[0.155s] Level 1:colcon.colcon_core.package_identification:_identify(src/build/CMakeFiles/3.22.1/CompilerIdCXX/tmp) by extensions ['cmake', 'python']
[0.155s] Level 1:colcon.colcon_core.package_identification:_identify(src/build/CMakeFiles/3.22.1/CompilerIdCXX/tmp) by extension 'cmake'
[0.155s] Level 1:colcon.colcon_core.package_identification:_identify(src/build/CMakeFiles/3.22.1/CompilerIdCXX/tmp) by extension 'python'
[0.155s] Level 1:colcon.colcon_core.package_identification:_identify(src/build/CMakeFiles/3.22.1/CompilerIdCXX/tmp) by extensions ['python_setup_py']
[0.155s] Level 1:colcon.colcon_core.package_identification:_identify(src/build/CMakeFiles/3.22.1/CompilerIdCXX/tmp) by extension 'python_setup_py'
[0.155s] Level 1:colcon.colcon_core.package_identification:_identify(src/build/CMakeFiles/CMakeTmp) by extensions ['ignore', 'ignore_ament_install']
[0.155s] Level 1:colcon.colcon_core.package_identification:_identify(src/build/CMakeFiles/CMakeTmp) by extension 'ignore'
[0.155s] Level 1:colcon.colcon_core.package_identification:_identify(src/build/CMakeFiles/CMakeTmp) by extension 'ignore_ament_install'
[0.155s] Level 1:colcon.colcon_core.package_identification:_identify(src/build/CMakeFiles/CMakeTmp) by extensions ['colcon_pkg']
[0.155s] Level 1:colcon.colcon_core.package_identification:_identify(src/build/CMakeFiles/CMakeTmp) by extension 'colcon_pkg'
[0.155s] Level 1:colcon.colcon_core.package_identification:_identify(src/build/CMakeFiles/CMakeTmp) by extensions ['colcon_meta']
[0.155s] Level 1:colcon.colcon_core.package_identification:_identify(src/build/CMakeFiles/CMakeTmp) by extension 'colcon_meta'
[0.155s] Level 1:colcon.colcon_core.package_identification:_identify(src/build/CMakeFiles/CMakeTmp) by extensions ['ros']
[0.155s] Level 1:colcon.colcon_core.package_identification:_identify(src/build/CMakeFiles/CMakeTmp) by extension 'ros'
[0.155s] Level 1:colcon.colcon_core.package_identification:_identify(src/build/CMakeFiles/CMakeTmp) by extensions ['cmake', 'python']
[0.155s] Level 1:colcon.colcon_core.package_identification:_identify(src/build/CMakeFiles/CMakeTmp) by extension 'cmake'
[0.155s] Level 1:colcon.colcon_core.package_identification:_identify(src/build/CMakeFiles/CMakeTmp) by extension 'python'
[0.155s] Level 1:colcon.colcon_core.package_identification:_identify(src/build/CMakeFiles/CMakeTmp) by extensions ['python_setup_py']
[0.155s] Level 1:colcon.colcon_core.package_identification:_identify(src/build/CMakeFiles/CMakeTmp) by extension 'python_setup_py'
[0.155s] Level 1:colcon.colcon_core.package_identification:_identify(src/tutorial_interfaces) by extensions ['ignore', 'ignore_ament_install']
[0.155s] Level 1:colcon.colcon_core.package_identification:_identify(src/tutorial_interfaces) by extension 'ignore'
[0.155s] Level 1:colcon.colcon_core.package_identification:_identify(src/tutorial_interfaces) by extension 'ignore_ament_install'
[0.155s] Level 1:colcon.colcon_core.package_identification:_identify(src/tutorial_interfaces) by extensions ['colcon_pkg']
[0.155s] Level 1:colcon.colcon_core.package_identification:_identify(src/tutorial_interfaces) by extension 'colcon_pkg'
[0.155s] Level 1:colcon.colcon_core.package_identification:_identify(src/tutorial_interfaces) by extensions ['colcon_meta']
[0.155s] Level 1:colcon.colcon_core.package_identification:_identify(src/tutorial_interfaces) by extension 'colcon_meta'
[0.155s] Level 1:colcon.colcon_core.package_identification:_identify(src/tutorial_interfaces) by extensions ['ros']
[0.155s] Level 1:colcon.colcon_core.package_identification:_identify(src/tutorial_interfaces) by extension 'ros'
[0.156s] DEBUG:colcon.colcon_core.package_identification:Package 'src/tutorial_interfaces' with type 'ros.ament_cmake' and name 'tutorial_interfaces'
[0.156s] Level 1:colcon.colcon_core.package_discovery:discover_packages(recursive) using defaults
[0.156s] Level 1:colcon.colcon_core.package_discovery:discover_packages(ignore) discover
[0.156s] Level 1:colcon.colcon_core.package_discovery:discover_packages(ignore) using defaults
[0.156s] Level 1:colcon.colcon_core.package_discovery:discover_packages(path) discover
[0.156s] Level 1:colcon.colcon_core.package_discovery:discover_packages(path) using defaults
[0.174s] Level 1:colcon.colcon_core.package_discovery:discover_packages(prefix_path) check parameters
[0.174s] Level 1:colcon.colcon_core.package_discovery:discover_packages(prefix_path) discover
[0.175s] DEBUG:colcon.colcon_installed_package_information.package_discovery:Found 270 installed packages in /opt/ros/humble
[0.176s] Level 1:colcon.colcon_core.package_discovery:discover_packages(prefix_path) using defaults
[0.193s] Level 5:colcon.colcon_core.verb:set package 'armor_interfaces' build argument 'cmake_args' from command line to 'None'
[0.193s] Level 5:colcon.colcon_core.verb:set package 'armor_interfaces' build argument 'cmake_target' from command line to 'None'
[0.193s] Level 5:colcon.colcon_core.verb:set package 'armor_interfaces' build argument 'cmake_target_skip_unavailable' from command line to 'False'
[0.193s] Level 5:colcon.colcon_core.verb:set package 'armor_interfaces' build argument 'cmake_clean_cache' from command line to 'False'
[0.193s] Level 5:colcon.colcon_core.verb:set package 'armor_interfaces' build argument 'cmake_clean_first' from command line to 'False'
[0.193s] Level 5:colcon.colcon_core.verb:set package 'armor_interfaces' build argument 'cmake_force_configure' from command line to 'False'
[0.193s] Level 5:colcon.colcon_core.verb:set package 'armor_interfaces' build argument 'ament_cmake_args' from command line to 'None'
[0.193s] Level 5:colcon.colcon_core.verb:set package 'armor_interfaces' build argument 'catkin_cmake_args' from command line to 'None'
[0.193s] Level 5:colcon.colcon_core.verb:set package 'armor_interfaces' build argument 'catkin_skip_building_tests' from command line to 'False'
[0.193s] DEBUG:colcon.colcon_core.verb:Building package 'armor_interfaces' with the following arguments: {'ament_cmake_args': None, 'build_base': '/home/xzq/project/ros2_ws/build/armor_interfaces', 'catkin_cmake_args': None, 'catkin_skip_building_tests': False, 'cmake_args': None, 'cmake_clean_cache': False, 'cmake_clean_first': False, 'cmake_force_configure': False, 'cmake_target': None, 'cmake_target_skip_unavailable': False, 'install_base': '/home/xzq/project/ros2_ws/install/armor_interfaces', 'merge_install': False, 'path': '/home/xzq/project/ros2_ws/src/armor_interfaces', 'symlink_install': False, 'test_result_base': None}
[0.194s] Level 5:colcon.colcon_core.verb:set package 'tutorial_interfaces' build argument 'cmake_args' from command line to 'None'
[0.194s] Level 5:colcon.colcon_core.verb:set package 'tutorial_interfaces' build argument 'cmake_target' from command line to 'None'
[0.194s] Level 5:colcon.colcon_core.verb:set package 'tutorial_interfaces' build argument 'cmake_target_skip_unavailable' from command line to 'False'
[0.194s] Level 5:colcon.colcon_core.verb:set package 'tutorial_interfaces' build argument 'cmake_clean_cache' from command line to 'False'
[0.194s] Level 5:colcon.colcon_core.verb:set package 'tutorial_interfaces' build argument 'cmake_clean_first' from command line to 'False'
[0.194s] Level 5:colcon.colcon_core.verb:set package 'tutorial_interfaces' build argument 'cmake_force_configure' from command line to 'False'
[0.194s] Level 5:colcon.colcon_core.verb:set package 'tutorial_interfaces' build argument 'ament_cmake_args' from command line to 'None'
[0.194s] Level 5:colcon.colcon_core.verb:set package 'tutorial_interfaces' build argument 'catkin_cmake_args' from command line to 'None'
[0.194s] Level 5:colcon.colcon_core.verb:set package 'tutorial_interfaces' build argument 'catkin_skip_building_tests' from command line to 'False'
[0.194s] DEBUG:colcon.colcon_core.verb:Building package 'tutorial_interfaces' with the following arguments: {'ament_cmake_args': None, 'build_base': '/home/xzq/project/ros2_ws/build/tutorial_interfaces', 'catkin_cmake_args': None, 'catkin_skip_building_tests': False, 'cmake_args': None, 'cmake_clean_cache': False, 'cmake_clean_first': False, 'cmake_force_configure': False, 'cmake_target': None, 'cmake_target_skip_unavailable': False, 'install_base': '/home/xzq/project/ros2_ws/install/tutorial_interfaces', 'merge_install': False, 'path': '/home/xzq/project/ros2_ws/src/tutorial_interfaces', 'symlink_install': False, 'test_result_base': None}
[0.194s] Level 5:colcon.colcon_core.verb:set package 'armor_pub' build argument 'cmake_args' from command line to 'None'
[0.194s] Level 5:colcon.colcon_core.verb:set package 'armor_pub' build argument 'cmake_target' from command line to 'None'
[0.194s] Level 5:colcon.colcon_core.verb:set package 'armor_pub' build argument 'cmake_target_skip_unavailable' from command line to 'False'
[0.194s] Level 5:colcon.colcon_core.verb:set package 'armor_pub' build argument 'cmake_clean_cache' from command line to 'False'
[0.194s] Level 5:colcon.colcon_core.verb:set package 'armor_pub' build argument 'cmake_clean_first' from command line to 'False'
[0.194s] Level 5:colcon.colcon_core.verb:set package 'armor_pub' build argument 'cmake_force_configure' from command line to 'False'
[0.194s] Level 5:colcon.colcon_core.verb:set package 'armor_pub' build argument 'ament_cmake_args' from command line to 'None'
[0.194s] Level 5:colcon.colcon_core.verb:set package 'armor_pub' build argument 'catkin_cmake_args' from command line to 'None'
[0.194s] Level 5:colcon.colcon_core.verb:set package 'armor_pub' build argument 'catkin_skip_building_tests' from command line to 'False'
[0.194s] DEBUG:colcon.colcon_core.verb:Building package 'armor_pub' with the following arguments: {'ament_cmake_args': None, 'build_base': '/home/xzq/project/ros2_ws/build/armor_pub', 'catkin_cmake_args': None, 'catkin_skip_building_tests': False, 'cmake_args': None, 'cmake_clean_cache': False, 'cmake_clean_first': False, 'cmake_force_configure': False, 'cmake_target': None, 'cmake_target_skip_unavailable': False, 'install_base': '/home/xzq/project/ros2_ws/install/armor_pub', 'merge_install': False, 'path': '/home/xzq/project/ros2_ws/src/ArmorPub', 'symlink_install': False, 'test_result_base': None}
[0.194s] Level 5:colcon.colcon_core.verb:set package 'armor_sub' build argument 'cmake_args' from command line to 'None'
[0.194s] Level 5:colcon.colcon_core.verb:set package 'armor_sub' build argument 'cmake_target' from command line to 'None'
[0.194s] Level 5:colcon.colcon_core.verb:set package 'armor_sub' build argument 'cmake_target_skip_unavailable' from command line to 'False'
[0.194s] Level 5:colcon.colcon_core.verb:set package 'armor_sub' build argument 'cmake_clean_cache' from command line to 'False'
[0.194s] Level 5:colcon.colcon_core.verb:set package 'armor_sub' build argument 'cmake_clean_first' from command line to 'False'
[0.194s] Level 5:colcon.colcon_core.verb:set package 'armor_sub' build argument 'cmake_force_configure' from command line to 'False'
[0.194s] Level 5:colcon.colcon_core.verb:set package 'armor_sub' build argument 'ament_cmake_args' from command line to 'None'
[0.194s] Level 5:colcon.colcon_core.verb:set package 'armor_sub' build argument 'catkin_cmake_args' from command line to 'None'
[0.194s] Level 5:colcon.colcon_core.verb:set package 'armor_sub' build argument 'catkin_skip_building_tests' from command line to 'False'
[0.194s] DEBUG:colcon.colcon_core.verb:Building package 'armor_sub' with the following arguments: {'ament_cmake_args': None, 'build_base': '/home/xzq/project/ros2_ws/build/armor_sub', 'catkin_cmake_args': None, 'catkin_skip_building_tests': False, 'cmake_args': None, 'cmake_clean_cache': False, 'cmake_clean_first': False, 'cmake_force_configure': False, 'cmake_target': None, 'cmake_target_skip_unavailable': False, 'install_base': '/home/xzq/project/ros2_ws/install/armor_sub', 'merge_install': False, 'path': '/home/xzq/project/ros2_ws/src/ArmorSub', 'symlink_install': False, 'test_result_base': None}
[0.194s] INFO:colcon.colcon_core.executor:Executing jobs using 'parallel' executor
[0.195s] DEBUG:colcon.colcon_parallel_executor.executor.parallel:run_until_complete
[0.195s] INFO:colcon.colcon_ros.task.ament_cmake.build:Building ROS package in '/home/xzq/project/ros2_ws/src/armor_interfaces' with build type 'ament_cmake'
[0.195s] INFO:colcon.colcon_cmake.task.cmake.build:Building CMake package in '/home/xzq/project/ros2_ws/src/armor_interfaces'
[0.196s] INFO:colcon.colcon_core.plugin_system:Skipping extension 'colcon_core.shell.bat': Not used on non-Windows systems
[0.196s] INFO:colcon.colcon_core.shell:Skip shell extension 'powershell' for command environment: Not usable outside of PowerShell
[0.196s] DEBUG:colcon.colcon_core.shell:Skip shell extension 'dsv' for command environment
[0.198s] INFO:colcon.colcon_ros.task.ament_cmake.build:Building ROS package in '/home/xzq/project/ros2_ws/src/tutorial_interfaces' with build type 'ament_cmake'
[0.198s] INFO:colcon.colcon_cmake.task.cmake.build:Building CMake package in '/home/xzq/project/ros2_ws/src/tutorial_interfaces'
[0.198s] INFO:colcon.colcon_core.shell:Skip shell extension 'powershell' for command environment: Not usable outside of PowerShell
[0.198s] DEBUG:colcon.colcon_core.shell:Skip shell extension 'dsv' for command environment
[0.202s] DEBUG:colcon.colcon_core.event_handler.log_command:Invoking command in '/home/xzq/project/ros2_ws/build/armor_interfaces': CMAKE_PREFIX_PATH=/opt/ros/humble /usr/bin/cmake --build /home/xzq/project/ros2_ws/build/armor_interfaces -- -j12 -l12
[0.205s] DEBUG:colcon.colcon_core.event_handler.log_command:Invoking command in '/home/xzq/project/ros2_ws/build/tutorial_interfaces': CMAKE_PREFIX_PATH=/opt/ros/humble /usr/bin/cmake --build /home/xzq/project/ros2_ws/build/tutorial_interfaces -- -j12 -l12
[0.412s] DEBUG:colcon.colcon_core.event_handler.log_command:Invoked command in '/home/xzq/project/ros2_ws/build/tutorial_interfaces' returned '0': CMAKE_PREFIX_PATH=/opt/ros/humble /usr/bin/cmake --build /home/xzq/project/ros2_ws/build/tutorial_interfaces -- -j12 -l12
[0.420s] DEBUG:colcon.colcon_core.event_handler.log_command:Invoking command in '/home/xzq/project/ros2_ws/build/tutorial_interfaces': CMAKE_PREFIX_PATH=/opt/ros/humble /usr/bin/cmake --install /home/xzq/project/ros2_ws/build/tutorial_interfaces
[0.450s] Level 1:colcon.colcon_core.environment:create_environment_scripts_only(tutorial_interfaces)
[0.453s] DEBUG:colcon.colcon_core.event_handler.log_command:Invoked command in '/home/xzq/project/ros2_ws/build/tutorial_interfaces' returned '0': CMAKE_PREFIX_PATH=/opt/ros/humble /usr/bin/cmake --install /home/xzq/project/ros2_ws/build/tutorial_interfaces
[0.453s] Level 1:colcon.colcon_core.environment:checking '/home/xzq/project/ros2_ws/install/tutorial_interfaces' for CMake module files
[0.453s] Level 1:colcon.colcon_core.environment:checking '/home/xzq/project/ros2_ws/install/tutorial_interfaces' for CMake config files
[0.453s] Level 1:colcon.colcon_core.shell:create_environment_hook('tutorial_interfaces', 'cmake_prefix_path')
[0.454s] INFO:colcon.colcon_core.shell:Creating environment hook '/home/xzq/project/ros2_ws/install/tutorial_interfaces/share/tutorial_interfaces/hook/cmake_prefix_path.ps1'
[0.454s] INFO:colcon.colcon_core.shell:Creating environment descriptor '/home/xzq/project/ros2_ws/install/tutorial_interfaces/share/tutorial_interfaces/hook/cmake_prefix_path.dsv'
[0.454s] INFO:colcon.colcon_core.shell:Creating environment hook '/home/xzq/project/ros2_ws/install/tutorial_interfaces/share/tutorial_interfaces/hook/cmake_prefix_path.sh'
[0.455s] Level 1:colcon.colcon_core.environment:checking '/home/xzq/project/ros2_ws/install/tutorial_interfaces/lib'
[0.455s] Level 1:colcon.colcon_core.shell:create_environment_hook('tutorial_interfaces', 'ld_library_path_lib')
[0.455s] INFO:colcon.colcon_core.shell:Creating environment hook '/home/xzq/project/ros2_ws/install/tutorial_interfaces/share/tutorial_interfaces/hook/ld_library_path_lib.ps1'
[0.455s] INFO:colcon.colcon_core.shell:Creating environment descriptor '/home/xzq/project/ros2_ws/install/tutorial_interfaces/share/tutorial_interfaces/hook/ld_library_path_lib.dsv'
[0.455s] INFO:colcon.colcon_core.shell:Creating environment hook '/home/xzq/project/ros2_ws/install/tutorial_interfaces/share/tutorial_interfaces/hook/ld_library_path_lib.sh'
[0.455s] Level 1:colcon.colcon_core.environment:checking '/home/xzq/project/ros2_ws/install/tutorial_interfaces/bin'
[0.455s] Level 1:colcon.colcon_core.environment:checking '/home/xzq/project/ros2_ws/install/tutorial_interfaces/lib/pkgconfig/tutorial_interfaces.pc'
[0.456s] Level 1:colcon.colcon_core.environment:checking '/home/xzq/project/ros2_ws/install/tutorial_interfaces/lib/python3.10/site-packages'
[0.456s] Level 1:colcon.colcon_core.environment:checking '/home/xzq/project/ros2_ws/install/tutorial_interfaces/bin'
[0.456s] INFO:colcon.colcon_core.shell:Creating package script '/home/xzq/project/ros2_ws/install/tutorial_interfaces/share/tutorial_interfaces/package.ps1'
[0.456s] INFO:colcon.colcon_core.shell:Creating package descriptor '/home/xzq/project/ros2_ws/install/tutorial_interfaces/share/tutorial_interfaces/package.dsv'
[0.457s] INFO:colcon.colcon_core.shell:Creating package script '/home/xzq/project/ros2_ws/install/tutorial_interfaces/share/tutorial_interfaces/package.sh'
[0.457s] INFO:colcon.colcon_core.shell:Creating package script '/home/xzq/project/ros2_ws/install/tutorial_interfaces/share/tutorial_interfaces/package.bash'
[0.457s] INFO:colcon.colcon_core.shell:Creating package script '/home/xzq/project/ros2_ws/install/tutorial_interfaces/share/tutorial_interfaces/package.zsh'
[0.458s] Level 1:colcon.colcon_core.environment:create_file_with_runtime_dependencies(/home/xzq/project/ros2_ws/install/tutorial_interfaces/share/colcon-core/packages/tutorial_interfaces)
[0.458s] Level 1:colcon.colcon_core.environment:create_environment_scripts_only(tutorial_interfaces)
[0.458s] Level 1:colcon.colcon_core.environment:checking '/home/xzq/project/ros2_ws/install/tutorial_interfaces' for CMake module files
[0.458s] Level 1:colcon.colcon_core.environment:checking '/home/xzq/project/ros2_ws/install/tutorial_interfaces' for CMake config files
[0.459s] Level 1:colcon.colcon_core.shell:create_environment_hook('tutorial_interfaces', 'cmake_prefix_path')
[0.459s] INFO:colcon.colcon_core.shell:Creating environment hook '/home/xzq/project/ros2_ws/install/tutorial_interfaces/share/tutorial_interfaces/hook/cmake_prefix_path.ps1'
[0.459s] INFO:colcon.colcon_core.shell:Creating environment descriptor '/home/xzq/project/ros2_ws/install/tutorial_interfaces/share/tutorial_interfaces/hook/cmake_prefix_path.dsv'
[0.459s] INFO:colcon.colcon_core.shell:Creating environment hook '/home/xzq/project/ros2_ws/install/tutorial_interfaces/share/tutorial_interfaces/hook/cmake_prefix_path.sh'
[0.459s] Level 1:colcon.colcon_core.environment:checking '/home/xzq/project/ros2_ws/install/tutorial_interfaces/lib'
[0.459s] Level 1:colcon.colcon_core.shell:create_environment_hook('tutorial_interfaces', 'ld_library_path_lib')
[0.460s] INFO:colcon.colcon_core.shell:Creating environment hook '/home/xzq/project/ros2_ws/install/tutorial_interfaces/share/tutorial_interfaces/hook/ld_library_path_lib.ps1'
[0.460s] INFO:colcon.colcon_core.shell:Creating environment descriptor '/home/xzq/project/ros2_ws/install/tutorial_interfaces/share/tutorial_interfaces/hook/ld_library_path_lib.dsv'
[0.460s] INFO:colcon.colcon_core.shell:Creating environment hook '/home/xzq/project/ros2_ws/install/tutorial_interfaces/share/tutorial_interfaces/hook/ld_library_path_lib.sh'
[0.460s] Level 1:colcon.colcon_core.environment:checking '/home/xzq/project/ros2_ws/install/tutorial_interfaces/bin'
[0.460s] Level 1:colcon.colcon_core.environment:checking '/home/xzq/project/ros2_ws/install/tutorial_interfaces/lib/pkgconfig/tutorial_interfaces.pc'
[0.460s] Level 1:colcon.colcon_core.environment:checking '/home/xzq/project/ros2_ws/install/tutorial_interfaces/lib/python3.10/site-packages'
[0.460s] Level 1:colcon.colcon_core.environment:checking '/home/xzq/project/ros2_ws/install/tutorial_interfaces/bin'
[0.460s] INFO:colcon.colcon_core.shell:Creating package script '/home/xzq/project/ros2_ws/install/tutorial_interfaces/share/tutorial_interfaces/package.ps1'
[0.461s] INFO:colcon.colcon_core.shell:Creating package descriptor '/home/xzq/project/ros2_ws/install/tutorial_interfaces/share/tutorial_interfaces/package.dsv'
[0.461s] INFO:colcon.colcon_core.shell:Creating package script '/home/xzq/project/ros2_ws/install/tutorial_interfaces/share/tutorial_interfaces/package.sh'
[0.461s] INFO:colcon.colcon_core.shell:Creating package script '/home/xzq/project/ros2_ws/install/tutorial_interfaces/share/tutorial_interfaces/package.bash'
[0.461s] INFO:colcon.colcon_core.shell:Creating package script '/home/xzq/project/ros2_ws/install/tutorial_interfaces/share/tutorial_interfaces/package.zsh'
[0.462s] Level 1:colcon.colcon_core.environment:create_file_with_runtime_dependencies(/home/xzq/project/ros2_ws/install/tutorial_interfaces/share/colcon-core/packages/tutorial_interfaces)
[3.132s] DEBUG:colcon.colcon_core.event_handler.log_command:Invoked command in '/home/xzq/project/ros2_ws/build/armor_interfaces' returned '0': CMAKE_PREFIX_PATH=/opt/ros/humble /usr/bin/cmake --build /home/xzq/project/ros2_ws/build/armor_interfaces -- -j12 -l12
[3.134s] DEBUG:colcon.colcon_core.event_handler.log_command:Invoking command in '/home/xzq/project/ros2_ws/build/armor_interfaces': CMAKE_PREFIX_PATH=/opt/ros/humble /usr/bin/cmake --install /home/xzq/project/ros2_ws/build/armor_interfaces
[3.175s] Level 1:colcon.colcon_core.environment:create_environment_scripts_only(armor_interfaces)
[3.176s] Level 1:colcon.colcon_core.environment:checking '/home/xzq/project/ros2_ws/install/armor_interfaces' for CMake module files
[3.177s] DEBUG:colcon.colcon_core.event_handler.log_command:Invoked command in '/home/xzq/project/ros2_ws/build/armor_interfaces' returned '0': CMAKE_PREFIX_PATH=/opt/ros/humble /usr/bin/cmake --install /home/xzq/project/ros2_ws/build/armor_interfaces
[3.177s] Level 1:colcon.colcon_core.environment:checking '/home/xzq/project/ros2_ws/install/armor_interfaces' for CMake config files
[3.177s] Level 1:colcon.colcon_core.shell:create_environment_hook('armor_interfaces', 'cmake_prefix_path')
[3.178s] INFO:colcon.colcon_core.shell:Creating environment hook '/home/xzq/project/ros2_ws/install/armor_interfaces/share/armor_interfaces/hook/cmake_prefix_path.ps1'
[3.178s] INFO:colcon.colcon_core.shell:Creating environment descriptor '/home/xzq/project/ros2_ws/install/armor_interfaces/share/armor_interfaces/hook/cmake_prefix_path.dsv'
[3.179s] INFO:colcon.colcon_core.shell:Creating environment hook '/home/xzq/project/ros2_ws/install/armor_interfaces/share/armor_interfaces/hook/cmake_prefix_path.sh'
[3.179s] Level 1:colcon.colcon_core.environment:checking '/home/xzq/project/ros2_ws/install/armor_interfaces/lib'
[3.179s] Level 1:colcon.colcon_core.shell:create_environment_hook('armor_interfaces', 'ld_library_path_lib')
[3.179s] INFO:colcon.colcon_core.shell:Creating environment hook '/home/xzq/project/ros2_ws/install/armor_interfaces/share/armor_interfaces/hook/ld_library_path_lib.ps1'
[3.180s] INFO:colcon.colcon_core.shell:Creating environment descriptor '/home/xzq/project/ros2_ws/install/armor_interfaces/share/armor_interfaces/hook/ld_library_path_lib.dsv'
[3.181s] INFO:colcon.colcon_core.shell:Creating environment hook '/home/xzq/project/ros2_ws/install/armor_interfaces/share/armor_interfaces/hook/ld_library_path_lib.sh'
[3.181s] Level 1:colcon.colcon_core.environment:checking '/home/xzq/project/ros2_ws/install/armor_interfaces/bin'
[3.181s] Level 1:colcon.colcon_core.environment:checking '/home/xzq/project/ros2_ws/install/armor_interfaces/lib/pkgconfig/armor_interfaces.pc'
[3.181s] Level 1:colcon.colcon_core.environment:checking '/home/xzq/project/ros2_ws/install/armor_interfaces/lib/python3.10/site-packages'
[3.182s] Level 1:colcon.colcon_core.environment:checking '/home/xzq/project/ros2_ws/install/armor_interfaces/bin'
[3.182s] INFO:colcon.colcon_core.shell:Creating package script '/home/xzq/project/ros2_ws/install/armor_interfaces/share/armor_interfaces/package.ps1'
[3.183s] INFO:colcon.colcon_core.shell:Creating package descriptor '/home/xzq/project/ros2_ws/install/armor_interfaces/share/armor_interfaces/package.dsv'
[3.184s] INFO:colcon.colcon_core.shell:Creating package script '/home/xzq/project/ros2_ws/install/armor_interfaces/share/armor_interfaces/package.sh'
[3.184s] INFO:colcon.colcon_core.shell:Creating package script '/home/xzq/project/ros2_ws/install/armor_interfaces/share/armor_interfaces/package.bash'
[3.185s] INFO:colcon.colcon_core.shell:Creating package script '/home/xzq/project/ros2_ws/install/armor_interfaces/share/armor_interfaces/package.zsh'
[3.185s] Level 1:colcon.colcon_core.environment:create_file_with_runtime_dependencies(/home/xzq/project/ros2_ws/install/armor_interfaces/share/colcon-core/packages/armor_interfaces)
[3.186s] Level 1:colcon.colcon_core.environment:create_environment_scripts_only(armor_interfaces)
[3.187s] Level 1:colcon.colcon_core.environment:checking '/home/xzq/project/ros2_ws/install/armor_interfaces' for CMake module files
[3.187s] Level 1:colcon.colcon_core.environment:checking '/home/xzq/project/ros2_ws/install/armor_interfaces' for CMake config files
[3.188s] Level 1:colcon.colcon_core.shell:create_environment_hook('armor_interfaces', 'cmake_prefix_path')
[3.188s] INFO:colcon.colcon_core.shell:Creating environment hook '/home/xzq/project/ros2_ws/install/armor_interfaces/share/armor_interfaces/hook/cmake_prefix_path.ps1'
[3.189s] INFO:colcon.colcon_core.shell:Creating environment descriptor '/home/xzq/project/ros2_ws/install/armor_interfaces/share/armor_interfaces/hook/cmake_prefix_path.dsv'
[3.189s] INFO:colcon.colcon_core.shell:Creating environment hook '/home/xzq/project/ros2_ws/install/armor_interfaces/share/armor_interfaces/hook/cmake_prefix_path.sh'
[3.190s] Level 1:colcon.colcon_core.environment:checking '/home/xzq/project/ros2_ws/install/armor_interfaces/lib'
[3.190s] Level 1:colcon.colcon_core.shell:create_environment_hook('armor_interfaces', 'ld_library_path_lib')
[3.190s] INFO:colcon.colcon_core.shell:Creating environment hook '/home/xzq/project/ros2_ws/install/armor_interfaces/share/armor_interfaces/hook/ld_library_path_lib.ps1'
[3.191s] INFO:colcon.colcon_core.shell:Creating environment descriptor '/home/xzq/project/ros2_ws/install/armor_interfaces/share/armor_interfaces/hook/ld_library_path_lib.dsv'
[3.191s] INFO:colcon.colcon_core.shell:Creating environment hook '/home/xzq/project/ros2_ws/install/armor_interfaces/share/armor_interfaces/hook/ld_library_path_lib.sh'
[3.192s] Level 1:colcon.colcon_core.environment:checking '/home/xzq/project/ros2_ws/install/armor_interfaces/bin'
[3.192s] Level 1:colcon.colcon_core.environment:checking '/home/xzq/project/ros2_ws/install/armor_interfaces/lib/pkgconfig/armor_interfaces.pc'
[3.192s] Level 1:colcon.colcon_core.environment:checking '/home/xzq/project/ros2_ws/install/armor_interfaces/lib/python3.10/site-packages'
[3.193s] Level 1:colcon.colcon_core.environment:checking '/home/xzq/project/ros2_ws/install/armor_interfaces/bin'
[3.193s] INFO:colcon.colcon_core.shell:Creating package script '/home/xzq/project/ros2_ws/install/armor_interfaces/share/armor_interfaces/package.ps1'
[3.194s] INFO:colcon.colcon_core.shell:Creating package descriptor '/home/xzq/project/ros2_ws/install/armor_interfaces/share/armor_interfaces/package.dsv'
[3.195s] INFO:colcon.colcon_core.shell:Creating package script '/home/xzq/project/ros2_ws/install/armor_interfaces/share/armor_interfaces/package.sh'
[3.196s] INFO:colcon.colcon_core.shell:Creating package script '/home/xzq/project/ros2_ws/install/armor_interfaces/share/armor_interfaces/package.bash'
[3.196s] INFO:colcon.colcon_core.shell:Creating package script '/home/xzq/project/ros2_ws/install/armor_interfaces/share/armor_interfaces/package.zsh'
[3.197s] Level 1:colcon.colcon_core.environment:create_file_with_runtime_dependencies(/home/xzq/project/ros2_ws/install/armor_interfaces/share/colcon-core/packages/armor_interfaces)
[3.197s] INFO:colcon.colcon_ros.task.ament_cmake.build:Building ROS package in '/home/xzq/project/ros2_ws/src/ArmorPub' with build type 'ament_cmake'
[3.197s] INFO:colcon.colcon_cmake.task.cmake.build:Building CMake package in '/home/xzq/project/ros2_ws/src/ArmorPub'
[3.198s] INFO:colcon.colcon_core.shell:Skip shell extension 'powershell' for command environment: Not usable outside of PowerShell
[3.198s] DEBUG:colcon.colcon_core.shell:Skip shell extension 'dsv' for command environment
[3.203s] INFO:colcon.colcon_ros.task.ament_cmake.build:Building ROS package in '/home/xzq/project/ros2_ws/src/ArmorSub' with build type 'ament_cmake'
[3.203s] INFO:colcon.colcon_cmake.task.cmake.build:Building CMake package in '/home/xzq/project/ros2_ws/src/ArmorSub'
[3.204s] INFO:colcon.colcon_core.shell:Skip shell extension 'powershell' for command environment: Not usable outside of PowerShell
[3.204s] DEBUG:colcon.colcon_core.shell:Skip shell extension 'dsv' for command environment
[3.213s] DEBUG:colcon.colcon_core.event_handler.log_command:Invoking command in '/home/xzq/project/ros2_ws/build/armor_pub': AMENT_PREFIX_PATH=/home/xzq/project/ros2_ws/install/armor_interfaces:${AMENT_PREFIX_PATH} CMAKE_PREFIX_PATH=/home/xzq/project/ros2_ws/install/armor_interfaces:/opt/ros/humble LD_LIBRARY_PATH=/home/xzq/project/ros2_ws/install/armor_interfaces/lib:/opt/MVS/lib/64:/opt/MVS/lib/32:/opt/MVS/lib/64:/opt/MVS/lib/32:/opt/MVS/lib/64:/opt/MVS/lib/32:/opt/MVS/lib/64:/opt/MVS/lib/32:/opt/MVS/lib/64:/opt/MVS/lib/32:/opt/ros/humble/opt/rviz_ogre_vendor/lib:/opt/ros/humble/lib/x86_64-linux-gnu:/opt/ros/humble/lib:/opt/MVS/lib/64:/opt/MVS/lib/32 PYTHONPATH=/home/xzq/project/ros2_ws/install/armor_interfaces/local/lib/python3.10/dist-packages:${PYTHONPATH} /usr/bin/cmake --build /home/xzq/project/ros2_ws/build/armor_pub -- -j12 -l12
[3.217s] DEBUG:colcon.colcon_core.event_handler.log_command:Invoking command in '/home/xzq/project/ros2_ws/build/armor_sub': AMENT_PREFIX_PATH=/home/xzq/project/ros2_ws/install/armor_interfaces:${AMENT_PREFIX_PATH} CMAKE_PREFIX_PATH=/home/xzq/project/ros2_ws/install/armor_interfaces:/opt/ros/humble LD_LIBRARY_PATH=/home/xzq/project/ros2_ws/install/armor_interfaces/lib:/opt/MVS/lib/64:/opt/MVS/lib/32:/opt/MVS/lib/64:/opt/MVS/lib/32:/opt/MVS/lib/64:/opt/MVS/lib/32:/opt/MVS/lib/64:/opt/MVS/lib/32:/opt/MVS/lib/64:/opt/MVS/lib/32:/opt/ros/humble/opt/rviz_ogre_vendor/lib:/opt/ros/humble/lib/x86_64-linux-gnu:/opt/ros/humble/lib:/opt/MVS/lib/64:/opt/MVS/lib/32 PYTHONPATH=/home/xzq/project/ros2_ws/install/armor_interfaces/local/lib/python3.10/dist-packages:${PYTHONPATH} /usr/bin/cmake --build /home/xzq/project/ros2_ws/build/armor_sub -- -j12 -l12
[8.327s] DEBUG:colcon.colcon_core.event_handler.log_command:Invoked command in '/home/xzq/project/ros2_ws/build/armor_pub' returned '0': AMENT_PREFIX_PATH=/home/xzq/project/ros2_ws/install/armor_interfaces:${AMENT_PREFIX_PATH} CMAKE_PREFIX_PATH=/home/xzq/project/ros2_ws/install/armor_interfaces:/opt/ros/humble LD_LIBRARY_PATH=/home/xzq/project/ros2_ws/install/armor_interfaces/lib:/opt/MVS/lib/64:/opt/MVS/lib/32:/opt/MVS/lib/64:/opt/MVS/lib/32:/opt/MVS/lib/64:/opt/MVS/lib/32:/opt/MVS/lib/64:/opt/MVS/lib/32:/opt/MVS/lib/64:/opt/MVS/lib/32:/opt/ros/humble/opt/rviz_ogre_vendor/lib:/opt/ros/humble/lib/x86_64-linux-gnu:/opt/ros/humble/lib:/opt/MVS/lib/64:/opt/MVS/lib/32 PYTHONPATH=/home/xzq/project/ros2_ws/install/armor_interfaces/local/lib/python3.10/dist-packages:${PYTHONPATH} /usr/bin/cmake --build /home/xzq/project/ros2_ws/build/armor_pub -- -j12 -l12
[8.329s] DEBUG:colcon.colcon_core.event_handler.log_command:Invoking command in '/home/xzq/project/ros2_ws/build/armor_pub': AMENT_PREFIX_PATH=/home/xzq/project/ros2_ws/install/armor_interfaces:${AMENT_PREFIX_PATH} CMAKE_PREFIX_PATH=/home/xzq/project/ros2_ws/install/armor_interfaces:/opt/ros/humble LD_LIBRARY_PATH=/home/xzq/project/ros2_ws/install/armor_interfaces/lib:/opt/MVS/lib/64:/opt/MVS/lib/32:/opt/MVS/lib/64:/opt/MVS/lib/32:/opt/MVS/lib/64:/opt/MVS/lib/32:/opt/MVS/lib/64:/opt/MVS/lib/32:/opt/MVS/lib/64:/opt/MVS/lib/32:/opt/ros/humble/opt/rviz_ogre_vendor/lib:/opt/ros/humble/lib/x86_64-linux-gnu:/opt/ros/humble/lib:/opt/MVS/lib/64:/opt/MVS/lib/32 PYTHONPATH=/home/xzq/project/ros2_ws/install/armor_interfaces/local/lib/python3.10/dist-packages:${PYTHONPATH} /usr/bin/cmake --install /home/xzq/project/ros2_ws/build/armor_pub
[8.339s] Level 1:colcon.colcon_core.environment:create_environment_scripts_only(armor_pub)
[8.339s] Level 1:colcon.colcon_core.environment:checking '/home/xzq/project/ros2_ws/install/armor_pub' for CMake module files
[8.340s] DEBUG:colcon.colcon_core.event_handler.log_command:Invoked command in '/home/xzq/project/ros2_ws/build/armor_pub' returned '0': AMENT_PREFIX_PATH=/home/xzq/project/ros2_ws/install/armor_interfaces:${AMENT_PREFIX_PATH} CMAKE_PREFIX_PATH=/home/xzq/project/ros2_ws/install/armor_interfaces:/opt/ros/humble LD_LIBRARY_PATH=/home/xzq/project/ros2_ws/install/armor_interfaces/lib:/opt/MVS/lib/64:/opt/MVS/lib/32:/opt/MVS/lib/64:/opt/MVS/lib/32:/opt/MVS/lib/64:/opt/MVS/lib/32:/opt/MVS/lib/64:/opt/MVS/lib/32:/opt/MVS/lib/64:/opt/MVS/lib/32:/opt/ros/humble/opt/rviz_ogre_vendor/lib:/opt/ros/humble/lib/x86_64-linux-gnu:/opt/ros/humble/lib:/opt/MVS/lib/64:/opt/MVS/lib/32 PYTHONPATH=/home/xzq/project/ros2_ws/install/armor_interfaces/local/lib/python3.10/dist-packages:${PYTHONPATH} /usr/bin/cmake --install /home/xzq/project/ros2_ws/build/armor_pub
[8.340s] Level 1:colcon.colcon_core.environment:checking '/home/xzq/project/ros2_ws/install/armor_pub' for CMake config files
[8.340s] Level 1:colcon.colcon_core.shell:create_environment_hook('armor_pub', 'cmake_prefix_path')
[8.340s] INFO:colcon.colcon_core.shell:Creating environment hook '/home/xzq/project/ros2_ws/install/armor_pub/share/armor_pub/hook/cmake_prefix_path.ps1'
[8.341s] INFO:colcon.colcon_core.shell:Creating environment descriptor '/home/xzq/project/ros2_ws/install/armor_pub/share/armor_pub/hook/cmake_prefix_path.dsv'
[8.341s] INFO:colcon.colcon_core.shell:Creating environment hook '/home/xzq/project/ros2_ws/install/armor_pub/share/armor_pub/hook/cmake_prefix_path.sh'
[8.341s] Level 1:colcon.colcon_core.environment:checking '/home/xzq/project/ros2_ws/install/armor_pub/lib'
[8.341s] Level 1:colcon.colcon_core.shell:create_environment_hook('armor_pub', 'ld_library_path_lib')
[8.341s] INFO:colcon.colcon_core.shell:Creating environment hook '/home/xzq/project/ros2_ws/install/armor_pub/share/armor_pub/hook/ld_library_path_lib.ps1'
[8.342s] INFO:colcon.colcon_core.shell:Creating environment descriptor '/home/xzq/project/ros2_ws/install/armor_pub/share/armor_pub/hook/ld_library_path_lib.dsv'
[8.342s] INFO:colcon.colcon_core.shell:Creating environment hook '/home/xzq/project/ros2_ws/install/armor_pub/share/armor_pub/hook/ld_library_path_lib.sh'
[8.342s] Level 1:colcon.colcon_core.environment:checking '/home/xzq/project/ros2_ws/install/armor_pub/bin'
[8.342s] Level 1:colcon.colcon_core.environment:checking '/home/xzq/project/ros2_ws/install/armor_pub/lib/pkgconfig/armor_pub.pc'
[8.342s] Level 1:colcon.colcon_core.environment:checking '/home/xzq/project/ros2_ws/install/armor_pub/lib/python3.10/site-packages'
[8.342s] Level 1:colcon.colcon_core.environment:checking '/home/xzq/project/ros2_ws/install/armor_pub/bin'
[8.343s] INFO:colcon.colcon_core.shell:Creating package script '/home/xzq/project/ros2_ws/install/armor_pub/share/armor_pub/package.ps1'
[8.343s] INFO:colcon.colcon_core.shell:Creating package descriptor '/home/xzq/project/ros2_ws/install/armor_pub/share/armor_pub/package.dsv'
[8.343s] INFO:colcon.colcon_core.shell:Creating package script '/home/xzq/project/ros2_ws/install/armor_pub/share/armor_pub/package.sh'
[8.343s] INFO:colcon.colcon_core.shell:Creating package script '/home/xzq/project/ros2_ws/install/armor_pub/share/armor_pub/package.bash'
[8.343s] INFO:colcon.colcon_core.shell:Creating package script '/home/xzq/project/ros2_ws/install/armor_pub/share/armor_pub/package.zsh'
[8.344s] Level 1:colcon.colcon_core.environment:create_file_with_runtime_dependencies(/home/xzq/project/ros2_ws/install/armor_pub/share/colcon-core/packages/armor_pub)
[8.344s] Level 1:colcon.colcon_core.environment:create_environment_scripts_only(armor_pub)
[8.344s] Level 1:colcon.colcon_core.environment:checking '/home/xzq/project/ros2_ws/install/armor_pub' for CMake module files
[8.344s] Level 1:colcon.colcon_core.environment:checking '/home/xzq/project/ros2_ws/install/armor_pub' for CMake config files
[8.344s] Level 1:colcon.colcon_core.shell:create_environment_hook('armor_pub', 'cmake_prefix_path')
[8.344s] INFO:colcon.colcon_core.shell:Creating environment hook '/home/xzq/project/ros2_ws/install/armor_pub/share/armor_pub/hook/cmake_prefix_path.ps1'
[8.345s] INFO:colcon.colcon_core.shell:Creating environment descriptor '/home/xzq/project/ros2_ws/install/armor_pub/share/armor_pub/hook/cmake_prefix_path.dsv'
[8.345s] INFO:colcon.colcon_core.shell:Creating environment hook '/home/xzq/project/ros2_ws/install/armor_pub/share/armor_pub/hook/cmake_prefix_path.sh'
[8.345s] Level 1:colcon.colcon_core.environment:checking '/home/xzq/project/ros2_ws/install/armor_pub/lib'
[8.345s] Level 1:colcon.colcon_core.shell:create_environment_hook('armor_pub', 'ld_library_path_lib')
[8.345s] INFO:colcon.colcon_core.shell:Creating environment hook '/home/xzq/project/ros2_ws/install/armor_pub/share/armor_pub/hook/ld_library_path_lib.ps1'
[8.346s] INFO:colcon.colcon_core.shell:Creating environment descriptor '/home/xzq/project/ros2_ws/install/armor_pub/share/armor_pub/hook/ld_library_path_lib.dsv'
[8.346s] INFO:colcon.colcon_core.shell:Creating environment hook '/home/xzq/project/ros2_ws/install/armor_pub/share/armor_pub/hook/ld_library_path_lib.sh'
[8.346s] Level 1:colcon.colcon_core.environment:checking '/home/xzq/project/ros2_ws/install/armor_pub/bin'
[8.346s] Level 1:colcon.colcon_core.environment:checking '/home/xzq/project/ros2_ws/install/armor_pub/lib/pkgconfig/armor_pub.pc'
[8.346s] Level 1:colcon.colcon_core.environment:checking '/home/xzq/project/ros2_ws/install/armor_pub/lib/python3.10/site-packages'
[8.346s] Level 1:colcon.colcon_core.environment:checking '/home/xzq/project/ros2_ws/install/armor_pub/bin'
[8.346s] INFO:colcon.colcon_core.shell:Creating package script '/home/xzq/project/ros2_ws/install/armor_pub/share/armor_pub/package.ps1'
[8.347s] INFO:colcon.colcon_core.shell:Creating package descriptor '/home/xzq/project/ros2_ws/install/armor_pub/share/armor_pub/package.dsv'
[8.348s] INFO:colcon.colcon_core.shell:Creating package script '/home/xzq/project/ros2_ws/install/armor_pub/share/armor_pub/package.sh'
[8.348s] INFO:colcon.colcon_core.shell:Creating package script '/home/xzq/project/ros2_ws/install/armor_pub/share/armor_pub/package.bash'
[8.349s] INFO:colcon.colcon_core.shell:Creating package script '/home/xzq/project/ros2_ws/install/armor_pub/share/armor_pub/package.zsh'
[8.349s] Level 1:colcon.colcon_core.environment:create_file_with_runtime_dependencies(/home/xzq/project/ros2_ws/install/armor_pub/share/colcon-core/packages/armor_pub)
[11.169s] DEBUG:colcon.colcon_core.event_handler.log_command:Invoked command in '/home/xzq/project/ros2_ws/build/armor_sub' returned '0': AMENT_PREFIX_PATH=/home/xzq/project/ros2_ws/install/armor_interfaces:${AMENT_PREFIX_PATH} CMAKE_PREFIX_PATH=/home/xzq/project/ros2_ws/install/armor_interfaces:/opt/ros/humble LD_LIBRARY_PATH=/home/xzq/project/ros2_ws/install/armor_interfaces/lib:/opt/MVS/lib/64:/opt/MVS/lib/32:/opt/MVS/lib/64:/opt/MVS/lib/32:/opt/MVS/lib/64:/opt/MVS/lib/32:/opt/MVS/lib/64:/opt/MVS/lib/32:/opt/MVS/lib/64:/opt/MVS/lib/32:/opt/ros/humble/opt/rviz_ogre_vendor/lib:/opt/ros/humble/lib/x86_64-linux-gnu:/opt/ros/humble/lib:/opt/MVS/lib/64:/opt/MVS/lib/32 PYTHONPATH=/home/xzq/project/ros2_ws/install/armor_interfaces/local/lib/python3.10/dist-packages:${PYTHONPATH} /usr/bin/cmake --build /home/xzq/project/ros2_ws/build/armor_sub -- -j12 -l12
[11.171s] DEBUG:colcon.colcon_core.event_handler.log_command:Invoking command in '/home/xzq/project/ros2_ws/build/armor_sub': AMENT_PREFIX_PATH=/home/xzq/project/ros2_ws/install/armor_interfaces:${AMENT_PREFIX_PATH} CMAKE_PREFIX_PATH=/home/xzq/project/ros2_ws/install/armor_interfaces:/opt/ros/humble LD_LIBRARY_PATH=/home/xzq/project/ros2_ws/install/armor_interfaces/lib:/opt/MVS/lib/64:/opt/MVS/lib/32:/opt/MVS/lib/64:/opt/MVS/lib/32:/opt/MVS/lib/64:/opt/MVS/lib/32:/opt/MVS/lib/64:/opt/MVS/lib/32:/opt/MVS/lib/64:/opt/MVS/lib/32:/opt/ros/humble/opt/rviz_ogre_vendor/lib:/opt/ros/humble/lib/x86_64-linux-gnu:/opt/ros/humble/lib:/opt/MVS/lib/64:/opt/MVS/lib/32 PYTHONPATH=/home/xzq/project/ros2_ws/install/armor_interfaces/local/lib/python3.10/dist-packages:${PYTHONPATH} /usr/bin/cmake --install /home/xzq/project/ros2_ws/build/armor_sub
[11.179s] Level 1:colcon.colcon_core.environment:create_environment_scripts_only(armor_sub)
[11.180s] Level 1:colcon.colcon_core.environment:checking '/home/xzq/project/ros2_ws/install/armor_sub' for CMake module files
[11.180s] DEBUG:colcon.colcon_core.event_handler.log_command:Invoked command in '/home/xzq/project/ros2_ws/build/armor_sub' returned '0': AMENT_PREFIX_PATH=/home/xzq/project/ros2_ws/install/armor_interfaces:${AMENT_PREFIX_PATH} CMAKE_PREFIX_PATH=/home/xzq/project/ros2_ws/install/armor_interfaces:/opt/ros/humble LD_LIBRARY_PATH=/home/xzq/project/ros2_ws/install/armor_interfaces/lib:/opt/MVS/lib/64:/opt/MVS/lib/32:/opt/MVS/lib/64:/opt/MVS/lib/32:/opt/MVS/lib/64:/opt/MVS/lib/32:/opt/MVS/lib/64:/opt/MVS/lib/32:/opt/MVS/lib/64:/opt/MVS/lib/32:/opt/ros/humble/opt/rviz_ogre_vendor/lib:/opt/ros/humble/lib/x86_64-linux-gnu:/opt/ros/humble/lib:/opt/MVS/lib/64:/opt/MVS/lib/32 PYTHONPATH=/home/xzq/project/ros2_ws/install/armor_interfaces/local/lib/python3.10/dist-packages:${PYTHONPATH} /usr/bin/cmake --install /home/xzq/project/ros2_ws/build/armor_sub
[11.180s] Level 1:colcon.colcon_core.environment:checking '/home/xzq/project/ros2_ws/install/armor_sub' for CMake config files
[11.180s] Level 1:colcon.colcon_core.shell:create_environment_hook('armor_sub', 'cmake_prefix_path')
[11.180s] INFO:colcon.colcon_core.shell:Creating environment hook '/home/xzq/project/ros2_ws/install/armor_sub/share/armor_sub/hook/cmake_prefix_path.ps1'
[11.181s] INFO:colcon.colcon_core.shell:Creating environment descriptor '/home/xzq/project/ros2_ws/install/armor_sub/share/armor_sub/hook/cmake_prefix_path.dsv'
[11.181s] INFO:colcon.colcon_core.shell:Creating environment hook '/home/xzq/project/ros2_ws/install/armor_sub/share/armor_sub/hook/cmake_prefix_path.sh'
[11.181s] Level 1:colcon.colcon_core.environment:checking '/home/xzq/project/ros2_ws/install/armor_sub/lib'
[11.181s] Level 1:colcon.colcon_core.shell:create_environment_hook('armor_sub', 'ld_library_path_lib')
[11.181s] INFO:colcon.colcon_core.shell:Creating environment hook '/home/xzq/project/ros2_ws/install/armor_sub/share/armor_sub/hook/ld_library_path_lib.ps1'
[11.181s] INFO:colcon.colcon_core.shell:Creating environment descriptor '/home/xzq/project/ros2_ws/install/armor_sub/share/armor_sub/hook/ld_library_path_lib.dsv'
[11.182s] INFO:colcon.colcon_core.shell:Creating environment hook '/home/xzq/project/ros2_ws/install/armor_sub/share/armor_sub/hook/ld_library_path_lib.sh'
[11.182s] Level 1:colcon.colcon_core.environment:checking '/home/xzq/project/ros2_ws/install/armor_sub/bin'
[11.182s] Level 1:colcon.colcon_core.environment:checking '/home/xzq/project/ros2_ws/install/armor_sub/lib/pkgconfig/armor_sub.pc'
[11.182s] Level 1:colcon.colcon_core.environment:checking '/home/xzq/project/ros2_ws/install/armor_sub/lib/python3.10/site-packages'
[11.182s] Level 1:colcon.colcon_core.environment:checking '/home/xzq/project/ros2_ws/install/armor_sub/bin'
[11.182s] INFO:colcon.colcon_core.shell:Creating package script '/home/xzq/project/ros2_ws/install/armor_sub/share/armor_sub/package.ps1'
[11.182s] INFO:colcon.colcon_core.shell:Creating package descriptor '/home/xzq/project/ros2_ws/install/armor_sub/share/armor_sub/package.dsv'
[11.183s] INFO:colcon.colcon_core.shell:Creating package script '/home/xzq/project/ros2_ws/install/armor_sub/share/armor_sub/package.sh'
[11.183s] INFO:colcon.colcon_core.shell:Creating package script '/home/xzq/project/ros2_ws/install/armor_sub/share/armor_sub/package.bash'
[11.183s] INFO:colcon.colcon_core.shell:Creating package script '/home/xzq/project/ros2_ws/install/armor_sub/share/armor_sub/package.zsh'
[11.183s] Level 1:colcon.colcon_core.environment:create_file_with_runtime_dependencies(/home/xzq/project/ros2_ws/install/armor_sub/share/colcon-core/packages/armor_sub)
[11.183s] Level 1:colcon.colcon_core.environment:create_environment_scripts_only(armor_sub)
[11.184s] Level 1:colcon.colcon_core.environment:checking '/home/xzq/project/ros2_ws/install/armor_sub' for CMake module files
[11.184s] Level 1:colcon.colcon_core.environment:checking '/home/xzq/project/ros2_ws/install/armor_sub' for CMake config files
[11.184s] Level 1:colcon.colcon_core.shell:create_environment_hook('armor_sub', 'cmake_prefix_path')
[11.184s] INFO:colcon.colcon_core.shell:Creating environment hook '/home/xzq/project/ros2_ws/install/armor_sub/share/armor_sub/hook/cmake_prefix_path.ps1'
[11.184s] INFO:colcon.colcon_core.shell:Creating environment descriptor '/home/xzq/project/ros2_ws/install/armor_sub/share/armor_sub/hook/cmake_prefix_path.dsv'
[11.185s] INFO:colcon.colcon_core.shell:Creating environment hook '/home/xzq/project/ros2_ws/install/armor_sub/share/armor_sub/hook/cmake_prefix_path.sh'
[11.185s] Level 1:colcon.colcon_core.environment:checking '/home/xzq/project/ros2_ws/install/armor_sub/lib'
[11.185s] Level 1:colcon.colcon_core.shell:create_environment_hook('armor_sub', 'ld_library_path_lib')
[11.185s] INFO:colcon.colcon_core.shell:Creating environment hook '/home/xzq/project/ros2_ws/install/armor_sub/share/armor_sub/hook/ld_library_path_lib.ps1'
[11.186s] INFO:colcon.colcon_core.shell:Creating environment descriptor '/home/xzq/project/ros2_ws/install/armor_sub/share/armor_sub/hook/ld_library_path_lib.dsv'
[11.186s] INFO:colcon.colcon_core.shell:Creating environment hook '/home/xzq/project/ros2_ws/install/armor_sub/share/armor_sub/hook/ld_library_path_lib.sh'
[11.186s] Level 1:colcon.colcon_core.environment:checking '/home/xzq/project/ros2_ws/install/armor_sub/bin'
[11.186s] Level 1:colcon.colcon_core.environment:checking '/home/xzq/project/ros2_ws/install/armor_sub/lib/pkgconfig/armor_sub.pc'
[11.186s] Level 1:colcon.colcon_core.environment:checking '/home/xzq/project/ros2_ws/install/armor_sub/lib/python3.10/site-packages'
[11.186s] Level 1:colcon.colcon_core.environment:checking '/home/xzq/project/ros2_ws/install/armor_sub/bin'
[11.186s] INFO:colcon.colcon_core.shell:Creating package script '/home/xzq/project/ros2_ws/install/armor_sub/share/armor_sub/package.ps1'
[11.187s] INFO:colcon.colcon_core.shell:Creating package descriptor '/home/xzq/project/ros2_ws/install/armor_sub/share/armor_sub/package.dsv'
[11.187s] INFO:colcon.colcon_core.shell:Creating package script '/home/xzq/project/ros2_ws/install/armor_sub/share/armor_sub/package.sh'
[11.187s] INFO:colcon.colcon_core.shell:Creating package script '/home/xzq/project/ros2_ws/install/armor_sub/share/armor_sub/package.bash'
[11.187s] INFO:colcon.colcon_core.shell:Creating package script '/home/xzq/project/ros2_ws/install/armor_sub/share/armor_sub/package.zsh'
[11.188s] Level 1:colcon.colcon_core.environment:create_file_with_runtime_dependencies(/home/xzq/project/ros2_ws/install/armor_sub/share/colcon-core/packages/armor_sub)
[11.188s] DEBUG:colcon.colcon_parallel_executor.executor.parallel:closing loop
[11.188s] DEBUG:colcon.colcon_parallel_executor.executor.parallel:loop closed
[11.188s] DEBUG:colcon.colcon_parallel_executor.executor.parallel:run_until_complete finished with '0'
[11.188s] DEBUG:colcon.colcon_core.event_reactor:joining thread
[11.191s] INFO:colcon.colcon_core.plugin_system:Skipping extension 'colcon_notification.desktop_notification.terminal_notifier': Not used on non-Darwin systems
[11.191s] INFO:colcon.colcon_core.plugin_system:Skipping extension 'colcon_notification.desktop_notification.win32': Not used on non-Windows systems
[11.192s] INFO:colcon.colcon_notification.desktop_notification:Sending desktop notification using 'notify2'
[11.200s] DEBUG:colcon.colcon_core.event_reactor:joined thread
[11.200s] INFO:colcon.colcon_core.shell:Creating prefix script '/home/xzq/project/ros2_ws/install/local_setup.ps1'
[11.201s] INFO:colcon.colcon_core.shell:Creating prefix util module '/home/xzq/project/ros2_ws/install/_local_setup_util_ps1.py'
[11.203s] INFO:colcon.colcon_core.shell:Creating prefix chain script '/home/xzq/project/ros2_ws/install/setup.ps1'
[11.204s] INFO:colcon.colcon_core.shell:Creating prefix script '/home/xzq/project/ros2_ws/install/local_setup.sh'
[11.204s] INFO:colcon.colcon_core.shell:Creating prefix util module '/home/xzq/project/ros2_ws/install/_local_setup_util_sh.py'
[11.205s] INFO:colcon.colcon_core.shell:Creating prefix chain script '/home/xzq/project/ros2_ws/install/setup.sh'
[11.205s] INFO:colcon.colcon_core.shell:Creating prefix script '/home/xzq/project/ros2_ws/install/local_setup.bash'
[11.205s] INFO:colcon.colcon_core.shell:Creating prefix chain script '/home/xzq/project/ros2_ws/install/setup.bash'
[11.206s] INFO:colcon.colcon_core.shell:Creating prefix script '/home/xzq/project/ros2_ws/install/local_setup.zsh'
[11.206s] INFO:colcon.colcon_core.shell:Creating prefix chain script '/home/xzq/project/ros2_ws/install/setup.zsh'
