[0.009s] Invoking command in '/home/xzq/project/ros2_ws/build/armor_pub': AMENT_PREFIX_PATH=/home/xzq/project/ros2_ws/install/armor_interfaces:${AMENT_PREFIX_PATH} CMAKE_PREFIX_PATH=/home/xzq/project/ros2_ws/install/armor_interfaces:/opt/ros/humble LD_LIBRARY_PATH=/home/xzq/project/ros2_ws/install/armor_interfaces/lib:/opt/MVS/lib/64:/opt/MVS/lib/32:/opt/MVS/lib/64:/opt/MVS/lib/32:/opt/MVS/lib/64:/opt/MVS/lib/32:/opt/MVS/lib/64:/opt/MVS/lib/32:/opt/MVS/lib/64:/opt/MVS/lib/32:/opt/ros/humble/opt/rviz_ogre_vendor/lib:/opt/ros/humble/lib/x86_64-linux-gnu:/opt/ros/humble/lib:/opt/MVS/lib/64:/opt/MVS/lib/32 PYTHONPATH=/home/xzq/project/ros2_ws/install/armor_interfaces/local/lib/python3.10/dist-packages:${PYTHONPATH} /usr/bin/cmake --build /home/xzq/project/ros2_ws/build/armor_pub -- -j12 -l12
[0.028s] [0m-- CMAKE_BUILD_TYPE: Release[0m
[0.029s] -- Found ament_cmake_auto: 1.3.11 (/opt/ros/humble/share/ament_cmake_auto/cmake)
[0.128s] -- Found OpenCV: /usr (found version "4.5.4") 
[0.189s] -- Found rosidl_generator_c: 3.1.6 (/opt/ros/humble/share/rosidl_generator_c/cmake)
[0.191s] -- Found rosidl_adapter: 3.1.6 (/opt/ros/humble/share/rosidl_adapter/cmake)
[0.196s] -- Found rosidl_generator_cpp: 3.1.6 (/opt/ros/humble/share/rosidl_generator_cpp/cmake)
[0.203s] -- Using all available rosidl_typesupport_c: rosidl_typesupport_fastrtps_c;rosidl_typesupport_introspection_c
[0.213s] -- Using all available rosidl_typesupport_cpp: rosidl_typesupport_fastrtps_cpp;rosidl_typesupport_introspection_cpp
[0.239s] -- Found rmw_implementation_cmake: 6.1.2 (/opt/ros/humble/share/rmw_implementation_cmake/cmake)
[0.240s] -- Found rmw_fastrtps_cpp: 6.2.7 (/opt/ros/humble/share/rmw_fastrtps_cpp/cmake)
[0.306s] -- Using RMW implementation 'rmw_fastrtps_cpp' as default
[0.475s] -- Found eigen3_cmake_module: 0.1.1 (/opt/ros/humble/share/eigen3_cmake_module/cmake)
[0.476s] -- Found Eigen3: TRUE (found version "3.4.0") 
[0.476s] -- Ensuring Eigen3 include directory is part of orocos-kdl CMake target
[0.496s] -- Configuring done
[0.510s] -- Generating done
[0.515s] -- Build files have been written to: /home/xzq/project/ros2_ws/build/armor_pub
[0.539s] [ 25%] [32mBuilding CXX object CMakeFiles/armor_pub.dir/src/ArmorPubNode.cpp.o[0m
[0.541s] [ 50%] [32mBuilding CXX object CMakeFiles/armor_pub_node.dir/rclcpp_components/node_main_armor_pub_node.cpp.o[0m
[3.490s] [ 75%] [32m[1mLinking CXX executable armor_pub_node[0m
[3.571s] [ 75%] Built target armor_pub_node
[5.463s] [100%] [32m[1mLinking CXX shared library libarmor_pub.so[0m
[5.612s] [100%] Built target armor_pub
[5.621s] Invoked command in '/home/xzq/project/ros2_ws/build/armor_pub' returned '0': AMENT_PREFIX_PATH=/home/xzq/project/ros2_ws/install/armor_interfaces:${AMENT_PREFIX_PATH} CMAKE_PREFIX_PATH=/home/xzq/project/ros2_ws/install/armor_interfaces:/opt/ros/humble LD_LIBRARY_PATH=/home/xzq/project/ros2_ws/install/armor_interfaces/lib:/opt/MVS/lib/64:/opt/MVS/lib/32:/opt/MVS/lib/64:/opt/MVS/lib/32:/opt/MVS/lib/64:/opt/MVS/lib/32:/opt/MVS/lib/64:/opt/MVS/lib/32:/opt/MVS/lib/64:/opt/MVS/lib/32:/opt/ros/humble/opt/rviz_ogre_vendor/lib:/opt/ros/humble/lib/x86_64-linux-gnu:/opt/ros/humble/lib:/opt/MVS/lib/64:/opt/MVS/lib/32 PYTHONPATH=/home/xzq/project/ros2_ws/install/armor_interfaces/local/lib/python3.10/dist-packages:${PYTHONPATH} /usr/bin/cmake --build /home/xzq/project/ros2_ws/build/armor_pub -- -j12 -l12
[5.622s] Invoking command in '/home/xzq/project/ros2_ws/build/armor_pub': AMENT_PREFIX_PATH=/home/xzq/project/ros2_ws/install/armor_interfaces:${AMENT_PREFIX_PATH} CMAKE_PREFIX_PATH=/home/xzq/project/ros2_ws/install/armor_interfaces:/opt/ros/humble LD_LIBRARY_PATH=/home/xzq/project/ros2_ws/install/armor_interfaces/lib:/opt/MVS/lib/64:/opt/MVS/lib/32:/opt/MVS/lib/64:/opt/MVS/lib/32:/opt/MVS/lib/64:/opt/MVS/lib/32:/opt/MVS/lib/64:/opt/MVS/lib/32:/opt/MVS/lib/64:/opt/MVS/lib/32:/opt/ros/humble/opt/rviz_ogre_vendor/lib:/opt/ros/humble/lib/x86_64-linux-gnu:/opt/ros/humble/lib:/opt/MVS/lib/64:/opt/MVS/lib/32 PYTHONPATH=/home/xzq/project/ros2_ws/install/armor_interfaces/local/lib/python3.10/dist-packages:${PYTHONPATH} /usr/bin/cmake --install /home/xzq/project/ros2_ws/build/armor_pub
[5.630s] -- Install configuration: "Release"
[5.630s] -- Installing: /home/xzq/project/ros2_ws/install/armor_pub/lib/armor_pub/armor_pub_node
[5.630s] -- Set runtime path of "/home/xzq/project/ros2_ws/install/armor_pub/lib/armor_pub/armor_pub_node" to ""
[5.630s] -- Installing: /home/xzq/project/ros2_ws/install/armor_pub/include
[5.630s] -- Installing: /home/xzq/project/ros2_ws/install/armor_pub/include/ArmorPubNode.h
[5.630s] -- Installing: /home/xzq/project/ros2_ws/install/armor_pub/share/armor_pub/environment/library_path.sh
[5.630s] -- Installing: /home/xzq/project/ros2_ws/install/armor_pub/share/armor_pub/environment/library_path.dsv
[5.630s] -- Installing: /home/xzq/project/ros2_ws/install/armor_pub/lib/libarmor_pub.so
[5.630s] -- Set runtime path of "/home/xzq/project/ros2_ws/install/armor_pub/lib/libarmor_pub.so" to ""
[5.630s] -- Installing: /home/xzq/project/ros2_ws/install/armor_pub/share/ament_index/resource_index/package_run_dependencies/armor_pub
[5.630s] -- Installing: /home/xzq/project/ros2_ws/install/armor_pub/share/ament_index/resource_index/parent_prefix_path/armor_pub
[5.631s] -- Installing: /home/xzq/project/ros2_ws/install/armor_pub/share/armor_pub/environment/ament_prefix_path.sh
[5.631s] -- Installing: /home/xzq/project/ros2_ws/install/armor_pub/share/armor_pub/environment/ament_prefix_path.dsv
[5.631s] -- Installing: /home/xzq/project/ros2_ws/install/armor_pub/share/armor_pub/environment/path.sh
[5.631s] -- Installing: /home/xzq/project/ros2_ws/install/armor_pub/share/armor_pub/environment/path.dsv
[5.631s] -- Installing: /home/xzq/project/ros2_ws/install/armor_pub/share/armor_pub/local_setup.bash
[5.631s] -- Installing: /home/xzq/project/ros2_ws/install/armor_pub/share/armor_pub/local_setup.sh
[5.631s] -- Installing: /home/xzq/project/ros2_ws/install/armor_pub/share/armor_pub/local_setup.zsh
[5.631s] -- Installing: /home/xzq/project/ros2_ws/install/armor_pub/share/armor_pub/local_setup.dsv
[5.631s] -- Installing: /home/xzq/project/ros2_ws/install/armor_pub/share/armor_pub/package.dsv
[5.631s] -- Installing: /home/xzq/project/ros2_ws/install/armor_pub/share/ament_index/resource_index/packages/armor_pub
[5.631s] -- Installing: /home/xzq/project/ros2_ws/install/armor_pub/share/ament_index/resource_index/rclcpp_components/armor_pub
[5.631s] -- Installing: /home/xzq/project/ros2_ws/install/armor_pub/share/armor_pub/cmake/ament_cmake_export_dependencies-extras.cmake
[5.631s] -- Installing: /home/xzq/project/ros2_ws/install/armor_pub/share/armor_pub/cmake/ament_cmake_export_include_directories-extras.cmake
[5.631s] -- Installing: /home/xzq/project/ros2_ws/install/armor_pub/share/armor_pub/cmake/ament_cmake_export_libraries-extras.cmake
[5.632s] -- Installing: /home/xzq/project/ros2_ws/install/armor_pub/share/armor_pub/cmake/armor_pubConfig.cmake
[5.632s] -- Installing: /home/xzq/project/ros2_ws/install/armor_pub/share/armor_pub/cmake/armor_pubConfig-version.cmake
[5.632s] -- Installing: /home/xzq/project/ros2_ws/install/armor_pub/share/armor_pub/package.xml
[5.633s] Invoked command in '/home/xzq/project/ros2_ws/build/armor_pub' returned '0': AMENT_PREFIX_PATH=/home/xzq/project/ros2_ws/install/armor_interfaces:${AMENT_PREFIX_PATH} CMAKE_PREFIX_PATH=/home/xzq/project/ros2_ws/install/armor_interfaces:/opt/ros/humble LD_LIBRARY_PATH=/home/xzq/project/ros2_ws/install/armor_interfaces/lib:/opt/MVS/lib/64:/opt/MVS/lib/32:/opt/MVS/lib/64:/opt/MVS/lib/32:/opt/MVS/lib/64:/opt/MVS/lib/32:/opt/MVS/lib/64:/opt/MVS/lib/32:/opt/MVS/lib/64:/opt/MVS/lib/32:/opt/ros/humble/opt/rviz_ogre_vendor/lib:/opt/ros/humble/lib/x86_64-linux-gnu:/opt/ros/humble/lib:/opt/MVS/lib/64:/opt/MVS/lib/32 PYTHONPATH=/home/xzq/project/ros2_ws/install/armor_interfaces/local/lib/python3.10/dist-packages:${PYTHONPATH} /usr/bin/cmake --install /home/xzq/project/ros2_ws/build/armor_pub
