[0m-- CMAKE_BUILD_TYPE: Release[0m
-- Found ament_cmake_auto: 1.3.11 (/opt/ros/humble/share/ament_cmake_auto/cmake)
-- Found rosidl_generator_c: 3.1.6 (/opt/ros/humble/share/rosidl_generator_c/cmake)
-- Found rosidl_adapter: 3.1.6 (/opt/ros/humble/share/rosidl_adapter/cmake)
-- Found rosidl_generator_cpp: 3.1.6 (/opt/ros/humble/share/rosidl_generator_cpp/cmake)
-- Using all available rosidl_typesupport_c: rosidl_typesupport_fastrtps_c;rosidl_typesupport_introspection_c
-- Using all available rosidl_typesupport_cpp: rosidl_typesupport_fastrtps_cpp;rosidl_typesupport_introspection_cpp
-- Found rmw_implementation_cmake: 6.1.2 (/opt/ros/humble/share/rmw_implementation_cmake/cmake)
-- Found rmw_fastrtps_cpp: 6.2.7 (/opt/ros/humble/share/rmw_fastrtps_cpp/cmake)
-- Using RMW implementation 'rmw_fastrtps_cpp' as default
-- Found eigen3_cmake_module: 0.1.1 (/opt/ros/humble/share/eigen3_cmake_module/cmake)
-- Ensuring Eigen3 include directory is part of orocos-kdl CMake target
-- Configuring done
-- Generating done
-- Build files have been written to: /home/xzq/project/ros2_ws/build/armor_pub
[35m[1mConsolidate compiler generated dependencies of target armor_pub[0m
[35m[1mConsolidate compiler generated dependencies of target armor_pub_node[0m
[ 50%] Built target armor_pub
[100%] Built target armor_pub_node
-- Install configuration: "Release"
-- Up-to-date: /home/xzq/project/ros2_ws/install/armor_pub/lib/armor_pub/armor_pub_node
-- Up-to-date: /home/xzq/project/ros2_ws/install/armor_pub/include
-- Up-to-date: /home/xzq/project/ros2_ws/install/armor_pub/include/ArmorPubNode.h
-- Up-to-date: /home/xzq/project/ros2_ws/install/armor_pub/share/armor_pub/environment/library_path.sh
-- Installing: /home/xzq/project/ros2_ws/install/armor_pub/share/armor_pub/environment/library_path.dsv
-- Up-to-date: /home/xzq/project/ros2_ws/install/armor_pub/lib/libarmor_pub.so
-- Up-to-date: /home/xzq/project/ros2_ws/install/armor_pub/share/ament_index/resource_index/package_run_dependencies/armor_pub
-- Up-to-date: /home/xzq/project/ros2_ws/install/armor_pub/share/ament_index/resource_index/parent_prefix_path/armor_pub
-- Up-to-date: /home/xzq/project/ros2_ws/install/armor_pub/share/armor_pub/environment/ament_prefix_path.sh
-- Installing: /home/xzq/project/ros2_ws/install/armor_pub/share/armor_pub/environment/ament_prefix_path.dsv
-- Up-to-date: /home/xzq/project/ros2_ws/install/armor_pub/share/armor_pub/environment/path.sh
-- Installing: /home/xzq/project/ros2_ws/install/armor_pub/share/armor_pub/environment/path.dsv
-- Up-to-date: /home/xzq/project/ros2_ws/install/armor_pub/share/armor_pub/local_setup.bash
-- Up-to-date: /home/xzq/project/ros2_ws/install/armor_pub/share/armor_pub/local_setup.sh
-- Up-to-date: /home/xzq/project/ros2_ws/install/armor_pub/share/armor_pub/local_setup.zsh
-- Installing: /home/xzq/project/ros2_ws/install/armor_pub/share/armor_pub/local_setup.dsv
-- Installing: /home/xzq/project/ros2_ws/install/armor_pub/share/armor_pub/package.dsv
-- Up-to-date: /home/xzq/project/ros2_ws/install/armor_pub/share/ament_index/resource_index/packages/armor_pub
-- Up-to-date: /home/xzq/project/ros2_ws/install/armor_pub/share/ament_index/resource_index/rclcpp_components/armor_pub
-- Up-to-date: /home/xzq/project/ros2_ws/install/armor_pub/share/armor_pub/cmake/ament_cmake_export_dependencies-extras.cmake
-- Up-to-date: /home/xzq/project/ros2_ws/install/armor_pub/share/armor_pub/cmake/ament_cmake_export_include_directories-extras.cmake
-- Up-to-date: /home/xzq/project/ros2_ws/install/armor_pub/share/armor_pub/cmake/ament_cmake_export_libraries-extras.cmake
-- Up-to-date: /home/xzq/project/ros2_ws/install/armor_pub/share/armor_pub/cmake/armor_pubConfig.cmake
-- Up-to-date: /home/xzq/project/ros2_ws/install/armor_pub/share/armor_pub/cmake/armor_pubConfig-version.cmake
-- Up-to-date: /home/xzq/project/ros2_ws/install/armor_pub/share/armor_pub/package.xml
