[0.007s] Invoking command in '/home/xzq/project/ros2_ws/build/tutorial_interfaces': CMAKE_PREFIX_PATH=/opt/ros/humble /usr/bin/cmake /home/xzq/project/ros2_ws/src/tutorial_interfaces -DCMAKE_INSTALL_PREFIX=/home/xzq/project/ros2_ws/install/tutorial_interfaces
[0.050s] -- The C compiler identification is GNU 12.3.0
[0.085s] -- The CXX compiler identification is GNU 11.4.0
[0.091s] -- Detecting C compiler ABI info
[0.144s] -- Detecting C compiler ABI info - done
[0.148s] -- Check for working C compiler: /usr/bin/cc - skipped
[0.148s] -- Detecting C compile features
[0.149s] -- Detecting C compile features - done
[0.150s] -- Detecting CXX compiler ABI info
[0.205s] -- Detecting CXX compiler ABI info - done
[0.210s] -- Check for working CXX compiler: /usr/bin/c++ - skipped
[0.210s] -- Detecting CXX compile features
[0.211s] -- Detecting CXX compile features - done
[0.212s] -- Found ament_cmake: 1.3.11 (/opt/ros/humble/share/ament_cmake/cmake)
[0.307s] -- Found Python3: /usr/bin/python3 (found version "3.10.12") found components: Interpreter 
[0.356s] -- Found rosidl_default_generators: 1.2.0 (/opt/ros/humble/share/rosidl_default_generators/cmake)
[0.357s] -- Using all available rosidl_typesupport_c: rosidl_typesupport_fastrtps_c;rosidl_typesupport_introspection_c
[0.360s] -- Found rosidl_adapter: 3.1.6 (/opt/ros/humble/share/rosidl_adapter/cmake)
[0.380s] -- Using all available rosidl_typesupport_cpp: rosidl_typesupport_fastrtps_cpp;rosidl_typesupport_introspection_cpp
[0.397s] -- Found geometry_msgs: 4.2.4 (/opt/ros/humble/share/geometry_msgs/cmake)
[0.587s] -- Found ament_cmake_ros: 0.10.0 (/opt/ros/humble/share/ament_cmake_ros/cmake)
[0.736s] -- Using all available rosidl_typesupport_c: rosidl_typesupport_fastrtps_c;rosidl_typesupport_introspection_c
[0.936s] -- Using all available rosidl_typesupport_cpp: rosidl_typesupport_fastrtps_cpp;rosidl_typesupport_introspection_cpp
[0.950s] -- Found PythonInterp: /usr/bin/python3 (found suitable version "3.10.12", minimum required is "3.6") 
[0.951s] -- Found python_cmake_module: 0.10.0 (/opt/ros/humble/share/python_cmake_module/cmake)
[0.967s] -- Found PythonLibs: /usr/lib/x86_64-linux-gnu/libpython3.10.so (found suitable version "3.10.12", minimum required is "3.5") 
[0.967s] -- Using PYTHON_EXECUTABLE: /usr/bin/python3
[0.967s] -- Using PYTHON_INCLUDE_DIRS: /usr/include/python3.10
[0.967s] -- Using PYTHON_LIBRARIES: /usr/lib/x86_64-linux-gnu/libpython3.10.so
[0.981s] -- Found PythonExtra: .so  
[1.014s] -- Found ament_lint_auto: 0.12.11 (/opt/ros/humble/share/ament_lint_auto/cmake)
[1.021s] -- Added test 'lint_cmake' to check CMake code style
[1.022s] -- Added test 'xmllint' to check XML markup files
[1.023s] -- Configuring done
[1.041s] -- Generating done
[1.047s] -- Build files have been written to: /home/xzq/project/ros2_ws/build/tutorial_interfaces
[1.053s] Invoked command in '/home/xzq/project/ros2_ws/build/tutorial_interfaces' returned '0': CMAKE_PREFIX_PATH=/opt/ros/humble /usr/bin/cmake /home/xzq/project/ros2_ws/src/tutorial_interfaces -DCMAKE_INSTALL_PREFIX=/home/xzq/project/ros2_ws/install/tutorial_interfaces
[1.055s] Invoking command in '/home/xzq/project/ros2_ws/build/tutorial_interfaces': CMAKE_PREFIX_PATH=/opt/ros/humble /usr/bin/cmake --build /home/xzq/project/ros2_ws/build/tutorial_interfaces -- -j12 -l12
[1.083s] [  3%] [34m[1mGenerating C code for ROS interfaces[0m
[1.093s] [  6%] [34m[1mGenerating C++ code for ROS interfaces[0m
[1.095s] [  6%] Built target ament_cmake_python_copy_tutorial_interfaces
[1.239s] running egg_info
[1.239s] creating tutorial_interfaces.egg-info
[1.240s] writing tutorial_interfaces.egg-info/PKG-INFO
[1.240s] writing dependency_links to tutorial_interfaces.egg-info/dependency_links.txt
[1.240s] writing top-level names to tutorial_interfaces.egg-info/top_level.txt
[1.240s] writing manifest file 'tutorial_interfaces.egg-info/SOURCES.txt'
[1.242s] reading manifest file 'tutorial_interfaces.egg-info/SOURCES.txt'
[1.243s] writing manifest file 'tutorial_interfaces.egg-info/SOURCES.txt'
[1.252s] [  6%] Built target tutorial_interfaces__cpp
[1.257s] [  9%] [32mBuilding C object CMakeFiles/tutorial_interfaces__rosidl_generator_c.dir/rosidl_generator_c/tutorial_interfaces/msg/detail/armor_msg__functions.c.o[0m
[1.260s] [ 12%] [34m[1mGenerating C++ type support for eProsima Fast-RTPS[0m
[1.262s] [ 16%] [34m[1mGenerating C++ type support dispatch for ROS interfaces[0m
[1.262s] [ 19%] [34m[1mGenerating C++ introspection for ROS interfaces[0m
[1.265s] [ 19%] Built target ament_cmake_python_build_tutorial_interfaces_egg
[1.298s] [ 22%] [32m[1mLinking C shared library libtutorial_interfaces__rosidl_generator_c.so[0m
[1.332s] [ 22%] Built target tutorial_interfaces__rosidl_generator_c
[1.341s] [ 25%] [34m[1mGenerating C type support for eProsima Fast-RTPS[0m
[1.343s] [ 29%] [34m[1mGenerating C type support dispatch for ROS interfaces[0m
[1.343s] [ 32%] [34m[1mGenerating C introspection for ROS interfaces[0m
[1.438s] [ 35%] [32mBuilding CXX object CMakeFiles/tutorial_interfaces__rosidl_typesupport_cpp.dir/rosidl_typesupport_cpp/tutorial_interfaces/msg/armor_msg__type_support.cpp.o[0m
[1.442s] [ 38%] [32mBuilding CXX object CMakeFiles/tutorial_interfaces__rosidl_typesupport_introspection_cpp.dir/rosidl_typesupport_introspection_cpp/tutorial_interfaces/msg/detail/armor_msg__type_support.cpp.o[0m
[1.505s] [ 41%] [32mBuilding CXX object CMakeFiles/tutorial_interfaces__rosidl_typesupport_fastrtps_cpp.dir/rosidl_typesupport_fastrtps_cpp/tutorial_interfaces/msg/detail/dds_fastrtps/armor_msg__type_support.cpp.o[0m
[1.531s] [ 45%] [32mBuilding C object CMakeFiles/tutorial_interfaces__rosidl_typesupport_introspection_c.dir/rosidl_typesupport_introspection_c/tutorial_interfaces/msg/detail/armor_msg__type_support.c.o[0m
[1.560s] [ 48%] [32mBuilding CXX object CMakeFiles/tutorial_interfaces__rosidl_typesupport_fastrtps_c.dir/rosidl_typesupport_fastrtps_c/tutorial_interfaces/msg/detail/armor_msg__type_support_c.cpp.o[0m
[1.563s] [ 51%] [32m[1mLinking C shared library libtutorial_interfaces__rosidl_typesupport_introspection_c.so[0m
[1.599s] [ 51%] Built target tutorial_interfaces__rosidl_typesupport_introspection_c
[1.612s] [ 54%] [32mBuilding CXX object CMakeFiles/tutorial_interfaces__rosidl_typesupport_c.dir/rosidl_typesupport_c/tutorial_interfaces/msg/armor_msg__type_support.cpp.o[0m
[1.631s] [ 58%] [32m[1mLinking CXX shared library libtutorial_interfaces__rosidl_typesupport_cpp.so[0m
[1.636s] [ 61%] [32m[1mLinking CXX shared library libtutorial_interfaces__rosidl_typesupport_c.so[0m
[1.667s] [ 61%] Built target tutorial_interfaces__rosidl_typesupport_cpp
[1.671s] [ 61%] Built target tutorial_interfaces__rosidl_typesupport_c
[1.733s] [ 64%] [32m[1mLinking CXX shared library libtutorial_interfaces__rosidl_typesupport_introspection_cpp.so[0m
[1.788s] [ 64%] Built target tutorial_interfaces__rosidl_typesupport_introspection_cpp
[1.792s] [ 67%] [32m[1mLinking CXX shared library libtutorial_interfaces__rosidl_typesupport_fastrtps_cpp.so[0m
[1.814s] [ 70%] [32m[1mLinking CXX shared library libtutorial_interfaces__rosidl_typesupport_fastrtps_c.so[0m
[1.845s] [ 70%] Built target tutorial_interfaces__rosidl_typesupport_fastrtps_cpp
[1.867s] [ 70%] Built target tutorial_interfaces__rosidl_typesupport_fastrtps_c
[1.881s] [ 70%] Built target tutorial_interfaces
[1.896s] [ 74%] [34m[1mGenerating Python code for ROS interfaces[0m
[2.064s] [ 74%] Built target tutorial_interfaces__py
[2.079s] [ 77%] [32mBuilding C object CMakeFiles/tutorial_interfaces__rosidl_generator_py.dir/rosidl_generator_py/tutorial_interfaces/msg/_armor_msg_s.c.o[0m
[2.143s] [ 80%] [32m[1mLinking C shared library rosidl_generator_py/tutorial_interfaces/libtutorial_interfaces__rosidl_generator_py.so[0m
[2.170s] [ 80%] Built target tutorial_interfaces__rosidl_generator_py
[2.183s] [ 87%] [32mBuilding C object CMakeFiles/tutorial_interfaces__rosidl_typesupport_fastrtps_c__pyext.dir/rosidl_generator_py/tutorial_interfaces/_tutorial_interfaces_s.ep.rosidl_typesupport_fastrtps_c.c.o[0m
[2.183s] [ 87%] [32mBuilding C object CMakeFiles/tutorial_interfaces__rosidl_typesupport_c__pyext.dir/rosidl_generator_py/tutorial_interfaces/_tutorial_interfaces_s.ep.rosidl_typesupport_c.c.o[0m
[2.183s] [ 90%] [32mBuilding C object CMakeFiles/tutorial_interfaces__rosidl_typesupport_introspection_c__pyext.dir/rosidl_generator_py/tutorial_interfaces/_tutorial_interfaces_s.ep.rosidl_typesupport_introspection_c.c.o[0m
[2.243s] [ 93%] [32m[1mLinking C shared library rosidl_generator_py/tutorial_interfaces/tutorial_interfaces_s__rosidl_typesupport_c.cpython-310-x86_64-linux-gnu.so[0m
[2.244s] [ 96%] [32m[1mLinking C shared library rosidl_generator_py/tutorial_interfaces/tutorial_interfaces_s__rosidl_typesupport_introspection_c.cpython-310-x86_64-linux-gnu.so[0m
[2.250s] [100%] [32m[1mLinking C shared library rosidl_generator_py/tutorial_interfaces/tutorial_interfaces_s__rosidl_typesupport_fastrtps_c.cpython-310-x86_64-linux-gnu.so[0m
[2.272s] [100%] Built target tutorial_interfaces__rosidl_typesupport_introspection_c__pyext
[2.272s] [100%] Built target tutorial_interfaces__rosidl_typesupport_c__pyext
[2.279s] [100%] Built target tutorial_interfaces__rosidl_typesupport_fastrtps_c__pyext
[2.287s] Invoked command in '/home/xzq/project/ros2_ws/build/tutorial_interfaces' returned '0': CMAKE_PREFIX_PATH=/opt/ros/humble /usr/bin/cmake --build /home/xzq/project/ros2_ws/build/tutorial_interfaces -- -j12 -l12
[2.293s] Invoking command in '/home/xzq/project/ros2_ws/build/tutorial_interfaces': CMAKE_PREFIX_PATH=/opt/ros/humble /usr/bin/cmake --install /home/xzq/project/ros2_ws/build/tutorial_interfaces
[2.299s] -- Install configuration: ""
[2.299s] -- Installing: /home/xzq/project/ros2_ws/install/tutorial_interfaces/share/ament_index/resource_index/rosidl_interfaces/tutorial_interfaces
[2.299s] -- Installing: /home/xzq/project/ros2_ws/install/tutorial_interfaces/include/tutorial_interfaces/tutorial_interfaces
[2.300s] -- Installing: /home/xzq/project/ros2_ws/install/tutorial_interfaces/include/tutorial_interfaces/tutorial_interfaces/msg
[2.300s] -- Installing: /home/xzq/project/ros2_ws/install/tutorial_interfaces/include/tutorial_interfaces/tutorial_interfaces/msg/rosidl_generator_c__visibility_control.h
[2.300s] -- Installing: /home/xzq/project/ros2_ws/install/tutorial_interfaces/include/tutorial_interfaces/tutorial_interfaces/msg/detail
[2.300s] -- Installing: /home/xzq/project/ros2_ws/install/tutorial_interfaces/include/tutorial_interfaces/tutorial_interfaces/msg/detail/armor_msg__struct.h
[2.300s] -- Installing: /home/xzq/project/ros2_ws/install/tutorial_interfaces/include/tutorial_interfaces/tutorial_interfaces/msg/detail/armor_msg__functions.c
[2.300s] -- Installing: /home/xzq/project/ros2_ws/install/tutorial_interfaces/include/tutorial_interfaces/tutorial_interfaces/msg/detail/armor_msg__functions.h
[2.300s] -- Installing: /home/xzq/project/ros2_ws/install/tutorial_interfaces/include/tutorial_interfaces/tutorial_interfaces/msg/detail/armor_msg__type_support.h
[2.300s] -- Installing: /home/xzq/project/ros2_ws/install/tutorial_interfaces/include/tutorial_interfaces/tutorial_interfaces/msg/armor_msg.h
[2.300s] -- Installing: /home/xzq/project/ros2_ws/install/tutorial_interfaces/share/tutorial_interfaces/environment/library_path.sh
[2.300s] -- Installing: /home/xzq/project/ros2_ws/install/tutorial_interfaces/share/tutorial_interfaces/environment/library_path.dsv
[2.300s] -- Installing: /home/xzq/project/ros2_ws/install/tutorial_interfaces/lib/libtutorial_interfaces__rosidl_generator_c.so
[2.300s] -- Set runtime path of "/home/xzq/project/ros2_ws/install/tutorial_interfaces/lib/libtutorial_interfaces__rosidl_generator_c.so" to ""
[2.300s] -- Up-to-date: /home/xzq/project/ros2_ws/install/tutorial_interfaces/include/tutorial_interfaces/tutorial_interfaces
[2.300s] -- Up-to-date: /home/xzq/project/ros2_ws/install/tutorial_interfaces/include/tutorial_interfaces/tutorial_interfaces/msg
[2.300s] -- Up-to-date: /home/xzq/project/ros2_ws/install/tutorial_interfaces/include/tutorial_interfaces/tutorial_interfaces/msg/detail
[2.300s] -- Installing: /home/xzq/project/ros2_ws/install/tutorial_interfaces/include/tutorial_interfaces/tutorial_interfaces/msg/detail/armor_msg__rosidl_typesupport_fastrtps_c.h
[2.300s] -- Installing: /home/xzq/project/ros2_ws/install/tutorial_interfaces/include/tutorial_interfaces/tutorial_interfaces/msg/rosidl_typesupport_fastrtps_c__visibility_control.h
[2.300s] -- Installing: /home/xzq/project/ros2_ws/install/tutorial_interfaces/lib/libtutorial_interfaces__rosidl_typesupport_fastrtps_c.so
[2.300s] -- Set runtime path of "/home/xzq/project/ros2_ws/install/tutorial_interfaces/lib/libtutorial_interfaces__rosidl_typesupport_fastrtps_c.so" to ""
[2.300s] -- Up-to-date: /home/xzq/project/ros2_ws/install/tutorial_interfaces/include/tutorial_interfaces/tutorial_interfaces
[2.301s] -- Up-to-date: /home/xzq/project/ros2_ws/install/tutorial_interfaces/include/tutorial_interfaces/tutorial_interfaces/msg
[2.301s] -- Installing: /home/xzq/project/ros2_ws/install/tutorial_interfaces/include/tutorial_interfaces/tutorial_interfaces/msg/rosidl_typesupport_introspection_c__visibility_control.h
[2.301s] -- Up-to-date: /home/xzq/project/ros2_ws/install/tutorial_interfaces/include/tutorial_interfaces/tutorial_interfaces/msg/detail
[2.301s] -- Installing: /home/xzq/project/ros2_ws/install/tutorial_interfaces/include/tutorial_interfaces/tutorial_interfaces/msg/detail/armor_msg__rosidl_typesupport_introspection_c.h
[2.301s] -- Installing: /home/xzq/project/ros2_ws/install/tutorial_interfaces/include/tutorial_interfaces/tutorial_interfaces/msg/detail/armor_msg__type_support.c
[2.301s] -- Installing: /home/xzq/project/ros2_ws/install/tutorial_interfaces/lib/libtutorial_interfaces__rosidl_typesupport_introspection_c.so
[2.301s] -- Set runtime path of "/home/xzq/project/ros2_ws/install/tutorial_interfaces/lib/libtutorial_interfaces__rosidl_typesupport_introspection_c.so" to ""
[2.301s] -- Installing: /home/xzq/project/ros2_ws/install/tutorial_interfaces/lib/libtutorial_interfaces__rosidl_typesupport_c.so
[2.301s] -- Set runtime path of "/home/xzq/project/ros2_ws/install/tutorial_interfaces/lib/libtutorial_interfaces__rosidl_typesupport_c.so" to ""
[2.301s] -- Up-to-date: /home/xzq/project/ros2_ws/install/tutorial_interfaces/include/tutorial_interfaces/tutorial_interfaces
[2.301s] -- Up-to-date: /home/xzq/project/ros2_ws/install/tutorial_interfaces/include/tutorial_interfaces/tutorial_interfaces/msg
[2.301s] -- Installing: /home/xzq/project/ros2_ws/install/tutorial_interfaces/include/tutorial_interfaces/tutorial_interfaces/msg/armor_msg.hpp
[2.301s] -- Installing: /home/xzq/project/ros2_ws/install/tutorial_interfaces/include/tutorial_interfaces/tutorial_interfaces/msg/rosidl_generator_cpp__visibility_control.hpp
[2.301s] -- Up-to-date: /home/xzq/project/ros2_ws/install/tutorial_interfaces/include/tutorial_interfaces/tutorial_interfaces/msg/detail
[2.301s] -- Installing: /home/xzq/project/ros2_ws/install/tutorial_interfaces/include/tutorial_interfaces/tutorial_interfaces/msg/detail/armor_msg__builder.hpp
[2.301s] -- Installing: /home/xzq/project/ros2_ws/install/tutorial_interfaces/include/tutorial_interfaces/tutorial_interfaces/msg/detail/armor_msg__struct.hpp
[2.301s] -- Installing: /home/xzq/project/ros2_ws/install/tutorial_interfaces/include/tutorial_interfaces/tutorial_interfaces/msg/detail/armor_msg__type_support.hpp
[2.301s] -- Installing: /home/xzq/project/ros2_ws/install/tutorial_interfaces/include/tutorial_interfaces/tutorial_interfaces/msg/detail/armor_msg__traits.hpp
[2.301s] -- Up-to-date: /home/xzq/project/ros2_ws/install/tutorial_interfaces/include/tutorial_interfaces/tutorial_interfaces
[2.301s] -- Up-to-date: /home/xzq/project/ros2_ws/install/tutorial_interfaces/include/tutorial_interfaces/tutorial_interfaces/msg
[2.302s] -- Installing: /home/xzq/project/ros2_ws/install/tutorial_interfaces/include/tutorial_interfaces/tutorial_interfaces/msg/rosidl_typesupport_fastrtps_cpp__visibility_control.h
[2.302s] -- Up-to-date: /home/xzq/project/ros2_ws/install/tutorial_interfaces/include/tutorial_interfaces/tutorial_interfaces/msg/detail
[2.302s] -- Installing: /home/xzq/project/ros2_ws/install/tutorial_interfaces/include/tutorial_interfaces/tutorial_interfaces/msg/detail/dds_fastrtps
[2.302s] -- Installing: /home/xzq/project/ros2_ws/install/tutorial_interfaces/include/tutorial_interfaces/tutorial_interfaces/msg/detail/armor_msg__rosidl_typesupport_fastrtps_cpp.hpp
[2.302s] -- Installing: /home/xzq/project/ros2_ws/install/tutorial_interfaces/lib/libtutorial_interfaces__rosidl_typesupport_fastrtps_cpp.so
[2.302s] -- Set runtime path of "/home/xzq/project/ros2_ws/install/tutorial_interfaces/lib/libtutorial_interfaces__rosidl_typesupport_fastrtps_cpp.so" to ""
[2.302s] -- Up-to-date: /home/xzq/project/ros2_ws/install/tutorial_interfaces/include/tutorial_interfaces/tutorial_interfaces
[2.302s] -- Up-to-date: /home/xzq/project/ros2_ws/install/tutorial_interfaces/include/tutorial_interfaces/tutorial_interfaces/msg
[2.302s] -- Up-to-date: /home/xzq/project/ros2_ws/install/tutorial_interfaces/include/tutorial_interfaces/tutorial_interfaces/msg/detail
[2.302s] -- Installing: /home/xzq/project/ros2_ws/install/tutorial_interfaces/include/tutorial_interfaces/tutorial_interfaces/msg/detail/armor_msg__type_support.cpp
[2.302s] -- Installing: /home/xzq/project/ros2_ws/install/tutorial_interfaces/include/tutorial_interfaces/tutorial_interfaces/msg/detail/armor_msg__rosidl_typesupport_introspection_cpp.hpp
[2.302s] -- Installing: /home/xzq/project/ros2_ws/install/tutorial_interfaces/lib/libtutorial_interfaces__rosidl_typesupport_introspection_cpp.so
[2.302s] -- Set runtime path of "/home/xzq/project/ros2_ws/install/tutorial_interfaces/lib/libtutorial_interfaces__rosidl_typesupport_introspection_cpp.so" to ""
[2.302s] -- Installing: /home/xzq/project/ros2_ws/install/tutorial_interfaces/lib/libtutorial_interfaces__rosidl_typesupport_cpp.so
[2.302s] -- Set runtime path of "/home/xzq/project/ros2_ws/install/tutorial_interfaces/lib/libtutorial_interfaces__rosidl_typesupport_cpp.so" to ""
[2.302s] -- Installing: /home/xzq/project/ros2_ws/install/tutorial_interfaces/share/tutorial_interfaces/environment/pythonpath.sh
[2.302s] -- Installing: /home/xzq/project/ros2_ws/install/tutorial_interfaces/share/tutorial_interfaces/environment/pythonpath.dsv
[2.302s] -- Installing: /home/xzq/project/ros2_ws/install/tutorial_interfaces/local/lib/python3.10/dist-packages/tutorial_interfaces-0.0.0-py3.10.egg-info
[2.302s] -- Installing: /home/xzq/project/ros2_ws/install/tutorial_interfaces/local/lib/python3.10/dist-packages/tutorial_interfaces-0.0.0-py3.10.egg-info/top_level.txt
[2.302s] -- Installing: /home/xzq/project/ros2_ws/install/tutorial_interfaces/local/lib/python3.10/dist-packages/tutorial_interfaces-0.0.0-py3.10.egg-info/PKG-INFO
[2.302s] -- Installing: /home/xzq/project/ros2_ws/install/tutorial_interfaces/local/lib/python3.10/dist-packages/tutorial_interfaces-0.0.0-py3.10.egg-info/SOURCES.txt
[2.302s] -- Installing: /home/xzq/project/ros2_ws/install/tutorial_interfaces/local/lib/python3.10/dist-packages/tutorial_interfaces-0.0.0-py3.10.egg-info/dependency_links.txt
[2.302s] -- Installing: /home/xzq/project/ros2_ws/install/tutorial_interfaces/local/lib/python3.10/dist-packages/tutorial_interfaces
[2.302s] -- Installing: /home/xzq/project/ros2_ws/install/tutorial_interfaces/local/lib/python3.10/dist-packages/tutorial_interfaces/_tutorial_interfaces_s.ep.rosidl_typesupport_c.c
[2.302s] -- Installing: /home/xzq/project/ros2_ws/install/tutorial_interfaces/local/lib/python3.10/dist-packages/tutorial_interfaces/_tutorial_interfaces_s.ep.rosidl_typesupport_introspection_c.c
[2.302s] -- Installing: /home/xzq/project/ros2_ws/install/tutorial_interfaces/local/lib/python3.10/dist-packages/tutorial_interfaces/libtutorial_interfaces__rosidl_generator_py.so
[2.302s] -- Installing: /home/xzq/project/ros2_ws/install/tutorial_interfaces/local/lib/python3.10/dist-packages/tutorial_interfaces/tutorial_interfaces_s__rosidl_typesupport_introspection_c.cpython-310-x86_64-linux-gnu.so
[2.302s] -- Installing: /home/xzq/project/ros2_ws/install/tutorial_interfaces/local/lib/python3.10/dist-packages/tutorial_interfaces/msg
[2.302s] -- Installing: /home/xzq/project/ros2_ws/install/tutorial_interfaces/local/lib/python3.10/dist-packages/tutorial_interfaces/msg/_armor_msg.py
[2.302s] -- Installing: /home/xzq/project/ros2_ws/install/tutorial_interfaces/local/lib/python3.10/dist-packages/tutorial_interfaces/msg/_armor_msg_s.c
[2.302s] -- Installing: /home/xzq/project/ros2_ws/install/tutorial_interfaces/local/lib/python3.10/dist-packages/tutorial_interfaces/msg/__init__.py
[2.302s] -- Installing: /home/xzq/project/ros2_ws/install/tutorial_interfaces/local/lib/python3.10/dist-packages/tutorial_interfaces/tutorial_interfaces_s__rosidl_typesupport_fastrtps_c.cpython-310-x86_64-linux-gnu.so
[2.302s] -- Installing: /home/xzq/project/ros2_ws/install/tutorial_interfaces/local/lib/python3.10/dist-packages/tutorial_interfaces/tutorial_interfaces_s__rosidl_typesupport_c.cpython-310-x86_64-linux-gnu.so
[2.302s] -- Installing: /home/xzq/project/ros2_ws/install/tutorial_interfaces/local/lib/python3.10/dist-packages/tutorial_interfaces/_tutorial_interfaces_s.ep.rosidl_typesupport_fastrtps_c.c
[2.303s] -- Installing: /home/xzq/project/ros2_ws/install/tutorial_interfaces/local/lib/python3.10/dist-packages/tutorial_interfaces/__init__.py
[2.322s] Listing '/home/xzq/project/ros2_ws/install/tutorial_interfaces/local/lib/python3.10/dist-packages/tutorial_interfaces'...
[2.322s] Compiling '/home/xzq/project/ros2_ws/install/tutorial_interfaces/local/lib/python3.10/dist-packages/tutorial_interfaces/__init__.py'...
[2.322s] Listing '/home/xzq/project/ros2_ws/install/tutorial_interfaces/local/lib/python3.10/dist-packages/tutorial_interfaces/msg'...
[2.322s] Compiling '/home/xzq/project/ros2_ws/install/tutorial_interfaces/local/lib/python3.10/dist-packages/tutorial_interfaces/msg/__init__.py'...
[2.322s] Compiling '/home/xzq/project/ros2_ws/install/tutorial_interfaces/local/lib/python3.10/dist-packages/tutorial_interfaces/msg/_armor_msg.py'...
[2.325s] -- Installing: /home/xzq/project/ros2_ws/install/tutorial_interfaces/local/lib/python3.10/dist-packages/tutorial_interfaces/tutorial_interfaces_s__rosidl_typesupport_fastrtps_c.cpython-310-x86_64-linux-gnu.so
[2.325s] -- Set runtime path of "/home/xzq/project/ros2_ws/install/tutorial_interfaces/local/lib/python3.10/dist-packages/tutorial_interfaces/tutorial_interfaces_s__rosidl_typesupport_fastrtps_c.cpython-310-x86_64-linux-gnu.so" to ""
[2.325s] -- Installing: /home/xzq/project/ros2_ws/install/tutorial_interfaces/local/lib/python3.10/dist-packages/tutorial_interfaces/tutorial_interfaces_s__rosidl_typesupport_introspection_c.cpython-310-x86_64-linux-gnu.so
[2.325s] -- Set runtime path of "/home/xzq/project/ros2_ws/install/tutorial_interfaces/local/lib/python3.10/dist-packages/tutorial_interfaces/tutorial_interfaces_s__rosidl_typesupport_introspection_c.cpython-310-x86_64-linux-gnu.so" to ""
[2.325s] -- Installing: /home/xzq/project/ros2_ws/install/tutorial_interfaces/local/lib/python3.10/dist-packages/tutorial_interfaces/tutorial_interfaces_s__rosidl_typesupport_c.cpython-310-x86_64-linux-gnu.so
[2.325s] -- Set runtime path of "/home/xzq/project/ros2_ws/install/tutorial_interfaces/local/lib/python3.10/dist-packages/tutorial_interfaces/tutorial_interfaces_s__rosidl_typesupport_c.cpython-310-x86_64-linux-gnu.so" to ""
[2.325s] -- Installing: /home/xzq/project/ros2_ws/install/tutorial_interfaces/lib/libtutorial_interfaces__rosidl_generator_py.so
[2.325s] -- Set runtime path of "/home/xzq/project/ros2_ws/install/tutorial_interfaces/lib/libtutorial_interfaces__rosidl_generator_py.so" to ""
[2.325s] -- Installing: /home/xzq/project/ros2_ws/install/tutorial_interfaces/share/tutorial_interfaces/msg/ArmorMsg.idl
[2.325s] -- Installing: /home/xzq/project/ros2_ws/install/tutorial_interfaces/share/tutorial_interfaces/msg/ArmorMsg.msg
[2.326s] -- Installing: /home/xzq/project/ros2_ws/install/tutorial_interfaces/share/ament_index/resource_index/package_run_dependencies/tutorial_interfaces
[2.326s] -- Installing: /home/xzq/project/ros2_ws/install/tutorial_interfaces/share/ament_index/resource_index/parent_prefix_path/tutorial_interfaces
[2.326s] -- Installing: /home/xzq/project/ros2_ws/install/tutorial_interfaces/share/tutorial_interfaces/environment/ament_prefix_path.sh
[2.326s] -- Installing: /home/xzq/project/ros2_ws/install/tutorial_interfaces/share/tutorial_interfaces/environment/ament_prefix_path.dsv
[2.326s] -- Installing: /home/xzq/project/ros2_ws/install/tutorial_interfaces/share/tutorial_interfaces/environment/path.sh
[2.326s] -- Installing: /home/xzq/project/ros2_ws/install/tutorial_interfaces/share/tutorial_interfaces/environment/path.dsv
[2.326s] -- Installing: /home/xzq/project/ros2_ws/install/tutorial_interfaces/share/tutorial_interfaces/local_setup.bash
[2.326s] -- Installing: /home/xzq/project/ros2_ws/install/tutorial_interfaces/share/tutorial_interfaces/local_setup.sh
[2.326s] -- Installing: /home/xzq/project/ros2_ws/install/tutorial_interfaces/share/tutorial_interfaces/local_setup.zsh
[2.326s] -- Installing: /home/xzq/project/ros2_ws/install/tutorial_interfaces/share/tutorial_interfaces/local_setup.dsv
[2.326s] -- Installing: /home/xzq/project/ros2_ws/install/tutorial_interfaces/share/tutorial_interfaces/package.dsv
[2.326s] -- Installing: /home/xzq/project/ros2_ws/install/tutorial_interfaces/share/ament_index/resource_index/packages/tutorial_interfaces
[2.326s] -- Installing: /home/xzq/project/ros2_ws/install/tutorial_interfaces/share/tutorial_interfaces/cmake/export_tutorial_interfaces__rosidl_generator_cExport.cmake
[2.326s] -- Installing: /home/xzq/project/ros2_ws/install/tutorial_interfaces/share/tutorial_interfaces/cmake/export_tutorial_interfaces__rosidl_generator_cExport-noconfig.cmake
[2.326s] -- Installing: /home/xzq/project/ros2_ws/install/tutorial_interfaces/share/tutorial_interfaces/cmake/export_tutorial_interfaces__rosidl_typesupport_fastrtps_cExport.cmake
[2.326s] -- Installing: /home/xzq/project/ros2_ws/install/tutorial_interfaces/share/tutorial_interfaces/cmake/export_tutorial_interfaces__rosidl_typesupport_fastrtps_cExport-noconfig.cmake
[2.326s] -- Installing: /home/xzq/project/ros2_ws/install/tutorial_interfaces/share/tutorial_interfaces/cmake/tutorial_interfaces__rosidl_typesupport_introspection_cExport.cmake
[2.326s] -- Installing: /home/xzq/project/ros2_ws/install/tutorial_interfaces/share/tutorial_interfaces/cmake/tutorial_interfaces__rosidl_typesupport_introspection_cExport-noconfig.cmake
[2.326s] -- Installing: /home/xzq/project/ros2_ws/install/tutorial_interfaces/share/tutorial_interfaces/cmake/tutorial_interfaces__rosidl_typesupport_cExport.cmake
[2.326s] -- Installing: /home/xzq/project/ros2_ws/install/tutorial_interfaces/share/tutorial_interfaces/cmake/tutorial_interfaces__rosidl_typesupport_cExport-noconfig.cmake
[2.326s] -- Installing: /home/xzq/project/ros2_ws/install/tutorial_interfaces/share/tutorial_interfaces/cmake/export_tutorial_interfaces__rosidl_generator_cppExport.cmake
[2.327s] -- Installing: /home/xzq/project/ros2_ws/install/tutorial_interfaces/share/tutorial_interfaces/cmake/export_tutorial_interfaces__rosidl_typesupport_fastrtps_cppExport.cmake
[2.327s] -- Installing: /home/xzq/project/ros2_ws/install/tutorial_interfaces/share/tutorial_interfaces/cmake/export_tutorial_interfaces__rosidl_typesupport_fastrtps_cppExport-noconfig.cmake
[2.327s] -- Installing: /home/xzq/project/ros2_ws/install/tutorial_interfaces/share/tutorial_interfaces/cmake/tutorial_interfaces__rosidl_typesupport_introspection_cppExport.cmake
[2.327s] -- Installing: /home/xzq/project/ros2_ws/install/tutorial_interfaces/share/tutorial_interfaces/cmake/tutorial_interfaces__rosidl_typesupport_introspection_cppExport-noconfig.cmake
[2.327s] -- Installing: /home/xzq/project/ros2_ws/install/tutorial_interfaces/share/tutorial_interfaces/cmake/tutorial_interfaces__rosidl_typesupport_cppExport.cmake
[2.327s] -- Installing: /home/xzq/project/ros2_ws/install/tutorial_interfaces/share/tutorial_interfaces/cmake/tutorial_interfaces__rosidl_typesupport_cppExport-noconfig.cmake
[2.327s] -- Installing: /home/xzq/project/ros2_ws/install/tutorial_interfaces/share/tutorial_interfaces/cmake/export_tutorial_interfaces__rosidl_generator_pyExport.cmake
[2.327s] -- Installing: /home/xzq/project/ros2_ws/install/tutorial_interfaces/share/tutorial_interfaces/cmake/export_tutorial_interfaces__rosidl_generator_pyExport-noconfig.cmake
[2.327s] -- Installing: /home/xzq/project/ros2_ws/install/tutorial_interfaces/share/tutorial_interfaces/cmake/rosidl_cmake-extras.cmake
[2.327s] -- Installing: /home/xzq/project/ros2_ws/install/tutorial_interfaces/share/tutorial_interfaces/cmake/ament_cmake_export_dependencies-extras.cmake
[2.327s] -- Installing: /home/xzq/project/ros2_ws/install/tutorial_interfaces/share/tutorial_interfaces/cmake/ament_cmake_export_include_directories-extras.cmake
[2.327s] -- Installing: /home/xzq/project/ros2_ws/install/tutorial_interfaces/share/tutorial_interfaces/cmake/ament_cmake_export_libraries-extras.cmake
[2.327s] -- Installing: /home/xzq/project/ros2_ws/install/tutorial_interfaces/share/tutorial_interfaces/cmake/ament_cmake_export_targets-extras.cmake
[2.327s] -- Installing: /home/xzq/project/ros2_ws/install/tutorial_interfaces/share/tutorial_interfaces/cmake/rosidl_cmake_export_typesupport_targets-extras.cmake
[2.327s] -- Installing: /home/xzq/project/ros2_ws/install/tutorial_interfaces/share/tutorial_interfaces/cmake/rosidl_cmake_export_typesupport_libraries-extras.cmake
[2.327s] -- Installing: /home/xzq/project/ros2_ws/install/tutorial_interfaces/share/tutorial_interfaces/cmake/tutorial_interfacesConfig.cmake
[2.327s] -- Installing: /home/xzq/project/ros2_ws/install/tutorial_interfaces/share/tutorial_interfaces/cmake/tutorial_interfacesConfig-version.cmake
[2.328s] -- Installing: /home/xzq/project/ros2_ws/install/tutorial_interfaces/share/tutorial_interfaces/package.xml
[2.329s] Invoked command in '/home/xzq/project/ros2_ws/build/tutorial_interfaces' returned '0': CMAKE_PREFIX_PATH=/opt/ros/humble /usr/bin/cmake --install /home/xzq/project/ros2_ws/build/tutorial_interfaces
