[0.008s] Invoking command in '/home/xzq/project/ros2_ws/build/armor_interfaces': CMAKE_PREFIX_PATH=/opt/ros/humble /usr/bin/cmake --build /home/xzq/project/ros2_ws/build/armor_interfaces -- -j12 -l12
[0.031s] -- Found ament_cmake: 1.3.11 (/opt/ros/humble/share/ament_cmake/cmake)
[0.114s] -- Found ament_cmake_auto: 1.3.11 (/opt/ros/humble/share/ament_cmake_auto/cmake)
[0.115s] -- Found geometry_msgs: 4.2.4 (/opt/ros/humble/share/geometry_msgs/cmake)
[0.130s] -- Found rosidl_generator_c: 3.1.6 (/opt/ros/humble/share/rosidl_generator_c/cmake)
[0.132s] -- Found rosidl_adapter: 3.1.6 (/opt/ros/humble/share/rosidl_adapter/cmake)
[0.135s] -- Found rosidl_generator_cpp: 3.1.6 (/opt/ros/humble/share/rosidl_generator_cpp/cmake)
[0.141s] -- Using all available rosidl_typesupport_c: rosidl_typesupport_fastrtps_c;rosidl_typesupport_introspection_c
[0.148s] -- Using all available rosidl_typesupport_cpp: rosidl_typesupport_fastrtps_cpp;rosidl_typesupport_introspection_cpp
[0.170s] -- Found rosidl_default_generators: 1.2.0 (/opt/ros/humble/share/rosidl_default_generators/cmake)
[0.350s] -- Found ament_cmake_ros: 0.10.0 (/opt/ros/humble/share/ament_cmake_ros/cmake)
[0.598s] -- Using all available rosidl_typesupport_c: rosidl_typesupport_fastrtps_c;rosidl_typesupport_introspection_c
[0.694s] -- Using all available rosidl_typesupport_cpp: rosidl_typesupport_fastrtps_cpp;rosidl_typesupport_introspection_cpp
[0.708s] -- Found python_cmake_module: 0.10.0 (/opt/ros/humble/share/python_cmake_module/cmake)
[0.724s] -- Using PYTHON_EXECUTABLE: /usr/bin/python3
[0.724s] -- Using PYTHON_INCLUDE_DIRS: /usr/include/python3.10
[0.724s] -- Using PYTHON_LIBRARIES: /usr/lib/x86_64-linux-gnu/libpython3.10.so
[0.749s] -- Configuring done
[0.776s] -- Generating done
[0.782s] -- Build files have been written to: /home/xzq/project/ros2_ws/build/armor_interfaces
[0.800s] [  2%] [34m[1mGenerating C code for ROS interfaces[0m
[0.806s] [  4%] [34m[1mGenerating C++ code for ROS interfaces[0m
[0.816s] [  4%] Built target ament_cmake_python_copy_armor_interfaces
[0.968s] running egg_info
[0.969s] writing armor_interfaces.egg-info/PKG-INFO
[0.969s] writing dependency_links to armor_interfaces.egg-info/dependency_links.txt
[0.969s] writing top-level names to armor_interfaces.egg-info/top_level.txt
[0.970s] reading manifest file 'armor_interfaces.egg-info/SOURCES.txt'
[0.971s] writing manifest file 'armor_interfaces.egg-info/SOURCES.txt'
[0.992s] [  4%] Built target ament_cmake_python_build_armor_interfaces_egg
[1.071s] [35m[1mConsolidate compiler generated dependencies of target armor_interfaces__rosidl_generator_c[0m
[1.080s] [  6%] [32mBuilding C object CMakeFiles/armor_interfaces__rosidl_generator_c.dir/rosidl_generator_c/armor_interfaces/msg/detail/armors__functions.c.o[0m
[1.080s] [  8%] [32mBuilding C object CMakeFiles/armor_interfaces__rosidl_generator_c.dir/rosidl_generator_c/armor_interfaces/msg/detail/target__functions.c.o[0m
[1.080s] [ 10%] [32mBuilding C object CMakeFiles/armor_interfaces__rosidl_generator_c.dir/rosidl_generator_c/armor_interfaces/msg/detail/armor__functions.c.o[0m
[1.082s] [ 10%] Built target armor_interfaces__cpp
[1.090s] [ 12%] [34m[1mGenerating C++ type support for eProsima Fast-RTPS[0m
[1.093s] [ 14%] [34m[1mGenerating C++ introspection for ROS interfaces[0m
[1.093s] [ 17%] [34m[1mGenerating C++ type support dispatch for ROS interfaces[0m
[1.136s] [ 19%] [32m[1mLinking C shared library libarmor_interfaces__rosidl_generator_c.so[0m
[1.176s] [ 19%] Built target armor_interfaces__rosidl_generator_c
[1.187s] [ 25%] [34m[1mGenerating C type support dispatch for ROS interfaces[0m
[1.187s] [ 25%] [34m[1mGenerating C type support for eProsima Fast-RTPS[0m
[1.187s] [ 25%] [34m[1mGenerating C introspection for ROS interfaces[0m
[1.364s] [35m[1mConsolidate compiler generated dependencies of target armor_interfaces__rosidl_typesupport_fastrtps_cpp[0m
[1.375s] [ 27%] [32mBuilding CXX object CMakeFiles/armor_interfaces__rosidl_typesupport_fastrtps_cpp.dir/rosidl_typesupport_fastrtps_cpp/armor_interfaces/msg/detail/dds_fastrtps/armors__type_support.cpp.o[0m
[1.377s] [ 29%] [32mBuilding CXX object CMakeFiles/armor_interfaces__rosidl_typesupport_fastrtps_cpp.dir/rosidl_typesupport_fastrtps_cpp/armor_interfaces/msg/detail/dds_fastrtps/target__type_support.cpp.o[0m
[1.377s] [ 31%] [32mBuilding CXX object CMakeFiles/armor_interfaces__rosidl_typesupport_fastrtps_cpp.dir/rosidl_typesupport_fastrtps_cpp/armor_interfaces/msg/detail/dds_fastrtps/armor__type_support.cpp.o[0m
[1.410s] [35m[1mConsolidate compiler generated dependencies of target armor_interfaces__rosidl_typesupport_cpp[0m
[1.424s] [ 36%] [32mBuilding CXX object CMakeFiles/armor_interfaces__rosidl_typesupport_cpp.dir/rosidl_typesupport_cpp/armor_interfaces/msg/armor__type_support.cpp.o[0m
[1.425s] [ 36%] [32mBuilding CXX object CMakeFiles/armor_interfaces__rosidl_typesupport_cpp.dir/rosidl_typesupport_cpp/armor_interfaces/msg/armors__type_support.cpp.o[0m
[1.425s] [ 38%] [32mBuilding CXX object CMakeFiles/armor_interfaces__rosidl_typesupport_cpp.dir/rosidl_typesupport_cpp/armor_interfaces/msg/target__type_support.cpp.o[0m
[1.468s] [35m[1mConsolidate compiler generated dependencies of target armor_interfaces__rosidl_typesupport_c[0m
[1.481s] [ 40%] [32mBuilding CXX object CMakeFiles/armor_interfaces__rosidl_typesupport_c.dir/rosidl_typesupport_c/armor_interfaces/msg/armor__type_support.cpp.o[0m
[1.482s] [ 42%] [32mBuilding CXX object CMakeFiles/armor_interfaces__rosidl_typesupport_c.dir/rosidl_typesupport_c/armor_interfaces/msg/armors__type_support.cpp.o[0m
[1.483s] [ 44%] [32mBuilding CXX object CMakeFiles/armor_interfaces__rosidl_typesupport_c.dir/rosidl_typesupport_c/armor_interfaces/msg/target__type_support.cpp.o[0m
[1.488s] [35m[1mConsolidate compiler generated dependencies of target armor_interfaces__rosidl_typesupport_introspection_cpp[0m
[1.507s] [ 46%] [32mBuilding CXX object CMakeFiles/armor_interfaces__rosidl_typesupport_introspection_cpp.dir/rosidl_typesupport_introspection_cpp/armor_interfaces/msg/detail/armor__type_support.cpp.o[0m
[1.521s] [ 48%] [32mBuilding CXX object CMakeFiles/armor_interfaces__rosidl_typesupport_introspection_cpp.dir/rosidl_typesupport_introspection_cpp/armor_interfaces/msg/detail/armors__type_support.cpp.o[0m
[1.524s] [ 51%] [32m[1mLinking CXX shared library libarmor_interfaces__rosidl_typesupport_c.so[0m
[1.542s] [ 53%] [32mBuilding CXX object CMakeFiles/armor_interfaces__rosidl_typesupport_introspection_cpp.dir/rosidl_typesupport_introspection_cpp/armor_interfaces/msg/detail/target__type_support.cpp.o[0m
[1.583s] [ 53%] Built target armor_interfaces__rosidl_typesupport_c
[1.585s] [35m[1mConsolidate compiler generated dependencies of target armor_interfaces__rosidl_typesupport_fastrtps_c[0m
[1.605s] [ 55%] [32mBuilding CXX object CMakeFiles/armor_interfaces__rosidl_typesupport_fastrtps_c.dir/rosidl_typesupport_fastrtps_c/armor_interfaces/msg/detail/armor__type_support_c.cpp.o[0m
[1.606s] [ 57%] [32mBuilding CXX object CMakeFiles/armor_interfaces__rosidl_typesupport_fastrtps_c.dir/rosidl_typesupport_fastrtps_c/armor_interfaces/msg/detail/armors__type_support_c.cpp.o[0m
[1.724s] [35m[1mConsolidate compiler generated dependencies of target armor_interfaces__rosidl_typesupport_introspection_c[0m
[1.745s] [ 59%] [32mBuilding C object CMakeFiles/armor_interfaces__rosidl_typesupport_introspection_c.dir/rosidl_typesupport_introspection_c/armor_interfaces/msg/detail/armor__type_support.c.o[0m
[1.750s] [ 61%] [32mBuilding CXX object CMakeFiles/armor_interfaces__rosidl_typesupport_fastrtps_c.dir/rosidl_typesupport_fastrtps_c/armor_interfaces/msg/detail/target__type_support_c.cpp.o[0m
[1.768s] [ 63%] [32mBuilding C object CMakeFiles/armor_interfaces__rosidl_typesupport_introspection_c.dir/rosidl_typesupport_introspection_c/armor_interfaces/msg/detail/armors__type_support.c.o[0m
[1.799s] [ 65%] [32m[1mLinking CXX shared library libarmor_interfaces__rosidl_typesupport_cpp.so[0m
[1.806s] [ 68%] [32mBuilding C object CMakeFiles/armor_interfaces__rosidl_typesupport_introspection_c.dir/rosidl_typesupport_introspection_c/armor_interfaces/msg/detail/target__type_support.c.o[0m
[1.858s] [ 68%] Built target armor_interfaces__rosidl_typesupport_cpp
[1.862s] [ 70%] [32m[1mLinking C shared library libarmor_interfaces__rosidl_typesupport_introspection_c.so[0m
[1.903s] [ 70%] Built target armor_interfaces__rosidl_typesupport_introspection_c
[1.974s] [ 72%] [32m[1mLinking CXX shared library libarmor_interfaces__rosidl_typesupport_fastrtps_cpp.so[0m
[2.037s] [ 72%] Built target armor_interfaces__rosidl_typesupport_fastrtps_cpp
[2.045s] [ 74%] [32m[1mLinking CXX shared library libarmor_interfaces__rosidl_typesupport_introspection_cpp.so[0m
[2.092s] [ 76%] [32m[1mLinking CXX shared library libarmor_interfaces__rosidl_typesupport_fastrtps_c.so[0m
[2.103s] [ 76%] Built target armor_interfaces__rosidl_typesupport_introspection_cpp
[2.141s] [ 76%] Built target armor_interfaces__rosidl_typesupport_fastrtps_c
[2.156s] [ 76%] Built target armor_interfaces
[2.171s] [ 78%] [34m[1mGenerating Python code for ROS interfaces[0m
[2.497s] [ 78%] Built target armor_interfaces__py
[2.505s] [35m[1mConsolidate compiler generated dependencies of target armor_interfaces__rosidl_generator_py[0m
[2.514s] [ 80%] [32mBuilding C object CMakeFiles/armor_interfaces__rosidl_generator_py.dir/rosidl_generator_py/armor_interfaces/msg/_armor_s.c.o[0m
[2.514s] [ 82%] [32mBuilding C object CMakeFiles/armor_interfaces__rosidl_generator_py.dir/rosidl_generator_py/armor_interfaces/msg/_target_s.c.o[0m
[2.516s] [ 85%] [32mBuilding C object CMakeFiles/armor_interfaces__rosidl_generator_py.dir/rosidl_generator_py/armor_interfaces/msg/_armors_s.c.o[0m
[2.598s] [ 87%] [32m[1mLinking C shared library rosidl_generator_py/armor_interfaces/libarmor_interfaces__rosidl_generator_py.so[0m
[2.629s] [ 87%] Built target armor_interfaces__rosidl_generator_py
[2.636s] [35m[1mConsolidate compiler generated dependencies of target armor_interfaces__rosidl_typesupport_introspection_c__pyext[0m
[2.637s] [35m[1mConsolidate compiler generated dependencies of target armor_interfaces__rosidl_typesupport_fastrtps_c__pyext[0m
[2.638s] [35m[1mConsolidate compiler generated dependencies of target armor_interfaces__rosidl_typesupport_c__pyext[0m
[2.645s] [ 91%] [32mBuilding C object CMakeFiles/armor_interfaces__rosidl_typesupport_c__pyext.dir/rosidl_generator_py/armor_interfaces/_armor_interfaces_s.ep.rosidl_typesupport_c.c.o[0m
[2.646s] [ 91%] [32mBuilding C object CMakeFiles/armor_interfaces__rosidl_typesupport_introspection_c__pyext.dir/rosidl_generator_py/armor_interfaces/_armor_interfaces_s.ep.rosidl_typesupport_introspection_c.c.o[0m
[2.648s] [ 93%] [32mBuilding C object CMakeFiles/armor_interfaces__rosidl_typesupport_fastrtps_c__pyext.dir/rosidl_generator_py/armor_interfaces/_armor_interfaces_s.ep.rosidl_typesupport_fastrtps_c.c.o[0m
[2.715s] [ 95%] [32m[1mLinking C shared library rosidl_generator_py/armor_interfaces/armor_interfaces_s__rosidl_typesupport_introspection_c.cpython-310-x86_64-linux-gnu.so[0m
[2.717s] [ 97%] [32m[1mLinking C shared library rosidl_generator_py/armor_interfaces/armor_interfaces_s__rosidl_typesupport_fastrtps_c.cpython-310-x86_64-linux-gnu.so[0m
[2.717s] [100%] [32m[1mLinking C shared library rosidl_generator_py/armor_interfaces/armor_interfaces_s__rosidl_typesupport_c.cpython-310-x86_64-linux-gnu.so[0m
[2.743s] [100%] Built target armor_interfaces__rosidl_typesupport_introspection_c__pyext
[2.747s] [100%] Built target armor_interfaces__rosidl_typesupport_fastrtps_c__pyext
[2.747s] [100%] Built target armor_interfaces__rosidl_typesupport_c__pyext
[2.756s] Invoked command in '/home/xzq/project/ros2_ws/build/armor_interfaces' returned '0': CMAKE_PREFIX_PATH=/opt/ros/humble /usr/bin/cmake --build /home/xzq/project/ros2_ws/build/armor_interfaces -- -j12 -l12
[2.757s] Invoking command in '/home/xzq/project/ros2_ws/build/armor_interfaces': CMAKE_PREFIX_PATH=/opt/ros/humble /usr/bin/cmake --install /home/xzq/project/ros2_ws/build/armor_interfaces
[2.762s] -- Install configuration: ""
[2.762s] -- Up-to-date: /home/xzq/project/ros2_ws/install/armor_interfaces/share/ament_index/resource_index/rosidl_interfaces/armor_interfaces
[2.762s] -- Up-to-date: /home/xzq/project/ros2_ws/install/armor_interfaces/include/armor_interfaces/armor_interfaces
[2.762s] -- Up-to-date: /home/xzq/project/ros2_ws/install/armor_interfaces/include/armor_interfaces/armor_interfaces/msg
[2.762s] -- Up-to-date: /home/xzq/project/ros2_ws/install/armor_interfaces/include/armor_interfaces/armor_interfaces/msg/rosidl_generator_c__visibility_control.h
[2.762s] -- Up-to-date: /home/xzq/project/ros2_ws/install/armor_interfaces/include/armor_interfaces/armor_interfaces/msg/detail
[2.762s] -- Installing: /home/xzq/project/ros2_ws/install/armor_interfaces/include/armor_interfaces/armor_interfaces/msg/detail/armor__functions.c
[2.762s] -- Installing: /home/xzq/project/ros2_ws/install/armor_interfaces/include/armor_interfaces/armor_interfaces/msg/detail/target__functions.c
[2.762s] -- Installing: /home/xzq/project/ros2_ws/install/armor_interfaces/include/armor_interfaces/armor_interfaces/msg/detail/armors__functions.h
[2.762s] -- Installing: /home/xzq/project/ros2_ws/install/armor_interfaces/include/armor_interfaces/armor_interfaces/msg/detail/armor__struct.h
[2.762s] -- Installing: /home/xzq/project/ros2_ws/install/armor_interfaces/include/armor_interfaces/armor_interfaces/msg/detail/target__struct.h
[2.763s] -- Installing: /home/xzq/project/ros2_ws/install/armor_interfaces/include/armor_interfaces/armor_interfaces/msg/detail/armors__struct.h
[2.763s] -- Installing: /home/xzq/project/ros2_ws/install/armor_interfaces/include/armor_interfaces/armor_interfaces/msg/detail/target__type_support.h
[2.763s] -- Installing: /home/xzq/project/ros2_ws/install/armor_interfaces/include/armor_interfaces/armor_interfaces/msg/detail/target__functions.h
[2.763s] -- Installing: /home/xzq/project/ros2_ws/install/armor_interfaces/include/armor_interfaces/armor_interfaces/msg/detail/armor__functions.h
[2.763s] -- Installing: /home/xzq/project/ros2_ws/install/armor_interfaces/include/armor_interfaces/armor_interfaces/msg/detail/armors__functions.c
[2.763s] -- Installing: /home/xzq/project/ros2_ws/install/armor_interfaces/include/armor_interfaces/armor_interfaces/msg/detail/armors__type_support.h
[2.763s] -- Installing: /home/xzq/project/ros2_ws/install/armor_interfaces/include/armor_interfaces/armor_interfaces/msg/detail/armor__type_support.h
[2.763s] -- Installing: /home/xzq/project/ros2_ws/install/armor_interfaces/include/armor_interfaces/armor_interfaces/msg/armors.h
[2.763s] -- Installing: /home/xzq/project/ros2_ws/install/armor_interfaces/include/armor_interfaces/armor_interfaces/msg/target.h
[2.763s] -- Installing: /home/xzq/project/ros2_ws/install/armor_interfaces/include/armor_interfaces/armor_interfaces/msg/armor.h
[2.763s] -- Up-to-date: /home/xzq/project/ros2_ws/install/armor_interfaces/share/armor_interfaces/environment/library_path.sh
[2.763s] -- Installing: /home/xzq/project/ros2_ws/install/armor_interfaces/share/armor_interfaces/environment/library_path.dsv
[2.763s] -- Installing: /home/xzq/project/ros2_ws/install/armor_interfaces/lib/libarmor_interfaces__rosidl_generator_c.so
[2.764s] -- Set runtime path of "/home/xzq/project/ros2_ws/install/armor_interfaces/lib/libarmor_interfaces__rosidl_generator_c.so" to ""
[2.764s] -- Up-to-date: /home/xzq/project/ros2_ws/install/armor_interfaces/include/armor_interfaces/armor_interfaces
[2.764s] -- Up-to-date: /home/xzq/project/ros2_ws/install/armor_interfaces/include/armor_interfaces/armor_interfaces/msg
[2.764s] -- Up-to-date: /home/xzq/project/ros2_ws/install/armor_interfaces/include/armor_interfaces/armor_interfaces/msg/detail
[2.764s] -- Installing: /home/xzq/project/ros2_ws/install/armor_interfaces/include/armor_interfaces/armor_interfaces/msg/detail/target__rosidl_typesupport_fastrtps_c.h
[2.764s] -- Installing: /home/xzq/project/ros2_ws/install/armor_interfaces/include/armor_interfaces/armor_interfaces/msg/detail/armors__rosidl_typesupport_fastrtps_c.h
[2.764s] -- Installing: /home/xzq/project/ros2_ws/install/armor_interfaces/include/armor_interfaces/armor_interfaces/msg/detail/armor__rosidl_typesupport_fastrtps_c.h
[2.764s] -- Up-to-date: /home/xzq/project/ros2_ws/install/armor_interfaces/include/armor_interfaces/armor_interfaces/msg/rosidl_typesupport_fastrtps_c__visibility_control.h
[2.764s] -- Installing: /home/xzq/project/ros2_ws/install/armor_interfaces/lib/libarmor_interfaces__rosidl_typesupport_fastrtps_c.so
[2.764s] -- Set runtime path of "/home/xzq/project/ros2_ws/install/armor_interfaces/lib/libarmor_interfaces__rosidl_typesupport_fastrtps_c.so" to ""
[2.764s] -- Up-to-date: /home/xzq/project/ros2_ws/install/armor_interfaces/include/armor_interfaces/armor_interfaces
[2.764s] -- Up-to-date: /home/xzq/project/ros2_ws/install/armor_interfaces/include/armor_interfaces/armor_interfaces/msg
[2.764s] -- Up-to-date: /home/xzq/project/ros2_ws/install/armor_interfaces/include/armor_interfaces/armor_interfaces/msg/rosidl_generator_cpp__visibility_control.hpp
[2.764s] -- Installing: /home/xzq/project/ros2_ws/install/armor_interfaces/include/armor_interfaces/armor_interfaces/msg/armors.hpp
[2.765s] -- Installing: /home/xzq/project/ros2_ws/install/armor_interfaces/include/armor_interfaces/armor_interfaces/msg/armor.hpp
[2.765s] -- Up-to-date: /home/xzq/project/ros2_ws/install/armor_interfaces/include/armor_interfaces/armor_interfaces/msg/detail
[2.765s] -- Installing: /home/xzq/project/ros2_ws/install/armor_interfaces/include/armor_interfaces/armor_interfaces/msg/detail/armors__struct.hpp
[2.765s] -- Installing: /home/xzq/project/ros2_ws/install/armor_interfaces/include/armor_interfaces/armor_interfaces/msg/detail/armors__traits.hpp
[2.765s] -- Installing: /home/xzq/project/ros2_ws/install/armor_interfaces/include/armor_interfaces/armor_interfaces/msg/detail/target__type_support.hpp
[2.765s] -- Installing: /home/xzq/project/ros2_ws/install/armor_interfaces/include/armor_interfaces/armor_interfaces/msg/detail/armor__struct.hpp
[2.765s] -- Installing: /home/xzq/project/ros2_ws/install/armor_interfaces/include/armor_interfaces/armor_interfaces/msg/detail/armor__traits.hpp
[2.765s] -- Installing: /home/xzq/project/ros2_ws/install/armor_interfaces/include/armor_interfaces/armor_interfaces/msg/detail/armor__type_support.hpp
[2.765s] -- Installing: /home/xzq/project/ros2_ws/install/armor_interfaces/include/armor_interfaces/armor_interfaces/msg/detail/target__traits.hpp
[2.765s] -- Installing: /home/xzq/project/ros2_ws/install/armor_interfaces/include/armor_interfaces/armor_interfaces/msg/detail/armor__builder.hpp
[2.765s] -- Installing: /home/xzq/project/ros2_ws/install/armor_interfaces/include/armor_interfaces/armor_interfaces/msg/detail/armors__type_support.hpp
[2.765s] -- Installing: /home/xzq/project/ros2_ws/install/armor_interfaces/include/armor_interfaces/armor_interfaces/msg/detail/target__struct.hpp
[2.765s] -- Installing: /home/xzq/project/ros2_ws/install/armor_interfaces/include/armor_interfaces/armor_interfaces/msg/detail/armors__builder.hpp
[2.765s] -- Installing: /home/xzq/project/ros2_ws/install/armor_interfaces/include/armor_interfaces/armor_interfaces/msg/detail/target__builder.hpp
[2.765s] -- Installing: /home/xzq/project/ros2_ws/install/armor_interfaces/include/armor_interfaces/armor_interfaces/msg/target.hpp
[2.765s] -- Up-to-date: /home/xzq/project/ros2_ws/install/armor_interfaces/include/armor_interfaces/armor_interfaces
[2.765s] -- Up-to-date: /home/xzq/project/ros2_ws/install/armor_interfaces/include/armor_interfaces/armor_interfaces/msg
[2.765s] -- Up-to-date: /home/xzq/project/ros2_ws/install/armor_interfaces/include/armor_interfaces/armor_interfaces/msg/rosidl_typesupport_fastrtps_cpp__visibility_control.h
[2.765s] -- Up-to-date: /home/xzq/project/ros2_ws/install/armor_interfaces/include/armor_interfaces/armor_interfaces/msg/detail
[2.765s] -- Installing: /home/xzq/project/ros2_ws/install/armor_interfaces/include/armor_interfaces/armor_interfaces/msg/detail/target__rosidl_typesupport_fastrtps_cpp.hpp
[2.765s] -- Up-to-date: /home/xzq/project/ros2_ws/install/armor_interfaces/include/armor_interfaces/armor_interfaces/msg/detail/dds_fastrtps
[2.765s] -- Installing: /home/xzq/project/ros2_ws/install/armor_interfaces/include/armor_interfaces/armor_interfaces/msg/detail/armors__rosidl_typesupport_fastrtps_cpp.hpp
[2.765s] -- Installing: /home/xzq/project/ros2_ws/install/armor_interfaces/include/armor_interfaces/armor_interfaces/msg/detail/armor__rosidl_typesupport_fastrtps_cpp.hpp
[2.766s] -- Installing: /home/xzq/project/ros2_ws/install/armor_interfaces/lib/libarmor_interfaces__rosidl_typesupport_fastrtps_cpp.so
[2.766s] -- Set runtime path of "/home/xzq/project/ros2_ws/install/armor_interfaces/lib/libarmor_interfaces__rosidl_typesupport_fastrtps_cpp.so" to ""
[2.766s] -- Up-to-date: /home/xzq/project/ros2_ws/install/armor_interfaces/include/armor_interfaces/armor_interfaces
[2.766s] -- Up-to-date: /home/xzq/project/ros2_ws/install/armor_interfaces/include/armor_interfaces/armor_interfaces/msg
[2.766s] -- Up-to-date: /home/xzq/project/ros2_ws/install/armor_interfaces/include/armor_interfaces/armor_interfaces/msg/rosidl_typesupport_introspection_c__visibility_control.h
[2.766s] -- Up-to-date: /home/xzq/project/ros2_ws/install/armor_interfaces/include/armor_interfaces/armor_interfaces/msg/detail
[2.766s] -- Installing: /home/xzq/project/ros2_ws/install/armor_interfaces/include/armor_interfaces/armor_interfaces/msg/detail/target__type_support.c
[2.766s] -- Installing: /home/xzq/project/ros2_ws/install/armor_interfaces/include/armor_interfaces/armor_interfaces/msg/detail/armors__rosidl_typesupport_introspection_c.h
[2.766s] -- Installing: /home/xzq/project/ros2_ws/install/armor_interfaces/include/armor_interfaces/armor_interfaces/msg/detail/armor__rosidl_typesupport_introspection_c.h
[2.766s] -- Installing: /home/xzq/project/ros2_ws/install/armor_interfaces/include/armor_interfaces/armor_interfaces/msg/detail/armor__type_support.c
[2.766s] -- Installing: /home/xzq/project/ros2_ws/install/armor_interfaces/include/armor_interfaces/armor_interfaces/msg/detail/target__rosidl_typesupport_introspection_c.h
[2.767s] -- Installing: /home/xzq/project/ros2_ws/install/armor_interfaces/include/armor_interfaces/armor_interfaces/msg/detail/armors__type_support.c
[2.767s] -- Installing: /home/xzq/project/ros2_ws/install/armor_interfaces/lib/libarmor_interfaces__rosidl_typesupport_introspection_c.so
[2.767s] -- Set runtime path of "/home/xzq/project/ros2_ws/install/armor_interfaces/lib/libarmor_interfaces__rosidl_typesupport_introspection_c.so" to ""
[2.767s] -- Installing: /home/xzq/project/ros2_ws/install/armor_interfaces/lib/libarmor_interfaces__rosidl_typesupport_c.so
[2.767s] -- Set runtime path of "/home/xzq/project/ros2_ws/install/armor_interfaces/lib/libarmor_interfaces__rosidl_typesupport_c.so" to ""
[2.767s] -- Up-to-date: /home/xzq/project/ros2_ws/install/armor_interfaces/include/armor_interfaces/armor_interfaces
[2.767s] -- Up-to-date: /home/xzq/project/ros2_ws/install/armor_interfaces/include/armor_interfaces/armor_interfaces/msg
[2.767s] -- Up-to-date: /home/xzq/project/ros2_ws/install/armor_interfaces/include/armor_interfaces/armor_interfaces/msg/detail
[2.768s] -- Installing: /home/xzq/project/ros2_ws/install/armor_interfaces/include/armor_interfaces/armor_interfaces/msg/detail/armors__type_support.cpp
[2.768s] -- Installing: /home/xzq/project/ros2_ws/install/armor_interfaces/include/armor_interfaces/armor_interfaces/msg/detail/armors__rosidl_typesupport_introspection_cpp.hpp
[2.768s] -- Installing: /home/xzq/project/ros2_ws/install/armor_interfaces/include/armor_interfaces/armor_interfaces/msg/detail/armor__type_support.cpp
[2.768s] -- Installing: /home/xzq/project/ros2_ws/install/armor_interfaces/include/armor_interfaces/armor_interfaces/msg/detail/target__type_support.cpp
[2.768s] -- Installing: /home/xzq/project/ros2_ws/install/armor_interfaces/include/armor_interfaces/armor_interfaces/msg/detail/target__rosidl_typesupport_introspection_cpp.hpp
[2.768s] -- Installing: /home/xzq/project/ros2_ws/install/armor_interfaces/include/armor_interfaces/armor_interfaces/msg/detail/armor__rosidl_typesupport_introspection_cpp.hpp
[2.768s] -- Installing: /home/xzq/project/ros2_ws/install/armor_interfaces/lib/libarmor_interfaces__rosidl_typesupport_introspection_cpp.so
[2.769s] -- Set runtime path of "/home/xzq/project/ros2_ws/install/armor_interfaces/lib/libarmor_interfaces__rosidl_typesupport_introspection_cpp.so" to ""
[2.769s] -- Installing: /home/xzq/project/ros2_ws/install/armor_interfaces/lib/libarmor_interfaces__rosidl_typesupport_cpp.so
[2.769s] -- Set runtime path of "/home/xzq/project/ros2_ws/install/armor_interfaces/lib/libarmor_interfaces__rosidl_typesupport_cpp.so" to ""
[2.769s] -- Up-to-date: /home/xzq/project/ros2_ws/install/armor_interfaces/share/armor_interfaces/environment/pythonpath.sh
[2.769s] -- Installing: /home/xzq/project/ros2_ws/install/armor_interfaces/share/armor_interfaces/environment/pythonpath.dsv
[2.769s] -- Up-to-date: /home/xzq/project/ros2_ws/install/armor_interfaces/local/lib/python3.10/dist-packages/armor_interfaces-0.0.0-py3.10.egg-info
[2.769s] -- Installing: /home/xzq/project/ros2_ws/install/armor_interfaces/local/lib/python3.10/dist-packages/armor_interfaces-0.0.0-py3.10.egg-info/top_level.txt
[2.769s] -- Installing: /home/xzq/project/ros2_ws/install/armor_interfaces/local/lib/python3.10/dist-packages/armor_interfaces-0.0.0-py3.10.egg-info/PKG-INFO
[2.769s] -- Installing: /home/xzq/project/ros2_ws/install/armor_interfaces/local/lib/python3.10/dist-packages/armor_interfaces-0.0.0-py3.10.egg-info/SOURCES.txt
[2.769s] -- Installing: /home/xzq/project/ros2_ws/install/armor_interfaces/local/lib/python3.10/dist-packages/armor_interfaces-0.0.0-py3.10.egg-info/dependency_links.txt
[2.769s] -- Up-to-date: /home/xzq/project/ros2_ws/install/armor_interfaces/local/lib/python3.10/dist-packages/armor_interfaces
[2.769s] -- Installing: /home/xzq/project/ros2_ws/install/armor_interfaces/local/lib/python3.10/dist-packages/armor_interfaces/armor_interfaces_s__rosidl_typesupport_introspection_c.cpython-310-x86_64-linux-gnu.so
[2.770s] -- Installing: /home/xzq/project/ros2_ws/install/armor_interfaces/local/lib/python3.10/dist-packages/armor_interfaces/armor_interfaces_s__rosidl_typesupport_c.cpython-310-x86_64-linux-gnu.so
[2.770s] -- Installing: /home/xzq/project/ros2_ws/install/armor_interfaces/local/lib/python3.10/dist-packages/armor_interfaces/armor_interfaces_s__rosidl_typesupport_fastrtps_c.cpython-310-x86_64-linux-gnu.so
[2.770s] -- Installing: /home/xzq/project/ros2_ws/install/armor_interfaces/local/lib/python3.10/dist-packages/armor_interfaces/libarmor_interfaces__rosidl_generator_py.so
[2.770s] -- Installing: /home/xzq/project/ros2_ws/install/armor_interfaces/local/lib/python3.10/dist-packages/armor_interfaces/_armor_interfaces_s.ep.rosidl_typesupport_c.c
[2.770s] -- Installing: /home/xzq/project/ros2_ws/install/armor_interfaces/local/lib/python3.10/dist-packages/armor_interfaces/_armor_interfaces_s.ep.rosidl_typesupport_introspection_c.c
[2.770s] -- Up-to-date: /home/xzq/project/ros2_ws/install/armor_interfaces/local/lib/python3.10/dist-packages/armor_interfaces/msg
[2.770s] -- Installing: /home/xzq/project/ros2_ws/install/armor_interfaces/local/lib/python3.10/dist-packages/armor_interfaces/msg/_armor_s.c
[2.770s] -- Installing: /home/xzq/project/ros2_ws/install/armor_interfaces/local/lib/python3.10/dist-packages/armor_interfaces/msg/_armors_s.c
[2.770s] -- Installing: /home/xzq/project/ros2_ws/install/armor_interfaces/local/lib/python3.10/dist-packages/armor_interfaces/msg/_armors.py
[2.770s] -- Installing: /home/xzq/project/ros2_ws/install/armor_interfaces/local/lib/python3.10/dist-packages/armor_interfaces/msg/_target.py
[2.770s] -- Installing: /home/xzq/project/ros2_ws/install/armor_interfaces/local/lib/python3.10/dist-packages/armor_interfaces/msg/_target_s.c
[2.770s] -- Installing: /home/xzq/project/ros2_ws/install/armor_interfaces/local/lib/python3.10/dist-packages/armor_interfaces/msg/__init__.py
[2.770s] -- Installing: /home/xzq/project/ros2_ws/install/armor_interfaces/local/lib/python3.10/dist-packages/armor_interfaces/msg/_armor.py
[2.770s] -- Installing: /home/xzq/project/ros2_ws/install/armor_interfaces/local/lib/python3.10/dist-packages/armor_interfaces/_armor_interfaces_s.ep.rosidl_typesupport_fastrtps_c.c
[2.771s] -- Installing: /home/xzq/project/ros2_ws/install/armor_interfaces/local/lib/python3.10/dist-packages/armor_interfaces/__init__.py
[2.798s] Listing '/home/xzq/project/ros2_ws/install/armor_interfaces/local/lib/python3.10/dist-packages/armor_interfaces'...
[2.798s] Compiling '/home/xzq/project/ros2_ws/install/armor_interfaces/local/lib/python3.10/dist-packages/armor_interfaces/__init__.py'...
[2.798s] Listing '/home/xzq/project/ros2_ws/install/armor_interfaces/local/lib/python3.10/dist-packages/armor_interfaces/msg'...
[2.798s] Compiling '/home/xzq/project/ros2_ws/install/armor_interfaces/local/lib/python3.10/dist-packages/armor_interfaces/msg/__init__.py'...
[2.798s] Compiling '/home/xzq/project/ros2_ws/install/armor_interfaces/local/lib/python3.10/dist-packages/armor_interfaces/msg/_armor.py'...
[2.798s] Compiling '/home/xzq/project/ros2_ws/install/armor_interfaces/local/lib/python3.10/dist-packages/armor_interfaces/msg/_armors.py'...
[2.798s] Compiling '/home/xzq/project/ros2_ws/install/armor_interfaces/local/lib/python3.10/dist-packages/armor_interfaces/msg/_target.py'...
[2.801s] -- Installing: /home/xzq/project/ros2_ws/install/armor_interfaces/local/lib/python3.10/dist-packages/armor_interfaces/armor_interfaces_s__rosidl_typesupport_fastrtps_c.cpython-310-x86_64-linux-gnu.so
[2.801s] -- Set runtime path of "/home/xzq/project/ros2_ws/install/armor_interfaces/local/lib/python3.10/dist-packages/armor_interfaces/armor_interfaces_s__rosidl_typesupport_fastrtps_c.cpython-310-x86_64-linux-gnu.so" to ""
[2.801s] -- Installing: /home/xzq/project/ros2_ws/install/armor_interfaces/local/lib/python3.10/dist-packages/armor_interfaces/armor_interfaces_s__rosidl_typesupport_introspection_c.cpython-310-x86_64-linux-gnu.so
[2.802s] -- Set runtime path of "/home/xzq/project/ros2_ws/install/armor_interfaces/local/lib/python3.10/dist-packages/armor_interfaces/armor_interfaces_s__rosidl_typesupport_introspection_c.cpython-310-x86_64-linux-gnu.so" to ""
[2.802s] -- Installing: /home/xzq/project/ros2_ws/install/armor_interfaces/local/lib/python3.10/dist-packages/armor_interfaces/armor_interfaces_s__rosidl_typesupport_c.cpython-310-x86_64-linux-gnu.so
[2.802s] -- Set runtime path of "/home/xzq/project/ros2_ws/install/armor_interfaces/local/lib/python3.10/dist-packages/armor_interfaces/armor_interfaces_s__rosidl_typesupport_c.cpython-310-x86_64-linux-gnu.so" to ""
[2.802s] -- Installing: /home/xzq/project/ros2_ws/install/armor_interfaces/lib/libarmor_interfaces__rosidl_generator_py.so
[2.802s] -- Set runtime path of "/home/xzq/project/ros2_ws/install/armor_interfaces/lib/libarmor_interfaces__rosidl_generator_py.so" to ""
[2.802s] -- Installing: /home/xzq/project/ros2_ws/install/armor_interfaces/share/armor_interfaces/msg/Armor.idl
[2.802s] -- Up-to-date: /home/xzq/project/ros2_ws/install/armor_interfaces/share/armor_interfaces/msg/Armors.idl
[2.802s] -- Up-to-date: /home/xzq/project/ros2_ws/install/armor_interfaces/share/armor_interfaces/msg/Target.idl
[2.802s] -- Installing: /home/xzq/project/ros2_ws/install/armor_interfaces/share/armor_interfaces/msg/Armor.msg
[2.803s] -- Up-to-date: /home/xzq/project/ros2_ws/install/armor_interfaces/share/armor_interfaces/msg/Armors.msg
[2.803s] -- Up-to-date: /home/xzq/project/ros2_ws/install/armor_interfaces/share/armor_interfaces/msg/Target.msg
[2.803s] -- Up-to-date: /home/xzq/project/ros2_ws/install/armor_interfaces/share/ament_index/resource_index/package_run_dependencies/armor_interfaces
[2.803s] -- Up-to-date: /home/xzq/project/ros2_ws/install/armor_interfaces/share/ament_index/resource_index/parent_prefix_path/armor_interfaces
[2.803s] -- Up-to-date: /home/xzq/project/ros2_ws/install/armor_interfaces/share/armor_interfaces/environment/ament_prefix_path.sh
[2.803s] -- Installing: /home/xzq/project/ros2_ws/install/armor_interfaces/share/armor_interfaces/environment/ament_prefix_path.dsv
[2.803s] -- Up-to-date: /home/xzq/project/ros2_ws/install/armor_interfaces/share/armor_interfaces/environment/path.sh
[2.803s] -- Installing: /home/xzq/project/ros2_ws/install/armor_interfaces/share/armor_interfaces/environment/path.dsv
[2.803s] -- Up-to-date: /home/xzq/project/ros2_ws/install/armor_interfaces/share/armor_interfaces/local_setup.bash
[2.803s] -- Up-to-date: /home/xzq/project/ros2_ws/install/armor_interfaces/share/armor_interfaces/local_setup.sh
[2.803s] -- Up-to-date: /home/xzq/project/ros2_ws/install/armor_interfaces/share/armor_interfaces/local_setup.zsh
[2.803s] -- Installing: /home/xzq/project/ros2_ws/install/armor_interfaces/share/armor_interfaces/local_setup.dsv
[2.803s] -- Installing: /home/xzq/project/ros2_ws/install/armor_interfaces/share/armor_interfaces/package.dsv
[2.803s] -- Up-to-date: /home/xzq/project/ros2_ws/install/armor_interfaces/share/ament_index/resource_index/packages/armor_interfaces
[2.803s] -- Up-to-date: /home/xzq/project/ros2_ws/install/armor_interfaces/share/armor_interfaces/cmake/export_armor_interfaces__rosidl_generator_cExport.cmake
[2.803s] -- Up-to-date: /home/xzq/project/ros2_ws/install/armor_interfaces/share/armor_interfaces/cmake/export_armor_interfaces__rosidl_generator_cExport-noconfig.cmake
[2.803s] -- Up-to-date: /home/xzq/project/ros2_ws/install/armor_interfaces/share/armor_interfaces/cmake/export_armor_interfaces__rosidl_typesupport_fastrtps_cExport.cmake
[2.803s] -- Up-to-date: /home/xzq/project/ros2_ws/install/armor_interfaces/share/armor_interfaces/cmake/export_armor_interfaces__rosidl_typesupport_fastrtps_cExport-noconfig.cmake
[2.803s] -- Up-to-date: /home/xzq/project/ros2_ws/install/armor_interfaces/share/armor_interfaces/cmake/export_armor_interfaces__rosidl_generator_cppExport.cmake
[2.803s] -- Up-to-date: /home/xzq/project/ros2_ws/install/armor_interfaces/share/armor_interfaces/cmake/export_armor_interfaces__rosidl_typesupport_fastrtps_cppExport.cmake
[2.803s] -- Up-to-date: /home/xzq/project/ros2_ws/install/armor_interfaces/share/armor_interfaces/cmake/export_armor_interfaces__rosidl_typesupport_fastrtps_cppExport-noconfig.cmake
[2.803s] -- Up-to-date: /home/xzq/project/ros2_ws/install/armor_interfaces/share/armor_interfaces/cmake/armor_interfaces__rosidl_typesupport_introspection_cExport.cmake
[2.804s] -- Up-to-date: /home/xzq/project/ros2_ws/install/armor_interfaces/share/armor_interfaces/cmake/armor_interfaces__rosidl_typesupport_introspection_cExport-noconfig.cmake
[2.804s] -- Up-to-date: /home/xzq/project/ros2_ws/install/armor_interfaces/share/armor_interfaces/cmake/armor_interfaces__rosidl_typesupport_cExport.cmake
[2.804s] -- Up-to-date: /home/xzq/project/ros2_ws/install/armor_interfaces/share/armor_interfaces/cmake/armor_interfaces__rosidl_typesupport_cExport-noconfig.cmake
[2.804s] -- Up-to-date: /home/xzq/project/ros2_ws/install/armor_interfaces/share/armor_interfaces/cmake/armor_interfaces__rosidl_typesupport_introspection_cppExport.cmake
[2.804s] -- Up-to-date: /home/xzq/project/ros2_ws/install/armor_interfaces/share/armor_interfaces/cmake/armor_interfaces__rosidl_typesupport_introspection_cppExport-noconfig.cmake
[2.804s] -- Up-to-date: /home/xzq/project/ros2_ws/install/armor_interfaces/share/armor_interfaces/cmake/armor_interfaces__rosidl_typesupport_cppExport.cmake
[2.804s] -- Up-to-date: /home/xzq/project/ros2_ws/install/armor_interfaces/share/armor_interfaces/cmake/armor_interfaces__rosidl_typesupport_cppExport-noconfig.cmake
[2.804s] -- Up-to-date: /home/xzq/project/ros2_ws/install/armor_interfaces/share/armor_interfaces/cmake/export_armor_interfaces__rosidl_generator_pyExport.cmake
[2.804s] -- Up-to-date: /home/xzq/project/ros2_ws/install/armor_interfaces/share/armor_interfaces/cmake/export_armor_interfaces__rosidl_generator_pyExport-noconfig.cmake
[2.804s] -- Up-to-date: /home/xzq/project/ros2_ws/install/armor_interfaces/share/armor_interfaces/cmake/rosidl_cmake-extras.cmake
[2.804s] -- Up-to-date: /home/xzq/project/ros2_ws/install/armor_interfaces/share/armor_interfaces/cmake/ament_cmake_export_dependencies-extras.cmake
[2.804s] -- Up-to-date: /home/xzq/project/ros2_ws/install/armor_interfaces/share/armor_interfaces/cmake/ament_cmake_export_include_directories-extras.cmake
[2.804s] -- Up-to-date: /home/xzq/project/ros2_ws/install/armor_interfaces/share/armor_interfaces/cmake/ament_cmake_export_libraries-extras.cmake
[2.804s] -- Up-to-date: /home/xzq/project/ros2_ws/install/armor_interfaces/share/armor_interfaces/cmake/ament_cmake_export_targets-extras.cmake
[2.804s] -- Up-to-date: /home/xzq/project/ros2_ws/install/armor_interfaces/share/armor_interfaces/cmake/rosidl_cmake_export_typesupport_targets-extras.cmake
[2.804s] -- Up-to-date: /home/xzq/project/ros2_ws/install/armor_interfaces/share/armor_interfaces/cmake/rosidl_cmake_export_typesupport_libraries-extras.cmake
[2.804s] -- Up-to-date: /home/xzq/project/ros2_ws/install/armor_interfaces/share/armor_interfaces/cmake/armor_interfacesConfig.cmake
[2.804s] -- Up-to-date: /home/xzq/project/ros2_ws/install/armor_interfaces/share/armor_interfaces/cmake/armor_interfacesConfig-version.cmake
[2.804s] -- Up-to-date: /home/xzq/project/ros2_ws/install/armor_interfaces/share/armor_interfaces/package.xml
[2.806s] Invoked command in '/home/xzq/project/ros2_ws/build/armor_interfaces' returned '0': CMAKE_PREFIX_PATH=/opt/ros/humble /usr/bin/cmake --install /home/xzq/project/ros2_ws/build/armor_interfaces
