[0.007s] Invoking command in '/home/xzq/project/ros2_ws/build/armor_interfaces': CMAKE_PREFIX_PATH=/opt/ros/humble /usr/bin/cmake /home/xzq/project/ros2_ws/src/armor_interfaces -DCMAKE_INSTALL_PREFIX=/home/xzq/project/ros2_ws/install/armor_interfaces
[0.088s] -- The C compiler identification is GNU 12.3.0
[0.130s] -- The CXX compiler identification is GNU 11.4.0
[0.138s] -- Detecting C compiler ABI info
[0.192s] -- Detecting C compiler ABI info - done
[0.198s] -- Check for working C compiler: /usr/bin/cc - skipped
[0.199s] -- Detecting C compile features
[0.199s] -- Detecting C compile features - done
[0.201s] -- Detecting CXX compiler ABI info
[0.260s] -- Detecting CXX compiler ABI info - done
[0.266s] -- Check for working CXX compiler: /usr/bin/c++ - skipped
[0.266s] -- Detecting CXX compile features
[0.266s] -- Detecting CXX compile features - done
[0.268s] -- Found ament_cmake: 1.3.11 (/opt/ros/humble/share/ament_cmake/cmake)
[0.376s] -- Found Python3: /usr/bin/python3 (found version "3.10.12") found components: Interpreter 
[0.432s] -- Found ament_cmake_auto: 1.3.11 (/opt/ros/humble/share/ament_cmake_auto/cmake)
[0.434s] -- Found geometry_msgs: 4.2.4 (/opt/ros/humble/share/geometry_msgs/cmake)
[0.453s] -- Found rosidl_generator_c: 3.1.6 (/opt/ros/humble/share/rosidl_generator_c/cmake)
[0.455s] -- Found rosidl_adapter: 3.1.6 (/opt/ros/humble/share/rosidl_adapter/cmake)
[0.459s] -- Found rosidl_generator_cpp: 3.1.6 (/opt/ros/humble/share/rosidl_generator_cpp/cmake)
[0.466s] -- Using all available rosidl_typesupport_c: rosidl_typesupport_fastrtps_c;rosidl_typesupport_introspection_c
[0.475s] -- Using all available rosidl_typesupport_cpp: rosidl_typesupport_fastrtps_cpp;rosidl_typesupport_introspection_cpp
[0.497s] -- Found rosidl_default_generators: 1.2.0 (/opt/ros/humble/share/rosidl_default_generators/cmake)
[0.697s] -- Found ament_cmake_ros: 0.10.0 (/opt/ros/humble/share/ament_cmake_ros/cmake)
[0.976s] -- Using all available rosidl_typesupport_c: rosidl_typesupport_fastrtps_c;rosidl_typesupport_introspection_c
[1.084s] -- Using all available rosidl_typesupport_cpp: rosidl_typesupport_fastrtps_cpp;rosidl_typesupport_introspection_cpp
[1.099s] -- Found PythonInterp: /usr/bin/python3 (found suitable version "3.10.12", minimum required is "3.6") 
[1.100s] -- Found python_cmake_module: 0.10.0 (/opt/ros/humble/share/python_cmake_module/cmake)
[1.119s] -- Found PythonLibs: /usr/lib/x86_64-linux-gnu/libpython3.10.so (found suitable version "3.10.12", minimum required is "3.5") 
[1.119s] -- Using PYTHON_EXECUTABLE: /usr/bin/python3
[1.119s] -- Using PYTHON_INCLUDE_DIRS: /usr/include/python3.10
[1.119s] -- Using PYTHON_LIBRARIES: /usr/lib/x86_64-linux-gnu/libpython3.10.so
[1.134s] -- Found PythonExtra: .so  
[1.173s] -- Configuring done
[1.195s] -- Generating done
[1.203s] -- Build files have been written to: /home/xzq/project/ros2_ws/build/armor_interfaces
[1.210s] Invoked command in '/home/xzq/project/ros2_ws/build/armor_interfaces' returned '0': CMAKE_PREFIX_PATH=/opt/ros/humble /usr/bin/cmake /home/xzq/project/ros2_ws/src/armor_interfaces -DCMAKE_INSTALL_PREFIX=/home/xzq/project/ros2_ws/install/armor_interfaces
[1.212s] Invoking command in '/home/xzq/project/ros2_ws/build/armor_interfaces': CMAKE_PREFIX_PATH=/opt/ros/humble /usr/bin/cmake --build /home/xzq/project/ros2_ws/build/armor_interfaces -- -j12 -l12
[1.242s] [  2%] [34m[1mGenerating C code for ROS interfaces[0m
[1.252s] [  4%] [34m[1mGenerating C++ code for ROS interfaces[0m
[1.256s] [  4%] Built target ament_cmake_python_copy_armor_interfaces
[1.420s] running egg_info
[1.420s] creating armor_interfaces.egg-info
[1.420s] writing armor_interfaces.egg-info/PKG-INFO
[1.420s] writing dependency_links to armor_interfaces.egg-info/dependency_links.txt
[1.420s] writing top-level names to armor_interfaces.egg-info/top_level.txt
[1.420s] writing manifest file 'armor_interfaces.egg-info/SOURCES.txt'
[1.421s] reading manifest file 'armor_interfaces.egg-info/SOURCES.txt'
[1.422s] writing manifest file 'armor_interfaces.egg-info/SOURCES.txt'
[1.447s] [  4%] Built target ament_cmake_python_build_armor_interfaces_egg
[1.527s] [  6%] [32mBuilding C object CMakeFiles/armor_interfaces__rosidl_generator_c.dir/rosidl_generator_c/armor_interfaces/msg/detail/armor__functions.c.o[0m
[1.527s] [  8%] [32mBuilding C object CMakeFiles/armor_interfaces__rosidl_generator_c.dir/rosidl_generator_c/armor_interfaces/msg/detail/armors__functions.c.o[0m
[1.530s] [ 10%] [32mBuilding C object CMakeFiles/armor_interfaces__rosidl_generator_c.dir/rosidl_generator_c/armor_interfaces/msg/detail/target__functions.c.o[0m
[1.535s] [ 10%] Built target armor_interfaces__cpp
[1.542s] [ 14%] [34m[1mGenerating C++ type support dispatch for ROS interfaces[0m
[1.542s] [ 14%] [34m[1mGenerating C++ type support for eProsima Fast-RTPS[0m
[1.543s] [ 17%] [34m[1mGenerating C++ introspection for ROS interfaces[0m
[1.582s] [ 19%] [32m[1mLinking C shared library libarmor_interfaces__rosidl_generator_c.so[0m
[1.614s] [ 19%] Built target armor_interfaces__rosidl_generator_c
[1.622s] [ 21%] [34m[1mGenerating C type support dispatch for ROS interfaces[0m
[1.624s] [ 25%] [34m[1mGenerating C introspection for ROS interfaces[0m
[1.624s] [ 25%] [34m[1mGenerating C type support for eProsima Fast-RTPS[0m
[1.768s] [ 27%] [32mBuilding CXX object CMakeFiles/armor_interfaces__rosidl_typesupport_cpp.dir/rosidl_typesupport_cpp/armor_interfaces/msg/armor__type_support.cpp.o[0m
[1.770s] [ 29%] [32mBuilding CXX object CMakeFiles/armor_interfaces__rosidl_typesupport_cpp.dir/rosidl_typesupport_cpp/armor_interfaces/msg/armors__type_support.cpp.o[0m
[1.770s] [ 31%] [32mBuilding CXX object CMakeFiles/armor_interfaces__rosidl_typesupport_cpp.dir/rosidl_typesupport_cpp/armor_interfaces/msg/target__type_support.cpp.o[0m
[1.823s] [ 34%] [32mBuilding CXX object CMakeFiles/armor_interfaces__rosidl_typesupport_fastrtps_cpp.dir/rosidl_typesupport_fastrtps_cpp/armor_interfaces/msg/detail/dds_fastrtps/armors__type_support.cpp.o[0m
[1.825s] [ 36%] [32mBuilding CXX object CMakeFiles/armor_interfaces__rosidl_typesupport_fastrtps_cpp.dir/rosidl_typesupport_fastrtps_cpp/armor_interfaces/msg/detail/dds_fastrtps/armor__type_support.cpp.o[0m
[1.830s] [ 38%] [32mBuilding CXX object CMakeFiles/armor_interfaces__rosidl_typesupport_fastrtps_cpp.dir/rosidl_typesupport_fastrtps_cpp/armor_interfaces/msg/detail/dds_fastrtps/target__type_support.cpp.o[0m
[1.901s] [ 40%] [32mBuilding CXX object CMakeFiles/armor_interfaces__rosidl_typesupport_introspection_cpp.dir/rosidl_typesupport_introspection_cpp/armor_interfaces/msg/detail/armor__type_support.cpp.o[0m
[1.905s] [ 42%] [32mBuilding CXX object CMakeFiles/armor_interfaces__rosidl_typesupport_introspection_cpp.dir/rosidl_typesupport_introspection_cpp/armor_interfaces/msg/detail/armors__type_support.cpp.o[0m
[1.923s] [ 44%] [32mBuilding CXX object CMakeFiles/armor_interfaces__rosidl_typesupport_introspection_cpp.dir/rosidl_typesupport_introspection_cpp/armor_interfaces/msg/detail/target__type_support.cpp.o[0m
[1.936s] [ 46%] [32mBuilding C object CMakeFiles/armor_interfaces__rosidl_typesupport_introspection_c.dir/rosidl_typesupport_introspection_c/armor_interfaces/msg/detail/armor__type_support.c.o[0m
[1.976s] [ 48%] [32mBuilding CXX object CMakeFiles/armor_interfaces__rosidl_typesupport_c.dir/rosidl_typesupport_c/armor_interfaces/msg/armor__type_support.cpp.o[0m
[1.996s] [ 51%] [32mBuilding C object CMakeFiles/armor_interfaces__rosidl_typesupport_introspection_c.dir/rosidl_typesupport_introspection_c/armor_interfaces/msg/detail/armors__type_support.c.o[0m
[2.023s] [ 55%] [32mBuilding CXX object CMakeFiles/armor_interfaces__rosidl_typesupport_c.dir/rosidl_typesupport_c/armor_interfaces/msg/armors__type_support.cpp.o[0m
[2.024s] [ 55%] [32mBuilding C object CMakeFiles/armor_interfaces__rosidl_typesupport_introspection_c.dir/rosidl_typesupport_introspection_c/armor_interfaces/msg/detail/target__type_support.c.o[0m
[2.040s] [ 57%] [32mBuilding CXX object CMakeFiles/armor_interfaces__rosidl_typesupport_fastrtps_c.dir/rosidl_typesupport_fastrtps_c/armor_interfaces/msg/detail/armor__type_support_c.cpp.o[0m
[2.048s] [ 59%] [32mBuilding CXX object CMakeFiles/armor_interfaces__rosidl_typesupport_c.dir/rosidl_typesupport_c/armor_interfaces/msg/target__type_support.cpp.o[0m
[2.069s] [ 61%] [32mBuilding CXX object CMakeFiles/armor_interfaces__rosidl_typesupport_fastrtps_c.dir/rosidl_typesupport_fastrtps_c/armor_interfaces/msg/detail/armors__type_support_c.cpp.o[0m
[2.071s] [ 63%] [32mBuilding CXX object CMakeFiles/armor_interfaces__rosidl_typesupport_fastrtps_c.dir/rosidl_typesupport_fastrtps_c/armor_interfaces/msg/detail/target__type_support_c.cpp.o[0m
[2.077s] [ 65%] [32m[1mLinking C shared library libarmor_interfaces__rosidl_typesupport_introspection_c.so[0m
[2.082s] [ 68%] [32m[1mLinking CXX shared library libarmor_interfaces__rosidl_typesupport_c.so[0m
[2.130s] [ 70%] [32m[1mLinking CXX shared library libarmor_interfaces__rosidl_typesupport_cpp.so[0m
[2.139s] [ 70%] Built target armor_interfaces__rosidl_typesupport_introspection_c
[2.160s] [ 70%] Built target armor_interfaces__rosidl_typesupport_c
[2.180s] [ 70%] Built target armor_interfaces__rosidl_typesupport_cpp
[2.345s] [ 72%] [32m[1mLinking CXX shared library libarmor_interfaces__rosidl_typesupport_introspection_cpp.so[0m
[2.380s] [ 74%] [32m[1mLinking CXX shared library libarmor_interfaces__rosidl_typesupport_fastrtps_cpp.so[0m
[2.414s] [ 74%] Built target armor_interfaces__rosidl_typesupport_introspection_cpp
[2.436s] [ 76%] [32m[1mLinking CXX shared library libarmor_interfaces__rosidl_typesupport_fastrtps_c.so[0m
[2.450s] [ 76%] Built target armor_interfaces__rosidl_typesupport_fastrtps_cpp
[2.494s] [ 76%] Built target armor_interfaces__rosidl_typesupport_fastrtps_c
[2.510s] [ 76%] Built target armor_interfaces
[2.526s] [ 78%] [34m[1mGenerating Python code for ROS interfaces[0m
[2.911s] [ 78%] Built target armor_interfaces__py
[2.927s] [ 80%] [32mBuilding C object CMakeFiles/armor_interfaces__rosidl_generator_py.dir/rosidl_generator_py/armor_interfaces/msg/_target_s.c.o[0m
[2.927s] [ 82%] [32mBuilding C object CMakeFiles/armor_interfaces__rosidl_generator_py.dir/rosidl_generator_py/armor_interfaces/msg/_armor_s.c.o[0m
[2.928s] [ 85%] [32mBuilding C object CMakeFiles/armor_interfaces__rosidl_generator_py.dir/rosidl_generator_py/armor_interfaces/msg/_armors_s.c.o[0m
[3.026s] [ 87%] [32m[1mLinking C shared library rosidl_generator_py/armor_interfaces/libarmor_interfaces__rosidl_generator_py.so[0m
[3.059s] [ 87%] Built target armor_interfaces__rosidl_generator_py
[3.074s] [ 93%] [32mBuilding C object CMakeFiles/armor_interfaces__rosidl_typesupport_fastrtps_c__pyext.dir/rosidl_generator_py/armor_interfaces/_armor_interfaces_s.ep.rosidl_typesupport_fastrtps_c.c.o[0m
[3.074s] [ 93%] [32mBuilding C object CMakeFiles/armor_interfaces__rosidl_typesupport_introspection_c__pyext.dir/rosidl_generator_py/armor_interfaces/_armor_interfaces_s.ep.rosidl_typesupport_introspection_c.c.o[0m
[3.074s] [ 93%] [32mBuilding C object CMakeFiles/armor_interfaces__rosidl_typesupport_c__pyext.dir/rosidl_generator_py/armor_interfaces/_armor_interfaces_s.ep.rosidl_typesupport_c.c.o[0m
[3.144s] [ 95%] [32m[1mLinking C shared library rosidl_generator_py/armor_interfaces/armor_interfaces_s__rosidl_typesupport_introspection_c.cpython-310-x86_64-linux-gnu.so[0m
[3.145s] [ 97%] [32m[1mLinking C shared library rosidl_generator_py/armor_interfaces/armor_interfaces_s__rosidl_typesupport_c.cpython-310-x86_64-linux-gnu.so[0m
[3.159s] [100%] [32m[1mLinking C shared library rosidl_generator_py/armor_interfaces/armor_interfaces_s__rosidl_typesupport_fastrtps_c.cpython-310-x86_64-linux-gnu.so[0m
[3.172s] [100%] Built target armor_interfaces__rosidl_typesupport_c__pyext
[3.180s] [100%] Built target armor_interfaces__rosidl_typesupport_introspection_c__pyext
[3.190s] [100%] Built target armor_interfaces__rosidl_typesupport_fastrtps_c__pyext
[3.198s] Invoked command in '/home/xzq/project/ros2_ws/build/armor_interfaces' returned '0': CMAKE_PREFIX_PATH=/opt/ros/humble /usr/bin/cmake --build /home/xzq/project/ros2_ws/build/armor_interfaces -- -j12 -l12
[3.207s] Invoking command in '/home/xzq/project/ros2_ws/build/armor_interfaces': CMAKE_PREFIX_PATH=/opt/ros/humble /usr/bin/cmake --install /home/xzq/project/ros2_ws/build/armor_interfaces
[3.213s] -- Install configuration: ""
[3.213s] -- Installing: /home/xzq/project/ros2_ws/install/armor_interfaces/share/ament_index/resource_index/rosidl_interfaces/armor_interfaces
[3.213s] -- Installing: /home/xzq/project/ros2_ws/install/armor_interfaces/include/armor_interfaces/armor_interfaces
[3.213s] -- Installing: /home/xzq/project/ros2_ws/install/armor_interfaces/include/armor_interfaces/armor_interfaces/msg
[3.213s] -- Installing: /home/xzq/project/ros2_ws/install/armor_interfaces/include/armor_interfaces/armor_interfaces/msg/rosidl_generator_c__visibility_control.h
[3.213s] -- Installing: /home/xzq/project/ros2_ws/install/armor_interfaces/include/armor_interfaces/armor_interfaces/msg/detail
[3.213s] -- Installing: /home/xzq/project/ros2_ws/install/armor_interfaces/include/armor_interfaces/armor_interfaces/msg/detail/armor__functions.c
[3.214s] -- Installing: /home/xzq/project/ros2_ws/install/armor_interfaces/include/armor_interfaces/armor_interfaces/msg/detail/target__functions.c
[3.214s] -- Installing: /home/xzq/project/ros2_ws/install/armor_interfaces/include/armor_interfaces/armor_interfaces/msg/detail/armors__functions.h
[3.214s] -- Installing: /home/xzq/project/ros2_ws/install/armor_interfaces/include/armor_interfaces/armor_interfaces/msg/detail/armor__struct.h
[3.214s] -- Installing: /home/xzq/project/ros2_ws/install/armor_interfaces/include/armor_interfaces/armor_interfaces/msg/detail/target__struct.h
[3.214s] -- Installing: /home/xzq/project/ros2_ws/install/armor_interfaces/include/armor_interfaces/armor_interfaces/msg/detail/armors__struct.h
[3.214s] -- Installing: /home/xzq/project/ros2_ws/install/armor_interfaces/include/armor_interfaces/armor_interfaces/msg/detail/target__type_support.h
[3.214s] -- Installing: /home/xzq/project/ros2_ws/install/armor_interfaces/include/armor_interfaces/armor_interfaces/msg/detail/target__functions.h
[3.214s] -- Installing: /home/xzq/project/ros2_ws/install/armor_interfaces/include/armor_interfaces/armor_interfaces/msg/detail/armor__functions.h
[3.214s] -- Installing: /home/xzq/project/ros2_ws/install/armor_interfaces/include/armor_interfaces/armor_interfaces/msg/detail/armors__functions.c
[3.214s] -- Installing: /home/xzq/project/ros2_ws/install/armor_interfaces/include/armor_interfaces/armor_interfaces/msg/detail/armors__type_support.h
[3.214s] -- Installing: /home/xzq/project/ros2_ws/install/armor_interfaces/include/armor_interfaces/armor_interfaces/msg/detail/armor__type_support.h
[3.214s] -- Installing: /home/xzq/project/ros2_ws/install/armor_interfaces/include/armor_interfaces/armor_interfaces/msg/armors.h
[3.214s] -- Installing: /home/xzq/project/ros2_ws/install/armor_interfaces/include/armor_interfaces/armor_interfaces/msg/target.h
[3.214s] -- Installing: /home/xzq/project/ros2_ws/install/armor_interfaces/include/armor_interfaces/armor_interfaces/msg/armor.h
[3.214s] -- Installing: /home/xzq/project/ros2_ws/install/armor_interfaces/share/armor_interfaces/environment/library_path.sh
[3.215s] -- Installing: /home/xzq/project/ros2_ws/install/armor_interfaces/share/armor_interfaces/environment/library_path.dsv
[3.215s] -- Installing: /home/xzq/project/ros2_ws/install/armor_interfaces/lib/libarmor_interfaces__rosidl_generator_c.so
[3.215s] -- Set runtime path of "/home/xzq/project/ros2_ws/install/armor_interfaces/lib/libarmor_interfaces__rosidl_generator_c.so" to ""
[3.215s] -- Up-to-date: /home/xzq/project/ros2_ws/install/armor_interfaces/include/armor_interfaces/armor_interfaces
[3.215s] -- Up-to-date: /home/xzq/project/ros2_ws/install/armor_interfaces/include/armor_interfaces/armor_interfaces/msg
[3.215s] -- Up-to-date: /home/xzq/project/ros2_ws/install/armor_interfaces/include/armor_interfaces/armor_interfaces/msg/detail
[3.215s] -- Installing: /home/xzq/project/ros2_ws/install/armor_interfaces/include/armor_interfaces/armor_interfaces/msg/detail/target__rosidl_typesupport_fastrtps_c.h
[3.215s] -- Installing: /home/xzq/project/ros2_ws/install/armor_interfaces/include/armor_interfaces/armor_interfaces/msg/detail/armors__rosidl_typesupport_fastrtps_c.h
[3.215s] -- Installing: /home/xzq/project/ros2_ws/install/armor_interfaces/include/armor_interfaces/armor_interfaces/msg/detail/armor__rosidl_typesupport_fastrtps_c.h
[3.215s] -- Installing: /home/xzq/project/ros2_ws/install/armor_interfaces/include/armor_interfaces/armor_interfaces/msg/rosidl_typesupport_fastrtps_c__visibility_control.h
[3.215s] -- Installing: /home/xzq/project/ros2_ws/install/armor_interfaces/lib/libarmor_interfaces__rosidl_typesupport_fastrtps_c.so
[3.215s] -- Set runtime path of "/home/xzq/project/ros2_ws/install/armor_interfaces/lib/libarmor_interfaces__rosidl_typesupport_fastrtps_c.so" to ""
[3.215s] -- Up-to-date: /home/xzq/project/ros2_ws/install/armor_interfaces/include/armor_interfaces/armor_interfaces
[3.215s] -- Up-to-date: /home/xzq/project/ros2_ws/install/armor_interfaces/include/armor_interfaces/armor_interfaces/msg
[3.215s] -- Installing: /home/xzq/project/ros2_ws/install/armor_interfaces/include/armor_interfaces/armor_interfaces/msg/rosidl_generator_cpp__visibility_control.hpp
[3.215s] -- Installing: /home/xzq/project/ros2_ws/install/armor_interfaces/include/armor_interfaces/armor_interfaces/msg/armors.hpp
[3.215s] -- Installing: /home/xzq/project/ros2_ws/install/armor_interfaces/include/armor_interfaces/armor_interfaces/msg/armor.hpp
[3.215s] -- Up-to-date: /home/xzq/project/ros2_ws/install/armor_interfaces/include/armor_interfaces/armor_interfaces/msg/detail
[3.215s] -- Installing: /home/xzq/project/ros2_ws/install/armor_interfaces/include/armor_interfaces/armor_interfaces/msg/detail/armors__struct.hpp
[3.216s] -- Installing: /home/xzq/project/ros2_ws/install/armor_interfaces/include/armor_interfaces/armor_interfaces/msg/detail/armors__traits.hpp
[3.216s] -- Installing: /home/xzq/project/ros2_ws/install/armor_interfaces/include/armor_interfaces/armor_interfaces/msg/detail/target__type_support.hpp
[3.216s] -- Installing: /home/xzq/project/ros2_ws/install/armor_interfaces/include/armor_interfaces/armor_interfaces/msg/detail/armor__struct.hpp
[3.216s] -- Installing: /home/xzq/project/ros2_ws/install/armor_interfaces/include/armor_interfaces/armor_interfaces/msg/detail/armor__traits.hpp
[3.216s] -- Installing: /home/xzq/project/ros2_ws/install/armor_interfaces/include/armor_interfaces/armor_interfaces/msg/detail/armor__type_support.hpp
[3.216s] -- Installing: /home/xzq/project/ros2_ws/install/armor_interfaces/include/armor_interfaces/armor_interfaces/msg/detail/target__traits.hpp
[3.216s] -- Installing: /home/xzq/project/ros2_ws/install/armor_interfaces/include/armor_interfaces/armor_interfaces/msg/detail/armor__builder.hpp
[3.216s] -- Installing: /home/xzq/project/ros2_ws/install/armor_interfaces/include/armor_interfaces/armor_interfaces/msg/detail/armors__type_support.hpp
[3.216s] -- Installing: /home/xzq/project/ros2_ws/install/armor_interfaces/include/armor_interfaces/armor_interfaces/msg/detail/target__struct.hpp
[3.216s] -- Installing: /home/xzq/project/ros2_ws/install/armor_interfaces/include/armor_interfaces/armor_interfaces/msg/detail/armors__builder.hpp
[3.216s] -- Installing: /home/xzq/project/ros2_ws/install/armor_interfaces/include/armor_interfaces/armor_interfaces/msg/detail/target__builder.hpp
[3.216s] -- Installing: /home/xzq/project/ros2_ws/install/armor_interfaces/include/armor_interfaces/armor_interfaces/msg/target.hpp
[3.216s] -- Up-to-date: /home/xzq/project/ros2_ws/install/armor_interfaces/include/armor_interfaces/armor_interfaces
[3.216s] -- Up-to-date: /home/xzq/project/ros2_ws/install/armor_interfaces/include/armor_interfaces/armor_interfaces/msg
[3.216s] -- Installing: /home/xzq/project/ros2_ws/install/armor_interfaces/include/armor_interfaces/armor_interfaces/msg/rosidl_typesupport_fastrtps_cpp__visibility_control.h
[3.216s] -- Up-to-date: /home/xzq/project/ros2_ws/install/armor_interfaces/include/armor_interfaces/armor_interfaces/msg/detail
[3.216s] -- Installing: /home/xzq/project/ros2_ws/install/armor_interfaces/include/armor_interfaces/armor_interfaces/msg/detail/target__rosidl_typesupport_fastrtps_cpp.hpp
[3.216s] -- Installing: /home/xzq/project/ros2_ws/install/armor_interfaces/include/armor_interfaces/armor_interfaces/msg/detail/dds_fastrtps
[3.216s] -- Installing: /home/xzq/project/ros2_ws/install/armor_interfaces/include/armor_interfaces/armor_interfaces/msg/detail/armors__rosidl_typesupport_fastrtps_cpp.hpp
[3.216s] -- Installing: /home/xzq/project/ros2_ws/install/armor_interfaces/include/armor_interfaces/armor_interfaces/msg/detail/armor__rosidl_typesupport_fastrtps_cpp.hpp
[3.216s] -- Installing: /home/xzq/project/ros2_ws/install/armor_interfaces/lib/libarmor_interfaces__rosidl_typesupport_fastrtps_cpp.so
[3.216s] -- Set runtime path of "/home/xzq/project/ros2_ws/install/armor_interfaces/lib/libarmor_interfaces__rosidl_typesupport_fastrtps_cpp.so" to ""
[3.216s] -- Up-to-date: /home/xzq/project/ros2_ws/install/armor_interfaces/include/armor_interfaces/armor_interfaces
[3.216s] -- Up-to-date: /home/xzq/project/ros2_ws/install/armor_interfaces/include/armor_interfaces/armor_interfaces/msg
[3.216s] -- Installing: /home/xzq/project/ros2_ws/install/armor_interfaces/include/armor_interfaces/armor_interfaces/msg/rosidl_typesupport_introspection_c__visibility_control.h
[3.216s] -- Up-to-date: /home/xzq/project/ros2_ws/install/armor_interfaces/include/armor_interfaces/armor_interfaces/msg/detail
[3.216s] -- Installing: /home/xzq/project/ros2_ws/install/armor_interfaces/include/armor_interfaces/armor_interfaces/msg/detail/target__type_support.c
[3.216s] -- Installing: /home/xzq/project/ros2_ws/install/armor_interfaces/include/armor_interfaces/armor_interfaces/msg/detail/armors__rosidl_typesupport_introspection_c.h
[3.217s] -- Installing: /home/xzq/project/ros2_ws/install/armor_interfaces/include/armor_interfaces/armor_interfaces/msg/detail/armor__rosidl_typesupport_introspection_c.h
[3.217s] -- Installing: /home/xzq/project/ros2_ws/install/armor_interfaces/include/armor_interfaces/armor_interfaces/msg/detail/armor__type_support.c
[3.217s] -- Installing: /home/xzq/project/ros2_ws/install/armor_interfaces/include/armor_interfaces/armor_interfaces/msg/detail/target__rosidl_typesupport_introspection_c.h
[3.217s] -- Installing: /home/xzq/project/ros2_ws/install/armor_interfaces/include/armor_interfaces/armor_interfaces/msg/detail/armors__type_support.c
[3.217s] -- Installing: /home/xzq/project/ros2_ws/install/armor_interfaces/lib/libarmor_interfaces__rosidl_typesupport_introspection_c.so
[3.217s] -- Set runtime path of "/home/xzq/project/ros2_ws/install/armor_interfaces/lib/libarmor_interfaces__rosidl_typesupport_introspection_c.so" to ""
[3.217s] -- Installing: /home/xzq/project/ros2_ws/install/armor_interfaces/lib/libarmor_interfaces__rosidl_typesupport_c.so
[3.217s] -- Set runtime path of "/home/xzq/project/ros2_ws/install/armor_interfaces/lib/libarmor_interfaces__rosidl_typesupport_c.so" to ""
[3.217s] -- Up-to-date: /home/xzq/project/ros2_ws/install/armor_interfaces/include/armor_interfaces/armor_interfaces
[3.217s] -- Up-to-date: /home/xzq/project/ros2_ws/install/armor_interfaces/include/armor_interfaces/armor_interfaces/msg
[3.217s] -- Up-to-date: /home/xzq/project/ros2_ws/install/armor_interfaces/include/armor_interfaces/armor_interfaces/msg/detail
[3.217s] -- Installing: /home/xzq/project/ros2_ws/install/armor_interfaces/include/armor_interfaces/armor_interfaces/msg/detail/armors__type_support.cpp
[3.218s] -- Installing: /home/xzq/project/ros2_ws/install/armor_interfaces/include/armor_interfaces/armor_interfaces/msg/detail/armors__rosidl_typesupport_introspection_cpp.hpp
[3.218s] -- Installing: /home/xzq/project/ros2_ws/install/armor_interfaces/include/armor_interfaces/armor_interfaces/msg/detail/armor__type_support.cpp
[3.218s] -- Installing: /home/xzq/project/ros2_ws/install/armor_interfaces/include/armor_interfaces/armor_interfaces/msg/detail/target__type_support.cpp
[3.218s] -- Installing: /home/xzq/project/ros2_ws/install/armor_interfaces/include/armor_interfaces/armor_interfaces/msg/detail/target__rosidl_typesupport_introspection_cpp.hpp
[3.218s] -- Installing: /home/xzq/project/ros2_ws/install/armor_interfaces/include/armor_interfaces/armor_interfaces/msg/detail/armor__rosidl_typesupport_introspection_cpp.hpp
[3.218s] -- Installing: /home/xzq/project/ros2_ws/install/armor_interfaces/lib/libarmor_interfaces__rosidl_typesupport_introspection_cpp.so
[3.218s] -- Set runtime path of "/home/xzq/project/ros2_ws/install/armor_interfaces/lib/libarmor_interfaces__rosidl_typesupport_introspection_cpp.so" to ""
[3.218s] -- Installing: /home/xzq/project/ros2_ws/install/armor_interfaces/lib/libarmor_interfaces__rosidl_typesupport_cpp.so
[3.218s] -- Set runtime path of "/home/xzq/project/ros2_ws/install/armor_interfaces/lib/libarmor_interfaces__rosidl_typesupport_cpp.so" to ""
[3.218s] -- Installing: /home/xzq/project/ros2_ws/install/armor_interfaces/share/armor_interfaces/environment/pythonpath.sh
[3.218s] -- Installing: /home/xzq/project/ros2_ws/install/armor_interfaces/share/armor_interfaces/environment/pythonpath.dsv
[3.218s] -- Installing: /home/xzq/project/ros2_ws/install/armor_interfaces/local/lib/python3.10/dist-packages/armor_interfaces-0.0.0-py3.10.egg-info
[3.218s] -- Installing: /home/xzq/project/ros2_ws/install/armor_interfaces/local/lib/python3.10/dist-packages/armor_interfaces-0.0.0-py3.10.egg-info/top_level.txt
[3.218s] -- Installing: /home/xzq/project/ros2_ws/install/armor_interfaces/local/lib/python3.10/dist-packages/armor_interfaces-0.0.0-py3.10.egg-info/PKG-INFO
[3.219s] -- Installing: /home/xzq/project/ros2_ws/install/armor_interfaces/local/lib/python3.10/dist-packages/armor_interfaces-0.0.0-py3.10.egg-info/SOURCES.txt
[3.219s] -- Installing: /home/xzq/project/ros2_ws/install/armor_interfaces/local/lib/python3.10/dist-packages/armor_interfaces-0.0.0-py3.10.egg-info/dependency_links.txt
[3.219s] -- Installing: /home/xzq/project/ros2_ws/install/armor_interfaces/local/lib/python3.10/dist-packages/armor_interfaces
[3.219s] -- Installing: /home/xzq/project/ros2_ws/install/armor_interfaces/local/lib/python3.10/dist-packages/armor_interfaces/armor_interfaces_s__rosidl_typesupport_introspection_c.cpython-310-x86_64-linux-gnu.so
[3.219s] -- Installing: /home/xzq/project/ros2_ws/install/armor_interfaces/local/lib/python3.10/dist-packages/armor_interfaces/armor_interfaces_s__rosidl_typesupport_c.cpython-310-x86_64-linux-gnu.so
[3.219s] -- Installing: /home/xzq/project/ros2_ws/install/armor_interfaces/local/lib/python3.10/dist-packages/armor_interfaces/armor_interfaces_s__rosidl_typesupport_fastrtps_c.cpython-310-x86_64-linux-gnu.so
[3.219s] -- Installing: /home/xzq/project/ros2_ws/install/armor_interfaces/local/lib/python3.10/dist-packages/armor_interfaces/libarmor_interfaces__rosidl_generator_py.so
[3.219s] -- Installing: /home/xzq/project/ros2_ws/install/armor_interfaces/local/lib/python3.10/dist-packages/armor_interfaces/_armor_interfaces_s.ep.rosidl_typesupport_c.c
[3.219s] -- Installing: /home/xzq/project/ros2_ws/install/armor_interfaces/local/lib/python3.10/dist-packages/armor_interfaces/_armor_interfaces_s.ep.rosidl_typesupport_introspection_c.c
[3.219s] -- Installing: /home/xzq/project/ros2_ws/install/armor_interfaces/local/lib/python3.10/dist-packages/armor_interfaces/msg
[3.219s] -- Installing: /home/xzq/project/ros2_ws/install/armor_interfaces/local/lib/python3.10/dist-packages/armor_interfaces/msg/_armor_s.c
[3.219s] -- Installing: /home/xzq/project/ros2_ws/install/armor_interfaces/local/lib/python3.10/dist-packages/armor_interfaces/msg/_armors_s.c
[3.219s] -- Installing: /home/xzq/project/ros2_ws/install/armor_interfaces/local/lib/python3.10/dist-packages/armor_interfaces/msg/_armors.py
[3.219s] -- Installing: /home/xzq/project/ros2_ws/install/armor_interfaces/local/lib/python3.10/dist-packages/armor_interfaces/msg/_target.py
[3.219s] -- Installing: /home/xzq/project/ros2_ws/install/armor_interfaces/local/lib/python3.10/dist-packages/armor_interfaces/msg/_target_s.c
[3.220s] -- Installing: /home/xzq/project/ros2_ws/install/armor_interfaces/local/lib/python3.10/dist-packages/armor_interfaces/msg/__init__.py
[3.220s] -- Installing: /home/xzq/project/ros2_ws/install/armor_interfaces/local/lib/python3.10/dist-packages/armor_interfaces/msg/_armor.py
[3.220s] -- Installing: /home/xzq/project/ros2_ws/install/armor_interfaces/local/lib/python3.10/dist-packages/armor_interfaces/_armor_interfaces_s.ep.rosidl_typesupport_fastrtps_c.c
[3.220s] -- Installing: /home/xzq/project/ros2_ws/install/armor_interfaces/local/lib/python3.10/dist-packages/armor_interfaces/__init__.py
[3.244s] Listing '/home/xzq/project/ros2_ws/install/armor_interfaces/local/lib/python3.10/dist-packages/armor_interfaces'...
[3.244s] Compiling '/home/xzq/project/ros2_ws/install/armor_interfaces/local/lib/python3.10/dist-packages/armor_interfaces/__init__.py'...
[3.244s] Listing '/home/xzq/project/ros2_ws/install/armor_interfaces/local/lib/python3.10/dist-packages/armor_interfaces/msg'...
[3.244s] Compiling '/home/xzq/project/ros2_ws/install/armor_interfaces/local/lib/python3.10/dist-packages/armor_interfaces/msg/__init__.py'...
[3.244s] Compiling '/home/xzq/project/ros2_ws/install/armor_interfaces/local/lib/python3.10/dist-packages/armor_interfaces/msg/_armor.py'...
[3.244s] Compiling '/home/xzq/project/ros2_ws/install/armor_interfaces/local/lib/python3.10/dist-packages/armor_interfaces/msg/_armors.py'...
[3.244s] Compiling '/home/xzq/project/ros2_ws/install/armor_interfaces/local/lib/python3.10/dist-packages/armor_interfaces/msg/_target.py'...
[3.248s] -- Installing: /home/xzq/project/ros2_ws/install/armor_interfaces/local/lib/python3.10/dist-packages/armor_interfaces/armor_interfaces_s__rosidl_typesupport_fastrtps_c.cpython-310-x86_64-linux-gnu.so
[3.248s] -- Set runtime path of "/home/xzq/project/ros2_ws/install/armor_interfaces/local/lib/python3.10/dist-packages/armor_interfaces/armor_interfaces_s__rosidl_typesupport_fastrtps_c.cpython-310-x86_64-linux-gnu.so" to ""
[3.248s] -- Installing: /home/xzq/project/ros2_ws/install/armor_interfaces/local/lib/python3.10/dist-packages/armor_interfaces/armor_interfaces_s__rosidl_typesupport_introspection_c.cpython-310-x86_64-linux-gnu.so
[3.248s] -- Set runtime path of "/home/xzq/project/ros2_ws/install/armor_interfaces/local/lib/python3.10/dist-packages/armor_interfaces/armor_interfaces_s__rosidl_typesupport_introspection_c.cpython-310-x86_64-linux-gnu.so" to ""
[3.248s] -- Installing: /home/xzq/project/ros2_ws/install/armor_interfaces/local/lib/python3.10/dist-packages/armor_interfaces/armor_interfaces_s__rosidl_typesupport_c.cpython-310-x86_64-linux-gnu.so
[3.248s] -- Set runtime path of "/home/xzq/project/ros2_ws/install/armor_interfaces/local/lib/python3.10/dist-packages/armor_interfaces/armor_interfaces_s__rosidl_typesupport_c.cpython-310-x86_64-linux-gnu.so" to ""
[3.248s] -- Installing: /home/xzq/project/ros2_ws/install/armor_interfaces/lib/libarmor_interfaces__rosidl_generator_py.so
[3.248s] -- Set runtime path of "/home/xzq/project/ros2_ws/install/armor_interfaces/lib/libarmor_interfaces__rosidl_generator_py.so" to ""
[3.248s] -- Installing: /home/xzq/project/ros2_ws/install/armor_interfaces/share/armor_interfaces/msg/Armor.idl
[3.248s] -- Installing: /home/xzq/project/ros2_ws/install/armor_interfaces/share/armor_interfaces/msg/Armors.idl
[3.248s] -- Installing: /home/xzq/project/ros2_ws/install/armor_interfaces/share/armor_interfaces/msg/Target.idl
[3.249s] -- Installing: /home/xzq/project/ros2_ws/install/armor_interfaces/share/armor_interfaces/msg/Armor.msg
[3.249s] -- Installing: /home/xzq/project/ros2_ws/install/armor_interfaces/share/armor_interfaces/msg/Armors.msg
[3.249s] -- Installing: /home/xzq/project/ros2_ws/install/armor_interfaces/share/armor_interfaces/msg/Target.msg
[3.249s] -- Installing: /home/xzq/project/ros2_ws/install/armor_interfaces/share/ament_index/resource_index/package_run_dependencies/armor_interfaces
[3.249s] -- Installing: /home/xzq/project/ros2_ws/install/armor_interfaces/share/ament_index/resource_index/parent_prefix_path/armor_interfaces
[3.249s] -- Installing: /home/xzq/project/ros2_ws/install/armor_interfaces/share/armor_interfaces/environment/ament_prefix_path.sh
[3.249s] -- Installing: /home/xzq/project/ros2_ws/install/armor_interfaces/share/armor_interfaces/environment/ament_prefix_path.dsv
[3.249s] -- Installing: /home/xzq/project/ros2_ws/install/armor_interfaces/share/armor_interfaces/environment/path.sh
[3.249s] -- Installing: /home/xzq/project/ros2_ws/install/armor_interfaces/share/armor_interfaces/environment/path.dsv
[3.249s] -- Installing: /home/xzq/project/ros2_ws/install/armor_interfaces/share/armor_interfaces/local_setup.bash
[3.249s] -- Installing: /home/xzq/project/ros2_ws/install/armor_interfaces/share/armor_interfaces/local_setup.sh
[3.249s] -- Installing: /home/xzq/project/ros2_ws/install/armor_interfaces/share/armor_interfaces/local_setup.zsh
[3.249s] -- Installing: /home/xzq/project/ros2_ws/install/armor_interfaces/share/armor_interfaces/local_setup.dsv
[3.249s] -- Installing: /home/xzq/project/ros2_ws/install/armor_interfaces/share/armor_interfaces/package.dsv
[3.249s] -- Installing: /home/xzq/project/ros2_ws/install/armor_interfaces/share/ament_index/resource_index/packages/armor_interfaces
[3.249s] -- Installing: /home/xzq/project/ros2_ws/install/armor_interfaces/share/armor_interfaces/cmake/export_armor_interfaces__rosidl_generator_cExport.cmake
[3.249s] -- Installing: /home/xzq/project/ros2_ws/install/armor_interfaces/share/armor_interfaces/cmake/export_armor_interfaces__rosidl_generator_cExport-noconfig.cmake
[3.249s] -- Installing: /home/xzq/project/ros2_ws/install/armor_interfaces/share/armor_interfaces/cmake/export_armor_interfaces__rosidl_typesupport_fastrtps_cExport.cmake
[3.249s] -- Installing: /home/xzq/project/ros2_ws/install/armor_interfaces/share/armor_interfaces/cmake/export_armor_interfaces__rosidl_typesupport_fastrtps_cExport-noconfig.cmake
[3.249s] -- Installing: /home/xzq/project/ros2_ws/install/armor_interfaces/share/armor_interfaces/cmake/export_armor_interfaces__rosidl_generator_cppExport.cmake
[3.250s] -- Installing: /home/xzq/project/ros2_ws/install/armor_interfaces/share/armor_interfaces/cmake/export_armor_interfaces__rosidl_typesupport_fastrtps_cppExport.cmake
[3.250s] -- Installing: /home/xzq/project/ros2_ws/install/armor_interfaces/share/armor_interfaces/cmake/export_armor_interfaces__rosidl_typesupport_fastrtps_cppExport-noconfig.cmake
[3.250s] -- Installing: /home/xzq/project/ros2_ws/install/armor_interfaces/share/armor_interfaces/cmake/armor_interfaces__rosidl_typesupport_introspection_cExport.cmake
[3.250s] -- Installing: /home/xzq/project/ros2_ws/install/armor_interfaces/share/armor_interfaces/cmake/armor_interfaces__rosidl_typesupport_introspection_cExport-noconfig.cmake
[3.250s] -- Installing: /home/xzq/project/ros2_ws/install/armor_interfaces/share/armor_interfaces/cmake/armor_interfaces__rosidl_typesupport_cExport.cmake
[3.250s] -- Installing: /home/xzq/project/ros2_ws/install/armor_interfaces/share/armor_interfaces/cmake/armor_interfaces__rosidl_typesupport_cExport-noconfig.cmake
[3.250s] -- Installing: /home/xzq/project/ros2_ws/install/armor_interfaces/share/armor_interfaces/cmake/armor_interfaces__rosidl_typesupport_introspection_cppExport.cmake
[3.250s] -- Installing: /home/xzq/project/ros2_ws/install/armor_interfaces/share/armor_interfaces/cmake/armor_interfaces__rosidl_typesupport_introspection_cppExport-noconfig.cmake
[3.250s] -- Installing: /home/xzq/project/ros2_ws/install/armor_interfaces/share/armor_interfaces/cmake/armor_interfaces__rosidl_typesupport_cppExport.cmake
[3.250s] -- Installing: /home/xzq/project/ros2_ws/install/armor_interfaces/share/armor_interfaces/cmake/armor_interfaces__rosidl_typesupport_cppExport-noconfig.cmake
[3.250s] -- Installing: /home/xzq/project/ros2_ws/install/armor_interfaces/share/armor_interfaces/cmake/export_armor_interfaces__rosidl_generator_pyExport.cmake
[3.250s] -- Installing: /home/xzq/project/ros2_ws/install/armor_interfaces/share/armor_interfaces/cmake/export_armor_interfaces__rosidl_generator_pyExport-noconfig.cmake
[3.250s] -- Installing: /home/xzq/project/ros2_ws/install/armor_interfaces/share/armor_interfaces/cmake/rosidl_cmake-extras.cmake
[3.250s] -- Installing: /home/xzq/project/ros2_ws/install/armor_interfaces/share/armor_interfaces/cmake/ament_cmake_export_dependencies-extras.cmake
[3.250s] -- Installing: /home/xzq/project/ros2_ws/install/armor_interfaces/share/armor_interfaces/cmake/ament_cmake_export_include_directories-extras.cmake
[3.250s] -- Installing: /home/xzq/project/ros2_ws/install/armor_interfaces/share/armor_interfaces/cmake/ament_cmake_export_libraries-extras.cmake
[3.250s] -- Installing: /home/xzq/project/ros2_ws/install/armor_interfaces/share/armor_interfaces/cmake/ament_cmake_export_targets-extras.cmake
[3.250s] -- Installing: /home/xzq/project/ros2_ws/install/armor_interfaces/share/armor_interfaces/cmake/rosidl_cmake_export_typesupport_targets-extras.cmake
[3.250s] -- Installing: /home/xzq/project/ros2_ws/install/armor_interfaces/share/armor_interfaces/cmake/rosidl_cmake_export_typesupport_libraries-extras.cmake
[3.250s] -- Installing: /home/xzq/project/ros2_ws/install/armor_interfaces/share/armor_interfaces/cmake/armor_interfacesConfig.cmake
[3.250s] -- Installing: /home/xzq/project/ros2_ws/install/armor_interfaces/share/armor_interfaces/cmake/armor_interfacesConfig-version.cmake
[3.250s] -- Installing: /home/xzq/project/ros2_ws/install/armor_interfaces/share/armor_interfaces/package.xml
[3.252s] Invoked command in '/home/xzq/project/ros2_ws/build/armor_interfaces' returned '0': CMAKE_PREFIX_PATH=/opt/ros/humble /usr/bin/cmake --install /home/xzq/project/ros2_ws/build/armor_interfaces
