[0.014s] Invoking command in '/home/xzq/project/ros2_ws/build/armor_sub': AMENT_PREFIX_PATH=/home/xzq/project/ros2_ws/install/armor_interfaces:${AMENT_PREFIX_PATH} CMAKE_PREFIX_PATH=/home/xzq/project/ros2_ws/install/armor_interfaces:/opt/ros/humble LD_LIBRARY_PATH=/home/xzq/project/ros2_ws/install/armor_interfaces/lib:/opt/MVS/lib/64:/opt/MVS/lib/32:/opt/MVS/lib/64:/opt/MVS/lib/32:/opt/MVS/lib/64:/opt/MVS/lib/32:/opt/MVS/lib/64:/opt/MVS/lib/32:/opt/MVS/lib/64:/opt/MVS/lib/32:/opt/ros/humble/opt/rviz_ogre_vendor/lib:/opt/ros/humble/lib/x86_64-linux-gnu:/opt/ros/humble/lib:/opt/MVS/lib/64:/opt/MVS/lib/32 PYTHONPATH=/home/xzq/project/ros2_ws/install/armor_interfaces/local/lib/python3.10/dist-packages:${PYTHONPATH} /usr/bin/cmake --build /home/xzq/project/ros2_ws/build/armor_sub -- -j12 -l12
[0.031s] [0m-- CMAKE_BUILD_TYPE: Release[0m
[0.031s] -- Found ament_cmake_auto: 1.3.11 (/opt/ros/humble/share/ament_cmake_auto/cmake)
[0.171s] -- Found rosidl_generator_c: 3.1.6 (/opt/ros/humble/share/rosidl_generator_c/cmake)
[0.173s] -- Found rosidl_adapter: 3.1.6 (/opt/ros/humble/share/rosidl_adapter/cmake)
[0.176s] -- Found rosidl_generator_cpp: 3.1.6 (/opt/ros/humble/share/rosidl_generator_cpp/cmake)
[0.182s] -- Using all available rosidl_typesupport_c: rosidl_typesupport_fastrtps_c;rosidl_typesupport_introspection_c
[0.190s] -- Using all available rosidl_typesupport_cpp: rosidl_typesupport_fastrtps_cpp;rosidl_typesupport_introspection_cpp
[0.209s] -- Found rmw_implementation_cmake: 6.1.2 (/opt/ros/humble/share/rmw_implementation_cmake/cmake)
[0.210s] -- Found rmw_fastrtps_cpp: 6.2.7 (/opt/ros/humble/share/rmw_fastrtps_cpp/cmake)
[0.275s] -- Using RMW implementation 'rmw_fastrtps_cpp' as default
[0.410s] -- Found eigen3_cmake_module: 0.1.1 (/opt/ros/humble/share/eigen3_cmake_module/cmake)
[0.411s] -- Ensuring Eigen3 include directory is part of orocos-kdl CMake target
[0.427s] -- Configuring done
[0.440s] -- Generating done
[0.445s] -- Build files have been written to: /home/xzq/project/ros2_ws/build/armor_sub
[0.464s] [35m[1mConsolidate compiler generated dependencies of target armor_sub_node[0m
[0.467s] [35m[1mConsolidate compiler generated dependencies of target armor_sub[0m
[0.474s] [ 50%] Built target armor_sub_node
[0.483s] [100%] Built target armor_sub
[0.492s] Invoked command in '/home/xzq/project/ros2_ws/build/armor_sub' returned '0': AMENT_PREFIX_PATH=/home/xzq/project/ros2_ws/install/armor_interfaces:${AMENT_PREFIX_PATH} CMAKE_PREFIX_PATH=/home/xzq/project/ros2_ws/install/armor_interfaces:/opt/ros/humble LD_LIBRARY_PATH=/home/xzq/project/ros2_ws/install/armor_interfaces/lib:/opt/MVS/lib/64:/opt/MVS/lib/32:/opt/MVS/lib/64:/opt/MVS/lib/32:/opt/MVS/lib/64:/opt/MVS/lib/32:/opt/MVS/lib/64:/opt/MVS/lib/32:/opt/MVS/lib/64:/opt/MVS/lib/32:/opt/ros/humble/opt/rviz_ogre_vendor/lib:/opt/ros/humble/lib/x86_64-linux-gnu:/opt/ros/humble/lib:/opt/MVS/lib/64:/opt/MVS/lib/32 PYTHONPATH=/home/xzq/project/ros2_ws/install/armor_interfaces/local/lib/python3.10/dist-packages:${PYTHONPATH} /usr/bin/cmake --build /home/xzq/project/ros2_ws/build/armor_sub -- -j12 -l12
[0.493s] Invoking command in '/home/xzq/project/ros2_ws/build/armor_sub': AMENT_PREFIX_PATH=/home/xzq/project/ros2_ws/install/armor_interfaces:${AMENT_PREFIX_PATH} CMAKE_PREFIX_PATH=/home/xzq/project/ros2_ws/install/armor_interfaces:/opt/ros/humble LD_LIBRARY_PATH=/home/xzq/project/ros2_ws/install/armor_interfaces/lib:/opt/MVS/lib/64:/opt/MVS/lib/32:/opt/MVS/lib/64:/opt/MVS/lib/32:/opt/MVS/lib/64:/opt/MVS/lib/32:/opt/MVS/lib/64:/opt/MVS/lib/32:/opt/MVS/lib/64:/opt/MVS/lib/32:/opt/ros/humble/opt/rviz_ogre_vendor/lib:/opt/ros/humble/lib/x86_64-linux-gnu:/opt/ros/humble/lib:/opt/MVS/lib/64:/opt/MVS/lib/32 PYTHONPATH=/home/xzq/project/ros2_ws/install/armor_interfaces/local/lib/python3.10/dist-packages:${PYTHONPATH} /usr/bin/cmake --install /home/xzq/project/ros2_ws/build/armor_sub
[0.500s] -- Install configuration: "Release"
[0.501s] -- Up-to-date: /home/xzq/project/ros2_ws/install/armor_sub/lib/armor_sub/armor_sub_node
[0.501s] -- Up-to-date: /home/xzq/project/ros2_ws/install/armor_sub/include
[0.501s] -- Up-to-date: /home/xzq/project/ros2_ws/install/armor_sub/include/ArmorSubNode.h
[0.501s] -- Up-to-date: /home/xzq/project/ros2_ws/install/armor_sub/share/armor_sub/environment/library_path.sh
[0.501s] -- Installing: /home/xzq/project/ros2_ws/install/armor_sub/share/armor_sub/environment/library_path.dsv
[0.501s] -- Up-to-date: /home/xzq/project/ros2_ws/install/armor_sub/lib/libarmor_sub.so
[0.501s] -- Installing: /home/xzq/project/ros2_ws/install/armor_sub/share/ament_index/resource_index/package_run_dependencies/armor_sub
[0.501s] -- Installing: /home/xzq/project/ros2_ws/install/armor_sub/share/ament_index/resource_index/parent_prefix_path/armor_sub
[0.502s] -- Installing: /home/xzq/project/ros2_ws/install/armor_sub/share/armor_sub/environment/ament_prefix_path.sh
[0.502s] -- Installing: /home/xzq/project/ros2_ws/install/armor_sub/share/armor_sub/environment/ament_prefix_path.dsv
[0.502s] -- Installing: /home/xzq/project/ros2_ws/install/armor_sub/share/armor_sub/environment/path.sh
[0.502s] -- Installing: /home/xzq/project/ros2_ws/install/armor_sub/share/armor_sub/environment/path.dsv
[0.502s] -- Installing: /home/xzq/project/ros2_ws/install/armor_sub/share/armor_sub/local_setup.bash
[0.502s] -- Installing: /home/xzq/project/ros2_ws/install/armor_sub/share/armor_sub/local_setup.sh
[0.502s] -- Installing: /home/xzq/project/ros2_ws/install/armor_sub/share/armor_sub/local_setup.zsh
[0.502s] -- Installing: /home/xzq/project/ros2_ws/install/armor_sub/share/armor_sub/local_setup.dsv
[0.502s] -- Installing: /home/xzq/project/ros2_ws/install/armor_sub/share/armor_sub/package.dsv
[0.502s] -- Installing: /home/xzq/project/ros2_ws/install/armor_sub/share/ament_index/resource_index/packages/armor_sub
[0.502s] -- Installing: /home/xzq/project/ros2_ws/install/armor_sub/share/ament_index/resource_index/rclcpp_components/armor_sub
[0.503s] -- Installing: /home/xzq/project/ros2_ws/install/armor_sub/share/armor_sub/cmake/ament_cmake_export_dependencies-extras.cmake
[0.503s] -- Installing: /home/xzq/project/ros2_ws/install/armor_sub/share/armor_sub/cmake/ament_cmake_export_include_directories-extras.cmake
[0.503s] -- Installing: /home/xzq/project/ros2_ws/install/armor_sub/share/armor_sub/cmake/ament_cmake_export_libraries-extras.cmake
[0.503s] -- Installing: /home/xzq/project/ros2_ws/install/armor_sub/share/armor_sub/cmake/armor_subConfig.cmake
[0.503s] -- Installing: /home/xzq/project/ros2_ws/install/armor_sub/share/armor_sub/cmake/armor_subConfig-version.cmake
[0.503s] -- Installing: /home/xzq/project/ros2_ws/install/armor_sub/share/armor_sub/package.xml
[0.512s] Invoked command in '/home/xzq/project/ros2_ws/build/armor_sub' returned '0': AMENT_PREFIX_PATH=/home/xzq/project/ros2_ws/install/armor_interfaces:${AMENT_PREFIX_PATH} CMAKE_PREFIX_PATH=/home/xzq/project/ros2_ws/install/armor_interfaces:/opt/ros/humble LD_LIBRARY_PATH=/home/xzq/project/ros2_ws/install/armor_interfaces/lib:/opt/MVS/lib/64:/opt/MVS/lib/32:/opt/MVS/lib/64:/opt/MVS/lib/32:/opt/MVS/lib/64:/opt/MVS/lib/32:/opt/MVS/lib/64:/opt/MVS/lib/32:/opt/MVS/lib/64:/opt/MVS/lib/32:/opt/ros/humble/opt/rviz_ogre_vendor/lib:/opt/ros/humble/lib/x86_64-linux-gnu:/opt/ros/humble/lib:/opt/MVS/lib/64:/opt/MVS/lib/32 PYTHONPATH=/home/xzq/project/ros2_ws/install/armor_interfaces/local/lib/python3.10/dist-packages:${PYTHONPATH} /usr/bin/cmake --install /home/xzq/project/ros2_ws/build/armor_sub
