[0.007s] Invoking command in '/home/xzq/project/ros2_ws3/build/tutorial_interfaces': CMAKE_PREFIX_PATH=${CMAKE_PREFIX_PATH}:/opt/ros/humble /usr/bin/cmake /home/xzq/project/ros2_ws3/src/tutorial_interfaces -DCMAKE_INSTALL_PREFIX=/home/xzq/project/ros2_ws3/install/tutorial_interfaces
[0.014s] -- Found ament_cmake: 1.3.11 (/opt/ros/humble/share/ament_cmake/cmake)
[0.089s] -- Override CMake install command with custom implementation using symlinks instead of copying resources
[0.093s] -- Found rosidl_default_generators: 1.2.0 (/opt/ros/humble/share/rosidl_default_generators/cmake)
[0.093s] -- Using all available rosidl_typesupport_c: rosidl_typesupport_fastrtps_c;rosidl_typesupport_introspection_c
[0.095s] -- Found rosidl_adapter: 3.1.6 (/opt/ros/humble/share/rosidl_adapter/cmake)
[0.112s] -- Using all available rosidl_typesupport_cpp: rosidl_typesupport_fastrtps_cpp;rosidl_typesupport_introspection_cpp
[0.126s] -- Found geometry_msgs: 4.2.4 (/opt/ros/humble/share/geometry_msgs/cmake)
[0.314s] -- Found ament_cmake_ros: 0.10.0 (/opt/ros/humble/share/ament_cmake_ros/cmake)
[0.465s] -- Using all available rosidl_typesupport_c: rosidl_typesupport_fastrtps_c;rosidl_typesupport_introspection_c
[0.666s] -- Using all available rosidl_typesupport_cpp: rosidl_typesupport_fastrtps_cpp;rosidl_typesupport_introspection_cpp
[0.681s] -- Found python_cmake_module: 0.10.0 (/opt/ros/humble/share/python_cmake_module/cmake)
[0.696s] -- Using PYTHON_EXECUTABLE: /usr/bin/python3
[0.696s] -- Using PYTHON_INCLUDE_DIRS: /usr/include/python3.10
[0.696s] -- Using PYTHON_LIBRARIES: /usr/lib/x86_64-linux-gnu/libpython3.10.so
[0.717s] -- Found ament_lint_auto: 0.12.11 (/opt/ros/humble/share/ament_lint_auto/cmake)
[0.722s] -- Added test 'lint_cmake' to check CMake code style
[0.722s] -- Added test 'xmllint' to check XML markup files
[0.724s] -- Configuring done
[0.741s] -- Generating done
[0.748s] -- Build files have been written to: /home/xzq/project/ros2_ws3/build/tutorial_interfaces
[0.753s] Invoked command in '/home/xzq/project/ros2_ws3/build/tutorial_interfaces' returned '0': CMAKE_PREFIX_PATH=${CMAKE_PREFIX_PATH}:/opt/ros/humble /usr/bin/cmake /home/xzq/project/ros2_ws3/src/tutorial_interfaces -DCMAKE_INSTALL_PREFIX=/home/xzq/project/ros2_ws3/install/tutorial_interfaces
[0.754s] Invoking command in '/home/xzq/project/ros2_ws3/build/tutorial_interfaces': CMAKE_PREFIX_PATH=${CMAKE_PREFIX_PATH}:/opt/ros/humble /usr/bin/cmake --build /home/xzq/project/ros2_ws3/build/tutorial_interfaces -- -j12 -l12
[0.788s] [35m[1mConsolidate compiler generated dependencies of target tutorial_interfaces__rosidl_generator_c[0m
[0.793s] [  3%] Built target tutorial_interfaces__cpp
[0.796s] [  3%] Built target ament_cmake_python_symlink_tutorial_interfaces
[0.799s] [ 12%] Built target tutorial_interfaces__rosidl_generator_c
[0.800s] [35m[1mConsolidate compiler generated dependencies of target tutorial_interfaces__rosidl_typesupport_introspection_cpp[0m
[0.800s] [35m[1mConsolidate compiler generated dependencies of target tutorial_interfaces__rosidl_typesupport_fastrtps_cpp[0m
[0.801s] [35m[1mConsolidate compiler generated dependencies of target tutorial_interfaces__rosidl_typesupport_cpp[0m
[0.807s] [35m[1mConsolidate compiler generated dependencies of target tutorial_interfaces__rosidl_typesupport_introspection_c[0m
[0.807s] [35m[1mConsolidate compiler generated dependencies of target tutorial_interfaces__rosidl_typesupport_fastrtps_c[0m
[0.809s] [ 32%] Built target tutorial_interfaces__rosidl_typesupport_cpp
[0.809s] [ 32%] Built target tutorial_interfaces__rosidl_typesupport_introspection_cpp
[0.809s] [35m[1mConsolidate compiler generated dependencies of target tutorial_interfaces__rosidl_typesupport_c[0m
[0.810s] [ 41%] Built target tutorial_interfaces__rosidl_typesupport_fastrtps_cpp
[0.815s] [ 51%] Built target tutorial_interfaces__rosidl_typesupport_introspection_c
[0.817s] [ 61%] Built target tutorial_interfaces__rosidl_typesupport_c
[0.820s] [ 70%] Built target tutorial_interfaces__rosidl_typesupport_fastrtps_c
[0.838s] [ 70%] Built target tutorial_interfaces
[0.855s] [ 74%] Built target tutorial_interfaces__py
[0.864s] [35m[1mConsolidate compiler generated dependencies of target tutorial_interfaces__rosidl_generator_py[0m
[0.874s] [ 80%] Built target tutorial_interfaces__rosidl_generator_py
[0.882s] [35m[1mConsolidate compiler generated dependencies of target tutorial_interfaces__rosidl_typesupport_introspection_c__pyext[0m
[0.882s] [35m[1mConsolidate compiler generated dependencies of target tutorial_interfaces__rosidl_typesupport_c__pyext[0m
[0.884s] [35m[1mConsolidate compiler generated dependencies of target tutorial_interfaces__rosidl_typesupport_fastrtps_c__pyext[0m
[0.892s] [ 87%] Built target tutorial_interfaces__rosidl_typesupport_c__pyext
[0.892s] [ 93%] Built target tutorial_interfaces__rosidl_typesupport_introspection_c__pyext
[0.896s] [100%] Built target tutorial_interfaces__rosidl_typesupport_fastrtps_c__pyext
[0.943s] running egg_info
[0.943s] writing tutorial_interfaces.egg-info/PKG-INFO
[0.944s] writing dependency_links to tutorial_interfaces.egg-info/dependency_links.txt
[0.944s] writing top-level names to tutorial_interfaces.egg-info/top_level.txt
[0.945s] reading manifest file 'tutorial_interfaces.egg-info/SOURCES.txt'
[0.946s] writing manifest file 'tutorial_interfaces.egg-info/SOURCES.txt'
[0.967s] [100%] Built target ament_cmake_python_build_tutorial_interfaces_egg
[0.977s] Invoked command in '/home/xzq/project/ros2_ws3/build/tutorial_interfaces' returned '0': CMAKE_PREFIX_PATH=${CMAKE_PREFIX_PATH}:/opt/ros/humble /usr/bin/cmake --build /home/xzq/project/ros2_ws3/build/tutorial_interfaces -- -j12 -l12
[0.985s] Invoking command in '/home/xzq/project/ros2_ws3/build/tutorial_interfaces': CMAKE_PREFIX_PATH=${CMAKE_PREFIX_PATH}:/opt/ros/humble /usr/bin/cmake --install /home/xzq/project/ros2_ws3/build/tutorial_interfaces
[0.993s] -- Install configuration: ""
[0.993s] -- Execute custom install script
[0.993s] -- Up-to-date symlink: /home/xzq/project/ros2_ws3/install/tutorial_interfaces/share/ament_index/resource_index/rosidl_interfaces/tutorial_interfaces
[0.993s] -- Up-to-date symlink: /home/xzq/project/ros2_ws3/install/tutorial_interfaces/include/tutorial_interfaces/tutorial_interfaces/msg/armor_msg.h
[0.993s] -- Up-to-date symlink: /home/xzq/project/ros2_ws3/install/tutorial_interfaces/include/tutorial_interfaces/tutorial_interfaces/msg/detail/armor_msg__functions.h
[0.993s] -- Up-to-date symlink: /home/xzq/project/ros2_ws3/install/tutorial_interfaces/include/tutorial_interfaces/tutorial_interfaces/msg/detail/armor_msg__struct.h
[0.993s] -- Up-to-date symlink: /home/xzq/project/ros2_ws3/install/tutorial_interfaces/include/tutorial_interfaces/tutorial_interfaces/msg/detail/armor_msg__type_support.h
[0.993s] -- Up-to-date symlink: /home/xzq/project/ros2_ws3/install/tutorial_interfaces/include/tutorial_interfaces/tutorial_interfaces/msg/rosidl_generator_c__visibility_control.h
[0.994s] -- Up-to-date symlink: /home/xzq/project/ros2_ws3/install/tutorial_interfaces/share/tutorial_interfaces/environment/library_path.sh
[0.994s] -- Up-to-date symlink: /home/xzq/project/ros2_ws3/install/tutorial_interfaces/share/tutorial_interfaces/environment/library_path.dsv
[0.994s] -- Up-to-date symlink: /home/xzq/project/ros2_ws3/install/tutorial_interfaces/include/tutorial_interfaces/tutorial_interfaces/msg/detail/armor_msg__rosidl_typesupport_fastrtps_c.h
[0.994s] -- Up-to-date symlink: /home/xzq/project/ros2_ws3/install/tutorial_interfaces/include/tutorial_interfaces/tutorial_interfaces/msg/rosidl_typesupport_fastrtps_c__visibility_control.h
[0.994s] -- Up-to-date symlink: /home/xzq/project/ros2_ws3/install/tutorial_interfaces/include/tutorial_interfaces/tutorial_interfaces/msg/detail/armor_msg__rosidl_typesupport_introspection_c.h
[0.994s] -- Up-to-date symlink: /home/xzq/project/ros2_ws3/install/tutorial_interfaces/include/tutorial_interfaces/tutorial_interfaces/msg/rosidl_typesupport_introspection_c__visibility_control.h
[0.994s] -- Up-to-date symlink: /home/xzq/project/ros2_ws3/install/tutorial_interfaces/include/tutorial_interfaces/tutorial_interfaces/msg/armor_msg.hpp
[0.994s] -- Up-to-date symlink: /home/xzq/project/ros2_ws3/install/tutorial_interfaces/include/tutorial_interfaces/tutorial_interfaces/msg/detail/armor_msg__builder.hpp
[0.994s] -- Up-to-date symlink: /home/xzq/project/ros2_ws3/install/tutorial_interfaces/include/tutorial_interfaces/tutorial_interfaces/msg/detail/armor_msg__struct.hpp
[0.994s] -- Up-to-date symlink: /home/xzq/project/ros2_ws3/install/tutorial_interfaces/include/tutorial_interfaces/tutorial_interfaces/msg/detail/armor_msg__traits.hpp
[0.994s] -- Up-to-date symlink: /home/xzq/project/ros2_ws3/install/tutorial_interfaces/include/tutorial_interfaces/tutorial_interfaces/msg/detail/armor_msg__type_support.hpp
[0.995s] -- Up-to-date symlink: /home/xzq/project/ros2_ws3/install/tutorial_interfaces/include/tutorial_interfaces/tutorial_interfaces/msg/rosidl_generator_cpp__visibility_control.hpp
[0.995s] -- Up-to-date symlink: /home/xzq/project/ros2_ws3/install/tutorial_interfaces/include/tutorial_interfaces/tutorial_interfaces/msg/detail/armor_msg__rosidl_typesupport_fastrtps_cpp.hpp
[0.995s] -- Up-to-date symlink: /home/xzq/project/ros2_ws3/install/tutorial_interfaces/include/tutorial_interfaces/tutorial_interfaces/msg/rosidl_typesupport_fastrtps_cpp__visibility_control.h
[0.995s] -- Up-to-date symlink: /home/xzq/project/ros2_ws3/install/tutorial_interfaces/include/tutorial_interfaces/tutorial_interfaces/msg/detail/armor_msg__rosidl_typesupport_introspection_cpp.hpp
[0.995s] -- Up-to-date symlink: /home/xzq/project/ros2_ws3/install/tutorial_interfaces/share/tutorial_interfaces/environment/pythonpath.sh
[0.995s] -- Up-to-date symlink: /home/xzq/project/ros2_ws3/install/tutorial_interfaces/share/tutorial_interfaces/environment/pythonpath.dsv
[0.995s] -- Up-to-date symlink: /home/xzq/project/ros2_ws3/install/tutorial_interfaces/local/lib/python3.10/dist-packages/tutorial_interfaces-0.0.0-py3.10.egg-info/PKG-INFO
[0.995s] -- Up-to-date symlink: /home/xzq/project/ros2_ws3/install/tutorial_interfaces/local/lib/python3.10/dist-packages/tutorial_interfaces-0.0.0-py3.10.egg-info/SOURCES.txt
[0.995s] -- Up-to-date symlink: /home/xzq/project/ros2_ws3/install/tutorial_interfaces/local/lib/python3.10/dist-packages/tutorial_interfaces-0.0.0-py3.10.egg-info/dependency_links.txt
[0.995s] -- Up-to-date symlink: /home/xzq/project/ros2_ws3/install/tutorial_interfaces/local/lib/python3.10/dist-packages/tutorial_interfaces-0.0.0-py3.10.egg-info/top_level.txt
[0.995s] -- Up-to-date symlink: /home/xzq/project/ros2_ws3/install/tutorial_interfaces/local/lib/python3.10/dist-packages/tutorial_interfaces/__init__.py
[0.995s] -- Up-to-date symlink: /home/xzq/project/ros2_ws3/install/tutorial_interfaces/local/lib/python3.10/dist-packages/tutorial_interfaces/_tutorial_interfaces_s.ep.rosidl_typesupport_c.c
[0.995s] -- Up-to-date symlink: /home/xzq/project/ros2_ws3/install/tutorial_interfaces/local/lib/python3.10/dist-packages/tutorial_interfaces/_tutorial_interfaces_s.ep.rosidl_typesupport_fastrtps_c.c
[0.996s] -- Up-to-date symlink: /home/xzq/project/ros2_ws3/install/tutorial_interfaces/local/lib/python3.10/dist-packages/tutorial_interfaces/_tutorial_interfaces_s.ep.rosidl_typesupport_introspection_c.c
[0.996s] -- Up-to-date symlink: /home/xzq/project/ros2_ws3/install/tutorial_interfaces/local/lib/python3.10/dist-packages/tutorial_interfaces/libtutorial_interfaces__rosidl_generator_py.so
[0.996s] -- Up-to-date symlink: /home/xzq/project/ros2_ws3/install/tutorial_interfaces/local/lib/python3.10/dist-packages/tutorial_interfaces/msg/__init__.py
[0.996s] -- Up-to-date symlink: /home/xzq/project/ros2_ws3/install/tutorial_interfaces/local/lib/python3.10/dist-packages/tutorial_interfaces/msg/_armor_msg.py
[0.996s] -- Up-to-date symlink: /home/xzq/project/ros2_ws3/install/tutorial_interfaces/local/lib/python3.10/dist-packages/tutorial_interfaces/msg/_armor_msg_s.c
[0.996s] -- Up-to-date symlink: /home/xzq/project/ros2_ws3/install/tutorial_interfaces/local/lib/python3.10/dist-packages/tutorial_interfaces/tutorial_interfaces_s__rosidl_typesupport_c.cpython-310-x86_64-linux-gnu.so
[0.996s] -- Up-to-date symlink: /home/xzq/project/ros2_ws3/install/tutorial_interfaces/local/lib/python3.10/dist-packages/tutorial_interfaces/tutorial_interfaces_s__rosidl_typesupport_fastrtps_c.cpython-310-x86_64-linux-gnu.so
[0.996s] -- Up-to-date symlink: /home/xzq/project/ros2_ws3/install/tutorial_interfaces/local/lib/python3.10/dist-packages/tutorial_interfaces/tutorial_interfaces_s__rosidl_typesupport_introspection_c.cpython-310-x86_64-linux-gnu.so
[0.996s] -- Up-to-date symlink: /home/xzq/project/ros2_ws3/install/tutorial_interfaces/local/lib/python3.10/dist-packages/tutorial_interfaces/tutorial_interfaces_s__rosidl_typesupport_fastrtps_c.cpython-310-x86_64-linux-gnu.so
[0.996s] -- Up-to-date symlink: /home/xzq/project/ros2_ws3/install/tutorial_interfaces/local/lib/python3.10/dist-packages/tutorial_interfaces/tutorial_interfaces_s__rosidl_typesupport_introspection_c.cpython-310-x86_64-linux-gnu.so
[0.996s] -- Up-to-date symlink: /home/xzq/project/ros2_ws3/install/tutorial_interfaces/local/lib/python3.10/dist-packages/tutorial_interfaces/tutorial_interfaces_s__rosidl_typesupport_c.cpython-310-x86_64-linux-gnu.so
[0.996s] -- Up-to-date symlink: /home/xzq/project/ros2_ws3/install/tutorial_interfaces/share/tutorial_interfaces/msg/ArmorMsg.idl
[0.996s] -- Up-to-date symlink: /home/xzq/project/ros2_ws3/install/tutorial_interfaces/share/tutorial_interfaces/msg/ArmorMsg.msg
[0.996s] -- Up-to-date symlink: /home/xzq/project/ros2_ws3/install/tutorial_interfaces/share/ament_index/resource_index/package_run_dependencies/tutorial_interfaces
[0.996s] -- Up-to-date symlink: /home/xzq/project/ros2_ws3/install/tutorial_interfaces/share/ament_index/resource_index/parent_prefix_path/tutorial_interfaces
[0.997s] -- Up-to-date symlink: /home/xzq/project/ros2_ws3/install/tutorial_interfaces/share/tutorial_interfaces/environment/ament_prefix_path.sh
[0.997s] -- Up-to-date symlink: /home/xzq/project/ros2_ws3/install/tutorial_interfaces/share/tutorial_interfaces/environment/ament_prefix_path.dsv
[0.997s] -- Up-to-date symlink: /home/xzq/project/ros2_ws3/install/tutorial_interfaces/share/tutorial_interfaces/environment/path.sh
[0.997s] -- Up-to-date symlink: /home/xzq/project/ros2_ws3/install/tutorial_interfaces/share/tutorial_interfaces/environment/path.dsv
[0.997s] -- Up-to-date symlink: /home/xzq/project/ros2_ws3/install/tutorial_interfaces/share/tutorial_interfaces/local_setup.bash
[0.997s] -- Up-to-date symlink: /home/xzq/project/ros2_ws3/install/tutorial_interfaces/share/tutorial_interfaces/local_setup.sh
[0.997s] -- Up-to-date symlink: /home/xzq/project/ros2_ws3/install/tutorial_interfaces/share/tutorial_interfaces/local_setup.zsh
[0.997s] -- Up-to-date symlink: /home/xzq/project/ros2_ws3/install/tutorial_interfaces/share/tutorial_interfaces/local_setup.dsv
[0.997s] -- Symlinking: /home/xzq/project/ros2_ws3/install/tutorial_interfaces/share/tutorial_interfaces/package.dsv
[1.004s] -- Up-to-date symlink: /home/xzq/project/ros2_ws3/install/tutorial_interfaces/share/ament_index/resource_index/packages/tutorial_interfaces
[1.004s] -- Up-to-date symlink: /home/xzq/project/ros2_ws3/install/tutorial_interfaces/share/tutorial_interfaces/cmake/rosidl_cmake-extras.cmake
[1.004s] -- Up-to-date symlink: /home/xzq/project/ros2_ws3/install/tutorial_interfaces/share/tutorial_interfaces/cmake/ament_cmake_export_dependencies-extras.cmake
[1.004s] -- Up-to-date symlink: /home/xzq/project/ros2_ws3/install/tutorial_interfaces/share/tutorial_interfaces/cmake/ament_cmake_export_include_directories-extras.cmake
[1.004s] -- Up-to-date symlink: /home/xzq/project/ros2_ws3/install/tutorial_interfaces/share/tutorial_interfaces/cmake/ament_cmake_export_libraries-extras.cmake
[1.004s] -- Up-to-date symlink: /home/xzq/project/ros2_ws3/install/tutorial_interfaces/share/tutorial_interfaces/cmake/ament_cmake_export_targets-extras.cmake
[1.004s] -- Up-to-date symlink: /home/xzq/project/ros2_ws3/install/tutorial_interfaces/share/tutorial_interfaces/cmake/rosidl_cmake_export_typesupport_targets-extras.cmake
[1.004s] -- Up-to-date symlink: /home/xzq/project/ros2_ws3/install/tutorial_interfaces/share/tutorial_interfaces/cmake/rosidl_cmake_export_typesupport_libraries-extras.cmake
[1.005s] -- Up-to-date symlink: /home/xzq/project/ros2_ws3/install/tutorial_interfaces/share/tutorial_interfaces/cmake/tutorial_interfacesConfig.cmake
[1.005s] -- Up-to-date symlink: /home/xzq/project/ros2_ws3/install/tutorial_interfaces/share/tutorial_interfaces/cmake/tutorial_interfacesConfig-version.cmake
[1.005s] -- Up-to-date symlink: /home/xzq/project/ros2_ws3/install/tutorial_interfaces/share/tutorial_interfaces/package.xml
[1.005s] -- Up-to-date: /home/xzq/project/ros2_ws3/install/tutorial_interfaces/lib/libtutorial_interfaces__rosidl_generator_c.so
[1.005s] -- Up-to-date: /home/xzq/project/ros2_ws3/install/tutorial_interfaces/lib/libtutorial_interfaces__rosidl_typesupport_fastrtps_c.so
[1.005s] -- Up-to-date: /home/xzq/project/ros2_ws3/install/tutorial_interfaces/lib/libtutorial_interfaces__rosidl_typesupport_introspection_c.so
[1.006s] -- Up-to-date: /home/xzq/project/ros2_ws3/install/tutorial_interfaces/lib/libtutorial_interfaces__rosidl_typesupport_c.so
[1.006s] -- Up-to-date: /home/xzq/project/ros2_ws3/install/tutorial_interfaces/lib/libtutorial_interfaces__rosidl_typesupport_fastrtps_cpp.so
[1.006s] -- Up-to-date: /home/xzq/project/ros2_ws3/install/tutorial_interfaces/lib/libtutorial_interfaces__rosidl_typesupport_introspection_cpp.so
[1.006s] -- Up-to-date: /home/xzq/project/ros2_ws3/install/tutorial_interfaces/lib/libtutorial_interfaces__rosidl_typesupport_cpp.so
[1.028s] Listing '/home/xzq/project/ros2_ws3/install/tutorial_interfaces/local/lib/python3.10/dist-packages/tutorial_interfaces'...
[1.028s] Compiling '/home/xzq/project/ros2_ws3/install/tutorial_interfaces/local/lib/python3.10/dist-packages/tutorial_interfaces/__init__.py'...
[1.028s] Listing '/home/xzq/project/ros2_ws3/install/tutorial_interfaces/local/lib/python3.10/dist-packages/tutorial_interfaces/msg'...
[1.031s] -- Up-to-date: /home/xzq/project/ros2_ws3/install/tutorial_interfaces/lib/libtutorial_interfaces__rosidl_generator_py.so
[1.031s] -- Up-to-date: /home/xzq/project/ros2_ws3/install/tutorial_interfaces/share/tutorial_interfaces/cmake/export_tutorial_interfaces__rosidl_generator_cExport.cmake
[1.031s] -- Up-to-date: /home/xzq/project/ros2_ws3/install/tutorial_interfaces/share/tutorial_interfaces/cmake/export_tutorial_interfaces__rosidl_generator_cExport-noconfig.cmake
[1.031s] -- Up-to-date: /home/xzq/project/ros2_ws3/install/tutorial_interfaces/share/tutorial_interfaces/cmake/export_tutorial_interfaces__rosidl_typesupport_fastrtps_cExport.cmake
[1.031s] -- Up-to-date: /home/xzq/project/ros2_ws3/install/tutorial_interfaces/share/tutorial_interfaces/cmake/export_tutorial_interfaces__rosidl_typesupport_fastrtps_cExport-noconfig.cmake
[1.031s] -- Up-to-date: /home/xzq/project/ros2_ws3/install/tutorial_interfaces/share/tutorial_interfaces/cmake/tutorial_interfaces__rosidl_typesupport_introspection_cExport.cmake
[1.031s] -- Up-to-date: /home/xzq/project/ros2_ws3/install/tutorial_interfaces/share/tutorial_interfaces/cmake/tutorial_interfaces__rosidl_typesupport_introspection_cExport-noconfig.cmake
[1.031s] -- Up-to-date: /home/xzq/project/ros2_ws3/install/tutorial_interfaces/share/tutorial_interfaces/cmake/tutorial_interfaces__rosidl_typesupport_cExport.cmake
[1.031s] -- Up-to-date: /home/xzq/project/ros2_ws3/install/tutorial_interfaces/share/tutorial_interfaces/cmake/tutorial_interfaces__rosidl_typesupport_cExport-noconfig.cmake
[1.031s] -- Up-to-date: /home/xzq/project/ros2_ws3/install/tutorial_interfaces/share/tutorial_interfaces/cmake/export_tutorial_interfaces__rosidl_generator_cppExport.cmake
[1.031s] -- Up-to-date: /home/xzq/project/ros2_ws3/install/tutorial_interfaces/share/tutorial_interfaces/cmake/export_tutorial_interfaces__rosidl_typesupport_fastrtps_cppExport.cmake
[1.031s] -- Up-to-date: /home/xzq/project/ros2_ws3/install/tutorial_interfaces/share/tutorial_interfaces/cmake/export_tutorial_interfaces__rosidl_typesupport_fastrtps_cppExport-noconfig.cmake
[1.031s] -- Up-to-date: /home/xzq/project/ros2_ws3/install/tutorial_interfaces/share/tutorial_interfaces/cmake/tutorial_interfaces__rosidl_typesupport_introspection_cppExport.cmake
[1.031s] -- Up-to-date: /home/xzq/project/ros2_ws3/install/tutorial_interfaces/share/tutorial_interfaces/cmake/tutorial_interfaces__rosidl_typesupport_introspection_cppExport-noconfig.cmake
[1.031s] -- Up-to-date: /home/xzq/project/ros2_ws3/install/tutorial_interfaces/share/tutorial_interfaces/cmake/tutorial_interfaces__rosidl_typesupport_cppExport.cmake
[1.031s] -- Up-to-date: /home/xzq/project/ros2_ws3/install/tutorial_interfaces/share/tutorial_interfaces/cmake/tutorial_interfaces__rosidl_typesupport_cppExport-noconfig.cmake
[1.031s] -- Up-to-date: /home/xzq/project/ros2_ws3/install/tutorial_interfaces/share/tutorial_interfaces/cmake/export_tutorial_interfaces__rosidl_generator_pyExport.cmake
[1.031s] -- Up-to-date: /home/xzq/project/ros2_ws3/install/tutorial_interfaces/share/tutorial_interfaces/cmake/export_tutorial_interfaces__rosidl_generator_pyExport-noconfig.cmake
[1.033s] Invoked command in '/home/xzq/project/ros2_ws3/build/tutorial_interfaces' returned '0': CMAKE_PREFIX_PATH=${CMAKE_PREFIX_PATH}:/opt/ros/humble /usr/bin/cmake --install /home/xzq/project/ros2_ws3/build/tutorial_interfaces
