[0.005s] Invoking command in '/home/xzq/project/ros2_ws/build/cpp_pubsub': AMENT_PREFIX_PATH=/home/xzq/project/ros2_ws/install/tutorial_interfaces:${AMENT_PREFIX_PATH} CMAKE_PREFIX_PATH=/home/xzq/project/ros2_ws/install/tutorial_interfaces:/opt/ros/humble LD_LIBRARY_PATH=/home/xzq/project/ros2_ws/install/tutorial_interfaces/lib:/opt/MVS/lib/64:/opt/MVS/lib/32:/opt/MVS/lib/64:/opt/MVS/lib/32:/opt/MVS/lib/64:/opt/MVS/lib/32:/opt/ros/humble/opt/rviz_ogre_vendor/lib:/opt/ros/humble/lib/x86_64-linux-gnu:/opt/ros/humble/lib:/opt/MVS/lib/64:/opt/MVS/lib/32 PYTHONPATH=/home/xzq/project/ros2_ws/install/tutorial_interfaces/local/lib/python3.10/dist-packages:${PYTHONPATH} /usr/bin/cmake /home/xzq/project/ros2_ws/src/cpp_pubsub -DCMAKE_INSTALL_PREFIX=/home/xzq/project/ros2_ws/install/cpp_pubsub
[0.042s] -- The C compiler identification is GNU 12.3.0
[0.078s] -- The CXX compiler identification is GNU 11.4.0
[0.082s] -- Detecting C compiler ABI info
[0.132s] -- Detecting C compiler ABI info - done
[0.137s] -- Check for working C compiler: /usr/bin/cc - skipped
[0.137s] -- Detecting C compile features
[0.137s] -- Detecting C compile features - done
[0.139s] -- Detecting CXX compiler ABI info
[0.191s] -- Detecting CXX compiler ABI info - done
[0.195s] -- Check for working CXX compiler: /usr/bin/c++ - skipped
[0.195s] -- Detecting CXX compile features
[0.195s] -- Detecting CXX compile features - done
[0.196s] -- Found ament_cmake: 1.3.11 (/opt/ros/humble/share/ament_cmake/cmake)
[0.292s] -- Found Python3: /usr/bin/python3 (found version "3.10.12") found components: Interpreter 
[0.344s] -- Found rclcpp: 16.0.11 (/opt/ros/humble/share/rclcpp/cmake)
[0.364s] -- Found rosidl_generator_c: 3.1.6 (/opt/ros/humble/share/rosidl_generator_c/cmake)
[0.367s] -- Found rosidl_adapter: 3.1.6 (/opt/ros/humble/share/rosidl_adapter/cmake)
[0.371s] -- Found rosidl_generator_cpp: 3.1.6 (/opt/ros/humble/share/rosidl_generator_cpp/cmake)
[0.378s] -- Using all available rosidl_typesupport_c: rosidl_typesupport_fastrtps_c;rosidl_typesupport_introspection_c
[0.386s] -- Using all available rosidl_typesupport_cpp: rosidl_typesupport_fastrtps_cpp;rosidl_typesupport_introspection_cpp
[0.409s] -- Found rmw_implementation_cmake: 6.1.2 (/opt/ros/humble/share/rmw_implementation_cmake/cmake)
[0.410s] -- Found rmw_fastrtps_cpp: 6.2.7 (/opt/ros/humble/share/rmw_fastrtps_cpp/cmake)
[0.464s] -- Found OpenSSL: /usr/lib/x86_64-linux-gnu/libcrypto.so (found version "3.0.2")  
[0.480s] -- Found FastRTPS: /opt/ros/humble/include  
[0.504s] -- Using RMW implementation 'rmw_fastrtps_cpp' as default
[0.510s] -- Looking for pthread.h
[0.564s] -- Looking for pthread.h - found
[0.565s] -- Performing Test CMAKE_HAVE_LIBC_PTHREAD
[0.618s] -- Performing Test CMAKE_HAVE_LIBC_PTHREAD - Success
[0.618s] -- Found Threads: TRUE  
[0.646s] -- Found tutorial_interfaces: 0.0.0 (/home/xzq/project/ros2_ws/install/tutorial_interfaces/share/tutorial_interfaces/cmake)
[0.663s] -- Found ament_lint_auto: 0.12.11 (/opt/ros/humble/share/ament_lint_auto/cmake)
[0.709s] -- Added test 'cppcheck' to perform static code analysis on C / C++ code
[0.709s] -- Configured cppcheck include dirs: 
[0.709s] -- Configured cppcheck exclude dirs and/or files: 
[0.709s] -- Added test 'lint_cmake' to check CMake code style
[0.710s] -- Added test 'uncrustify' to check C / C++ code style
[0.710s] -- Configured uncrustify additional arguments: 
[0.710s] -- Added test 'xmllint' to check XML markup files
[0.711s] -- Configuring done
[0.717s] -- Generating done
[0.720s] -- Build files have been written to: /home/xzq/project/ros2_ws/build/cpp_pubsub
[0.729s] Invoked command in '/home/xzq/project/ros2_ws/build/cpp_pubsub' returned '0': AMENT_PREFIX_PATH=/home/xzq/project/ros2_ws/install/tutorial_interfaces:${AMENT_PREFIX_PATH} CMAKE_PREFIX_PATH=/home/xzq/project/ros2_ws/install/tutorial_interfaces:/opt/ros/humble LD_LIBRARY_PATH=/home/xzq/project/ros2_ws/install/tutorial_interfaces/lib:/opt/MVS/lib/64:/opt/MVS/lib/32:/opt/MVS/lib/64:/opt/MVS/lib/32:/opt/MVS/lib/64:/opt/MVS/lib/32:/opt/ros/humble/opt/rviz_ogre_vendor/lib:/opt/ros/humble/lib/x86_64-linux-gnu:/opt/ros/humble/lib:/opt/MVS/lib/64:/opt/MVS/lib/32 PYTHONPATH=/home/xzq/project/ros2_ws/install/tutorial_interfaces/local/lib/python3.10/dist-packages:${PYTHONPATH} /usr/bin/cmake /home/xzq/project/ros2_ws/src/cpp_pubsub -DCMAKE_INSTALL_PREFIX=/home/xzq/project/ros2_ws/install/cpp_pubsub
[0.730s] Invoking command in '/home/xzq/project/ros2_ws/build/cpp_pubsub': AMENT_PREFIX_PATH=/home/xzq/project/ros2_ws/install/tutorial_interfaces:${AMENT_PREFIX_PATH} CMAKE_PREFIX_PATH=/home/xzq/project/ros2_ws/install/tutorial_interfaces:/opt/ros/humble LD_LIBRARY_PATH=/home/xzq/project/ros2_ws/install/tutorial_interfaces/lib:/opt/MVS/lib/64:/opt/MVS/lib/32:/opt/MVS/lib/64:/opt/MVS/lib/32:/opt/MVS/lib/64:/opt/MVS/lib/32:/opt/ros/humble/opt/rviz_ogre_vendor/lib:/opt/ros/humble/lib/x86_64-linux-gnu:/opt/ros/humble/lib:/opt/MVS/lib/64:/opt/MVS/lib/32 PYTHONPATH=/home/xzq/project/ros2_ws/install/tutorial_interfaces/local/lib/python3.10/dist-packages:${PYTHONPATH} /usr/bin/cmake --build /home/xzq/project/ros2_ws/build/cpp_pubsub -- -j12 -l12
[0.764s] [ 25%] [32mBuilding CXX object CMakeFiles/talker.dir/src/publisher_member_function.cpp.o[0m
[0.765s] [ 50%] [32mBuilding CXX object CMakeFiles/listener.dir/src/subscriber_member_function.cpp.o[0m
[2.205s] In file included from [01m[K/opt/ros/humble/include/rclcpp/rclcpp/logging.hpp:24[m[K,
[2.205s]                  from [01m[K/opt/ros/humble/include/rclcpp/rclcpp/client.hpp:40[m[K,
[2.205s]                  from [01m[K/opt/ros/humble/include/rclcpp/rclcpp/callback_group.hpp:24[m[K,
[2.205s]                  from [01m[K/opt/ros/humble/include/rclcpp/rclcpp/any_executable.hpp:20[m[K,
[2.205s]                  from [01m[K/opt/ros/humble/include/rclcpp/rclcpp/memory_strategy.hpp:25[m[K,
[2.205s]                  from [01m[K/opt/ros/humble/include/rclcpp/rclcpp/memory_strategies.hpp:18[m[K,
[2.205s]                  from [01m[K/opt/ros/humble/include/rclcpp/rclcpp/executor_options.hpp:20[m[K,
[2.205s]                  from [01m[K/opt/ros/humble/include/rclcpp/rclcpp/executor.hpp:37[m[K,
[2.205s]                  from [01m[K/opt/ros/humble/include/rclcpp/rclcpp/executors/multi_threaded_executor.hpp:25[m[K,
[2.205s]                  from [01m[K/opt/ros/humble/include/rclcpp/rclcpp/executors.hpp:21[m[K,
[2.205s]                  from [01m[K/opt/ros/humble/include/rclcpp/rclcpp/rclcpp.hpp:155[m[K,
[2.205s]                  from [01m[K/home/xzq/project/ros2_ws/src/cpp_pubsub/src/subscriber_member_function.cpp:1[m[K:
[2.205s] [01m[K/home/xzq/project/ros2_ws/src/cpp_pubsub/src/subscriber_member_function.cpp:[m[K In member function ‘[01m[Kvoid ArmorSubscriber::callback(tutorial_interfaces::msg::ArmorMsg_<std::allocator<void> >::SharedPtr)[m[K’:
[2.206s] [01m[K/home/xzq/project/ros2_ws/src/cpp_pubsub/src/subscriber_member_function.cpp:27:41:[m[K [01;35m[Kwarning: [m[Kformat ‘[01m[K%f[m[K’ expects argument of type ‘[01m[Kdouble[m[K’, but argument 8 has type ‘[01m[Kgeometry_msgs::msg::Pose_<std::allocator<void> >::_orientation_type[m[K’ {aka ‘[01m[Kgeometry_msgs::msg::Quaternion_<std::allocator<void> >[m[K’} [[01;35m[K]8;;https://gcc.gnu.org/onlinedocs/gcc/Warning-Options.html#index-Wformat=-Wformat=]8;;[m[K]
[2.206s]    27 |         RCLCPP_INFO(this->get_logger(), [01;35m[K"Pose: [%.2f, %.2f, %.2f,%.2f]"[m[K,
[2.206s]       |                                         [01;35m[K^~~~~~~~~~~~~~~~~~~~~~~~~~~~~~~[m[K
[2.206s] ......
[2.206s]    31 |                     [32m[Kmsg->pose.orientation[m[K);
[2.206s]       |                     [32m[K~~~~~~~~~~~~~~~~~~~~~[m[K
[2.206s]       |                               [32m[K|[m[K
[2.206s]       |                               [32m[Kgeometry_msgs::msg::Pose_<std::allocator<void> >::_orientation_type {aka geometry_msgs::msg::Quaternion_<std::allocator<void> >}[m[K
[2.206s] [01m[K/home/xzq/project/ros2_ws/src/cpp_pubsub/src/subscriber_member_function.cpp:27:69:[m[K [01;36m[Knote: [m[Kformat string is defined here
[2.206s]    27 |         RCLCPP_INFO(this->get_logger(), "Pose: [%.2f, %.2f, %.2f,[01;36m[K%.2f[m[K]",
[2.206s]       |                                                                  [01;36m[K~~~^[m[K
[2.206s]       |                                                                     [01;36m[K|[m[K
[2.206s]       |                                                                     [01;36m[Kdouble[m[K
[3.389s] [ 75%] [32m[1mLinking CXX executable talker[0m
[3.512s] [ 75%] Built target talker
[5.759s] [100%] [32m[1mLinking CXX executable listener[0m
[6.003s] [100%] Built target listener
[6.011s] Invoked command in '/home/xzq/project/ros2_ws/build/cpp_pubsub' returned '0': AMENT_PREFIX_PATH=/home/xzq/project/ros2_ws/install/tutorial_interfaces:${AMENT_PREFIX_PATH} CMAKE_PREFIX_PATH=/home/xzq/project/ros2_ws/install/tutorial_interfaces:/opt/ros/humble LD_LIBRARY_PATH=/home/xzq/project/ros2_ws/install/tutorial_interfaces/lib:/opt/MVS/lib/64:/opt/MVS/lib/32:/opt/MVS/lib/64:/opt/MVS/lib/32:/opt/MVS/lib/64:/opt/MVS/lib/32:/opt/ros/humble/opt/rviz_ogre_vendor/lib:/opt/ros/humble/lib/x86_64-linux-gnu:/opt/ros/humble/lib:/opt/MVS/lib/64:/opt/MVS/lib/32 PYTHONPATH=/home/xzq/project/ros2_ws/install/tutorial_interfaces/local/lib/python3.10/dist-packages:${PYTHONPATH} /usr/bin/cmake --build /home/xzq/project/ros2_ws/build/cpp_pubsub -- -j12 -l12
[6.012s] Invoking command in '/home/xzq/project/ros2_ws/build/cpp_pubsub': AMENT_PREFIX_PATH=/home/xzq/project/ros2_ws/install/tutorial_interfaces:${AMENT_PREFIX_PATH} CMAKE_PREFIX_PATH=/home/xzq/project/ros2_ws/install/tutorial_interfaces:/opt/ros/humble LD_LIBRARY_PATH=/home/xzq/project/ros2_ws/install/tutorial_interfaces/lib:/opt/MVS/lib/64:/opt/MVS/lib/32:/opt/MVS/lib/64:/opt/MVS/lib/32:/opt/MVS/lib/64:/opt/MVS/lib/32:/opt/ros/humble/opt/rviz_ogre_vendor/lib:/opt/ros/humble/lib/x86_64-linux-gnu:/opt/ros/humble/lib:/opt/MVS/lib/64:/opt/MVS/lib/32 PYTHONPATH=/home/xzq/project/ros2_ws/install/tutorial_interfaces/local/lib/python3.10/dist-packages:${PYTHONPATH} /usr/bin/cmake --install /home/xzq/project/ros2_ws/build/cpp_pubsub
[6.017s] -- Install configuration: ""
[6.017s] -- Installing: /home/xzq/project/ros2_ws/install/cpp_pubsub/lib/cpp_pubsub/talker
[6.018s] -- Set runtime path of "/home/xzq/project/ros2_ws/install/cpp_pubsub/lib/cpp_pubsub/talker" to ""
[6.018s] -- Installing: /home/xzq/project/ros2_ws/install/cpp_pubsub/lib/cpp_pubsub/listener
[6.019s] -- Set runtime path of "/home/xzq/project/ros2_ws/install/cpp_pubsub/lib/cpp_pubsub/listener" to ""
[6.020s] -- Installing: /home/xzq/project/ros2_ws/install/cpp_pubsub/share/ament_index/resource_index/package_run_dependencies/cpp_pubsub
[6.020s] -- Installing: /home/xzq/project/ros2_ws/install/cpp_pubsub/share/ament_index/resource_index/parent_prefix_path/cpp_pubsub
[6.020s] -- Installing: /home/xzq/project/ros2_ws/install/cpp_pubsub/share/cpp_pubsub/environment/ament_prefix_path.sh
[6.020s] -- Installing: /home/xzq/project/ros2_ws/install/cpp_pubsub/share/cpp_pubsub/environment/ament_prefix_path.dsv
[6.020s] -- Installing: /home/xzq/project/ros2_ws/install/cpp_pubsub/share/cpp_pubsub/environment/path.sh
[6.020s] -- Installing: /home/xzq/project/ros2_ws/install/cpp_pubsub/share/cpp_pubsub/environment/path.dsv
[6.020s] -- Installing: /home/xzq/project/ros2_ws/install/cpp_pubsub/share/cpp_pubsub/local_setup.bash
[6.020s] -- Installing: /home/xzq/project/ros2_ws/install/cpp_pubsub/share/cpp_pubsub/local_setup.sh
[6.020s] -- Installing: /home/xzq/project/ros2_ws/install/cpp_pubsub/share/cpp_pubsub/local_setup.zsh
[6.020s] -- Installing: /home/xzq/project/ros2_ws/install/cpp_pubsub/share/cpp_pubsub/local_setup.dsv
[6.020s] -- Installing: /home/xzq/project/ros2_ws/install/cpp_pubsub/share/cpp_pubsub/package.dsv
[6.020s] -- Installing: /home/xzq/project/ros2_ws/install/cpp_pubsub/share/ament_index/resource_index/packages/cpp_pubsub
[6.020s] -- Installing: /home/xzq/project/ros2_ws/install/cpp_pubsub/share/cpp_pubsub/cmake/ament_cmake_export_dependencies-extras.cmake
[6.021s] -- Installing: /home/xzq/project/ros2_ws/install/cpp_pubsub/share/cpp_pubsub/cmake/cpp_pubsubConfig.cmake
[6.021s] -- Installing: /home/xzq/project/ros2_ws/install/cpp_pubsub/share/cpp_pubsub/cmake/cpp_pubsubConfig-version.cmake
[6.021s] -- Installing: /home/xzq/project/ros2_ws/install/cpp_pubsub/share/cpp_pubsub/package.xml
[6.022s] Invoked command in '/home/xzq/project/ros2_ws/build/cpp_pubsub' returned '0': AMENT_PREFIX_PATH=/home/xzq/project/ros2_ws/install/tutorial_interfaces:${AMENT_PREFIX_PATH} CMAKE_PREFIX_PATH=/home/xzq/project/ros2_ws/install/tutorial_interfaces:/opt/ros/humble LD_LIBRARY_PATH=/home/xzq/project/ros2_ws/install/tutorial_interfaces/lib:/opt/MVS/lib/64:/opt/MVS/lib/32:/opt/MVS/lib/64:/opt/MVS/lib/32:/opt/MVS/lib/64:/opt/MVS/lib/32:/opt/ros/humble/opt/rviz_ogre_vendor/lib:/opt/ros/humble/lib/x86_64-linux-gnu:/opt/ros/humble/lib:/opt/MVS/lib/64:/opt/MVS/lib/32 PYTHONPATH=/home/xzq/project/ros2_ws/install/tutorial_interfaces/local/lib/python3.10/dist-packages:${PYTHONPATH} /usr/bin/cmake --install /home/xzq/project/ros2_ws/build/cpp_pubsub
