-- Found ament_cmake_auto: 1.3.11 (/opt/ros/humble/share/ament_cmake_auto/cmake)
-- Found OpenCV: /usr (found version "4.5.4") 
-- Found rosidl_generator_c: 3.1.6 (/opt/ros/humble/share/rosidl_generator_c/cmake)
-- Found rosidl_adapter: 3.1.6 (/opt/ros/humble/share/rosidl_adapter/cmake)
-- Found rosidl_generator_cpp: 3.1.6 (/opt/ros/humble/share/rosidl_generator_cpp/cmake)
-- Using all available rosidl_typesupport_c: rosidl_typesupport_fastrtps_c;rosidl_typesupport_introspection_c
-- Using all available rosidl_typesupport_cpp: rosidl_typesupport_fastrtps_cpp;rosidl_typesupport_introspection_cpp
-- Found rmw_implementation_cmake: 6.1.2 (/opt/ros/humble/share/rmw_implementation_cmake/cmake)
-- Found rmw_fastrtps_cpp: 6.2.7 (/opt/ros/humble/share/rmw_fastrtps_cpp/cmake)
-- Using RMW implementation 'rmw_fastrtps_cpp' as default
-- Found eigen3_cmake_module: 0.1.1 (/opt/ros/humble/share/eigen3_cmake_module/cmake)
-- Found Eigen3: TRUE (found version "3.4.0") 
-- Ensuring Eigen3 include directory is part of orocos-kdl CMake target
-- Configuring done
-- Generating done
-- Build files have been written to: /home/xzq/project/ros2_ws/build/armor_sub
[ 25%] [32mBuilding CXX object CMakeFiles/armor_sub_node.dir/rclcpp_components/node_main_armor_sub_node.cpp.o[0m
[ 50%] [32mBuilding CXX object CMakeFiles/armor_sub.dir/src/ArmorSubNode.cpp.o[0m
[ 75%] [32m[1mLinking CXX executable armor_sub_node[0m
[ 75%] Built target armor_sub_node
[100%] [32m[1mLinking CXX shared library libarmor_sub.so[0m
[100%] Built target armor_sub
-- Install configuration: "Release"
-- Installing: /home/xzq/project/ros2_ws/install/armor_sub/lib/armor_sub/armor_sub_node
-- Set runtime path of "/home/xzq/project/ros2_ws/install/armor_sub/lib/armor_sub/armor_sub_node" to ""
-- Installing: /home/xzq/project/ros2_ws/install/armor_sub/include
-- Installing: /home/xzq/project/ros2_ws/install/armor_sub/include/ArmorSubNode.h
-- Installing: /home/xzq/project/ros2_ws/install/armor_sub/share/armor_sub/environment/library_path.sh
-- Installing: /home/xzq/project/ros2_ws/install/armor_sub/share/armor_sub/environment/library_path.dsv
-- Installing: /home/xzq/project/ros2_ws/install/armor_sub/lib/libarmor_sub.so
-- Set runtime path of "/home/xzq/project/ros2_ws/install/armor_sub/lib/libarmor_sub.so" to ""
