[0.008s] Invoking command in '/home/xzq/project/ros2_ws/build/armor_sub': AMENT_PREFIX_PATH=/home/xzq/project/ros2_ws/install/armor_interfaces:${AMENT_PREFIX_PATH} CMAKE_PREFIX_PATH=/home/xzq/project/ros2_ws/install/armor_interfaces:/opt/ros/humble LD_LIBRARY_PATH=/home/xzq/project/ros2_ws/install/armor_interfaces/lib:/opt/MVS/lib/64:/opt/MVS/lib/32:/opt/MVS/lib/64:/opt/MVS/lib/32:/opt/MVS/lib/64:/opt/MVS/lib/32:/opt/MVS/lib/64:/opt/MVS/lib/32:/opt/MVS/lib/64:/opt/MVS/lib/32:/opt/ros/humble/opt/rviz_ogre_vendor/lib:/opt/ros/humble/lib/x86_64-linux-gnu:/opt/ros/humble/lib:/opt/MVS/lib/64:/opt/MVS/lib/32 PYTHONPATH=/home/xzq/project/ros2_ws/install/armor_interfaces/local/lib/python3.10/dist-packages:${PYTHONPATH} /usr/bin/cmake --build /home/xzq/project/ros2_ws/build/armor_sub -- -j12 -l12
[0.026s] [0m-- CMAKE_BUILD_TYPE: Release[0m
[0.027s] -- Found ament_cmake_auto: 1.3.11 (/opt/ros/humble/share/ament_cmake_auto/cmake)
[0.123s] -- Found OpenCV: /usr (found version "4.5.4") 
[0.188s] -- Found rosidl_generator_c: 3.1.6 (/opt/ros/humble/share/rosidl_generator_c/cmake)
[0.190s] -- Found rosidl_adapter: 3.1.6 (/opt/ros/humble/share/rosidl_adapter/cmake)
[0.195s] -- Found rosidl_generator_cpp: 3.1.6 (/opt/ros/humble/share/rosidl_generator_cpp/cmake)
[0.202s] -- Using all available rosidl_typesupport_c: rosidl_typesupport_fastrtps_c;rosidl_typesupport_introspection_c
[0.211s] -- Using all available rosidl_typesupport_cpp: rosidl_typesupport_fastrtps_cpp;rosidl_typesupport_introspection_cpp
[0.237s] -- Found rmw_implementation_cmake: 6.1.2 (/opt/ros/humble/share/rmw_implementation_cmake/cmake)
[0.238s] -- Found rmw_fastrtps_cpp: 6.2.7 (/opt/ros/humble/share/rmw_fastrtps_cpp/cmake)
[0.304s] -- Using RMW implementation 'rmw_fastrtps_cpp' as default
[0.476s] -- Found eigen3_cmake_module: 0.1.1 (/opt/ros/humble/share/eigen3_cmake_module/cmake)
[0.476s] -- Found Eigen3: TRUE (found version "3.4.0") 
[0.477s] -- Ensuring Eigen3 include directory is part of orocos-kdl CMake target
[0.494s] -- Configuring done
[0.508s] -- Generating done
[0.513s] -- Build files have been written to: /home/xzq/project/ros2_ws/build/armor_sub
[0.537s] [ 25%] [32mBuilding CXX object CMakeFiles/armor_sub_node.dir/rclcpp_components/node_main_armor_sub_node.cpp.o[0m
[0.539s] [ 50%] [32mBuilding CXX object CMakeFiles/armor_sub.dir/src/ArmorSubNode.cpp.o[0m
[3.001s] [ 75%] [32m[1mLinking CXX executable armor_sub_node[0m
[3.138s] [ 75%] Built target armor_sub_node
[8.223s] [100%] [32m[1mLinking CXX shared library libarmor_sub.so[0m
[8.338s] [100%] Built target armor_sub
[8.348s] Invoked command in '/home/xzq/project/ros2_ws/build/armor_sub' returned '0': AMENT_PREFIX_PATH=/home/xzq/project/ros2_ws/install/armor_interfaces:${AMENT_PREFIX_PATH} CMAKE_PREFIX_PATH=/home/xzq/project/ros2_ws/install/armor_interfaces:/opt/ros/humble LD_LIBRARY_PATH=/home/xzq/project/ros2_ws/install/armor_interfaces/lib:/opt/MVS/lib/64:/opt/MVS/lib/32:/opt/MVS/lib/64:/opt/MVS/lib/32:/opt/MVS/lib/64:/opt/MVS/lib/32:/opt/MVS/lib/64:/opt/MVS/lib/32:/opt/MVS/lib/64:/opt/MVS/lib/32:/opt/ros/humble/opt/rviz_ogre_vendor/lib:/opt/ros/humble/lib/x86_64-linux-gnu:/opt/ros/humble/lib:/opt/MVS/lib/64:/opt/MVS/lib/32 PYTHONPATH=/home/xzq/project/ros2_ws/install/armor_interfaces/local/lib/python3.10/dist-packages:${PYTHONPATH} /usr/bin/cmake --build /home/xzq/project/ros2_ws/build/armor_sub -- -j12 -l12
[8.349s] Invoking command in '/home/xzq/project/ros2_ws/build/armor_sub': AMENT_PREFIX_PATH=/home/xzq/project/ros2_ws/install/armor_interfaces:${AMENT_PREFIX_PATH} CMAKE_PREFIX_PATH=/home/xzq/project/ros2_ws/install/armor_interfaces:/opt/ros/humble LD_LIBRARY_PATH=/home/xzq/project/ros2_ws/install/armor_interfaces/lib:/opt/MVS/lib/64:/opt/MVS/lib/32:/opt/MVS/lib/64:/opt/MVS/lib/32:/opt/MVS/lib/64:/opt/MVS/lib/32:/opt/MVS/lib/64:/opt/MVS/lib/32:/opt/MVS/lib/64:/opt/MVS/lib/32:/opt/ros/humble/opt/rviz_ogre_vendor/lib:/opt/ros/humble/lib/x86_64-linux-gnu:/opt/ros/humble/lib:/opt/MVS/lib/64:/opt/MVS/lib/32 PYTHONPATH=/home/xzq/project/ros2_ws/install/armor_interfaces/local/lib/python3.10/dist-packages:${PYTHONPATH} /usr/bin/cmake --install /home/xzq/project/ros2_ws/build/armor_sub
[8.354s] -- Install configuration: "Release"
[8.354s] -- Installing: /home/xzq/project/ros2_ws/install/armor_sub/lib/armor_sub/armor_sub_node
[8.354s] -- Set runtime path of "/home/xzq/project/ros2_ws/install/armor_sub/lib/armor_sub/armor_sub_node" to ""
[8.354s] -- Installing: /home/xzq/project/ros2_ws/install/armor_sub/include
[8.354s] -- Installing: /home/xzq/project/ros2_ws/install/armor_sub/include/ArmorSubNode.h
[8.354s] -- Installing: /home/xzq/project/ros2_ws/install/armor_sub/share/armor_sub/environment/library_path.sh
[8.354s] -- Installing: /home/xzq/project/ros2_ws/install/armor_sub/share/armor_sub/environment/library_path.dsv
[8.354s] -- Installing: /home/xzq/project/ros2_ws/install/armor_sub/lib/libarmor_sub.so
[8.355s] -- Set runtime path of "/home/xzq/project/ros2_ws/install/armor_sub/lib/libarmor_sub.so" to ""
[8.355s] [31mCMake Error at cmake_install.cmake:101 (file):
[8.355s]   file INSTALL cannot find "/home/xzq/project/ros2_ws/src/ArmorSub/launch":
[8.355s]   No such file or directory.
[8.355s] 
[8.355s] [0m
[8.356s] Invoked command in '/home/xzq/project/ros2_ws/build/armor_sub' returned '1': AMENT_PREFIX_PATH=/home/xzq/project/ros2_ws/install/armor_interfaces:${AMENT_PREFIX_PATH} CMAKE_PREFIX_PATH=/home/xzq/project/ros2_ws/install/armor_interfaces:/opt/ros/humble LD_LIBRARY_PATH=/home/xzq/project/ros2_ws/install/armor_interfaces/lib:/opt/MVS/lib/64:/opt/MVS/lib/32:/opt/MVS/lib/64:/opt/MVS/lib/32:/opt/MVS/lib/64:/opt/MVS/lib/32:/opt/MVS/lib/64:/opt/MVS/lib/32:/opt/MVS/lib/64:/opt/MVS/lib/32:/opt/ros/humble/opt/rviz_ogre_vendor/lib:/opt/ros/humble/lib/x86_64-linux-gnu:/opt/ros/humble/lib:/opt/MVS/lib/64:/opt/MVS/lib/32 PYTHONPATH=/home/xzq/project/ros2_ws/install/armor_interfaces/local/lib/python3.10/dist-packages:${PYTHONPATH} /usr/bin/cmake --install /home/xzq/project/ros2_ws/build/armor_sub
