[0.056s] DEBUG:colcon:Command line arguments: ['/usr/bin/colcon', 'build']
[0.056s] DEBUG:colcon:Parsed command line arguments: Namespace(log_base=None, log_level=None, verb_name='build', build_base='build', install_base='install', merge_install=False, symlink_install=False, test_result_base=None, continue_on_error=False, executor='parallel', parallel_workers=12, event_handlers=None, ignore_user_meta=False, metas=['./colcon.meta'], base_paths=['.'], packages_ignore=None, packages_ignore_regex=None, paths=None, packages_up_to=None, packages_up_to_regex=None, packages_above=None, packages_above_and_dependencies=None, packages_above_depth=None, packages_select_by_dep=None, packages_skip_by_dep=None, packages_skip_up_to=None, packages_select_build_failed=False, packages_skip_build_finished=False, packages_select_test_failures=False, packages_skip_test_passed=False, packages_select=None, packages_skip=None, packages_select_regex=None, packages_skip_regex=None, packages_start=None, packages_end=None, allow_overriding=[], cmake_args=None, cmake_target=None, cmake_target_skip_unavailable=False, cmake_clean_cache=False, cmake_clean_first=False, cmake_force_configure=False, ament_cmake_args=None, catkin_cmake_args=None, catkin_skip_building_tests=False, mixin_files=None, mixin=None, verb_parser=<colcon_mixin.mixin.mixin_argument.MixinArgumentDecorator object at 0x74e40f856d40>, verb_extension=<colcon_core.verb.build.BuildVerb object at 0x74e40f94bc10>, main=<bound method BuildVerb.main of <colcon_core.verb.build.BuildVerb object at 0x74e40f94bc10>>, mixin_verb=('build',))
[0.136s] Level 1:colcon.colcon_core.package_discovery:discover_packages(colcon_meta) check parameters
[0.137s] Level 1:colcon.colcon_core.package_discovery:discover_packages(recursive) check parameters
[0.137s] Level 1:colcon.colcon_core.package_discovery:discover_packages(ignore) check parameters
[0.137s] Level 1:colcon.colcon_core.package_discovery:discover_packages(path) check parameters
[0.137s] Level 1:colcon.colcon_core.package_discovery:discover_packages(colcon_meta) discover
[0.137s] Level 1:colcon.colcon_core.package_discovery:discover_packages(recursive) discover
[0.137s] INFO:colcon.colcon_core.package_discovery:Crawling recursively for packages in '/home/xzq/Downloads/armor_ws'
[0.137s] Level 1:colcon.colcon_core.package_identification:_identify(.) by extensions ['ignore', 'ignore_ament_install']
[0.137s] Level 1:colcon.colcon_core.package_identification:_identify(.) by extension 'ignore'
[0.137s] Level 1:colcon.colcon_core.package_identification:_identify(.) by extension 'ignore_ament_install'
[0.137s] Level 1:colcon.colcon_core.package_identification:_identify(.) by extensions ['colcon_pkg']
[0.137s] Level 1:colcon.colcon_core.package_identification:_identify(.) by extension 'colcon_pkg'
[0.137s] Level 1:colcon.colcon_core.package_identification:_identify(.) by extensions ['colcon_meta']
[0.137s] Level 1:colcon.colcon_core.package_identification:_identify(.) by extension 'colcon_meta'
[0.137s] Level 1:colcon.colcon_core.package_identification:_identify(.) by extensions ['ros']
[0.137s] Level 1:colcon.colcon_core.package_identification:_identify(.) by extension 'ros'
[0.144s] Level 1:colcon.colcon_core.package_identification:_identify(.) by extensions ['cmake', 'python']
[0.144s] Level 1:colcon.colcon_core.package_identification:_identify(.) by extension 'cmake'
[0.144s] Level 1:colcon.colcon_core.package_identification:_identify(.) by extension 'python'
[0.144s] Level 1:colcon.colcon_core.package_identification:_identify(.) by extensions ['python_setup_py']
[0.144s] Level 1:colcon.colcon_core.package_identification:_identify(.) by extension 'python_setup_py'
[0.144s] Level 1:colcon.colcon_core.package_identification:_identify(build) by extensions ['ignore', 'ignore_ament_install']
[0.144s] Level 1:colcon.colcon_core.package_identification:_identify(build) by extension 'ignore'
[0.144s] Level 1:colcon.colcon_core.package_identification:_identify(build) ignored
[0.144s] Level 1:colcon.colcon_core.package_identification:_identify(install) by extensions ['ignore', 'ignore_ament_install']
[0.144s] Level 1:colcon.colcon_core.package_identification:_identify(install) by extension 'ignore'
[0.144s] Level 1:colcon.colcon_core.package_identification:_identify(install) ignored
[0.144s] Level 1:colcon.colcon_core.package_identification:_identify(log) by extensions ['ignore', 'ignore_ament_install']
[0.144s] Level 1:colcon.colcon_core.package_identification:_identify(log) by extension 'ignore'
[0.144s] Level 1:colcon.colcon_core.package_identification:_identify(log) ignored
[0.145s] Level 1:colcon.colcon_core.package_identification:_identify(src) by extensions ['ignore', 'ignore_ament_install']
[0.145s] Level 1:colcon.colcon_core.package_identification:_identify(src) by extension 'ignore'
[0.145s] Level 1:colcon.colcon_core.package_identification:_identify(src) by extension 'ignore_ament_install'
[0.145s] Level 1:colcon.colcon_core.package_identification:_identify(src) by extensions ['colcon_pkg']
[0.145s] Level 1:colcon.colcon_core.package_identification:_identify(src) by extension 'colcon_pkg'
[0.145s] Level 1:colcon.colcon_core.package_identification:_identify(src) by extensions ['colcon_meta']
[0.145s] Level 1:colcon.colcon_core.package_identification:_identify(src) by extension 'colcon_meta'
[0.145s] Level 1:colcon.colcon_core.package_identification:_identify(src) by extensions ['ros']
[0.145s] Level 1:colcon.colcon_core.package_identification:_identify(src) by extension 'ros'
[0.145s] Level 1:colcon.colcon_core.package_identification:_identify(src) by extensions ['cmake', 'python']
[0.145s] Level 1:colcon.colcon_core.package_identification:_identify(src) by extension 'cmake'
[0.145s] Level 1:colcon.colcon_core.package_identification:_identify(src) by extension 'python'
[0.145s] Level 1:colcon.colcon_core.package_identification:_identify(src) by extensions ['python_setup_py']
[0.145s] Level 1:colcon.colcon_core.package_identification:_identify(src) by extension 'python_setup_py'
[0.145s] Level 1:colcon.colcon_core.package_identification:_identify(src/armor_interfaces) by extensions ['ignore', 'ignore_ament_install']
[0.145s] Level 1:colcon.colcon_core.package_identification:_identify(src/armor_interfaces) by extension 'ignore'
[0.145s] Level 1:colcon.colcon_core.package_identification:_identify(src/armor_interfaces) by extension 'ignore_ament_install'
[0.145s] Level 1:colcon.colcon_core.package_identification:_identify(src/armor_interfaces) by extensions ['colcon_pkg']
[0.145s] Level 1:colcon.colcon_core.package_identification:_identify(src/armor_interfaces) by extension 'colcon_pkg'
[0.145s] Level 1:colcon.colcon_core.package_identification:_identify(src/armor_interfaces) by extensions ['colcon_meta']
[0.145s] Level 1:colcon.colcon_core.package_identification:_identify(src/armor_interfaces) by extension 'colcon_meta'
[0.145s] Level 1:colcon.colcon_core.package_identification:_identify(src/armor_interfaces) by extensions ['ros']
[0.145s] Level 1:colcon.colcon_core.package_identification:_identify(src/armor_interfaces) by extension 'ros'
[0.147s] DEBUG:colcon.colcon_core.package_identification:Package 'src/armor_interfaces' with type 'ros.ament_cmake' and name 'armor_interfaces'
[0.147s] Level 1:colcon.colcon_core.package_identification:_identify(src/build) by extensions ['ignore', 'ignore_ament_install']
[0.147s] Level 1:colcon.colcon_core.package_identification:_identify(src/build) by extension 'ignore'
[0.147s] Level 1:colcon.colcon_core.package_identification:_identify(src/build) by extension 'ignore_ament_install'
[0.147s] Level 1:colcon.colcon_core.package_identification:_identify(src/build) by extensions ['colcon_pkg']
[0.147s] Level 1:colcon.colcon_core.package_identification:_identify(src/build) by extension 'colcon_pkg'
[0.147s] Level 1:colcon.colcon_core.package_identification:_identify(src/build) by extensions ['colcon_meta']
[0.147s] Level 1:colcon.colcon_core.package_identification:_identify(src/build) by extension 'colcon_meta'
[0.147s] Level 1:colcon.colcon_core.package_identification:_identify(src/build) by extensions ['ros']
[0.147s] Level 1:colcon.colcon_core.package_identification:_identify(src/build) by extension 'ros'
[0.147s] Level 1:colcon.colcon_core.package_identification:_identify(src/build) by extensions ['cmake', 'python']
[0.147s] Level 1:colcon.colcon_core.package_identification:_identify(src/build) by extension 'cmake'
[0.147s] Level 1:colcon.colcon_core.package_identification:_identify(src/build) by extension 'python'
[0.147s] Level 1:colcon.colcon_core.package_identification:_identify(src/build) by extensions ['python_setup_py']
[0.147s] Level 1:colcon.colcon_core.package_identification:_identify(src/build) by extension 'python_setup_py'
[0.147s] Level 1:colcon.colcon_core.package_identification:_identify(src/detectArmor) by extensions ['ignore', 'ignore_ament_install']
[0.147s] Level 1:colcon.colcon_core.package_identification:_identify(src/detectArmor) by extension 'ignore'
[0.147s] Level 1:colcon.colcon_core.package_identification:_identify(src/detectArmor) by extension 'ignore_ament_install'
[0.147s] Level 1:colcon.colcon_core.package_identification:_identify(src/detectArmor) by extensions ['colcon_pkg']
[0.147s] Level 1:colcon.colcon_core.package_identification:_identify(src/detectArmor) by extension 'colcon_pkg'
[0.147s] Level 1:colcon.colcon_core.package_identification:_identify(src/detectArmor) by extensions ['colcon_meta']
[0.147s] Level 1:colcon.colcon_core.package_identification:_identify(src/detectArmor) by extension 'colcon_meta'
[0.147s] Level 1:colcon.colcon_core.package_identification:_identify(src/detectArmor) by extensions ['ros']
[0.147s] Level 1:colcon.colcon_core.package_identification:_identify(src/detectArmor) by extension 'ros'
[0.148s] DEBUG:colcon.colcon_core.package_identification:Package 'src/detectArmor' with type 'ros.ament_cmake' and name 'armor_pub'
[0.148s] Level 1:colcon.colcon_core.package_identification:_identify(src/trackerArmor) by extensions ['ignore', 'ignore_ament_install']
[0.148s] Level 1:colcon.colcon_core.package_identification:_identify(src/trackerArmor) by extension 'ignore'
[0.148s] Level 1:colcon.colcon_core.package_identification:_identify(src/trackerArmor) by extension 'ignore_ament_install'
[0.149s] Level 1:colcon.colcon_core.package_identification:_identify(src/trackerArmor) by extensions ['colcon_pkg']
[0.149s] Level 1:colcon.colcon_core.package_identification:_identify(src/trackerArmor) by extension 'colcon_pkg'
[0.149s] Level 1:colcon.colcon_core.package_identification:_identify(src/trackerArmor) by extensions ['colcon_meta']
[0.149s] Level 1:colcon.colcon_core.package_identification:_identify(src/trackerArmor) by extension 'colcon_meta'
[0.149s] Level 1:colcon.colcon_core.package_identification:_identify(src/trackerArmor) by extensions ['ros']
[0.149s] Level 1:colcon.colcon_core.package_identification:_identify(src/trackerArmor) by extension 'ros'
[0.149s] DEBUG:colcon.colcon_core.package_identification:Package 'src/trackerArmor' with type 'ros.ament_cmake' and name 'armor_sub'
[0.150s] Level 1:colcon.colcon_core.package_discovery:discover_packages(recursive) using defaults
[0.150s] Level 1:colcon.colcon_core.package_discovery:discover_packages(ignore) discover
[0.150s] Level 1:colcon.colcon_core.package_discovery:discover_packages(ignore) using defaults
[0.150s] Level 1:colcon.colcon_core.package_discovery:discover_packages(path) discover
[0.150s] Level 1:colcon.colcon_core.package_discovery:discover_packages(path) using defaults
[0.171s] Level 1:colcon.colcon_core.package_discovery:discover_packages(prefix_path) check parameters
[0.171s] Level 1:colcon.colcon_core.package_discovery:discover_packages(prefix_path) discover
[0.172s] DEBUG:colcon.colcon_installed_package_information.package_discovery:Found 270 installed packages in /opt/ros/humble
[0.172s] Level 1:colcon.colcon_core.package_discovery:discover_packages(prefix_path) using defaults
[0.190s] Level 5:colcon.colcon_core.verb:set package 'armor_interfaces' build argument 'cmake_args' from command line to 'None'
[0.190s] Level 5:colcon.colcon_core.verb:set package 'armor_interfaces' build argument 'cmake_target' from command line to 'None'
[0.190s] Level 5:colcon.colcon_core.verb:set package 'armor_interfaces' build argument 'cmake_target_skip_unavailable' from command line to 'False'
[0.190s] Level 5:colcon.colcon_core.verb:set package 'armor_interfaces' build argument 'cmake_clean_cache' from command line to 'False'
[0.191s] Level 5:colcon.colcon_core.verb:set package 'armor_interfaces' build argument 'cmake_clean_first' from command line to 'False'
[0.191s] Level 5:colcon.colcon_core.verb:set package 'armor_interfaces' build argument 'cmake_force_configure' from command line to 'False'
[0.191s] Level 5:colcon.colcon_core.verb:set package 'armor_interfaces' build argument 'ament_cmake_args' from command line to 'None'
[0.191s] Level 5:colcon.colcon_core.verb:set package 'armor_interfaces' build argument 'catkin_cmake_args' from command line to 'None'
[0.191s] Level 5:colcon.colcon_core.verb:set package 'armor_interfaces' build argument 'catkin_skip_building_tests' from command line to 'False'
[0.191s] DEBUG:colcon.colcon_core.verb:Building package 'armor_interfaces' with the following arguments: {'ament_cmake_args': None, 'build_base': '/home/xzq/Downloads/armor_ws/build/armor_interfaces', 'catkin_cmake_args': None, 'catkin_skip_building_tests': False, 'cmake_args': None, 'cmake_clean_cache': False, 'cmake_clean_first': False, 'cmake_force_configure': False, 'cmake_target': None, 'cmake_target_skip_unavailable': False, 'install_base': '/home/xzq/Downloads/armor_ws/install/armor_interfaces', 'merge_install': False, 'path': '/home/xzq/Downloads/armor_ws/src/armor_interfaces', 'symlink_install': False, 'test_result_base': None}
[0.191s] Level 5:colcon.colcon_core.verb:set package 'armor_pub' build argument 'cmake_args' from command line to 'None'
[0.191s] Level 5:colcon.colcon_core.verb:set package 'armor_pub' build argument 'cmake_target' from command line to 'None'
[0.191s] Level 5:colcon.colcon_core.verb:set package 'armor_pub' build argument 'cmake_target_skip_unavailable' from command line to 'False'
[0.191s] Level 5:colcon.colcon_core.verb:set package 'armor_pub' build argument 'cmake_clean_cache' from command line to 'False'
[0.191s] Level 5:colcon.colcon_core.verb:set package 'armor_pub' build argument 'cmake_clean_first' from command line to 'False'
[0.191s] Level 5:colcon.colcon_core.verb:set package 'armor_pub' build argument 'cmake_force_configure' from command line to 'False'
[0.191s] Level 5:colcon.colcon_core.verb:set package 'armor_pub' build argument 'ament_cmake_args' from command line to 'None'
[0.191s] Level 5:colcon.colcon_core.verb:set package 'armor_pub' build argument 'catkin_cmake_args' from command line to 'None'
[0.191s] Level 5:colcon.colcon_core.verb:set package 'armor_pub' build argument 'catkin_skip_building_tests' from command line to 'False'
[0.191s] DEBUG:colcon.colcon_core.verb:Building package 'armor_pub' with the following arguments: {'ament_cmake_args': None, 'build_base': '/home/xzq/Downloads/armor_ws/build/armor_pub', 'catkin_cmake_args': None, 'catkin_skip_building_tests': False, 'cmake_args': None, 'cmake_clean_cache': False, 'cmake_clean_first': False, 'cmake_force_configure': False, 'cmake_target': None, 'cmake_target_skip_unavailable': False, 'install_base': '/home/xzq/Downloads/armor_ws/install/armor_pub', 'merge_install': False, 'path': '/home/xzq/Downloads/armor_ws/src/detectArmor', 'symlink_install': False, 'test_result_base': None}
[0.191s] Level 5:colcon.colcon_core.verb:set package 'armor_sub' build argument 'cmake_args' from command line to 'None'
[0.191s] Level 5:colcon.colcon_core.verb:set package 'armor_sub' build argument 'cmake_target' from command line to 'None'
[0.191s] Level 5:colcon.colcon_core.verb:set package 'armor_sub' build argument 'cmake_target_skip_unavailable' from command line to 'False'
[0.191s] Level 5:colcon.colcon_core.verb:set package 'armor_sub' build argument 'cmake_clean_cache' from command line to 'False'
[0.191s] Level 5:colcon.colcon_core.verb:set package 'armor_sub' build argument 'cmake_clean_first' from command line to 'False'
[0.191s] Level 5:colcon.colcon_core.verb:set package 'armor_sub' build argument 'cmake_force_configure' from command line to 'False'
[0.191s] Level 5:colcon.colcon_core.verb:set package 'armor_sub' build argument 'ament_cmake_args' from command line to 'None'
[0.191s] Level 5:colcon.colcon_core.verb:set package 'armor_sub' build argument 'catkin_cmake_args' from command line to 'None'
[0.191s] Level 5:colcon.colcon_core.verb:set package 'armor_sub' build argument 'catkin_skip_building_tests' from command line to 'False'
[0.191s] DEBUG:colcon.colcon_core.verb:Building package 'armor_sub' with the following arguments: {'ament_cmake_args': None, 'build_base': '/home/xzq/Downloads/armor_ws/build/armor_sub', 'catkin_cmake_args': None, 'catkin_skip_building_tests': False, 'cmake_args': None, 'cmake_clean_cache': False, 'cmake_clean_first': False, 'cmake_force_configure': False, 'cmake_target': None, 'cmake_target_skip_unavailable': False, 'install_base': '/home/xzq/Downloads/armor_ws/install/armor_sub', 'merge_install': False, 'path': '/home/xzq/Downloads/armor_ws/src/trackerArmor', 'symlink_install': False, 'test_result_base': None}
[0.191s] INFO:colcon.colcon_core.executor:Executing jobs using 'parallel' executor
[0.192s] DEBUG:colcon.colcon_parallel_executor.executor.parallel:run_until_complete
[0.192s] INFO:colcon.colcon_ros.task.ament_cmake.build:Building ROS package in '/home/xzq/Downloads/armor_ws/src/armor_interfaces' with build type 'ament_cmake'
[0.192s] INFO:colcon.colcon_cmake.task.cmake.build:Building CMake package in '/home/xzq/Downloads/armor_ws/src/armor_interfaces'
[0.193s] INFO:colcon.colcon_core.plugin_system:Skipping extension 'colcon_core.shell.bat': Not used on non-Windows systems
[0.194s] INFO:colcon.colcon_core.shell:Skip shell extension 'powershell' for command environment: Not usable outside of PowerShell
[0.194s] DEBUG:colcon.colcon_core.shell:Skip shell extension 'dsv' for command environment
[0.200s] DEBUG:colcon.colcon_core.event_handler.log_command:Invoking command in '/home/xzq/Downloads/armor_ws/build/armor_interfaces': CMAKE_PREFIX_PATH=/opt/ros/humble /usr/bin/cmake --build /home/xzq/Downloads/armor_ws/build/armor_interfaces -- -j12 -l12
[0.401s] DEBUG:colcon.colcon_core.event_handler.log_command:Invoked command in '/home/xzq/Downloads/armor_ws/build/armor_interfaces' returned '0': CMAKE_PREFIX_PATH=/opt/ros/humble /usr/bin/cmake --build /home/xzq/Downloads/armor_ws/build/armor_interfaces -- -j12 -l12
[0.407s] DEBUG:colcon.colcon_core.event_handler.log_command:Invoking command in '/home/xzq/Downloads/armor_ws/build/armor_interfaces': CMAKE_PREFIX_PATH=/opt/ros/humble /usr/bin/cmake --install /home/xzq/Downloads/armor_ws/build/armor_interfaces
[0.439s] Level 1:colcon.colcon_core.environment:create_environment_scripts_only(armor_interfaces)
[0.439s] DEBUG:colcon.colcon_core.event_handler.log_command:Invoked command in '/home/xzq/Downloads/armor_ws/build/armor_interfaces' returned '0': CMAKE_PREFIX_PATH=/opt/ros/humble /usr/bin/cmake --install /home/xzq/Downloads/armor_ws/build/armor_interfaces
[0.441s] Level 1:colcon.colcon_core.environment:checking '/home/xzq/Downloads/armor_ws/install/armor_interfaces' for CMake module files
[0.441s] Level 1:colcon.colcon_core.environment:checking '/home/xzq/Downloads/armor_ws/install/armor_interfaces' for CMake config files
[0.441s] Level 1:colcon.colcon_core.shell:create_environment_hook('armor_interfaces', 'cmake_prefix_path')
[0.441s] INFO:colcon.colcon_core.shell:Creating environment hook '/home/xzq/Downloads/armor_ws/install/armor_interfaces/share/armor_interfaces/hook/cmake_prefix_path.ps1'
[0.442s] INFO:colcon.colcon_core.shell:Creating environment descriptor '/home/xzq/Downloads/armor_ws/install/armor_interfaces/share/armor_interfaces/hook/cmake_prefix_path.dsv'
[0.442s] INFO:colcon.colcon_core.shell:Creating environment hook '/home/xzq/Downloads/armor_ws/install/armor_interfaces/share/armor_interfaces/hook/cmake_prefix_path.sh'
[0.442s] Level 1:colcon.colcon_core.environment:checking '/home/xzq/Downloads/armor_ws/install/armor_interfaces/lib'
[0.443s] Level 1:colcon.colcon_core.shell:create_environment_hook('armor_interfaces', 'ld_library_path_lib')
[0.443s] INFO:colcon.colcon_core.shell:Creating environment hook '/home/xzq/Downloads/armor_ws/install/armor_interfaces/share/armor_interfaces/hook/ld_library_path_lib.ps1'
[0.443s] INFO:colcon.colcon_core.shell:Creating environment descriptor '/home/xzq/Downloads/armor_ws/install/armor_interfaces/share/armor_interfaces/hook/ld_library_path_lib.dsv'
[0.443s] INFO:colcon.colcon_core.shell:Creating environment hook '/home/xzq/Downloads/armor_ws/install/armor_interfaces/share/armor_interfaces/hook/ld_library_path_lib.sh'
[0.443s] Level 1:colcon.colcon_core.environment:checking '/home/xzq/Downloads/armor_ws/install/armor_interfaces/bin'
[0.443s] Level 1:colcon.colcon_core.environment:checking '/home/xzq/Downloads/armor_ws/install/armor_interfaces/lib/pkgconfig/armor_interfaces.pc'
[0.443s] Level 1:colcon.colcon_core.environment:checking '/home/xzq/Downloads/armor_ws/install/armor_interfaces/lib/python3.10/site-packages'
[0.444s] Level 1:colcon.colcon_core.environment:checking '/home/xzq/Downloads/armor_ws/install/armor_interfaces/bin'
[0.444s] INFO:colcon.colcon_core.shell:Creating package script '/home/xzq/Downloads/armor_ws/install/armor_interfaces/share/armor_interfaces/package.ps1'
[0.444s] INFO:colcon.colcon_core.shell:Creating package descriptor '/home/xzq/Downloads/armor_ws/install/armor_interfaces/share/armor_interfaces/package.dsv'
[0.445s] INFO:colcon.colcon_core.shell:Creating package script '/home/xzq/Downloads/armor_ws/install/armor_interfaces/share/armor_interfaces/package.sh'
[0.445s] INFO:colcon.colcon_core.shell:Creating package script '/home/xzq/Downloads/armor_ws/install/armor_interfaces/share/armor_interfaces/package.bash'
[0.445s] INFO:colcon.colcon_core.shell:Creating package script '/home/xzq/Downloads/armor_ws/install/armor_interfaces/share/armor_interfaces/package.zsh'
[0.446s] Level 1:colcon.colcon_core.environment:create_file_with_runtime_dependencies(/home/xzq/Downloads/armor_ws/install/armor_interfaces/share/colcon-core/packages/armor_interfaces)
[0.446s] Level 1:colcon.colcon_core.environment:create_environment_scripts_only(armor_interfaces)
[0.446s] Level 1:colcon.colcon_core.environment:checking '/home/xzq/Downloads/armor_ws/install/armor_interfaces' for CMake module files
[0.446s] Level 1:colcon.colcon_core.environment:checking '/home/xzq/Downloads/armor_ws/install/armor_interfaces' for CMake config files
[0.446s] Level 1:colcon.colcon_core.shell:create_environment_hook('armor_interfaces', 'cmake_prefix_path')
[0.447s] INFO:colcon.colcon_core.shell:Creating environment hook '/home/xzq/Downloads/armor_ws/install/armor_interfaces/share/armor_interfaces/hook/cmake_prefix_path.ps1'
[0.447s] INFO:colcon.colcon_core.shell:Creating environment descriptor '/home/xzq/Downloads/armor_ws/install/armor_interfaces/share/armor_interfaces/hook/cmake_prefix_path.dsv'
[0.447s] INFO:colcon.colcon_core.shell:Creating environment hook '/home/xzq/Downloads/armor_ws/install/armor_interfaces/share/armor_interfaces/hook/cmake_prefix_path.sh'
[0.447s] Level 1:colcon.colcon_core.environment:checking '/home/xzq/Downloads/armor_ws/install/armor_interfaces/lib'
[0.447s] Level 1:colcon.colcon_core.shell:create_environment_hook('armor_interfaces', 'ld_library_path_lib')
[0.447s] INFO:colcon.colcon_core.shell:Creating environment hook '/home/xzq/Downloads/armor_ws/install/armor_interfaces/share/armor_interfaces/hook/ld_library_path_lib.ps1'
[0.448s] INFO:colcon.colcon_core.shell:Creating environment descriptor '/home/xzq/Downloads/armor_ws/install/armor_interfaces/share/armor_interfaces/hook/ld_library_path_lib.dsv'
[0.448s] INFO:colcon.colcon_core.shell:Creating environment hook '/home/xzq/Downloads/armor_ws/install/armor_interfaces/share/armor_interfaces/hook/ld_library_path_lib.sh'
[0.448s] Level 1:colcon.colcon_core.environment:checking '/home/xzq/Downloads/armor_ws/install/armor_interfaces/bin'
[0.448s] Level 1:colcon.colcon_core.environment:checking '/home/xzq/Downloads/armor_ws/install/armor_interfaces/lib/pkgconfig/armor_interfaces.pc'
[0.448s] Level 1:colcon.colcon_core.environment:checking '/home/xzq/Downloads/armor_ws/install/armor_interfaces/lib/python3.10/site-packages'
[0.448s] Level 1:colcon.colcon_core.environment:checking '/home/xzq/Downloads/armor_ws/install/armor_interfaces/bin'
[0.448s] INFO:colcon.colcon_core.shell:Creating package script '/home/xzq/Downloads/armor_ws/install/armor_interfaces/share/armor_interfaces/package.ps1'
[0.449s] INFO:colcon.colcon_core.shell:Creating package descriptor '/home/xzq/Downloads/armor_ws/install/armor_interfaces/share/armor_interfaces/package.dsv'
[0.449s] INFO:colcon.colcon_core.shell:Creating package script '/home/xzq/Downloads/armor_ws/install/armor_interfaces/share/armor_interfaces/package.sh'
[0.449s] INFO:colcon.colcon_core.shell:Creating package script '/home/xzq/Downloads/armor_ws/install/armor_interfaces/share/armor_interfaces/package.bash'
[0.449s] INFO:colcon.colcon_core.shell:Creating package script '/home/xzq/Downloads/armor_ws/install/armor_interfaces/share/armor_interfaces/package.zsh'
[0.449s] Level 1:colcon.colcon_core.environment:create_file_with_runtime_dependencies(/home/xzq/Downloads/armor_ws/install/armor_interfaces/share/colcon-core/packages/armor_interfaces)
[0.450s] INFO:colcon.colcon_ros.task.ament_cmake.build:Building ROS package in '/home/xzq/Downloads/armor_ws/src/detectArmor' with build type 'ament_cmake'
[0.450s] INFO:colcon.colcon_cmake.task.cmake.build:Building CMake package in '/home/xzq/Downloads/armor_ws/src/detectArmor'
[0.450s] INFO:colcon.colcon_core.shell:Skip shell extension 'powershell' for command environment: Not usable outside of PowerShell
[0.450s] DEBUG:colcon.colcon_core.shell:Skip shell extension 'dsv' for command environment
[0.451s] INFO:colcon.colcon_ros.task.ament_cmake.build:Building ROS package in '/home/xzq/Downloads/armor_ws/src/trackerArmor' with build type 'ament_cmake'
[0.451s] INFO:colcon.colcon_cmake.task.cmake.build:Building CMake package in '/home/xzq/Downloads/armor_ws/src/trackerArmor'
[0.452s] INFO:colcon.colcon_core.shell:Skip shell extension 'powershell' for command environment: Not usable outside of PowerShell
[0.452s] DEBUG:colcon.colcon_core.shell:Skip shell extension 'dsv' for command environment
[0.456s] DEBUG:colcon.colcon_core.event_handler.log_command:Invoking command in '/home/xzq/Downloads/armor_ws/build/armor_pub': AMENT_PREFIX_PATH=/home/xzq/Downloads/armor_ws/install/armor_interfaces:${AMENT_PREFIX_PATH} CMAKE_PREFIX_PATH=/home/xzq/Downloads/armor_ws/install/armor_interfaces:/opt/ros/humble LD_LIBRARY_PATH=/home/xzq/Downloads/armor_ws/install/armor_interfaces/lib:/opt/MVS/lib/64:/opt/MVS/lib/32:/opt/MVS/lib/64:/opt/MVS/lib/32:/opt/MVS/lib/64:/opt/MVS/lib/32:/opt/ros/humble/opt/rviz_ogre_vendor/lib:/opt/ros/humble/lib/x86_64-linux-gnu:/opt/ros/humble/lib:/opt/MVS/lib/64:/opt/MVS/lib/32 PYTHONPATH=/home/xzq/Downloads/armor_ws/install/armor_interfaces/local/lib/python3.10/dist-packages:${PYTHONPATH} /usr/bin/cmake --build /home/xzq/Downloads/armor_ws/build/armor_pub -- -j12 -l12
[0.459s] DEBUG:colcon.colcon_core.event_handler.log_command:Invoking command in '/home/xzq/Downloads/armor_ws/build/armor_sub': AMENT_PREFIX_PATH=/home/xzq/Downloads/armor_ws/install/armor_interfaces:${AMENT_PREFIX_PATH} CMAKE_PREFIX_PATH=/home/xzq/Downloads/armor_ws/install/armor_interfaces:/opt/ros/humble LD_LIBRARY_PATH=/home/xzq/Downloads/armor_ws/install/armor_interfaces/lib:/opt/MVS/lib/64:/opt/MVS/lib/32:/opt/MVS/lib/64:/opt/MVS/lib/32:/opt/MVS/lib/64:/opt/MVS/lib/32:/opt/ros/humble/opt/rviz_ogre_vendor/lib:/opt/ros/humble/lib/x86_64-linux-gnu:/opt/ros/humble/lib:/opt/MVS/lib/64:/opt/MVS/lib/32 PYTHONPATH=/home/xzq/Downloads/armor_ws/install/armor_interfaces/local/lib/python3.10/dist-packages:${PYTHONPATH} /usr/bin/cmake --build /home/xzq/Downloads/armor_ws/build/armor_sub -- -j12 -l12
[0.506s] DEBUG:colcon.colcon_core.event_handler.log_command:Invoked command in '/home/xzq/Downloads/armor_ws/build/armor_sub' returned '0': AMENT_PREFIX_PATH=/home/xzq/Downloads/armor_ws/install/armor_interfaces:${AMENT_PREFIX_PATH} CMAKE_PREFIX_PATH=/home/xzq/Downloads/armor_ws/install/armor_interfaces:/opt/ros/humble LD_LIBRARY_PATH=/home/xzq/Downloads/armor_ws/install/armor_interfaces/lib:/opt/MVS/lib/64:/opt/MVS/lib/32:/opt/MVS/lib/64:/opt/MVS/lib/32:/opt/MVS/lib/64:/opt/MVS/lib/32:/opt/ros/humble/opt/rviz_ogre_vendor/lib:/opt/ros/humble/lib/x86_64-linux-gnu:/opt/ros/humble/lib:/opt/MVS/lib/64:/opt/MVS/lib/32 PYTHONPATH=/home/xzq/Downloads/armor_ws/install/armor_interfaces/local/lib/python3.10/dist-packages:${PYTHONPATH} /usr/bin/cmake --build /home/xzq/Downloads/armor_ws/build/armor_sub -- -j12 -l12
[0.506s] DEBUG:colcon.colcon_core.event_handler.log_command:Invoking command in '/home/xzq/Downloads/armor_ws/build/armor_sub': AMENT_PREFIX_PATH=/home/xzq/Downloads/armor_ws/install/armor_interfaces:${AMENT_PREFIX_PATH} CMAKE_PREFIX_PATH=/home/xzq/Downloads/armor_ws/install/armor_interfaces:/opt/ros/humble LD_LIBRARY_PATH=/home/xzq/Downloads/armor_ws/install/armor_interfaces/lib:/opt/MVS/lib/64:/opt/MVS/lib/32:/opt/MVS/lib/64:/opt/MVS/lib/32:/opt/MVS/lib/64:/opt/MVS/lib/32:/opt/ros/humble/opt/rviz_ogre_vendor/lib:/opt/ros/humble/lib/x86_64-linux-gnu:/opt/ros/humble/lib:/opt/MVS/lib/64:/opt/MVS/lib/32 PYTHONPATH=/home/xzq/Downloads/armor_ws/install/armor_interfaces/local/lib/python3.10/dist-packages:${PYTHONPATH} /usr/bin/cmake --install /home/xzq/Downloads/armor_ws/build/armor_sub
[0.516s] Level 1:colcon.colcon_core.environment:create_environment_scripts_only(armor_sub)
[0.516s] Level 1:colcon.colcon_core.environment:checking '/home/xzq/Downloads/armor_ws/install/armor_sub' for CMake module files
[0.516s] DEBUG:colcon.colcon_core.event_handler.log_command:Invoked command in '/home/xzq/Downloads/armor_ws/build/armor_sub' returned '0': AMENT_PREFIX_PATH=/home/xzq/Downloads/armor_ws/install/armor_interfaces:${AMENT_PREFIX_PATH} CMAKE_PREFIX_PATH=/home/xzq/Downloads/armor_ws/install/armor_interfaces:/opt/ros/humble LD_LIBRARY_PATH=/home/xzq/Downloads/armor_ws/install/armor_interfaces/lib:/opt/MVS/lib/64:/opt/MVS/lib/32:/opt/MVS/lib/64:/opt/MVS/lib/32:/opt/MVS/lib/64:/opt/MVS/lib/32:/opt/ros/humble/opt/rviz_ogre_vendor/lib:/opt/ros/humble/lib/x86_64-linux-gnu:/opt/ros/humble/lib:/opt/MVS/lib/64:/opt/MVS/lib/32 PYTHONPATH=/home/xzq/Downloads/armor_ws/install/armor_interfaces/local/lib/python3.10/dist-packages:${PYTHONPATH} /usr/bin/cmake --install /home/xzq/Downloads/armor_ws/build/armor_sub
[0.516s] Level 1:colcon.colcon_core.environment:checking '/home/xzq/Downloads/armor_ws/install/armor_sub' for CMake config files
[0.517s] Level 1:colcon.colcon_core.shell:create_environment_hook('armor_sub', 'cmake_prefix_path')
[0.517s] INFO:colcon.colcon_core.shell:Creating environment hook '/home/xzq/Downloads/armor_ws/install/armor_sub/share/armor_sub/hook/cmake_prefix_path.ps1'
[0.517s] INFO:colcon.colcon_core.shell:Creating environment descriptor '/home/xzq/Downloads/armor_ws/install/armor_sub/share/armor_sub/hook/cmake_prefix_path.dsv'
[0.517s] INFO:colcon.colcon_core.shell:Creating environment hook '/home/xzq/Downloads/armor_ws/install/armor_sub/share/armor_sub/hook/cmake_prefix_path.sh'
[0.518s] Level 1:colcon.colcon_core.environment:checking '/home/xzq/Downloads/armor_ws/install/armor_sub/lib'
[0.518s] Level 1:colcon.colcon_core.shell:create_environment_hook('armor_sub', 'ld_library_path_lib')
[0.518s] INFO:colcon.colcon_core.shell:Creating environment hook '/home/xzq/Downloads/armor_ws/install/armor_sub/share/armor_sub/hook/ld_library_path_lib.ps1'
[0.518s] INFO:colcon.colcon_core.shell:Creating environment descriptor '/home/xzq/Downloads/armor_ws/install/armor_sub/share/armor_sub/hook/ld_library_path_lib.dsv'
[0.518s] INFO:colcon.colcon_core.shell:Creating environment hook '/home/xzq/Downloads/armor_ws/install/armor_sub/share/armor_sub/hook/ld_library_path_lib.sh'
[0.518s] Level 1:colcon.colcon_core.environment:checking '/home/xzq/Downloads/armor_ws/install/armor_sub/bin'
[0.518s] Level 1:colcon.colcon_core.environment:checking '/home/xzq/Downloads/armor_ws/install/armor_sub/lib/pkgconfig/armor_sub.pc'
[0.518s] Level 1:colcon.colcon_core.environment:checking '/home/xzq/Downloads/armor_ws/install/armor_sub/lib/python3.10/site-packages'
[0.518s] Level 1:colcon.colcon_core.environment:checking '/home/xzq/Downloads/armor_ws/install/armor_sub/bin'
[0.519s] INFO:colcon.colcon_core.shell:Creating package script '/home/xzq/Downloads/armor_ws/install/armor_sub/share/armor_sub/package.ps1'
[0.519s] INFO:colcon.colcon_core.shell:Creating package descriptor '/home/xzq/Downloads/armor_ws/install/armor_sub/share/armor_sub/package.dsv'
[0.519s] INFO:colcon.colcon_core.shell:Creating package script '/home/xzq/Downloads/armor_ws/install/armor_sub/share/armor_sub/package.sh'
[0.519s] INFO:colcon.colcon_core.shell:Creating package script '/home/xzq/Downloads/armor_ws/install/armor_sub/share/armor_sub/package.bash'
[0.520s] INFO:colcon.colcon_core.shell:Creating package script '/home/xzq/Downloads/armor_ws/install/armor_sub/share/armor_sub/package.zsh'
[0.520s] Level 1:colcon.colcon_core.environment:create_file_with_runtime_dependencies(/home/xzq/Downloads/armor_ws/install/armor_sub/share/colcon-core/packages/armor_sub)
[0.520s] Level 1:colcon.colcon_core.environment:create_environment_scripts_only(armor_sub)
[0.520s] Level 1:colcon.colcon_core.environment:checking '/home/xzq/Downloads/armor_ws/install/armor_sub' for CMake module files
[0.520s] Level 1:colcon.colcon_core.environment:checking '/home/xzq/Downloads/armor_ws/install/armor_sub' for CMake config files
[0.520s] Level 1:colcon.colcon_core.shell:create_environment_hook('armor_sub', 'cmake_prefix_path')
[0.521s] INFO:colcon.colcon_core.shell:Creating environment hook '/home/xzq/Downloads/armor_ws/install/armor_sub/share/armor_sub/hook/cmake_prefix_path.ps1'
[0.521s] INFO:colcon.colcon_core.shell:Creating environment descriptor '/home/xzq/Downloads/armor_ws/install/armor_sub/share/armor_sub/hook/cmake_prefix_path.dsv'
[0.521s] INFO:colcon.colcon_core.shell:Creating environment hook '/home/xzq/Downloads/armor_ws/install/armor_sub/share/armor_sub/hook/cmake_prefix_path.sh'
[0.521s] Level 1:colcon.colcon_core.environment:checking '/home/xzq/Downloads/armor_ws/install/armor_sub/lib'
[0.521s] Level 1:colcon.colcon_core.shell:create_environment_hook('armor_sub', 'ld_library_path_lib')
[0.521s] INFO:colcon.colcon_core.shell:Creating environment hook '/home/xzq/Downloads/armor_ws/install/armor_sub/share/armor_sub/hook/ld_library_path_lib.ps1'
[0.521s] INFO:colcon.colcon_core.shell:Creating environment descriptor '/home/xzq/Downloads/armor_ws/install/armor_sub/share/armor_sub/hook/ld_library_path_lib.dsv'
[0.522s] INFO:colcon.colcon_core.shell:Creating environment hook '/home/xzq/Downloads/armor_ws/install/armor_sub/share/armor_sub/hook/ld_library_path_lib.sh'
[0.522s] Level 1:colcon.colcon_core.environment:checking '/home/xzq/Downloads/armor_ws/install/armor_sub/bin'
[0.522s] Level 1:colcon.colcon_core.environment:checking '/home/xzq/Downloads/armor_ws/install/armor_sub/lib/pkgconfig/armor_sub.pc'
[0.522s] Level 1:colcon.colcon_core.environment:checking '/home/xzq/Downloads/armor_ws/install/armor_sub/lib/python3.10/site-packages'
[0.522s] Level 1:colcon.colcon_core.environment:checking '/home/xzq/Downloads/armor_ws/install/armor_sub/bin'
[0.522s] INFO:colcon.colcon_core.shell:Creating package script '/home/xzq/Downloads/armor_ws/install/armor_sub/share/armor_sub/package.ps1'
[0.522s] INFO:colcon.colcon_core.shell:Creating package descriptor '/home/xzq/Downloads/armor_ws/install/armor_sub/share/armor_sub/package.dsv'
[0.523s] INFO:colcon.colcon_core.shell:Creating package script '/home/xzq/Downloads/armor_ws/install/armor_sub/share/armor_sub/package.sh'
[0.523s] INFO:colcon.colcon_core.shell:Creating package script '/home/xzq/Downloads/armor_ws/install/armor_sub/share/armor_sub/package.bash'
[0.523s] INFO:colcon.colcon_core.shell:Creating package script '/home/xzq/Downloads/armor_ws/install/armor_sub/share/armor_sub/package.zsh'
[0.523s] Level 1:colcon.colcon_core.environment:create_file_with_runtime_dependencies(/home/xzq/Downloads/armor_ws/install/armor_sub/share/colcon-core/packages/armor_sub)
[5.298s] DEBUG:colcon.colcon_core.event_handler.log_command:Invoked command in '/home/xzq/Downloads/armor_ws/build/armor_pub' returned '0': AMENT_PREFIX_PATH=/home/xzq/Downloads/armor_ws/install/armor_interfaces:${AMENT_PREFIX_PATH} CMAKE_PREFIX_PATH=/home/xzq/Downloads/armor_ws/install/armor_interfaces:/opt/ros/humble LD_LIBRARY_PATH=/home/xzq/Downloads/armor_ws/install/armor_interfaces/lib:/opt/MVS/lib/64:/opt/MVS/lib/32:/opt/MVS/lib/64:/opt/MVS/lib/32:/opt/MVS/lib/64:/opt/MVS/lib/32:/opt/ros/humble/opt/rviz_ogre_vendor/lib:/opt/ros/humble/lib/x86_64-linux-gnu:/opt/ros/humble/lib:/opt/MVS/lib/64:/opt/MVS/lib/32 PYTHONPATH=/home/xzq/Downloads/armor_ws/install/armor_interfaces/local/lib/python3.10/dist-packages:${PYTHONPATH} /usr/bin/cmake --build /home/xzq/Downloads/armor_ws/build/armor_pub -- -j12 -l12
[5.298s] DEBUG:colcon.colcon_core.event_handler.log_command:Invoking command in '/home/xzq/Downloads/armor_ws/build/armor_pub': AMENT_PREFIX_PATH=/home/xzq/Downloads/armor_ws/install/armor_interfaces:${AMENT_PREFIX_PATH} CMAKE_PREFIX_PATH=/home/xzq/Downloads/armor_ws/install/armor_interfaces:/opt/ros/humble LD_LIBRARY_PATH=/home/xzq/Downloads/armor_ws/install/armor_interfaces/lib:/opt/MVS/lib/64:/opt/MVS/lib/32:/opt/MVS/lib/64:/opt/MVS/lib/32:/opt/MVS/lib/64:/opt/MVS/lib/32:/opt/ros/humble/opt/rviz_ogre_vendor/lib:/opt/ros/humble/lib/x86_64-linux-gnu:/opt/ros/humble/lib:/opt/MVS/lib/64:/opt/MVS/lib/32 PYTHONPATH=/home/xzq/Downloads/armor_ws/install/armor_interfaces/local/lib/python3.10/dist-packages:${PYTHONPATH} /usr/bin/cmake --install /home/xzq/Downloads/armor_ws/build/armor_pub
[5.306s] Level 1:colcon.colcon_core.environment:create_environment_scripts_only(armor_pub)
[5.307s] Level 1:colcon.colcon_core.environment:checking '/home/xzq/Downloads/armor_ws/install/armor_pub' for CMake module files
[5.307s] DEBUG:colcon.colcon_core.event_handler.log_command:Invoked command in '/home/xzq/Downloads/armor_ws/build/armor_pub' returned '0': AMENT_PREFIX_PATH=/home/xzq/Downloads/armor_ws/install/armor_interfaces:${AMENT_PREFIX_PATH} CMAKE_PREFIX_PATH=/home/xzq/Downloads/armor_ws/install/armor_interfaces:/opt/ros/humble LD_LIBRARY_PATH=/home/xzq/Downloads/armor_ws/install/armor_interfaces/lib:/opt/MVS/lib/64:/opt/MVS/lib/32:/opt/MVS/lib/64:/opt/MVS/lib/32:/opt/MVS/lib/64:/opt/MVS/lib/32:/opt/ros/humble/opt/rviz_ogre_vendor/lib:/opt/ros/humble/lib/x86_64-linux-gnu:/opt/ros/humble/lib:/opt/MVS/lib/64:/opt/MVS/lib/32 PYTHONPATH=/home/xzq/Downloads/armor_ws/install/armor_interfaces/local/lib/python3.10/dist-packages:${PYTHONPATH} /usr/bin/cmake --install /home/xzq/Downloads/armor_ws/build/armor_pub
[5.307s] Level 1:colcon.colcon_core.environment:checking '/home/xzq/Downloads/armor_ws/install/armor_pub' for CMake config files
[5.307s] Level 1:colcon.colcon_core.shell:create_environment_hook('armor_pub', 'cmake_prefix_path')
[5.307s] INFO:colcon.colcon_core.shell:Creating environment hook '/home/xzq/Downloads/armor_ws/install/armor_pub/share/armor_pub/hook/cmake_prefix_path.ps1'
[5.308s] INFO:colcon.colcon_core.shell:Creating environment descriptor '/home/xzq/Downloads/armor_ws/install/armor_pub/share/armor_pub/hook/cmake_prefix_path.dsv'
[5.308s] INFO:colcon.colcon_core.shell:Creating environment hook '/home/xzq/Downloads/armor_ws/install/armor_pub/share/armor_pub/hook/cmake_prefix_path.sh'
[5.308s] Level 1:colcon.colcon_core.environment:checking '/home/xzq/Downloads/armor_ws/install/armor_pub/lib'
[5.308s] Level 1:colcon.colcon_core.shell:create_environment_hook('armor_pub', 'ld_library_path_lib')
[5.308s] INFO:colcon.colcon_core.shell:Creating environment hook '/home/xzq/Downloads/armor_ws/install/armor_pub/share/armor_pub/hook/ld_library_path_lib.ps1'
[5.308s] INFO:colcon.colcon_core.shell:Creating environment descriptor '/home/xzq/Downloads/armor_ws/install/armor_pub/share/armor_pub/hook/ld_library_path_lib.dsv'
[5.309s] INFO:colcon.colcon_core.shell:Creating environment hook '/home/xzq/Downloads/armor_ws/install/armor_pub/share/armor_pub/hook/ld_library_path_lib.sh'
[5.309s] Level 1:colcon.colcon_core.environment:checking '/home/xzq/Downloads/armor_ws/install/armor_pub/bin'
[5.309s] Level 1:colcon.colcon_core.environment:checking '/home/xzq/Downloads/armor_ws/install/armor_pub/lib/pkgconfig/armor_pub.pc'
[5.309s] Level 1:colcon.colcon_core.environment:checking '/home/xzq/Downloads/armor_ws/install/armor_pub/lib/python3.10/site-packages'
[5.309s] Level 1:colcon.colcon_core.environment:checking '/home/xzq/Downloads/armor_ws/install/armor_pub/bin'
[5.309s] INFO:colcon.colcon_core.shell:Creating package script '/home/xzq/Downloads/armor_ws/install/armor_pub/share/armor_pub/package.ps1'
[5.309s] INFO:colcon.colcon_core.shell:Creating package descriptor '/home/xzq/Downloads/armor_ws/install/armor_pub/share/armor_pub/package.dsv'
[5.310s] INFO:colcon.colcon_core.shell:Creating package script '/home/xzq/Downloads/armor_ws/install/armor_pub/share/armor_pub/package.sh'
[5.310s] INFO:colcon.colcon_core.shell:Creating package script '/home/xzq/Downloads/armor_ws/install/armor_pub/share/armor_pub/package.bash'
[5.310s] INFO:colcon.colcon_core.shell:Creating package script '/home/xzq/Downloads/armor_ws/install/armor_pub/share/armor_pub/package.zsh'
[5.310s] Level 1:colcon.colcon_core.environment:create_file_with_runtime_dependencies(/home/xzq/Downloads/armor_ws/install/armor_pub/share/colcon-core/packages/armor_pub)
[5.310s] Level 1:colcon.colcon_core.environment:create_environment_scripts_only(armor_pub)
[5.310s] Level 1:colcon.colcon_core.environment:checking '/home/xzq/Downloads/armor_ws/install/armor_pub' for CMake module files
[5.311s] Level 1:colcon.colcon_core.environment:checking '/home/xzq/Downloads/armor_ws/install/armor_pub' for CMake config files
[5.311s] Level 1:colcon.colcon_core.shell:create_environment_hook('armor_pub', 'cmake_prefix_path')
[5.311s] INFO:colcon.colcon_core.shell:Creating environment hook '/home/xzq/Downloads/armor_ws/install/armor_pub/share/armor_pub/hook/cmake_prefix_path.ps1'
[5.311s] INFO:colcon.colcon_core.shell:Creating environment descriptor '/home/xzq/Downloads/armor_ws/install/armor_pub/share/armor_pub/hook/cmake_prefix_path.dsv'
[5.311s] INFO:colcon.colcon_core.shell:Creating environment hook '/home/xzq/Downloads/armor_ws/install/armor_pub/share/armor_pub/hook/cmake_prefix_path.sh'
[5.312s] Level 1:colcon.colcon_core.environment:checking '/home/xzq/Downloads/armor_ws/install/armor_pub/lib'
[5.312s] Level 1:colcon.colcon_core.shell:create_environment_hook('armor_pub', 'ld_library_path_lib')
[5.312s] INFO:colcon.colcon_core.shell:Creating environment hook '/home/xzq/Downloads/armor_ws/install/armor_pub/share/armor_pub/hook/ld_library_path_lib.ps1'
[5.312s] INFO:colcon.colcon_core.shell:Creating environment descriptor '/home/xzq/Downloads/armor_ws/install/armor_pub/share/armor_pub/hook/ld_library_path_lib.dsv'
[5.312s] INFO:colcon.colcon_core.shell:Creating environment hook '/home/xzq/Downloads/armor_ws/install/armor_pub/share/armor_pub/hook/ld_library_path_lib.sh'
[5.312s] Level 1:colcon.colcon_core.environment:checking '/home/xzq/Downloads/armor_ws/install/armor_pub/bin'
[5.312s] Level 1:colcon.colcon_core.environment:checking '/home/xzq/Downloads/armor_ws/install/armor_pub/lib/pkgconfig/armor_pub.pc'
[5.313s] Level 1:colcon.colcon_core.environment:checking '/home/xzq/Downloads/armor_ws/install/armor_pub/lib/python3.10/site-packages'
[5.313s] Level 1:colcon.colcon_core.environment:checking '/home/xzq/Downloads/armor_ws/install/armor_pub/bin'
[5.313s] INFO:colcon.colcon_core.shell:Creating package script '/home/xzq/Downloads/armor_ws/install/armor_pub/share/armor_pub/package.ps1'
[5.313s] INFO:colcon.colcon_core.shell:Creating package descriptor '/home/xzq/Downloads/armor_ws/install/armor_pub/share/armor_pub/package.dsv'
[5.313s] INFO:colcon.colcon_core.shell:Creating package script '/home/xzq/Downloads/armor_ws/install/armor_pub/share/armor_pub/package.sh'
[5.314s] INFO:colcon.colcon_core.shell:Creating package script '/home/xzq/Downloads/armor_ws/install/armor_pub/share/armor_pub/package.bash'
[5.314s] INFO:colcon.colcon_core.shell:Creating package script '/home/xzq/Downloads/armor_ws/install/armor_pub/share/armor_pub/package.zsh'
[5.314s] Level 1:colcon.colcon_core.environment:create_file_with_runtime_dependencies(/home/xzq/Downloads/armor_ws/install/armor_pub/share/colcon-core/packages/armor_pub)
[5.314s] DEBUG:colcon.colcon_parallel_executor.executor.parallel:closing loop
[5.314s] DEBUG:colcon.colcon_parallel_executor.executor.parallel:loop closed
[5.314s] DEBUG:colcon.colcon_parallel_executor.executor.parallel:run_until_complete finished with '0'
[5.314s] DEBUG:colcon.colcon_core.event_reactor:joining thread
[5.317s] INFO:colcon.colcon_core.plugin_system:Skipping extension 'colcon_notification.desktop_notification.terminal_notifier': Not used on non-Darwin systems
[5.318s] INFO:colcon.colcon_core.plugin_system:Skipping extension 'colcon_notification.desktop_notification.win32': Not used on non-Windows systems
[5.318s] INFO:colcon.colcon_notification.desktop_notification:Sending desktop notification using 'notify2'
[5.326s] DEBUG:colcon.colcon_core.event_reactor:joined thread
[5.326s] INFO:colcon.colcon_core.shell:Creating prefix script '/home/xzq/Downloads/armor_ws/install/local_setup.ps1'
[5.327s] INFO:colcon.colcon_core.shell:Creating prefix util module '/home/xzq/Downloads/armor_ws/install/_local_setup_util_ps1.py'
[5.328s] INFO:colcon.colcon_core.shell:Creating prefix chain script '/home/xzq/Downloads/armor_ws/install/setup.ps1'
[5.329s] INFO:colcon.colcon_core.shell:Creating prefix script '/home/xzq/Downloads/armor_ws/install/local_setup.sh'
[5.329s] INFO:colcon.colcon_core.shell:Creating prefix util module '/home/xzq/Downloads/armor_ws/install/_local_setup_util_sh.py'
[5.329s] INFO:colcon.colcon_core.shell:Creating prefix chain script '/home/xzq/Downloads/armor_ws/install/setup.sh'
[5.330s] INFO:colcon.colcon_core.shell:Creating prefix script '/home/xzq/Downloads/armor_ws/install/local_setup.bash'
[5.330s] INFO:colcon.colcon_core.shell:Creating prefix chain script '/home/xzq/Downloads/armor_ws/install/setup.bash'
[5.330s] INFO:colcon.colcon_core.shell:Creating prefix script '/home/xzq/Downloads/armor_ws/install/local_setup.zsh'
[5.331s] INFO:colcon.colcon_core.shell:Creating prefix chain script '/home/xzq/Downloads/armor_ws/install/setup.zsh'
