-- The C compiler identification is GNU 12.3.0
-- The CXX compiler identification is GNU 11.4.0
-- Detecting C compiler ABI info
-- Detecting C compiler ABI info - done
-- Check for working C compiler: /usr/bin/cc - skipped
-- Detecting C compile features
-- Detecting C compile features - done
-- Detecting CXX compiler ABI info
-- Detecting CXX compiler ABI info - done
-- Check for working CXX compiler: /usr/bin/c++ - skipped
-- Detecting CXX compile features
-- Detecting CXX compile features - done
-- Looking for pthread.h
-- Looking for pthread.h - found
-- Performing Test CMAKE_HAVE_LIBC_PTHREAD
-- Performing Test CMAKE_HAVE_LIBC_PTHREAD - Success
-- Found Threads: TRUE  
-- Found OpenCV: /usr (found version "4.5.4") 
-- Configuring done
-- Generating done
-- Build files have been written to: /home/xzq/project/armor_ws/build/HikDriver
[ 50%] [32mBuilding CXX object CMakeFiles/hik_driver.dir/src/HikDriver.o[0m
[100%] [32m[1mLinking CXX static library libhik_driver.a[0m
[100%] Built target hik_driver
