[0.009s] Invoking command in '/home/xzq/project/ros2_ws/build/armor_sub': AMENT_PREFIX_PATH=/home/xzq/project/ros2_ws/install/armor_interfaces:${AMENT_PREFIX_PATH} CMAKE_PREFIX_PATH=/home/xzq/project/ros2_ws/install/armor_interfaces:/opt/ros/humble LD_LIBRARY_PATH=/home/xzq/project/ros2_ws/install/armor_interfaces/lib:/opt/MVS/lib/64:/opt/MVS/lib/32:/opt/MVS/lib/64:/opt/MVS/lib/32:/opt/MVS/lib/64:/opt/MVS/lib/32:/opt/ros/humble/opt/rviz_ogre_vendor/lib:/opt/ros/humble/lib/x86_64-linux-gnu:/opt/ros/humble/lib:/opt/MVS/lib/64:/opt/MVS/lib/32 PYTHONPATH=/home/xzq/project/ros2_ws/install/armor_interfaces/local/lib/python3.10/dist-packages:${PYTHONPATH} /usr/bin/cmake /home/xzq/project/ros2_ws/src/ArmorSub -DCMAKE_INSTALL_PREFIX=/home/xzq/project/ros2_ws/install/armor_sub
[0.052s] -- The C compiler identification is GNU 12.3.0
[0.091s] -- The CXX compiler identification is GNU 11.4.0
[0.096s] -- Detecting C compiler ABI info
[0.151s] -- Detecting C compiler ABI info - done
[0.158s] -- Check for working C compiler: /usr/bin/cc - skipped
[0.159s] -- Detecting C compile features
[0.159s] -- Detecting C compile features - done
[0.162s] -- Detecting CXX compiler ABI info
[0.237s] -- Detecting CXX compiler ABI info - done
[0.245s] -- Check for working CXX compiler: /usr/bin/c++ - skipped
[0.245s] -- Detecting CXX compile features
[0.245s] -- Detecting CXX compile features - done
[0.246s] [0m-- CMAKE_BUILD_TYPE: Release[0m
[0.247s] -- Found ament_cmake_auto: 1.3.11 (/opt/ros/humble/share/ament_cmake_auto/cmake)
[0.372s] -- Found Python3: /usr/bin/python3 (found version "3.10.12") found components: Interpreter 
[0.428s] -- Looking for pthread.h
[0.482s] -- Looking for pthread.h - found
[0.482s] -- Performing Test CMAKE_HAVE_LIBC_PTHREAD
[0.549s] -- Performing Test CMAKE_HAVE_LIBC_PTHREAD - Success
[0.550s] -- Found Threads: TRUE  
[0.558s] -- Found OpenCV: /usr (found version "4.5.4") 
[0.623s] -- Found rosidl_generator_c: 3.1.6 (/opt/ros/humble/share/rosidl_generator_c/cmake)
[0.626s] -- Found rosidl_adapter: 3.1.6 (/opt/ros/humble/share/rosidl_adapter/cmake)
[0.630s] -- Found rosidl_generator_cpp: 3.1.6 (/opt/ros/humble/share/rosidl_generator_cpp/cmake)
[0.638s] -- Using all available rosidl_typesupport_c: rosidl_typesupport_fastrtps_c;rosidl_typesupport_introspection_c
[0.647s] -- Using all available rosidl_typesupport_cpp: rosidl_typesupport_fastrtps_cpp;rosidl_typesupport_introspection_cpp
[0.673s] -- Found rmw_implementation_cmake: 6.1.2 (/opt/ros/humble/share/rmw_implementation_cmake/cmake)
[0.674s] -- Found rmw_fastrtps_cpp: 6.2.7 (/opt/ros/humble/share/rmw_fastrtps_cpp/cmake)
[0.734s] -- Found OpenSSL: /usr/lib/x86_64-linux-gnu/libcrypto.so (found version "3.0.2")  
[0.756s] -- Found FastRTPS: /opt/ros/humble/include  
[0.784s] -- Using RMW implementation 'rmw_fastrtps_cpp' as default
[0.939s] -- Found eigen3_cmake_module: 0.1.1 (/opt/ros/humble/share/eigen3_cmake_module/cmake)
[0.940s] -- Found Eigen3: TRUE (found version "3.4.0") 
[0.940s] -- Ensuring Eigen3 include directory is part of orocos-kdl CMake target
[0.966s] -- Configuring done
[0.989s] -- Generating done
[0.997s] -- Build files have been written to: /home/xzq/project/ros2_ws/build/armor_sub
[1.009s] Invoked command in '/home/xzq/project/ros2_ws/build/armor_sub' returned '0': AMENT_PREFIX_PATH=/home/xzq/project/ros2_ws/install/armor_interfaces:${AMENT_PREFIX_PATH} CMAKE_PREFIX_PATH=/home/xzq/project/ros2_ws/install/armor_interfaces:/opt/ros/humble LD_LIBRARY_PATH=/home/xzq/project/ros2_ws/install/armor_interfaces/lib:/opt/MVS/lib/64:/opt/MVS/lib/32:/opt/MVS/lib/64:/opt/MVS/lib/32:/opt/MVS/lib/64:/opt/MVS/lib/32:/opt/ros/humble/opt/rviz_ogre_vendor/lib:/opt/ros/humble/lib/x86_64-linux-gnu:/opt/ros/humble/lib:/opt/MVS/lib/64:/opt/MVS/lib/32 PYTHONPATH=/home/xzq/project/ros2_ws/install/armor_interfaces/local/lib/python3.10/dist-packages:${PYTHONPATH} /usr/bin/cmake /home/xzq/project/ros2_ws/src/ArmorSub -DCMAKE_INSTALL_PREFIX=/home/xzq/project/ros2_ws/install/armor_sub
[1.011s] Invoking command in '/home/xzq/project/ros2_ws/build/armor_sub': AMENT_PREFIX_PATH=/home/xzq/project/ros2_ws/install/armor_interfaces:${AMENT_PREFIX_PATH} CMAKE_PREFIX_PATH=/home/xzq/project/ros2_ws/install/armor_interfaces:/opt/ros/humble LD_LIBRARY_PATH=/home/xzq/project/ros2_ws/install/armor_interfaces/lib:/opt/MVS/lib/64:/opt/MVS/lib/32:/opt/MVS/lib/64:/opt/MVS/lib/32:/opt/MVS/lib/64:/opt/MVS/lib/32:/opt/ros/humble/opt/rviz_ogre_vendor/lib:/opt/ros/humble/lib/x86_64-linux-gnu:/opt/ros/humble/lib:/opt/MVS/lib/64:/opt/MVS/lib/32 PYTHONPATH=/home/xzq/project/ros2_ws/install/armor_interfaces/local/lib/python3.10/dist-packages:${PYTHONPATH} /usr/bin/cmake --build /home/xzq/project/ros2_ws/build/armor_sub -- -j12 -l12
[1.058s] [ 25%] [32mBuilding CXX object CMakeFiles/armor_sub.dir/src/ArmorSubNode.cpp.o[0m
[1.060s] [ 50%] [32mBuilding CXX object CMakeFiles/armor_sub_node.dir/rclcpp_components/node_main_armor_sub_node.cpp.o[0m
[3.744s] [ 75%] [32m[1mLinking CXX executable armor_sub_node[0m
[3.856s] [ 75%] Built target armor_sub_node
[9.439s] [100%] [32m[1mLinking CXX shared library libarmor_sub.so[0m
[9.558s] [100%] Built target armor_sub
[9.568s] Invoked command in '/home/xzq/project/ros2_ws/build/armor_sub' returned '0': AMENT_PREFIX_PATH=/home/xzq/project/ros2_ws/install/armor_interfaces:${AMENT_PREFIX_PATH} CMAKE_PREFIX_PATH=/home/xzq/project/ros2_ws/install/armor_interfaces:/opt/ros/humble LD_LIBRARY_PATH=/home/xzq/project/ros2_ws/install/armor_interfaces/lib:/opt/MVS/lib/64:/opt/MVS/lib/32:/opt/MVS/lib/64:/opt/MVS/lib/32:/opt/MVS/lib/64:/opt/MVS/lib/32:/opt/ros/humble/opt/rviz_ogre_vendor/lib:/opt/ros/humble/lib/x86_64-linux-gnu:/opt/ros/humble/lib:/opt/MVS/lib/64:/opt/MVS/lib/32 PYTHONPATH=/home/xzq/project/ros2_ws/install/armor_interfaces/local/lib/python3.10/dist-packages:${PYTHONPATH} /usr/bin/cmake --build /home/xzq/project/ros2_ws/build/armor_sub -- -j12 -l12
[9.569s] Invoking command in '/home/xzq/project/ros2_ws/build/armor_sub': AMENT_PREFIX_PATH=/home/xzq/project/ros2_ws/install/armor_interfaces:${AMENT_PREFIX_PATH} CMAKE_PREFIX_PATH=/home/xzq/project/ros2_ws/install/armor_interfaces:/opt/ros/humble LD_LIBRARY_PATH=/home/xzq/project/ros2_ws/install/armor_interfaces/lib:/opt/MVS/lib/64:/opt/MVS/lib/32:/opt/MVS/lib/64:/opt/MVS/lib/32:/opt/MVS/lib/64:/opt/MVS/lib/32:/opt/ros/humble/opt/rviz_ogre_vendor/lib:/opt/ros/humble/lib/x86_64-linux-gnu:/opt/ros/humble/lib:/opt/MVS/lib/64:/opt/MVS/lib/32 PYTHONPATH=/home/xzq/project/ros2_ws/install/armor_interfaces/local/lib/python3.10/dist-packages:${PYTHONPATH} /usr/bin/cmake --install /home/xzq/project/ros2_ws/build/armor_sub
[9.576s] -- Install configuration: "Release"
[9.576s] -- Installing: /home/xzq/project/ros2_ws/install/armor_sub/lib/armor_sub/armor_sub_node
[9.576s] -- Set runtime path of "/home/xzq/project/ros2_ws/install/armor_sub/lib/armor_sub/armor_sub_node" to ""
[9.576s] -- Installing: /home/xzq/project/ros2_ws/install/armor_sub/include
[9.576s] -- Installing: /home/xzq/project/ros2_ws/install/armor_sub/include/ArmorSubNode.h
[9.577s] -- Installing: /home/xzq/project/ros2_ws/install/armor_sub/share/armor_sub/environment/library_path.sh
[9.577s] -- Installing: /home/xzq/project/ros2_ws/install/armor_sub/share/armor_sub/environment/library_path.dsv
[9.577s] -- Installing: /home/xzq/project/ros2_ws/install/armor_sub/lib/libarmor_sub.so
[9.578s] -- Set runtime path of "/home/xzq/project/ros2_ws/install/armor_sub/lib/libarmor_sub.so" to ""
[9.578s] -- Installing: /home/xzq/project/ros2_ws/install/armor_sub/share/ament_index/resource_index/package_run_dependencies/armor_sub
[9.578s] -- Installing: /home/xzq/project/ros2_ws/install/armor_sub/share/ament_index/resource_index/parent_prefix_path/armor_sub
[9.578s] -- Installing: /home/xzq/project/ros2_ws/install/armor_sub/share/armor_sub/environment/ament_prefix_path.sh
[9.578s] -- Installing: /home/xzq/project/ros2_ws/install/armor_sub/share/armor_sub/environment/ament_prefix_path.dsv
[9.578s] -- Installing: /home/xzq/project/ros2_ws/install/armor_sub/share/armor_sub/environment/path.sh
[9.579s] -- Installing: /home/xzq/project/ros2_ws/install/armor_sub/share/armor_sub/environment/path.dsv
[9.579s] -- Installing: /home/xzq/project/ros2_ws/install/armor_sub/share/armor_sub/local_setup.bash
[9.579s] -- Installing: /home/xzq/project/ros2_ws/install/armor_sub/share/armor_sub/local_setup.sh
[9.579s] -- Installing: /home/xzq/project/ros2_ws/install/armor_sub/share/armor_sub/local_setup.zsh
[9.579s] -- Installing: /home/xzq/project/ros2_ws/install/armor_sub/share/armor_sub/local_setup.dsv
[9.579s] -- Installing: /home/xzq/project/ros2_ws/install/armor_sub/share/armor_sub/package.dsv
[9.579s] -- Installing: /home/xzq/project/ros2_ws/install/armor_sub/share/ament_index/resource_index/packages/armor_sub
[9.579s] -- Installing: /home/xzq/project/ros2_ws/install/armor_sub/share/ament_index/resource_index/rclcpp_components/armor_sub
[9.579s] -- Installing: /home/xzq/project/ros2_ws/install/armor_sub/share/armor_sub/cmake/ament_cmake_export_dependencies-extras.cmake
[9.580s] -- Installing: /home/xzq/project/ros2_ws/install/armor_sub/share/armor_sub/cmake/ament_cmake_export_include_directories-extras.cmake
[9.580s] -- Installing: /home/xzq/project/ros2_ws/install/armor_sub/share/armor_sub/cmake/ament_cmake_export_libraries-extras.cmake
[9.580s] -- Installing: /home/xzq/project/ros2_ws/install/armor_sub/share/armor_sub/cmake/armor_subConfig.cmake
[9.580s] -- Installing: /home/xzq/project/ros2_ws/install/armor_sub/share/armor_sub/cmake/armor_subConfig-version.cmake
[9.580s] -- Installing: /home/xzq/project/ros2_ws/install/armor_sub/share/armor_sub/package.xml
[9.582s] Invoked command in '/home/xzq/project/ros2_ws/build/armor_sub' returned '0': AMENT_PREFIX_PATH=/home/xzq/project/ros2_ws/install/armor_interfaces:${AMENT_PREFIX_PATH} CMAKE_PREFIX_PATH=/home/xzq/project/ros2_ws/install/armor_interfaces:/opt/ros/humble LD_LIBRARY_PATH=/home/xzq/project/ros2_ws/install/armor_interfaces/lib:/opt/MVS/lib/64:/opt/MVS/lib/32:/opt/MVS/lib/64:/opt/MVS/lib/32:/opt/MVS/lib/64:/opt/MVS/lib/32:/opt/ros/humble/opt/rviz_ogre_vendor/lib:/opt/ros/humble/lib/x86_64-linux-gnu:/opt/ros/humble/lib:/opt/MVS/lib/64:/opt/MVS/lib/32 PYTHONPATH=/home/xzq/project/ros2_ws/install/armor_interfaces/local/lib/python3.10/dist-packages:${PYTHONPATH} /usr/bin/cmake --install /home/xzq/project/ros2_ws/build/armor_sub
