[0.007s] Invoking command in '/home/xzq/Downloads/armor_ws/build/armor_sub': AMENT_PREFIX_PATH=/home/xzq/Downloads/armor_ws/install/armor_interfaces:${AMENT_PREFIX_PATH} CMAKE_PREFIX_PATH=/home/xzq/Downloads/armor_ws/install/armor_interfaces:/opt/ros/humble LD_LIBRARY_PATH=/home/xzq/Downloads/armor_ws/install/armor_interfaces/lib:/opt/MVS/lib/64:/opt/MVS/lib/32:/opt/MVS/lib/64:/opt/MVS/lib/32:/opt/MVS/lib/64:/opt/MVS/lib/32:/opt/ros/humble/opt/rviz_ogre_vendor/lib:/opt/ros/humble/lib/x86_64-linux-gnu:/opt/ros/humble/lib:/opt/MVS/lib/64:/opt/MVS/lib/32 PYTHONPATH=/home/xzq/Downloads/armor_ws/install/armor_interfaces/local/lib/python3.10/dist-packages:${PYTHONPATH} /usr/bin/cmake /home/xzq/Downloads/armor_ws/src/trackerArmor -DCMAKE_INSTALL_PREFIX=/home/xzq/Downloads/armor_ws/install/armor_sub
[0.051s] -- The C compiler identification is GNU 12.3.0
[0.090s] -- The CXX compiler identification is GNU 11.4.0
[0.095s] -- Detecting C compiler ABI info
[0.141s] -- Detecting C compiler ABI info - done
[0.145s] -- Check for working C compiler: /usr/bin/cc - skipped
[0.145s] -- Detecting C compile features
[0.146s] -- Detecting C compile features - done
[0.147s] -- Detecting CXX compiler ABI info
[0.211s] -- Detecting CXX compiler ABI info - done
[0.215s] -- Check for working CXX compiler: /usr/bin/c++ - skipped
[0.216s] -- Detecting CXX compile features
[0.216s] -- Detecting CXX compile features - done
[0.216s] [0m-- CMAKE_BUILD_TYPE: Release[0m
[0.217s] -- Found ament_cmake_auto: 1.3.11 (/opt/ros/humble/share/ament_cmake_auto/cmake)
[0.337s] -- Found Python3: /usr/bin/python3 (found version "3.10.12") found components: Interpreter 
[0.399s] -- Looking for pthread.h
[0.451s] -- Looking for pthread.h - found
[0.451s] -- Performing Test CMAKE_HAVE_LIBC_PTHREAD
[0.503s] -- Performing Test CMAKE_HAVE_LIBC_PTHREAD - Success
[0.504s] -- Found Threads: TRUE  
[0.512s] -- Found OpenCV: /usr (found version "4.5.4") 
[0.576s] -- Found rosidl_generator_c: 3.1.6 (/opt/ros/humble/share/rosidl_generator_c/cmake)
[0.578s] -- Found rosidl_adapter: 3.1.6 (/opt/ros/humble/share/rosidl_adapter/cmake)
[0.582s] -- Found rosidl_generator_cpp: 3.1.6 (/opt/ros/humble/share/rosidl_generator_cpp/cmake)
[0.588s] -- Using all available rosidl_typesupport_c: rosidl_typesupport_fastrtps_c;rosidl_typesupport_introspection_c
[0.597s] -- Using all available rosidl_typesupport_cpp: rosidl_typesupport_fastrtps_cpp;rosidl_typesupport_introspection_cpp
[0.620s] -- Found rmw_implementation_cmake: 6.1.2 (/opt/ros/humble/share/rmw_implementation_cmake/cmake)
[0.621s] -- Found rmw_fastrtps_cpp: 6.2.7 (/opt/ros/humble/share/rmw_fastrtps_cpp/cmake)
[0.676s] -- Found OpenSSL: /usr/lib/x86_64-linux-gnu/libcrypto.so (found version "3.0.2")  
[0.694s] -- Found FastRTPS: /opt/ros/humble/include  
[0.718s] -- Using RMW implementation 'rmw_fastrtps_cpp' as default
[0.866s] -- Found eigen3_cmake_module: 0.1.1 (/opt/ros/humble/share/eigen3_cmake_module/cmake)
[0.867s] -- Found Eigen3: TRUE (found version "3.4.0") 
[0.867s] -- Ensuring Eigen3 include directory is part of orocos-kdl CMake target
[0.884s] -- Configuring done
[0.897s] -- Generating done
[0.902s] -- Build files have been written to: /home/xzq/Downloads/armor_ws/build/armor_sub
[0.910s] Invoked command in '/home/xzq/Downloads/armor_ws/build/armor_sub' returned '0': AMENT_PREFIX_PATH=/home/xzq/Downloads/armor_ws/install/armor_interfaces:${AMENT_PREFIX_PATH} CMAKE_PREFIX_PATH=/home/xzq/Downloads/armor_ws/install/armor_interfaces:/opt/ros/humble LD_LIBRARY_PATH=/home/xzq/Downloads/armor_ws/install/armor_interfaces/lib:/opt/MVS/lib/64:/opt/MVS/lib/32:/opt/MVS/lib/64:/opt/MVS/lib/32:/opt/MVS/lib/64:/opt/MVS/lib/32:/opt/ros/humble/opt/rviz_ogre_vendor/lib:/opt/ros/humble/lib/x86_64-linux-gnu:/opt/ros/humble/lib:/opt/MVS/lib/64:/opt/MVS/lib/32 PYTHONPATH=/home/xzq/Downloads/armor_ws/install/armor_interfaces/local/lib/python3.10/dist-packages:${PYTHONPATH} /usr/bin/cmake /home/xzq/Downloads/armor_ws/src/trackerArmor -DCMAKE_INSTALL_PREFIX=/home/xzq/Downloads/armor_ws/install/armor_sub
[0.912s] Invoking command in '/home/xzq/Downloads/armor_ws/build/armor_sub': AMENT_PREFIX_PATH=/home/xzq/Downloads/armor_ws/install/armor_interfaces:${AMENT_PREFIX_PATH} CMAKE_PREFIX_PATH=/home/xzq/Downloads/armor_ws/install/armor_interfaces:/opt/ros/humble LD_LIBRARY_PATH=/home/xzq/Downloads/armor_ws/install/armor_interfaces/lib:/opt/MVS/lib/64:/opt/MVS/lib/32:/opt/MVS/lib/64:/opt/MVS/lib/32:/opt/MVS/lib/64:/opt/MVS/lib/32:/opt/ros/humble/opt/rviz_ogre_vendor/lib:/opt/ros/humble/lib/x86_64-linux-gnu:/opt/ros/humble/lib:/opt/MVS/lib/64:/opt/MVS/lib/32 PYTHONPATH=/home/xzq/Downloads/armor_ws/install/armor_interfaces/local/lib/python3.10/dist-packages:${PYTHONPATH} /usr/bin/cmake --build /home/xzq/Downloads/armor_ws/build/armor_sub -- -j12 -l12
[0.950s] [ 25%] [32mBuilding CXX object CMakeFiles/armor_sub_node.dir/rclcpp_components/node_main_armor_sub_node.cpp.o[0m
[0.956s] [ 50%] [32mBuilding CXX object CMakeFiles/armor_sub.dir/src/ArmorSubNode.cpp.o[0m
[4.260s] [ 75%] [32m[1mLinking CXX executable armor_sub_node[0m
[4.399s] [ 75%] Built target armor_sub_node
[11.349s] [100%] [32m[1mLinking CXX shared library libarmor_sub.so[0m
[11.477s] [100%] Built target armor_sub
[11.485s] Invoked command in '/home/xzq/Downloads/armor_ws/build/armor_sub' returned '0': AMENT_PREFIX_PATH=/home/xzq/Downloads/armor_ws/install/armor_interfaces:${AMENT_PREFIX_PATH} CMAKE_PREFIX_PATH=/home/xzq/Downloads/armor_ws/install/armor_interfaces:/opt/ros/humble LD_LIBRARY_PATH=/home/xzq/Downloads/armor_ws/install/armor_interfaces/lib:/opt/MVS/lib/64:/opt/MVS/lib/32:/opt/MVS/lib/64:/opt/MVS/lib/32:/opt/MVS/lib/64:/opt/MVS/lib/32:/opt/ros/humble/opt/rviz_ogre_vendor/lib:/opt/ros/humble/lib/x86_64-linux-gnu:/opt/ros/humble/lib:/opt/MVS/lib/64:/opt/MVS/lib/32 PYTHONPATH=/home/xzq/Downloads/armor_ws/install/armor_interfaces/local/lib/python3.10/dist-packages:${PYTHONPATH} /usr/bin/cmake --build /home/xzq/Downloads/armor_ws/build/armor_sub -- -j12 -l12
[11.486s] Invoking command in '/home/xzq/Downloads/armor_ws/build/armor_sub': AMENT_PREFIX_PATH=/home/xzq/Downloads/armor_ws/install/armor_interfaces:${AMENT_PREFIX_PATH} CMAKE_PREFIX_PATH=/home/xzq/Downloads/armor_ws/install/armor_interfaces:/opt/ros/humble LD_LIBRARY_PATH=/home/xzq/Downloads/armor_ws/install/armor_interfaces/lib:/opt/MVS/lib/64:/opt/MVS/lib/32:/opt/MVS/lib/64:/opt/MVS/lib/32:/opt/MVS/lib/64:/opt/MVS/lib/32:/opt/ros/humble/opt/rviz_ogre_vendor/lib:/opt/ros/humble/lib/x86_64-linux-gnu:/opt/ros/humble/lib:/opt/MVS/lib/64:/opt/MVS/lib/32 PYTHONPATH=/home/xzq/Downloads/armor_ws/install/armor_interfaces/local/lib/python3.10/dist-packages:${PYTHONPATH} /usr/bin/cmake --install /home/xzq/Downloads/armor_ws/build/armor_sub
[11.493s] -- Install configuration: "Release"
[11.493s] -- Installing: /home/xzq/Downloads/armor_ws/install/armor_sub/lib/armor_sub/armor_sub_node
[11.494s] -- Set runtime path of "/home/xzq/Downloads/armor_ws/install/armor_sub/lib/armor_sub/armor_sub_node" to ""
[11.494s] -- Installing: /home/xzq/Downloads/armor_ws/install/armor_sub/include
[11.494s] -- Installing: /home/xzq/Downloads/armor_ws/install/armor_sub/include/ArmorSubNode.h
[11.494s] -- Installing: /home/xzq/Downloads/armor_ws/install/armor_sub/share/armor_sub/environment/library_path.sh
[11.494s] -- Installing: /home/xzq/Downloads/armor_ws/install/armor_sub/share/armor_sub/environment/library_path.dsv
[11.494s] -- Installing: /home/xzq/Downloads/armor_ws/install/armor_sub/lib/libarmor_sub.so
[11.494s] -- Set runtime path of "/home/xzq/Downloads/armor_ws/install/armor_sub/lib/libarmor_sub.so" to ""
[11.494s] -- Installing: /home/xzq/Downloads/armor_ws/install/armor_sub/share/ament_index/resource_index/package_run_dependencies/armor_sub
[11.495s] -- Installing: /home/xzq/Downloads/armor_ws/install/armor_sub/share/ament_index/resource_index/parent_prefix_path/armor_sub
[11.495s] -- Installing: /home/xzq/Downloads/armor_ws/install/armor_sub/share/armor_sub/environment/ament_prefix_path.sh
[11.495s] -- Installing: /home/xzq/Downloads/armor_ws/install/armor_sub/share/armor_sub/environment/ament_prefix_path.dsv
[11.495s] -- Installing: /home/xzq/Downloads/armor_ws/install/armor_sub/share/armor_sub/environment/path.sh
[11.495s] -- Installing: /home/xzq/Downloads/armor_ws/install/armor_sub/share/armor_sub/environment/path.dsv
[11.495s] -- Installing: /home/xzq/Downloads/armor_ws/install/armor_sub/share/armor_sub/local_setup.bash
[11.495s] -- Installing: /home/xzq/Downloads/armor_ws/install/armor_sub/share/armor_sub/local_setup.sh
[11.495s] -- Installing: /home/xzq/Downloads/armor_ws/install/armor_sub/share/armor_sub/local_setup.zsh
[11.495s] -- Installing: /home/xzq/Downloads/armor_ws/install/armor_sub/share/armor_sub/local_setup.dsv
[11.495s] -- Installing: /home/xzq/Downloads/armor_ws/install/armor_sub/share/armor_sub/package.dsv
[11.495s] -- Installing: /home/xzq/Downloads/armor_ws/install/armor_sub/share/ament_index/resource_index/packages/armor_sub
[11.495s] -- Installing: /home/xzq/Downloads/armor_ws/install/armor_sub/share/ament_index/resource_index/rclcpp_components/armor_sub
[11.495s] -- Installing: /home/xzq/Downloads/armor_ws/install/armor_sub/share/armor_sub/cmake/ament_cmake_export_dependencies-extras.cmake
[11.495s] -- Installing: /home/xzq/Downloads/armor_ws/install/armor_sub/share/armor_sub/cmake/ament_cmake_export_include_directories-extras.cmake
[11.495s] -- Installing: /home/xzq/Downloads/armor_ws/install/armor_sub/share/armor_sub/cmake/ament_cmake_export_libraries-extras.cmake
[11.495s] -- Installing: /home/xzq/Downloads/armor_ws/install/armor_sub/share/armor_sub/cmake/armor_subConfig.cmake
[11.495s] -- Installing: /home/xzq/Downloads/armor_ws/install/armor_sub/share/armor_sub/cmake/armor_subConfig-version.cmake
[11.495s] -- Installing: /home/xzq/Downloads/armor_ws/install/armor_sub/share/armor_sub/package.xml
[11.497s] Invoked command in '/home/xzq/Downloads/armor_ws/build/armor_sub' returned '0': AMENT_PREFIX_PATH=/home/xzq/Downloads/armor_ws/install/armor_interfaces:${AMENT_PREFIX_PATH} CMAKE_PREFIX_PATH=/home/xzq/Downloads/armor_ws/install/armor_interfaces:/opt/ros/humble LD_LIBRARY_PATH=/home/xzq/Downloads/armor_ws/install/armor_interfaces/lib:/opt/MVS/lib/64:/opt/MVS/lib/32:/opt/MVS/lib/64:/opt/MVS/lib/32:/opt/MVS/lib/64:/opt/MVS/lib/32:/opt/ros/humble/opt/rviz_ogre_vendor/lib:/opt/ros/humble/lib/x86_64-linux-gnu:/opt/ros/humble/lib:/opt/MVS/lib/64:/opt/MVS/lib/32 PYTHONPATH=/home/xzq/Downloads/armor_ws/install/armor_interfaces/local/lib/python3.10/dist-packages:${PYTHONPATH} /usr/bin/cmake --install /home/xzq/Downloads/armor_ws/build/armor_sub
