[0.009s] Invoking command in '/home/xzq/project/ros2_ws/build/armor_pub': AMENT_PREFIX_PATH=/home/xzq/project/ros2_ws/install/armor_interfaces:${AMENT_PREFIX_PATH} CMAKE_PREFIX_PATH=/home/xzq/project/ros2_ws/install/armor_interfaces:/opt/ros/humble LD_LIBRARY_PATH=/home/xzq/project/ros2_ws/install/armor_interfaces/lib:/opt/MVS/lib/64:/opt/MVS/lib/32:/opt/MVS/lib/64:/opt/MVS/lib/32:/opt/MVS/lib/64:/opt/MVS/lib/32:/opt/ros/humble/opt/rviz_ogre_vendor/lib:/opt/ros/humble/lib/x86_64-linux-gnu:/opt/ros/humble/lib:/opt/MVS/lib/64:/opt/MVS/lib/32 PYTHONPATH=/home/xzq/project/ros2_ws/install/armor_interfaces/local/lib/python3.10/dist-packages:${PYTHONPATH} /usr/bin/cmake /home/xzq/project/ros2_ws/src/ArmorPub -DCMAKE_INSTALL_PREFIX=/home/xzq/project/ros2_ws/install/armor_pub
[0.054s] -- The C compiler identification is GNU 12.3.0
[0.093s] -- The CXX compiler identification is GNU 11.4.0
[0.098s] -- Detecting C compiler ABI info
[0.157s] -- Detecting C compiler ABI info - done
[0.164s] -- Check for working C compiler: /usr/bin/cc - skipped
[0.164s] -- Detecting C compile features
[0.164s] -- Detecting C compile features - done
[0.167s] -- Detecting CXX compiler ABI info
[0.232s] -- Detecting CXX compiler ABI info - done
[0.239s] -- Check for working CXX compiler: /usr/bin/c++ - skipped
[0.239s] -- Detecting CXX compile features
[0.239s] -- Detecting CXX compile features - done
[0.240s] [0m-- CMAKE_BUILD_TYPE: Release[0m
[0.240s] -- Found ament_cmake_auto: 1.3.11 (/opt/ros/humble/share/ament_cmake_auto/cmake)
[0.367s] -- Found Python3: /usr/bin/python3 (found version "3.10.12") found components: Interpreter 
[0.446s] -- Looking for pthread.h
[0.511s] -- Looking for pthread.h - found
[0.511s] -- Performing Test CMAKE_HAVE_LIBC_PTHREAD
[0.563s] -- Performing Test CMAKE_HAVE_LIBC_PTHREAD - Success
[0.563s] -- Found Threads: TRUE  
[0.576s] -- Found OpenCV: /usr (found version "4.5.4") 
[0.654s] -- Found rosidl_generator_c: 3.1.6 (/opt/ros/humble/share/rosidl_generator_c/cmake)
[0.657s] -- Found rosidl_adapter: 3.1.6 (/opt/ros/humble/share/rosidl_adapter/cmake)
[0.662s] -- Found rosidl_generator_cpp: 3.1.6 (/opt/ros/humble/share/rosidl_generator_cpp/cmake)
[0.669s] -- Using all available rosidl_typesupport_c: rosidl_typesupport_fastrtps_c;rosidl_typesupport_introspection_c
[0.679s] -- Using all available rosidl_typesupport_cpp: rosidl_typesupport_fastrtps_cpp;rosidl_typesupport_introspection_cpp
[0.704s] -- Found rmw_implementation_cmake: 6.1.2 (/opt/ros/humble/share/rmw_implementation_cmake/cmake)
[0.705s] -- Found rmw_fastrtps_cpp: 6.2.7 (/opt/ros/humble/share/rmw_fastrtps_cpp/cmake)
[0.764s] -- Found OpenSSL: /usr/lib/x86_64-linux-gnu/libcrypto.so (found version "3.0.2")  
[0.789s] -- Found FastRTPS: /opt/ros/humble/include  
[0.819s] -- Using RMW implementation 'rmw_fastrtps_cpp' as default
[1.030s] -- Found eigen3_cmake_module: 0.1.1 (/opt/ros/humble/share/eigen3_cmake_module/cmake)
[1.031s] -- Found Eigen3: TRUE (found version "3.4.0") 
[1.031s] -- Ensuring Eigen3 include directory is part of orocos-kdl CMake target
[1.049s] -- Configuring done
[1.064s] -- Generating done
[1.069s] -- Build files have been written to: /home/xzq/project/ros2_ws/build/armor_pub
[1.077s] Invoked command in '/home/xzq/project/ros2_ws/build/armor_pub' returned '0': AMENT_PREFIX_PATH=/home/xzq/project/ros2_ws/install/armor_interfaces:${AMENT_PREFIX_PATH} CMAKE_PREFIX_PATH=/home/xzq/project/ros2_ws/install/armor_interfaces:/opt/ros/humble LD_LIBRARY_PATH=/home/xzq/project/ros2_ws/install/armor_interfaces/lib:/opt/MVS/lib/64:/opt/MVS/lib/32:/opt/MVS/lib/64:/opt/MVS/lib/32:/opt/MVS/lib/64:/opt/MVS/lib/32:/opt/ros/humble/opt/rviz_ogre_vendor/lib:/opt/ros/humble/lib/x86_64-linux-gnu:/opt/ros/humble/lib:/opt/MVS/lib/64:/opt/MVS/lib/32 PYTHONPATH=/home/xzq/project/ros2_ws/install/armor_interfaces/local/lib/python3.10/dist-packages:${PYTHONPATH} /usr/bin/cmake /home/xzq/project/ros2_ws/src/ArmorPub -DCMAKE_INSTALL_PREFIX=/home/xzq/project/ros2_ws/install/armor_pub
[1.078s] Invoking command in '/home/xzq/project/ros2_ws/build/armor_pub': AMENT_PREFIX_PATH=/home/xzq/project/ros2_ws/install/armor_interfaces:${AMENT_PREFIX_PATH} CMAKE_PREFIX_PATH=/home/xzq/project/ros2_ws/install/armor_interfaces:/opt/ros/humble LD_LIBRARY_PATH=/home/xzq/project/ros2_ws/install/armor_interfaces/lib:/opt/MVS/lib/64:/opt/MVS/lib/32:/opt/MVS/lib/64:/opt/MVS/lib/32:/opt/MVS/lib/64:/opt/MVS/lib/32:/opt/ros/humble/opt/rviz_ogre_vendor/lib:/opt/ros/humble/lib/x86_64-linux-gnu:/opt/ros/humble/lib:/opt/MVS/lib/64:/opt/MVS/lib/32 PYTHONPATH=/home/xzq/project/ros2_ws/install/armor_interfaces/local/lib/python3.10/dist-packages:${PYTHONPATH} /usr/bin/cmake --build /home/xzq/project/ros2_ws/build/armor_pub -- -j12 -l12
[1.116s] [ 50%] [32mBuilding CXX object CMakeFiles/armor_pub_node.dir/rclcpp_components/node_main_armor_pub_node.cpp.o[0m
[1.116s] [ 50%] [32mBuilding CXX object CMakeFiles/armor_pub.dir/src/ArmorPubNode.cpp.o[0m
[4.037s] [ 75%] [32m[1mLinking CXX executable armor_pub_node[0m
[4.117s] [ 75%] Built target armor_pub_node
[6.776s] [100%] [32m[1mLinking CXX shared library libarmor_pub.so[0m
[6.887s] [100%] Built target armor_pub
[6.895s] Invoked command in '/home/xzq/project/ros2_ws/build/armor_pub' returned '0': AMENT_PREFIX_PATH=/home/xzq/project/ros2_ws/install/armor_interfaces:${AMENT_PREFIX_PATH} CMAKE_PREFIX_PATH=/home/xzq/project/ros2_ws/install/armor_interfaces:/opt/ros/humble LD_LIBRARY_PATH=/home/xzq/project/ros2_ws/install/armor_interfaces/lib:/opt/MVS/lib/64:/opt/MVS/lib/32:/opt/MVS/lib/64:/opt/MVS/lib/32:/opt/MVS/lib/64:/opt/MVS/lib/32:/opt/ros/humble/opt/rviz_ogre_vendor/lib:/opt/ros/humble/lib/x86_64-linux-gnu:/opt/ros/humble/lib:/opt/MVS/lib/64:/opt/MVS/lib/32 PYTHONPATH=/home/xzq/project/ros2_ws/install/armor_interfaces/local/lib/python3.10/dist-packages:${PYTHONPATH} /usr/bin/cmake --build /home/xzq/project/ros2_ws/build/armor_pub -- -j12 -l12
[6.897s] Invoking command in '/home/xzq/project/ros2_ws/build/armor_pub': AMENT_PREFIX_PATH=/home/xzq/project/ros2_ws/install/armor_interfaces:${AMENT_PREFIX_PATH} CMAKE_PREFIX_PATH=/home/xzq/project/ros2_ws/install/armor_interfaces:/opt/ros/humble LD_LIBRARY_PATH=/home/xzq/project/ros2_ws/install/armor_interfaces/lib:/opt/MVS/lib/64:/opt/MVS/lib/32:/opt/MVS/lib/64:/opt/MVS/lib/32:/opt/MVS/lib/64:/opt/MVS/lib/32:/opt/ros/humble/opt/rviz_ogre_vendor/lib:/opt/ros/humble/lib/x86_64-linux-gnu:/opt/ros/humble/lib:/opt/MVS/lib/64:/opt/MVS/lib/32 PYTHONPATH=/home/xzq/project/ros2_ws/install/armor_interfaces/local/lib/python3.10/dist-packages:${PYTHONPATH} /usr/bin/cmake --install /home/xzq/project/ros2_ws/build/armor_pub
[6.902s] -- Install configuration: "Release"
[6.902s] -- Installing: /home/xzq/project/ros2_ws/install/armor_pub/lib/armor_pub/armor_pub_node
[6.902s] -- Set runtime path of "/home/xzq/project/ros2_ws/install/armor_pub/lib/armor_pub/armor_pub_node" to ""
[6.903s] -- Installing: /home/xzq/project/ros2_ws/install/armor_pub/include
[6.903s] -- Installing: /home/xzq/project/ros2_ws/install/armor_pub/include/ArmorPubNode.h
[6.903s] -- Installing: /home/xzq/project/ros2_ws/install/armor_pub/share/armor_pub/environment/library_path.sh
[6.903s] -- Installing: /home/xzq/project/ros2_ws/install/armor_pub/share/armor_pub/environment/library_path.dsv
[6.903s] -- Installing: /home/xzq/project/ros2_ws/install/armor_pub/lib/libarmor_pub.so
[6.903s] -- Set runtime path of "/home/xzq/project/ros2_ws/install/armor_pub/lib/libarmor_pub.so" to ""
[6.903s] -- Installing: /home/xzq/project/ros2_ws/install/armor_pub/share/ament_index/resource_index/package_run_dependencies/armor_pub
[6.903s] -- Installing: /home/xzq/project/ros2_ws/install/armor_pub/share/ament_index/resource_index/parent_prefix_path/armor_pub
[6.903s] -- Installing: /home/xzq/project/ros2_ws/install/armor_pub/share/armor_pub/environment/ament_prefix_path.sh
[6.903s] -- Installing: /home/xzq/project/ros2_ws/install/armor_pub/share/armor_pub/environment/ament_prefix_path.dsv
[6.903s] -- Installing: /home/xzq/project/ros2_ws/install/armor_pub/share/armor_pub/environment/path.sh
[6.903s] -- Installing: /home/xzq/project/ros2_ws/install/armor_pub/share/armor_pub/environment/path.dsv
[6.903s] -- Installing: /home/xzq/project/ros2_ws/install/armor_pub/share/armor_pub/local_setup.bash
[6.904s] -- Installing: /home/xzq/project/ros2_ws/install/armor_pub/share/armor_pub/local_setup.sh
[6.904s] -- Installing: /home/xzq/project/ros2_ws/install/armor_pub/share/armor_pub/local_setup.zsh
[6.904s] -- Installing: /home/xzq/project/ros2_ws/install/armor_pub/share/armor_pub/local_setup.dsv
[6.904s] -- Installing: /home/xzq/project/ros2_ws/install/armor_pub/share/armor_pub/package.dsv
[6.904s] -- Installing: /home/xzq/project/ros2_ws/install/armor_pub/share/ament_index/resource_index/packages/armor_pub
[6.904s] -- Installing: /home/xzq/project/ros2_ws/install/armor_pub/share/ament_index/resource_index/rclcpp_components/armor_pub
[6.904s] -- Installing: /home/xzq/project/ros2_ws/install/armor_pub/share/armor_pub/cmake/ament_cmake_export_dependencies-extras.cmake
[6.904s] -- Installing: /home/xzq/project/ros2_ws/install/armor_pub/share/armor_pub/cmake/ament_cmake_export_include_directories-extras.cmake
[6.904s] -- Installing: /home/xzq/project/ros2_ws/install/armor_pub/share/armor_pub/cmake/ament_cmake_export_libraries-extras.cmake
[6.904s] -- Installing: /home/xzq/project/ros2_ws/install/armor_pub/share/armor_pub/cmake/armor_pubConfig.cmake
[6.904s] -- Installing: /home/xzq/project/ros2_ws/install/armor_pub/share/armor_pub/cmake/armor_pubConfig-version.cmake
[6.904s] -- Installing: /home/xzq/project/ros2_ws/install/armor_pub/share/armor_pub/package.xml
[6.905s] Invoked command in '/home/xzq/project/ros2_ws/build/armor_pub' returned '0': AMENT_PREFIX_PATH=/home/xzq/project/ros2_ws/install/armor_interfaces:${AMENT_PREFIX_PATH} CMAKE_PREFIX_PATH=/home/xzq/project/ros2_ws/install/armor_interfaces:/opt/ros/humble LD_LIBRARY_PATH=/home/xzq/project/ros2_ws/install/armor_interfaces/lib:/opt/MVS/lib/64:/opt/MVS/lib/32:/opt/MVS/lib/64:/opt/MVS/lib/32:/opt/MVS/lib/64:/opt/MVS/lib/32:/opt/ros/humble/opt/rviz_ogre_vendor/lib:/opt/ros/humble/lib/x86_64-linux-gnu:/opt/ros/humble/lib:/opt/MVS/lib/64:/opt/MVS/lib/32 PYTHONPATH=/home/xzq/project/ros2_ws/install/armor_interfaces/local/lib/python3.10/dist-packages:${PYTHONPATH} /usr/bin/cmake --install /home/xzq/project/ros2_ws/build/armor_pub
