[0.008s] Invoking command in '/home/xzq/project/ros2_ws/build/armor_sub': AMENT_PREFIX_PATH=/home/xzq/project/ros2_ws/install/armor_interfaces:${AMENT_PREFIX_PATH} CMAKE_PREFIX_PATH=/home/xzq/project/ros2_ws/install/armor_interfaces:/opt/ros/humble LD_LIBRARY_PATH=/home/xzq/project/ros2_ws/install/armor_interfaces/lib:/opt/MVS/lib/64:/opt/MVS/lib/32:/opt/MVS/lib/64:/opt/MVS/lib/32:/opt/MVS/lib/64:/opt/MVS/lib/32:/opt/ros/humble/opt/rviz_ogre_vendor/lib:/opt/ros/humble/lib/x86_64-linux-gnu:/opt/ros/humble/lib:/opt/MVS/lib/64:/opt/MVS/lib/32 PYTHONPATH=/home/xzq/project/ros2_ws/install/armor_interfaces/local/lib/python3.10/dist-packages:${PYTHONPATH} /usr/bin/cmake /home/xzq/project/ros2_ws/src/ArmorSub -DCMAKE_INSTALL_PREFIX=/home/xzq/project/ros2_ws/install/armor_sub
[0.047s] -- The C compiler identification is GNU 12.3.0
[0.085s] -- The CXX compiler identification is GNU 11.4.0
[0.090s] -- Detecting C compiler ABI info
[0.139s] -- Detecting C compiler ABI info - done
[0.144s] -- Check for working C compiler: /usr/bin/cc - skipped
[0.144s] -- Detecting C compile features
[0.144s] -- Detecting C compile features - done
[0.146s] -- Detecting CXX compiler ABI info
[0.202s] -- Detecting CXX compiler ABI info - done
[0.209s] -- Check for working CXX compiler: /usr/bin/c++ - skipped
[0.209s] -- Detecting CXX compile features
[0.209s] -- Detecting CXX compile features - done
[0.211s] -- Found ament_cmake: 1.3.11 (/opt/ros/humble/share/ament_cmake/cmake)
[0.315s] -- Found Python3: /usr/bin/python3 (found version "3.10.12") found components: Interpreter 
[0.367s] -- Found rclcpp: 16.0.11 (/opt/ros/humble/share/rclcpp/cmake)
[0.390s] -- Found rosidl_generator_c: 3.1.6 (/opt/ros/humble/share/rosidl_generator_c/cmake)
[0.393s] -- Found rosidl_adapter: 3.1.6 (/opt/ros/humble/share/rosidl_adapter/cmake)
[0.397s] -- Found rosidl_generator_cpp: 3.1.6 (/opt/ros/humble/share/rosidl_generator_cpp/cmake)
[0.404s] -- Using all available rosidl_typesupport_c: rosidl_typesupport_fastrtps_c;rosidl_typesupport_introspection_c
[0.413s] -- Using all available rosidl_typesupport_cpp: rosidl_typesupport_fastrtps_cpp;rosidl_typesupport_introspection_cpp
[0.437s] -- Found rmw_implementation_cmake: 6.1.2 (/opt/ros/humble/share/rmw_implementation_cmake/cmake)
[0.438s] -- Found rmw_fastrtps_cpp: 6.2.7 (/opt/ros/humble/share/rmw_fastrtps_cpp/cmake)
[0.492s] -- Found OpenSSL: /usr/lib/x86_64-linux-gnu/libcrypto.so (found version "3.0.2")  
[0.508s] -- Found FastRTPS: /opt/ros/humble/include  
[0.534s] -- Using RMW implementation 'rmw_fastrtps_cpp' as default
[0.538s] -- Looking for pthread.h
[0.589s] -- Looking for pthread.h - found
[0.589s] -- Performing Test CMAKE_HAVE_LIBC_PTHREAD
[0.642s] -- Performing Test CMAKE_HAVE_LIBC_PTHREAD - Success
[0.643s] -- Found Threads: TRUE  
[0.672s] -- Found armor_interfaces: 0.0.0 (/home/xzq/project/ros2_ws/install/armor_interfaces/share/armor_interfaces/cmake)
[0.689s] -- Found ament_lint_auto: 0.12.11 (/opt/ros/humble/share/ament_lint_auto/cmake)
[0.741s] -- Added test 'cppcheck' to perform static code analysis on C / C++ code
[0.741s] -- Configured cppcheck include dirs: 
[0.741s] -- Configured cppcheck exclude dirs and/or files: 
[0.741s] -- Added test 'lint_cmake' to check CMake code style
[0.742s] -- Added test 'uncrustify' to check C / C++ code style
[0.742s] -- Configured uncrustify additional arguments: 
[0.742s] -- Added test 'xmllint' to check XML markup files
[0.743s] -- Configuring done
[0.745s] [31mCMake Error at CMakeLists.txt:31 (add_executable):
[0.745s]   Cannot find source file:
[0.745s] 
[0.745s]     src/subscriber_member_function.cpp
[0.745s] 
[0.745s]   Tried extensions .c .C .c++ .cc .cpp .cxx .cu .mpp .m .M .mm .ixx .cppm .h
[0.745s]   .hh .h++ .hm .hpp .hxx .in .txx .f .F .for .f77 .f90 .f95 .f03 .hip .ispc
[0.745s] 
[0.745s] [0m
[0.746s] [31mCMake Error at CMakeLists.txt:31 (add_executable):
[0.746s]   No SOURCES given to target: listener
[0.746s] 
[0.746s] [0m
[0.746s] [0mCMake Generate step failed.  Build files cannot be regenerated correctly.[0m
[0.752s] Invoked command in '/home/xzq/project/ros2_ws/build/armor_sub' returned '1': AMENT_PREFIX_PATH=/home/xzq/project/ros2_ws/install/armor_interfaces:${AMENT_PREFIX_PATH} CMAKE_PREFIX_PATH=/home/xzq/project/ros2_ws/install/armor_interfaces:/opt/ros/humble LD_LIBRARY_PATH=/home/xzq/project/ros2_ws/install/armor_interfaces/lib:/opt/MVS/lib/64:/opt/MVS/lib/32:/opt/MVS/lib/64:/opt/MVS/lib/32:/opt/MVS/lib/64:/opt/MVS/lib/32:/opt/ros/humble/opt/rviz_ogre_vendor/lib:/opt/ros/humble/lib/x86_64-linux-gnu:/opt/ros/humble/lib:/opt/MVS/lib/64:/opt/MVS/lib/32 PYTHONPATH=/home/xzq/project/ros2_ws/install/armor_interfaces/local/lib/python3.10/dist-packages:${PYTHONPATH} /usr/bin/cmake /home/xzq/project/ros2_ws/src/ArmorSub -DCMAKE_INSTALL_PREFIX=/home/xzq/project/ros2_ws/install/armor_sub
