[0.058s] DEBUG:colcon:Command line arguments: ['/usr/bin/colcon', 'build']
[0.058s] DEBUG:colcon:Parsed command line arguments: Namespace(log_base=None, log_level=None, verb_name='build', build_base='build', install_base='install', merge_install=False, symlink_install=False, test_result_base=None, continue_on_error=False, executor='parallel', parallel_workers=12, event_handlers=None, ignore_user_meta=False, metas=['./colcon.meta'], base_paths=['.'], packages_ignore=None, packages_ignore_regex=None, paths=None, packages_up_to=None, packages_up_to_regex=None, packages_above=None, packages_above_and_dependencies=None, packages_above_depth=None, packages_select_by_dep=None, packages_skip_by_dep=None, packages_skip_up_to=None, packages_select_build_failed=False, packages_skip_build_finished=False, packages_select_test_failures=False, packages_skip_test_passed=False, packages_select=None, packages_skip=None, packages_select_regex=None, packages_skip_regex=None, packages_start=None, packages_end=None, allow_overriding=[], cmake_args=None, cmake_target=None, cmake_target_skip_unavailable=False, cmake_clean_cache=False, cmake_clean_first=False, cmake_force_configure=False, ament_cmake_args=None, catkin_cmake_args=None, catkin_skip_building_tests=False, mixin_files=None, mixin=None, verb_parser=<colcon_mixin.mixin.mixin_argument.MixinArgumentDecorator object at 0x7c6dac02eef0>, verb_extension=<colcon_core.verb.build.BuildVerb object at 0x7c6dac127dc0>, main=<bound method BuildVerb.main of <colcon_core.verb.build.BuildVerb object at 0x7c6dac127dc0>>, mixin_verb=('build',))
[0.138s] Level 1:colcon.colcon_core.package_discovery:discover_packages(colcon_meta) check parameters
[0.138s] Level 1:colcon.colcon_core.package_discovery:discover_packages(recursive) check parameters
[0.138s] Level 1:colcon.colcon_core.package_discovery:discover_packages(ignore) check parameters
[0.138s] Level 1:colcon.colcon_core.package_discovery:discover_packages(path) check parameters
[0.138s] Level 1:colcon.colcon_core.package_discovery:discover_packages(colcon_meta) discover
[0.138s] Level 1:colcon.colcon_core.package_discovery:discover_packages(recursive) discover
[0.139s] INFO:colcon.colcon_core.package_discovery:Crawling recursively for packages in '/home/xzq/Downloads/armor_ws'
[0.139s] Level 1:colcon.colcon_core.package_identification:_identify(.) by extensions ['ignore', 'ignore_ament_install']
[0.139s] Level 1:colcon.colcon_core.package_identification:_identify(.) by extension 'ignore'
[0.139s] Level 1:colcon.colcon_core.package_identification:_identify(.) by extension 'ignore_ament_install'
[0.139s] Level 1:colcon.colcon_core.package_identification:_identify(.) by extensions ['colcon_pkg']
[0.139s] Level 1:colcon.colcon_core.package_identification:_identify(.) by extension 'colcon_pkg'
[0.139s] Level 1:colcon.colcon_core.package_identification:_identify(.) by extensions ['colcon_meta']
[0.139s] Level 1:colcon.colcon_core.package_identification:_identify(.) by extension 'colcon_meta'
[0.139s] Level 1:colcon.colcon_core.package_identification:_identify(.) by extensions ['ros']
[0.139s] Level 1:colcon.colcon_core.package_identification:_identify(.) by extension 'ros'
[0.146s] Level 1:colcon.colcon_core.package_identification:_identify(.) by extensions ['cmake', 'python']
[0.146s] Level 1:colcon.colcon_core.package_identification:_identify(.) by extension 'cmake'
[0.146s] Level 1:colcon.colcon_core.package_identification:_identify(.) by extension 'python'
[0.146s] Level 1:colcon.colcon_core.package_identification:_identify(.) by extensions ['python_setup_py']
[0.146s] Level 1:colcon.colcon_core.package_identification:_identify(.) by extension 'python_setup_py'
[0.146s] Level 1:colcon.colcon_core.package_identification:_identify(build) by extensions ['ignore', 'ignore_ament_install']
[0.146s] Level 1:colcon.colcon_core.package_identification:_identify(build) by extension 'ignore'
[0.146s] Level 1:colcon.colcon_core.package_identification:_identify(build) ignored
[0.146s] Level 1:colcon.colcon_core.package_identification:_identify(install) by extensions ['ignore', 'ignore_ament_install']
[0.147s] Level 1:colcon.colcon_core.package_identification:_identify(install) by extension 'ignore'
[0.147s] Level 1:colcon.colcon_core.package_identification:_identify(install) ignored
[0.147s] Level 1:colcon.colcon_core.package_identification:_identify(log) by extensions ['ignore', 'ignore_ament_install']
[0.147s] Level 1:colcon.colcon_core.package_identification:_identify(log) by extension 'ignore'
[0.147s] Level 1:colcon.colcon_core.package_identification:_identify(log) ignored
[0.147s] Level 1:colcon.colcon_core.package_identification:_identify(src) by extensions ['ignore', 'ignore_ament_install']
[0.147s] Level 1:colcon.colcon_core.package_identification:_identify(src) by extension 'ignore'
[0.147s] Level 1:colcon.colcon_core.package_identification:_identify(src) by extension 'ignore_ament_install'
[0.147s] Level 1:colcon.colcon_core.package_identification:_identify(src) by extensions ['colcon_pkg']
[0.147s] Level 1:colcon.colcon_core.package_identification:_identify(src) by extension 'colcon_pkg'
[0.147s] Level 1:colcon.colcon_core.package_identification:_identify(src) by extensions ['colcon_meta']
[0.147s] Level 1:colcon.colcon_core.package_identification:_identify(src) by extension 'colcon_meta'
[0.147s] Level 1:colcon.colcon_core.package_identification:_identify(src) by extensions ['ros']
[0.147s] Level 1:colcon.colcon_core.package_identification:_identify(src) by extension 'ros'
[0.147s] Level 1:colcon.colcon_core.package_identification:_identify(src) by extensions ['cmake', 'python']
[0.147s] Level 1:colcon.colcon_core.package_identification:_identify(src) by extension 'cmake'
[0.147s] Level 1:colcon.colcon_core.package_identification:_identify(src) by extension 'python'
[0.147s] Level 1:colcon.colcon_core.package_identification:_identify(src) by extensions ['python_setup_py']
[0.147s] Level 1:colcon.colcon_core.package_identification:_identify(src) by extension 'python_setup_py'
[0.147s] Level 1:colcon.colcon_core.package_identification:_identify(src/armor_interfaces) by extensions ['ignore', 'ignore_ament_install']
[0.147s] Level 1:colcon.colcon_core.package_identification:_identify(src/armor_interfaces) by extension 'ignore'
[0.147s] Level 1:colcon.colcon_core.package_identification:_identify(src/armor_interfaces) by extension 'ignore_ament_install'
[0.147s] Level 1:colcon.colcon_core.package_identification:_identify(src/armor_interfaces) by extensions ['colcon_pkg']
[0.147s] Level 1:colcon.colcon_core.package_identification:_identify(src/armor_interfaces) by extension 'colcon_pkg'
[0.147s] Level 1:colcon.colcon_core.package_identification:_identify(src/armor_interfaces) by extensions ['colcon_meta']
[0.147s] Level 1:colcon.colcon_core.package_identification:_identify(src/armor_interfaces) by extension 'colcon_meta'
[0.147s] Level 1:colcon.colcon_core.package_identification:_identify(src/armor_interfaces) by extensions ['ros']
[0.147s] Level 1:colcon.colcon_core.package_identification:_identify(src/armor_interfaces) by extension 'ros'
[0.149s] DEBUG:colcon.colcon_core.package_identification:Package 'src/armor_interfaces' with type 'ros.ament_cmake' and name 'armor_interfaces'
[0.149s] Level 1:colcon.colcon_core.package_identification:_identify(src/build) by extensions ['ignore', 'ignore_ament_install']
[0.149s] Level 1:colcon.colcon_core.package_identification:_identify(src/build) by extension 'ignore'
[0.149s] Level 1:colcon.colcon_core.package_identification:_identify(src/build) by extension 'ignore_ament_install'
[0.149s] Level 1:colcon.colcon_core.package_identification:_identify(src/build) by extensions ['colcon_pkg']
[0.149s] Level 1:colcon.colcon_core.package_identification:_identify(src/build) by extension 'colcon_pkg'
[0.149s] Level 1:colcon.colcon_core.package_identification:_identify(src/build) by extensions ['colcon_meta']
[0.149s] Level 1:colcon.colcon_core.package_identification:_identify(src/build) by extension 'colcon_meta'
[0.149s] Level 1:colcon.colcon_core.package_identification:_identify(src/build) by extensions ['ros']
[0.149s] Level 1:colcon.colcon_core.package_identification:_identify(src/build) by extension 'ros'
[0.150s] Level 1:colcon.colcon_core.package_identification:_identify(src/build) by extensions ['cmake', 'python']
[0.150s] Level 1:colcon.colcon_core.package_identification:_identify(src/build) by extension 'cmake'
[0.150s] Level 1:colcon.colcon_core.package_identification:_identify(src/build) by extension 'python'
[0.150s] Level 1:colcon.colcon_core.package_identification:_identify(src/build) by extensions ['python_setup_py']
[0.150s] Level 1:colcon.colcon_core.package_identification:_identify(src/build) by extension 'python_setup_py'
[0.150s] Level 1:colcon.colcon_core.package_identification:_identify(src/detectArmor) by extensions ['ignore', 'ignore_ament_install']
[0.150s] Level 1:colcon.colcon_core.package_identification:_identify(src/detectArmor) by extension 'ignore'
[0.150s] Level 1:colcon.colcon_core.package_identification:_identify(src/detectArmor) by extension 'ignore_ament_install'
[0.150s] Level 1:colcon.colcon_core.package_identification:_identify(src/detectArmor) by extensions ['colcon_pkg']
[0.150s] Level 1:colcon.colcon_core.package_identification:_identify(src/detectArmor) by extension 'colcon_pkg'
[0.150s] Level 1:colcon.colcon_core.package_identification:_identify(src/detectArmor) by extensions ['colcon_meta']
[0.150s] Level 1:colcon.colcon_core.package_identification:_identify(src/detectArmor) by extension 'colcon_meta'
[0.150s] Level 1:colcon.colcon_core.package_identification:_identify(src/detectArmor) by extensions ['ros']
[0.150s] Level 1:colcon.colcon_core.package_identification:_identify(src/detectArmor) by extension 'ros'
[0.151s] DEBUG:colcon.colcon_core.package_identification:Package 'src/detectArmor' with type 'ros.ament_cmake' and name 'armor_pub'
[0.151s] Level 1:colcon.colcon_core.package_identification:_identify(src/trackerArmor) by extensions ['ignore', 'ignore_ament_install']
[0.151s] Level 1:colcon.colcon_core.package_identification:_identify(src/trackerArmor) by extension 'ignore'
[0.151s] Level 1:colcon.colcon_core.package_identification:_identify(src/trackerArmor) by extension 'ignore_ament_install'
[0.151s] Level 1:colcon.colcon_core.package_identification:_identify(src/trackerArmor) by extensions ['colcon_pkg']
[0.151s] Level 1:colcon.colcon_core.package_identification:_identify(src/trackerArmor) by extension 'colcon_pkg'
[0.151s] Level 1:colcon.colcon_core.package_identification:_identify(src/trackerArmor) by extensions ['colcon_meta']
[0.151s] Level 1:colcon.colcon_core.package_identification:_identify(src/trackerArmor) by extension 'colcon_meta'
[0.151s] Level 1:colcon.colcon_core.package_identification:_identify(src/trackerArmor) by extensions ['ros']
[0.151s] Level 1:colcon.colcon_core.package_identification:_identify(src/trackerArmor) by extension 'ros'
[0.152s] DEBUG:colcon.colcon_core.package_identification:Package 'src/trackerArmor' with type 'ros.ament_cmake' and name 'armor_sub'
[0.152s] Level 1:colcon.colcon_core.package_discovery:discover_packages(recursive) using defaults
[0.152s] Level 1:colcon.colcon_core.package_discovery:discover_packages(ignore) discover
[0.152s] Level 1:colcon.colcon_core.package_discovery:discover_packages(ignore) using defaults
[0.152s] Level 1:colcon.colcon_core.package_discovery:discover_packages(path) discover
[0.152s] Level 1:colcon.colcon_core.package_discovery:discover_packages(path) using defaults
[0.174s] Level 1:colcon.colcon_core.package_discovery:discover_packages(prefix_path) check parameters
[0.175s] Level 1:colcon.colcon_core.package_discovery:discover_packages(prefix_path) discover
[0.176s] DEBUG:colcon.colcon_installed_package_information.package_discovery:Found 270 installed packages in /opt/ros/humble
[0.176s] Level 1:colcon.colcon_core.package_discovery:discover_packages(prefix_path) using defaults
[0.194s] Level 5:colcon.colcon_core.verb:set package 'armor_interfaces' build argument 'cmake_args' from command line to 'None'
[0.195s] Level 5:colcon.colcon_core.verb:set package 'armor_interfaces' build argument 'cmake_target' from command line to 'None'
[0.195s] Level 5:colcon.colcon_core.verb:set package 'armor_interfaces' build argument 'cmake_target_skip_unavailable' from command line to 'False'
[0.195s] Level 5:colcon.colcon_core.verb:set package 'armor_interfaces' build argument 'cmake_clean_cache' from command line to 'False'
[0.195s] Level 5:colcon.colcon_core.verb:set package 'armor_interfaces' build argument 'cmake_clean_first' from command line to 'False'
[0.195s] Level 5:colcon.colcon_core.verb:set package 'armor_interfaces' build argument 'cmake_force_configure' from command line to 'False'
[0.195s] Level 5:colcon.colcon_core.verb:set package 'armor_interfaces' build argument 'ament_cmake_args' from command line to 'None'
[0.195s] Level 5:colcon.colcon_core.verb:set package 'armor_interfaces' build argument 'catkin_cmake_args' from command line to 'None'
[0.195s] Level 5:colcon.colcon_core.verb:set package 'armor_interfaces' build argument 'catkin_skip_building_tests' from command line to 'False'
[0.195s] DEBUG:colcon.colcon_core.verb:Building package 'armor_interfaces' with the following arguments: {'ament_cmake_args': None, 'build_base': '/home/xzq/Downloads/armor_ws/build/armor_interfaces', 'catkin_cmake_args': None, 'catkin_skip_building_tests': False, 'cmake_args': None, 'cmake_clean_cache': False, 'cmake_clean_first': False, 'cmake_force_configure': False, 'cmake_target': None, 'cmake_target_skip_unavailable': False, 'install_base': '/home/xzq/Downloads/armor_ws/install/armor_interfaces', 'merge_install': False, 'path': '/home/xzq/Downloads/armor_ws/src/armor_interfaces', 'symlink_install': False, 'test_result_base': None}
[0.195s] Level 5:colcon.colcon_core.verb:set package 'armor_pub' build argument 'cmake_args' from command line to 'None'
[0.195s] Level 5:colcon.colcon_core.verb:set package 'armor_pub' build argument 'cmake_target' from command line to 'None'
[0.195s] Level 5:colcon.colcon_core.verb:set package 'armor_pub' build argument 'cmake_target_skip_unavailable' from command line to 'False'
[0.195s] Level 5:colcon.colcon_core.verb:set package 'armor_pub' build argument 'cmake_clean_cache' from command line to 'False'
[0.195s] Level 5:colcon.colcon_core.verb:set package 'armor_pub' build argument 'cmake_clean_first' from command line to 'False'
[0.195s] Level 5:colcon.colcon_core.verb:set package 'armor_pub' build argument 'cmake_force_configure' from command line to 'False'
[0.195s] Level 5:colcon.colcon_core.verb:set package 'armor_pub' build argument 'ament_cmake_args' from command line to 'None'
[0.195s] Level 5:colcon.colcon_core.verb:set package 'armor_pub' build argument 'catkin_cmake_args' from command line to 'None'
[0.195s] Level 5:colcon.colcon_core.verb:set package 'armor_pub' build argument 'catkin_skip_building_tests' from command line to 'False'
[0.195s] DEBUG:colcon.colcon_core.verb:Building package 'armor_pub' with the following arguments: {'ament_cmake_args': None, 'build_base': '/home/xzq/Downloads/armor_ws/build/armor_pub', 'catkin_cmake_args': None, 'catkin_skip_building_tests': False, 'cmake_args': None, 'cmake_clean_cache': False, 'cmake_clean_first': False, 'cmake_force_configure': False, 'cmake_target': None, 'cmake_target_skip_unavailable': False, 'install_base': '/home/xzq/Downloads/armor_ws/install/armor_pub', 'merge_install': False, 'path': '/home/xzq/Downloads/armor_ws/src/detectArmor', 'symlink_install': False, 'test_result_base': None}
[0.195s] Level 5:colcon.colcon_core.verb:set package 'armor_sub' build argument 'cmake_args' from command line to 'None'
[0.195s] Level 5:colcon.colcon_core.verb:set package 'armor_sub' build argument 'cmake_target' from command line to 'None'
[0.195s] Level 5:colcon.colcon_core.verb:set package 'armor_sub' build argument 'cmake_target_skip_unavailable' from command line to 'False'
[0.195s] Level 5:colcon.colcon_core.verb:set package 'armor_sub' build argument 'cmake_clean_cache' from command line to 'False'
[0.195s] Level 5:colcon.colcon_core.verb:set package 'armor_sub' build argument 'cmake_clean_first' from command line to 'False'
[0.195s] Level 5:colcon.colcon_core.verb:set package 'armor_sub' build argument 'cmake_force_configure' from command line to 'False'
[0.195s] Level 5:colcon.colcon_core.verb:set package 'armor_sub' build argument 'ament_cmake_args' from command line to 'None'
[0.195s] Level 5:colcon.colcon_core.verb:set package 'armor_sub' build argument 'catkin_cmake_args' from command line to 'None'
[0.195s] Level 5:colcon.colcon_core.verb:set package 'armor_sub' build argument 'catkin_skip_building_tests' from command line to 'False'
[0.195s] DEBUG:colcon.colcon_core.verb:Building package 'armor_sub' with the following arguments: {'ament_cmake_args': None, 'build_base': '/home/xzq/Downloads/armor_ws/build/armor_sub', 'catkin_cmake_args': None, 'catkin_skip_building_tests': False, 'cmake_args': None, 'cmake_clean_cache': False, 'cmake_clean_first': False, 'cmake_force_configure': False, 'cmake_target': None, 'cmake_target_skip_unavailable': False, 'install_base': '/home/xzq/Downloads/armor_ws/install/armor_sub', 'merge_install': False, 'path': '/home/xzq/Downloads/armor_ws/src/trackerArmor', 'symlink_install': False, 'test_result_base': None}
[0.195s] INFO:colcon.colcon_core.executor:Executing jobs using 'parallel' executor
[0.196s] DEBUG:colcon.colcon_parallel_executor.executor.parallel:run_until_complete
[0.196s] INFO:colcon.colcon_ros.task.ament_cmake.build:Building ROS package in '/home/xzq/Downloads/armor_ws/src/armor_interfaces' with build type 'ament_cmake'
[0.197s] INFO:colcon.colcon_cmake.task.cmake.build:Building CMake package in '/home/xzq/Downloads/armor_ws/src/armor_interfaces'
[0.198s] INFO:colcon.colcon_core.plugin_system:Skipping extension 'colcon_core.shell.bat': Not used on non-Windows systems
[0.198s] INFO:colcon.colcon_core.shell:Skip shell extension 'powershell' for command environment: Not usable outside of PowerShell
[0.198s] DEBUG:colcon.colcon_core.shell:Skip shell extension 'dsv' for command environment
[0.204s] DEBUG:colcon.colcon_core.event_handler.log_command:Invoking command in '/home/xzq/Downloads/armor_ws/build/armor_interfaces': CMAKE_PREFIX_PATH=/opt/ros/humble /usr/bin/cmake /home/xzq/Downloads/armor_ws/src/armor_interfaces -DCMAKE_INSTALL_PREFIX=/home/xzq/Downloads/armor_ws/install/armor_interfaces
[1.289s] DEBUG:colcon.colcon_core.event_handler.log_command:Invoked command in '/home/xzq/Downloads/armor_ws/build/armor_interfaces' returned '0': CMAKE_PREFIX_PATH=/opt/ros/humble /usr/bin/cmake /home/xzq/Downloads/armor_ws/src/armor_interfaces -DCMAKE_INSTALL_PREFIX=/home/xzq/Downloads/armor_ws/install/armor_interfaces
[1.291s] DEBUG:colcon.colcon_core.event_handler.log_command:Invoking command in '/home/xzq/Downloads/armor_ws/build/armor_interfaces': CMAKE_PREFIX_PATH=/opt/ros/humble /usr/bin/cmake --build /home/xzq/Downloads/armor_ws/build/armor_interfaces -- -j12 -l12
[3.072s] DEBUG:colcon.colcon_core.event_handler.log_command:Invoked command in '/home/xzq/Downloads/armor_ws/build/armor_interfaces' returned '0': CMAKE_PREFIX_PATH=/opt/ros/humble /usr/bin/cmake --build /home/xzq/Downloads/armor_ws/build/armor_interfaces -- -j12 -l12
[3.080s] DEBUG:colcon.colcon_core.event_handler.log_command:Invoking command in '/home/xzq/Downloads/armor_ws/build/armor_interfaces': CMAKE_PREFIX_PATH=/opt/ros/humble /usr/bin/cmake --install /home/xzq/Downloads/armor_ws/build/armor_interfaces
[3.126s] Level 1:colcon.colcon_core.environment:create_environment_scripts_only(armor_interfaces)
[3.126s] DEBUG:colcon.colcon_core.event_handler.log_command:Invoked command in '/home/xzq/Downloads/armor_ws/build/armor_interfaces' returned '0': CMAKE_PREFIX_PATH=/opt/ros/humble /usr/bin/cmake --install /home/xzq/Downloads/armor_ws/build/armor_interfaces
[3.128s] Level 1:colcon.colcon_core.environment:checking '/home/xzq/Downloads/armor_ws/install/armor_interfaces' for CMake module files
[3.128s] Level 1:colcon.colcon_core.environment:checking '/home/xzq/Downloads/armor_ws/install/armor_interfaces' for CMake config files
[3.128s] Level 1:colcon.colcon_core.shell:create_environment_hook('armor_interfaces', 'cmake_prefix_path')
[3.128s] INFO:colcon.colcon_core.shell:Creating environment hook '/home/xzq/Downloads/armor_ws/install/armor_interfaces/share/armor_interfaces/hook/cmake_prefix_path.ps1'
[3.129s] INFO:colcon.colcon_core.shell:Creating environment descriptor '/home/xzq/Downloads/armor_ws/install/armor_interfaces/share/armor_interfaces/hook/cmake_prefix_path.dsv'
[3.129s] INFO:colcon.colcon_core.shell:Creating environment hook '/home/xzq/Downloads/armor_ws/install/armor_interfaces/share/armor_interfaces/hook/cmake_prefix_path.sh'
[3.130s] Level 1:colcon.colcon_core.environment:checking '/home/xzq/Downloads/armor_ws/install/armor_interfaces/lib'
[3.130s] Level 1:colcon.colcon_core.shell:create_environment_hook('armor_interfaces', 'ld_library_path_lib')
[3.130s] INFO:colcon.colcon_core.shell:Creating environment hook '/home/xzq/Downloads/armor_ws/install/armor_interfaces/share/armor_interfaces/hook/ld_library_path_lib.ps1'
[3.130s] INFO:colcon.colcon_core.shell:Creating environment descriptor '/home/xzq/Downloads/armor_ws/install/armor_interfaces/share/armor_interfaces/hook/ld_library_path_lib.dsv'
[3.130s] INFO:colcon.colcon_core.shell:Creating environment hook '/home/xzq/Downloads/armor_ws/install/armor_interfaces/share/armor_interfaces/hook/ld_library_path_lib.sh'
[3.130s] Level 1:colcon.colcon_core.environment:checking '/home/xzq/Downloads/armor_ws/install/armor_interfaces/bin'
[3.130s] Level 1:colcon.colcon_core.environment:checking '/home/xzq/Downloads/armor_ws/install/armor_interfaces/lib/pkgconfig/armor_interfaces.pc'
[3.131s] Level 1:colcon.colcon_core.environment:checking '/home/xzq/Downloads/armor_ws/install/armor_interfaces/lib/python3.10/site-packages'
[3.131s] Level 1:colcon.colcon_core.environment:checking '/home/xzq/Downloads/armor_ws/install/armor_interfaces/bin'
[3.131s] INFO:colcon.colcon_core.shell:Creating package script '/home/xzq/Downloads/armor_ws/install/armor_interfaces/share/armor_interfaces/package.ps1'
[3.131s] INFO:colcon.colcon_core.shell:Creating package descriptor '/home/xzq/Downloads/armor_ws/install/armor_interfaces/share/armor_interfaces/package.dsv'
[3.132s] INFO:colcon.colcon_core.shell:Creating package script '/home/xzq/Downloads/armor_ws/install/armor_interfaces/share/armor_interfaces/package.sh'
[3.132s] INFO:colcon.colcon_core.shell:Creating package script '/home/xzq/Downloads/armor_ws/install/armor_interfaces/share/armor_interfaces/package.bash'
[3.132s] INFO:colcon.colcon_core.shell:Creating package script '/home/xzq/Downloads/armor_ws/install/armor_interfaces/share/armor_interfaces/package.zsh'
[3.133s] Level 1:colcon.colcon_core.environment:create_file_with_runtime_dependencies(/home/xzq/Downloads/armor_ws/install/armor_interfaces/share/colcon-core/packages/armor_interfaces)
[3.133s] Level 1:colcon.colcon_core.environment:create_environment_scripts_only(armor_interfaces)
[3.133s] Level 1:colcon.colcon_core.environment:checking '/home/xzq/Downloads/armor_ws/install/armor_interfaces' for CMake module files
[3.133s] Level 1:colcon.colcon_core.environment:checking '/home/xzq/Downloads/armor_ws/install/armor_interfaces' for CMake config files
[3.134s] Level 1:colcon.colcon_core.shell:create_environment_hook('armor_interfaces', 'cmake_prefix_path')
[3.134s] INFO:colcon.colcon_core.shell:Creating environment hook '/home/xzq/Downloads/armor_ws/install/armor_interfaces/share/armor_interfaces/hook/cmake_prefix_path.ps1'
[3.134s] INFO:colcon.colcon_core.shell:Creating environment descriptor '/home/xzq/Downloads/armor_ws/install/armor_interfaces/share/armor_interfaces/hook/cmake_prefix_path.dsv'
[3.134s] INFO:colcon.colcon_core.shell:Creating environment hook '/home/xzq/Downloads/armor_ws/install/armor_interfaces/share/armor_interfaces/hook/cmake_prefix_path.sh'
[3.134s] Level 1:colcon.colcon_core.environment:checking '/home/xzq/Downloads/armor_ws/install/armor_interfaces/lib'
[3.134s] Level 1:colcon.colcon_core.shell:create_environment_hook('armor_interfaces', 'ld_library_path_lib')
[3.135s] INFO:colcon.colcon_core.shell:Creating environment hook '/home/xzq/Downloads/armor_ws/install/armor_interfaces/share/armor_interfaces/hook/ld_library_path_lib.ps1'
[3.135s] INFO:colcon.colcon_core.shell:Creating environment descriptor '/home/xzq/Downloads/armor_ws/install/armor_interfaces/share/armor_interfaces/hook/ld_library_path_lib.dsv'
[3.135s] INFO:colcon.colcon_core.shell:Creating environment hook '/home/xzq/Downloads/armor_ws/install/armor_interfaces/share/armor_interfaces/hook/ld_library_path_lib.sh'
[3.135s] Level 1:colcon.colcon_core.environment:checking '/home/xzq/Downloads/armor_ws/install/armor_interfaces/bin'
[3.135s] Level 1:colcon.colcon_core.environment:checking '/home/xzq/Downloads/armor_ws/install/armor_interfaces/lib/pkgconfig/armor_interfaces.pc'
[3.135s] Level 1:colcon.colcon_core.environment:checking '/home/xzq/Downloads/armor_ws/install/armor_interfaces/lib/python3.10/site-packages'
[3.135s] Level 1:colcon.colcon_core.environment:checking '/home/xzq/Downloads/armor_ws/install/armor_interfaces/bin'
[3.135s] INFO:colcon.colcon_core.shell:Creating package script '/home/xzq/Downloads/armor_ws/install/armor_interfaces/share/armor_interfaces/package.ps1'
[3.136s] INFO:colcon.colcon_core.shell:Creating package descriptor '/home/xzq/Downloads/armor_ws/install/armor_interfaces/share/armor_interfaces/package.dsv'
[3.136s] INFO:colcon.colcon_core.shell:Creating package script '/home/xzq/Downloads/armor_ws/install/armor_interfaces/share/armor_interfaces/package.sh'
[3.136s] INFO:colcon.colcon_core.shell:Creating package script '/home/xzq/Downloads/armor_ws/install/armor_interfaces/share/armor_interfaces/package.bash'
[3.136s] INFO:colcon.colcon_core.shell:Creating package script '/home/xzq/Downloads/armor_ws/install/armor_interfaces/share/armor_interfaces/package.zsh'
[3.136s] Level 1:colcon.colcon_core.environment:create_file_with_runtime_dependencies(/home/xzq/Downloads/armor_ws/install/armor_interfaces/share/colcon-core/packages/armor_interfaces)
[3.137s] INFO:colcon.colcon_ros.task.ament_cmake.build:Building ROS package in '/home/xzq/Downloads/armor_ws/src/detectArmor' with build type 'ament_cmake'
[3.137s] INFO:colcon.colcon_cmake.task.cmake.build:Building CMake package in '/home/xzq/Downloads/armor_ws/src/detectArmor'
[3.137s] INFO:colcon.colcon_core.shell:Skip shell extension 'powershell' for command environment: Not usable outside of PowerShell
[3.137s] DEBUG:colcon.colcon_core.shell:Skip shell extension 'dsv' for command environment
[3.139s] INFO:colcon.colcon_ros.task.ament_cmake.build:Building ROS package in '/home/xzq/Downloads/armor_ws/src/trackerArmor' with build type 'ament_cmake'
[3.139s] INFO:colcon.colcon_cmake.task.cmake.build:Building CMake package in '/home/xzq/Downloads/armor_ws/src/trackerArmor'
[3.139s] INFO:colcon.colcon_core.shell:Skip shell extension 'powershell' for command environment: Not usable outside of PowerShell
[3.139s] DEBUG:colcon.colcon_core.shell:Skip shell extension 'dsv' for command environment
[3.143s] DEBUG:colcon.colcon_core.event_handler.log_command:Invoking command in '/home/xzq/Downloads/armor_ws/build/armor_pub': AMENT_PREFIX_PATH=/home/xzq/Downloads/armor_ws/install/armor_interfaces:${AMENT_PREFIX_PATH} CMAKE_PREFIX_PATH=/home/xzq/Downloads/armor_ws/install/armor_interfaces:/opt/ros/humble LD_LIBRARY_PATH=/home/xzq/Downloads/armor_ws/install/armor_interfaces/lib:/opt/MVS/lib/64:/opt/MVS/lib/32:/opt/MVS/lib/64:/opt/MVS/lib/32:/opt/MVS/lib/64:/opt/MVS/lib/32:/opt/ros/humble/opt/rviz_ogre_vendor/lib:/opt/ros/humble/lib/x86_64-linux-gnu:/opt/ros/humble/lib:/opt/MVS/lib/64:/opt/MVS/lib/32 PYTHONPATH=/home/xzq/Downloads/armor_ws/install/armor_interfaces/local/lib/python3.10/dist-packages:${PYTHONPATH} /usr/bin/cmake /home/xzq/Downloads/armor_ws/src/detectArmor -DCMAKE_INSTALL_PREFIX=/home/xzq/Downloads/armor_ws/install/armor_pub
[3.146s] DEBUG:colcon.colcon_core.event_handler.log_command:Invoking command in '/home/xzq/Downloads/armor_ws/build/armor_sub': AMENT_PREFIX_PATH=/home/xzq/Downloads/armor_ws/install/armor_interfaces:${AMENT_PREFIX_PATH} CMAKE_PREFIX_PATH=/home/xzq/Downloads/armor_ws/install/armor_interfaces:/opt/ros/humble LD_LIBRARY_PATH=/home/xzq/Downloads/armor_ws/install/armor_interfaces/lib:/opt/MVS/lib/64:/opt/MVS/lib/32:/opt/MVS/lib/64:/opt/MVS/lib/32:/opt/MVS/lib/64:/opt/MVS/lib/32:/opt/ros/humble/opt/rviz_ogre_vendor/lib:/opt/ros/humble/lib/x86_64-linux-gnu:/opt/ros/humble/lib:/opt/MVS/lib/64:/opt/MVS/lib/32 PYTHONPATH=/home/xzq/Downloads/armor_ws/install/armor_interfaces/local/lib/python3.10/dist-packages:${PYTHONPATH} /usr/bin/cmake /home/xzq/Downloads/armor_ws/src/trackerArmor -DCMAKE_INSTALL_PREFIX=/home/xzq/Downloads/armor_ws/install/armor_sub
[4.050s] DEBUG:colcon.colcon_core.event_handler.log_command:Invoked command in '/home/xzq/Downloads/armor_ws/build/armor_sub' returned '0': AMENT_PREFIX_PATH=/home/xzq/Downloads/armor_ws/install/armor_interfaces:${AMENT_PREFIX_PATH} CMAKE_PREFIX_PATH=/home/xzq/Downloads/armor_ws/install/armor_interfaces:/opt/ros/humble LD_LIBRARY_PATH=/home/xzq/Downloads/armor_ws/install/armor_interfaces/lib:/opt/MVS/lib/64:/opt/MVS/lib/32:/opt/MVS/lib/64:/opt/MVS/lib/32:/opt/MVS/lib/64:/opt/MVS/lib/32:/opt/ros/humble/opt/rviz_ogre_vendor/lib:/opt/ros/humble/lib/x86_64-linux-gnu:/opt/ros/humble/lib:/opt/MVS/lib/64:/opt/MVS/lib/32 PYTHONPATH=/home/xzq/Downloads/armor_ws/install/armor_interfaces/local/lib/python3.10/dist-packages:${PYTHONPATH} /usr/bin/cmake /home/xzq/Downloads/armor_ws/src/trackerArmor -DCMAKE_INSTALL_PREFIX=/home/xzq/Downloads/armor_ws/install/armor_sub
[4.051s] DEBUG:colcon.colcon_core.event_handler.log_command:Invoking command in '/home/xzq/Downloads/armor_ws/build/armor_sub': AMENT_PREFIX_PATH=/home/xzq/Downloads/armor_ws/install/armor_interfaces:${AMENT_PREFIX_PATH} CMAKE_PREFIX_PATH=/home/xzq/Downloads/armor_ws/install/armor_interfaces:/opt/ros/humble LD_LIBRARY_PATH=/home/xzq/Downloads/armor_ws/install/armor_interfaces/lib:/opt/MVS/lib/64:/opt/MVS/lib/32:/opt/MVS/lib/64:/opt/MVS/lib/32:/opt/MVS/lib/64:/opt/MVS/lib/32:/opt/ros/humble/opt/rviz_ogre_vendor/lib:/opt/ros/humble/lib/x86_64-linux-gnu:/opt/ros/humble/lib:/opt/MVS/lib/64:/opt/MVS/lib/32 PYTHONPATH=/home/xzq/Downloads/armor_ws/install/armor_interfaces/local/lib/python3.10/dist-packages:${PYTHONPATH} /usr/bin/cmake --build /home/xzq/Downloads/armor_ws/build/armor_sub -- -j12 -l12
[4.055s] DEBUG:colcon.colcon_core.event_handler.log_command:Invoked command in '/home/xzq/Downloads/armor_ws/build/armor_pub' returned '0': AMENT_PREFIX_PATH=/home/xzq/Downloads/armor_ws/install/armor_interfaces:${AMENT_PREFIX_PATH} CMAKE_PREFIX_PATH=/home/xzq/Downloads/armor_ws/install/armor_interfaces:/opt/ros/humble LD_LIBRARY_PATH=/home/xzq/Downloads/armor_ws/install/armor_interfaces/lib:/opt/MVS/lib/64:/opt/MVS/lib/32:/opt/MVS/lib/64:/opt/MVS/lib/32:/opt/MVS/lib/64:/opt/MVS/lib/32:/opt/ros/humble/opt/rviz_ogre_vendor/lib:/opt/ros/humble/lib/x86_64-linux-gnu:/opt/ros/humble/lib:/opt/MVS/lib/64:/opt/MVS/lib/32 PYTHONPATH=/home/xzq/Downloads/armor_ws/install/armor_interfaces/local/lib/python3.10/dist-packages:${PYTHONPATH} /usr/bin/cmake /home/xzq/Downloads/armor_ws/src/detectArmor -DCMAKE_INSTALL_PREFIX=/home/xzq/Downloads/armor_ws/install/armor_pub
[4.057s] DEBUG:colcon.colcon_core.event_handler.log_command:Invoking command in '/home/xzq/Downloads/armor_ws/build/armor_pub': AMENT_PREFIX_PATH=/home/xzq/Downloads/armor_ws/install/armor_interfaces:${AMENT_PREFIX_PATH} CMAKE_PREFIX_PATH=/home/xzq/Downloads/armor_ws/install/armor_interfaces:/opt/ros/humble LD_LIBRARY_PATH=/home/xzq/Downloads/armor_ws/install/armor_interfaces/lib:/opt/MVS/lib/64:/opt/MVS/lib/32:/opt/MVS/lib/64:/opt/MVS/lib/32:/opt/MVS/lib/64:/opt/MVS/lib/32:/opt/ros/humble/opt/rviz_ogre_vendor/lib:/opt/ros/humble/lib/x86_64-linux-gnu:/opt/ros/humble/lib:/opt/MVS/lib/64:/opt/MVS/lib/32 PYTHONPATH=/home/xzq/Downloads/armor_ws/install/armor_interfaces/local/lib/python3.10/dist-packages:${PYTHONPATH} /usr/bin/cmake --build /home/xzq/Downloads/armor_ws/build/armor_pub -- -j12 -l12
[13.182s] DEBUG:colcon.colcon_core.event_handler.log_command:Invoked command in '/home/xzq/Downloads/armor_ws/build/armor_pub' returned '0': AMENT_PREFIX_PATH=/home/xzq/Downloads/armor_ws/install/armor_interfaces:${AMENT_PREFIX_PATH} CMAKE_PREFIX_PATH=/home/xzq/Downloads/armor_ws/install/armor_interfaces:/opt/ros/humble LD_LIBRARY_PATH=/home/xzq/Downloads/armor_ws/install/armor_interfaces/lib:/opt/MVS/lib/64:/opt/MVS/lib/32:/opt/MVS/lib/64:/opt/MVS/lib/32:/opt/MVS/lib/64:/opt/MVS/lib/32:/opt/ros/humble/opt/rviz_ogre_vendor/lib:/opt/ros/humble/lib/x86_64-linux-gnu:/opt/ros/humble/lib:/opt/MVS/lib/64:/opt/MVS/lib/32 PYTHONPATH=/home/xzq/Downloads/armor_ws/install/armor_interfaces/local/lib/python3.10/dist-packages:${PYTHONPATH} /usr/bin/cmake --build /home/xzq/Downloads/armor_ws/build/armor_pub -- -j12 -l12
[13.184s] DEBUG:colcon.colcon_core.event_handler.log_command:Invoking command in '/home/xzq/Downloads/armor_ws/build/armor_pub': AMENT_PREFIX_PATH=/home/xzq/Downloads/armor_ws/install/armor_interfaces:${AMENT_PREFIX_PATH} CMAKE_PREFIX_PATH=/home/xzq/Downloads/armor_ws/install/armor_interfaces:/opt/ros/humble LD_LIBRARY_PATH=/home/xzq/Downloads/armor_ws/install/armor_interfaces/lib:/opt/MVS/lib/64:/opt/MVS/lib/32:/opt/MVS/lib/64:/opt/MVS/lib/32:/opt/MVS/lib/64:/opt/MVS/lib/32:/opt/ros/humble/opt/rviz_ogre_vendor/lib:/opt/ros/humble/lib/x86_64-linux-gnu:/opt/ros/humble/lib:/opt/MVS/lib/64:/opt/MVS/lib/32 PYTHONPATH=/home/xzq/Downloads/armor_ws/install/armor_interfaces/local/lib/python3.10/dist-packages:${PYTHONPATH} /usr/bin/cmake --install /home/xzq/Downloads/armor_ws/build/armor_pub
[13.195s] Level 1:colcon.colcon_core.environment:create_environment_scripts_only(armor_pub)
[13.196s] Level 1:colcon.colcon_core.environment:checking '/home/xzq/Downloads/armor_ws/install/armor_pub' for CMake module files
[13.196s] DEBUG:colcon.colcon_core.event_handler.log_command:Invoked command in '/home/xzq/Downloads/armor_ws/build/armor_pub' returned '0': AMENT_PREFIX_PATH=/home/xzq/Downloads/armor_ws/install/armor_interfaces:${AMENT_PREFIX_PATH} CMAKE_PREFIX_PATH=/home/xzq/Downloads/armor_ws/install/armor_interfaces:/opt/ros/humble LD_LIBRARY_PATH=/home/xzq/Downloads/armor_ws/install/armor_interfaces/lib:/opt/MVS/lib/64:/opt/MVS/lib/32:/opt/MVS/lib/64:/opt/MVS/lib/32:/opt/MVS/lib/64:/opt/MVS/lib/32:/opt/ros/humble/opt/rviz_ogre_vendor/lib:/opt/ros/humble/lib/x86_64-linux-gnu:/opt/ros/humble/lib:/opt/MVS/lib/64:/opt/MVS/lib/32 PYTHONPATH=/home/xzq/Downloads/armor_ws/install/armor_interfaces/local/lib/python3.10/dist-packages:${PYTHONPATH} /usr/bin/cmake --install /home/xzq/Downloads/armor_ws/build/armor_pub
[13.197s] Level 1:colcon.colcon_core.environment:checking '/home/xzq/Downloads/armor_ws/install/armor_pub' for CMake config files
[13.197s] Level 1:colcon.colcon_core.shell:create_environment_hook('armor_pub', 'cmake_prefix_path')
[13.197s] INFO:colcon.colcon_core.shell:Creating environment hook '/home/xzq/Downloads/armor_ws/install/armor_pub/share/armor_pub/hook/cmake_prefix_path.ps1'
[13.198s] INFO:colcon.colcon_core.shell:Creating environment descriptor '/home/xzq/Downloads/armor_ws/install/armor_pub/share/armor_pub/hook/cmake_prefix_path.dsv'
[13.198s] INFO:colcon.colcon_core.shell:Creating environment hook '/home/xzq/Downloads/armor_ws/install/armor_pub/share/armor_pub/hook/cmake_prefix_path.sh'
[13.198s] Level 1:colcon.colcon_core.environment:checking '/home/xzq/Downloads/armor_ws/install/armor_pub/lib'
[13.199s] Level 1:colcon.colcon_core.shell:create_environment_hook('armor_pub', 'ld_library_path_lib')
[13.199s] INFO:colcon.colcon_core.shell:Creating environment hook '/home/xzq/Downloads/armor_ws/install/armor_pub/share/armor_pub/hook/ld_library_path_lib.ps1'
[13.199s] INFO:colcon.colcon_core.shell:Creating environment descriptor '/home/xzq/Downloads/armor_ws/install/armor_pub/share/armor_pub/hook/ld_library_path_lib.dsv'
[13.199s] INFO:colcon.colcon_core.shell:Creating environment hook '/home/xzq/Downloads/armor_ws/install/armor_pub/share/armor_pub/hook/ld_library_path_lib.sh'
[13.199s] Level 1:colcon.colcon_core.environment:checking '/home/xzq/Downloads/armor_ws/install/armor_pub/bin'
[13.199s] Level 1:colcon.colcon_core.environment:checking '/home/xzq/Downloads/armor_ws/install/armor_pub/lib/pkgconfig/armor_pub.pc'
[13.200s] Level 1:colcon.colcon_core.environment:checking '/home/xzq/Downloads/armor_ws/install/armor_pub/lib/python3.10/site-packages'
[13.200s] Level 1:colcon.colcon_core.environment:checking '/home/xzq/Downloads/armor_ws/install/armor_pub/bin'
[13.200s] INFO:colcon.colcon_core.shell:Creating package script '/home/xzq/Downloads/armor_ws/install/armor_pub/share/armor_pub/package.ps1'
[13.200s] INFO:colcon.colcon_core.shell:Creating package descriptor '/home/xzq/Downloads/armor_ws/install/armor_pub/share/armor_pub/package.dsv'
[13.200s] INFO:colcon.colcon_core.shell:Creating package script '/home/xzq/Downloads/armor_ws/install/armor_pub/share/armor_pub/package.sh'
[13.201s] INFO:colcon.colcon_core.shell:Creating package script '/home/xzq/Downloads/armor_ws/install/armor_pub/share/armor_pub/package.bash'
[13.201s] INFO:colcon.colcon_core.shell:Creating package script '/home/xzq/Downloads/armor_ws/install/armor_pub/share/armor_pub/package.zsh'
[13.201s] Level 1:colcon.colcon_core.environment:create_file_with_runtime_dependencies(/home/xzq/Downloads/armor_ws/install/armor_pub/share/colcon-core/packages/armor_pub)
[13.201s] Level 1:colcon.colcon_core.environment:create_environment_scripts_only(armor_pub)
[13.201s] Level 1:colcon.colcon_core.environment:checking '/home/xzq/Downloads/armor_ws/install/armor_pub' for CMake module files
[13.202s] Level 1:colcon.colcon_core.environment:checking '/home/xzq/Downloads/armor_ws/install/armor_pub' for CMake config files
[13.202s] Level 1:colcon.colcon_core.shell:create_environment_hook('armor_pub', 'cmake_prefix_path')
[13.202s] INFO:colcon.colcon_core.shell:Creating environment hook '/home/xzq/Downloads/armor_ws/install/armor_pub/share/armor_pub/hook/cmake_prefix_path.ps1'
[13.202s] INFO:colcon.colcon_core.shell:Creating environment descriptor '/home/xzq/Downloads/armor_ws/install/armor_pub/share/armor_pub/hook/cmake_prefix_path.dsv'
[13.202s] INFO:colcon.colcon_core.shell:Creating environment hook '/home/xzq/Downloads/armor_ws/install/armor_pub/share/armor_pub/hook/cmake_prefix_path.sh'
[13.202s] Level 1:colcon.colcon_core.environment:checking '/home/xzq/Downloads/armor_ws/install/armor_pub/lib'
[13.202s] Level 1:colcon.colcon_core.shell:create_environment_hook('armor_pub', 'ld_library_path_lib')
[13.203s] INFO:colcon.colcon_core.shell:Creating environment hook '/home/xzq/Downloads/armor_ws/install/armor_pub/share/armor_pub/hook/ld_library_path_lib.ps1'
[13.203s] INFO:colcon.colcon_core.shell:Creating environment descriptor '/home/xzq/Downloads/armor_ws/install/armor_pub/share/armor_pub/hook/ld_library_path_lib.dsv'
[13.203s] INFO:colcon.colcon_core.shell:Creating environment hook '/home/xzq/Downloads/armor_ws/install/armor_pub/share/armor_pub/hook/ld_library_path_lib.sh'
[13.203s] Level 1:colcon.colcon_core.environment:checking '/home/xzq/Downloads/armor_ws/install/armor_pub/bin'
[13.203s] Level 1:colcon.colcon_core.environment:checking '/home/xzq/Downloads/armor_ws/install/armor_pub/lib/pkgconfig/armor_pub.pc'
[13.203s] Level 1:colcon.colcon_core.environment:checking '/home/xzq/Downloads/armor_ws/install/armor_pub/lib/python3.10/site-packages'
[13.203s] Level 1:colcon.colcon_core.environment:checking '/home/xzq/Downloads/armor_ws/install/armor_pub/bin'
[13.203s] INFO:colcon.colcon_core.shell:Creating package script '/home/xzq/Downloads/armor_ws/install/armor_pub/share/armor_pub/package.ps1'
[13.204s] INFO:colcon.colcon_core.shell:Creating package descriptor '/home/xzq/Downloads/armor_ws/install/armor_pub/share/armor_pub/package.dsv'
[13.204s] INFO:colcon.colcon_core.shell:Creating package script '/home/xzq/Downloads/armor_ws/install/armor_pub/share/armor_pub/package.sh'
[13.204s] INFO:colcon.colcon_core.shell:Creating package script '/home/xzq/Downloads/armor_ws/install/armor_pub/share/armor_pub/package.bash'
[13.204s] INFO:colcon.colcon_core.shell:Creating package script '/home/xzq/Downloads/armor_ws/install/armor_pub/share/armor_pub/package.zsh'
[13.205s] Level 1:colcon.colcon_core.environment:create_file_with_runtime_dependencies(/home/xzq/Downloads/armor_ws/install/armor_pub/share/colcon-core/packages/armor_pub)
[14.624s] DEBUG:colcon.colcon_core.event_handler.log_command:Invoked command in '/home/xzq/Downloads/armor_ws/build/armor_sub' returned '0': AMENT_PREFIX_PATH=/home/xzq/Downloads/armor_ws/install/armor_interfaces:${AMENT_PREFIX_PATH} CMAKE_PREFIX_PATH=/home/xzq/Downloads/armor_ws/install/armor_interfaces:/opt/ros/humble LD_LIBRARY_PATH=/home/xzq/Downloads/armor_ws/install/armor_interfaces/lib:/opt/MVS/lib/64:/opt/MVS/lib/32:/opt/MVS/lib/64:/opt/MVS/lib/32:/opt/MVS/lib/64:/opt/MVS/lib/32:/opt/ros/humble/opt/rviz_ogre_vendor/lib:/opt/ros/humble/lib/x86_64-linux-gnu:/opt/ros/humble/lib:/opt/MVS/lib/64:/opt/MVS/lib/32 PYTHONPATH=/home/xzq/Downloads/armor_ws/install/armor_interfaces/local/lib/python3.10/dist-packages:${PYTHONPATH} /usr/bin/cmake --build /home/xzq/Downloads/armor_ws/build/armor_sub -- -j12 -l12
[14.626s] DEBUG:colcon.colcon_core.event_handler.log_command:Invoking command in '/home/xzq/Downloads/armor_ws/build/armor_sub': AMENT_PREFIX_PATH=/home/xzq/Downloads/armor_ws/install/armor_interfaces:${AMENT_PREFIX_PATH} CMAKE_PREFIX_PATH=/home/xzq/Downloads/armor_ws/install/armor_interfaces:/opt/ros/humble LD_LIBRARY_PATH=/home/xzq/Downloads/armor_ws/install/armor_interfaces/lib:/opt/MVS/lib/64:/opt/MVS/lib/32:/opt/MVS/lib/64:/opt/MVS/lib/32:/opt/MVS/lib/64:/opt/MVS/lib/32:/opt/ros/humble/opt/rviz_ogre_vendor/lib:/opt/ros/humble/lib/x86_64-linux-gnu:/opt/ros/humble/lib:/opt/MVS/lib/64:/opt/MVS/lib/32 PYTHONPATH=/home/xzq/Downloads/armor_ws/install/armor_interfaces/local/lib/python3.10/dist-packages:${PYTHONPATH} /usr/bin/cmake --install /home/xzq/Downloads/armor_ws/build/armor_sub
[14.635s] Level 1:colcon.colcon_core.environment:create_environment_scripts_only(armor_sub)
[14.636s] Level 1:colcon.colcon_core.environment:checking '/home/xzq/Downloads/armor_ws/install/armor_sub' for CMake module files
[14.636s] DEBUG:colcon.colcon_core.event_handler.log_command:Invoked command in '/home/xzq/Downloads/armor_ws/build/armor_sub' returned '0': AMENT_PREFIX_PATH=/home/xzq/Downloads/armor_ws/install/armor_interfaces:${AMENT_PREFIX_PATH} CMAKE_PREFIX_PATH=/home/xzq/Downloads/armor_ws/install/armor_interfaces:/opt/ros/humble LD_LIBRARY_PATH=/home/xzq/Downloads/armor_ws/install/armor_interfaces/lib:/opt/MVS/lib/64:/opt/MVS/lib/32:/opt/MVS/lib/64:/opt/MVS/lib/32:/opt/MVS/lib/64:/opt/MVS/lib/32:/opt/ros/humble/opt/rviz_ogre_vendor/lib:/opt/ros/humble/lib/x86_64-linux-gnu:/opt/ros/humble/lib:/opt/MVS/lib/64:/opt/MVS/lib/32 PYTHONPATH=/home/xzq/Downloads/armor_ws/install/armor_interfaces/local/lib/python3.10/dist-packages:${PYTHONPATH} /usr/bin/cmake --install /home/xzq/Downloads/armor_ws/build/armor_sub
[14.636s] Level 1:colcon.colcon_core.environment:checking '/home/xzq/Downloads/armor_ws/install/armor_sub' for CMake config files
[14.636s] Level 1:colcon.colcon_core.shell:create_environment_hook('armor_sub', 'cmake_prefix_path')
[14.636s] INFO:colcon.colcon_core.shell:Creating environment hook '/home/xzq/Downloads/armor_ws/install/armor_sub/share/armor_sub/hook/cmake_prefix_path.ps1'
[14.637s] INFO:colcon.colcon_core.shell:Creating environment descriptor '/home/xzq/Downloads/armor_ws/install/armor_sub/share/armor_sub/hook/cmake_prefix_path.dsv'
[14.637s] INFO:colcon.colcon_core.shell:Creating environment hook '/home/xzq/Downloads/armor_ws/install/armor_sub/share/armor_sub/hook/cmake_prefix_path.sh'
[14.637s] Level 1:colcon.colcon_core.environment:checking '/home/xzq/Downloads/armor_ws/install/armor_sub/lib'
[14.637s] Level 1:colcon.colcon_core.shell:create_environment_hook('armor_sub', 'ld_library_path_lib')
[14.637s] INFO:colcon.colcon_core.shell:Creating environment hook '/home/xzq/Downloads/armor_ws/install/armor_sub/share/armor_sub/hook/ld_library_path_lib.ps1'
[14.637s] INFO:colcon.colcon_core.shell:Creating environment descriptor '/home/xzq/Downloads/armor_ws/install/armor_sub/share/armor_sub/hook/ld_library_path_lib.dsv'
[14.637s] INFO:colcon.colcon_core.shell:Creating environment hook '/home/xzq/Downloads/armor_ws/install/armor_sub/share/armor_sub/hook/ld_library_path_lib.sh'
[14.638s] Level 1:colcon.colcon_core.environment:checking '/home/xzq/Downloads/armor_ws/install/armor_sub/bin'
[14.638s] Level 1:colcon.colcon_core.environment:checking '/home/xzq/Downloads/armor_ws/install/armor_sub/lib/pkgconfig/armor_sub.pc'
[14.638s] Level 1:colcon.colcon_core.environment:checking '/home/xzq/Downloads/armor_ws/install/armor_sub/lib/python3.10/site-packages'
[14.638s] Level 1:colcon.colcon_core.environment:checking '/home/xzq/Downloads/armor_ws/install/armor_sub/bin'
[14.638s] INFO:colcon.colcon_core.shell:Creating package script '/home/xzq/Downloads/armor_ws/install/armor_sub/share/armor_sub/package.ps1'
[14.638s] INFO:colcon.colcon_core.shell:Creating package descriptor '/home/xzq/Downloads/armor_ws/install/armor_sub/share/armor_sub/package.dsv'
[14.639s] INFO:colcon.colcon_core.shell:Creating package script '/home/xzq/Downloads/armor_ws/install/armor_sub/share/armor_sub/package.sh'
[14.639s] INFO:colcon.colcon_core.shell:Creating package script '/home/xzq/Downloads/armor_ws/install/armor_sub/share/armor_sub/package.bash'
[14.639s] INFO:colcon.colcon_core.shell:Creating package script '/home/xzq/Downloads/armor_ws/install/armor_sub/share/armor_sub/package.zsh'
[14.639s] Level 1:colcon.colcon_core.environment:create_file_with_runtime_dependencies(/home/xzq/Downloads/armor_ws/install/armor_sub/share/colcon-core/packages/armor_sub)
[14.639s] Level 1:colcon.colcon_core.environment:create_environment_scripts_only(armor_sub)
[14.639s] Level 1:colcon.colcon_core.environment:checking '/home/xzq/Downloads/armor_ws/install/armor_sub' for CMake module files
[14.640s] Level 1:colcon.colcon_core.environment:checking '/home/xzq/Downloads/armor_ws/install/armor_sub' for CMake config files
[14.640s] Level 1:colcon.colcon_core.shell:create_environment_hook('armor_sub', 'cmake_prefix_path')
[14.640s] INFO:colcon.colcon_core.shell:Creating environment hook '/home/xzq/Downloads/armor_ws/install/armor_sub/share/armor_sub/hook/cmake_prefix_path.ps1'
[14.640s] INFO:colcon.colcon_core.shell:Creating environment descriptor '/home/xzq/Downloads/armor_ws/install/armor_sub/share/armor_sub/hook/cmake_prefix_path.dsv'
[14.640s] INFO:colcon.colcon_core.shell:Creating environment hook '/home/xzq/Downloads/armor_ws/install/armor_sub/share/armor_sub/hook/cmake_prefix_path.sh'
[14.640s] Level 1:colcon.colcon_core.environment:checking '/home/xzq/Downloads/armor_ws/install/armor_sub/lib'
[14.640s] Level 1:colcon.colcon_core.shell:create_environment_hook('armor_sub', 'ld_library_path_lib')
[14.641s] INFO:colcon.colcon_core.shell:Creating environment hook '/home/xzq/Downloads/armor_ws/install/armor_sub/share/armor_sub/hook/ld_library_path_lib.ps1'
[14.641s] INFO:colcon.colcon_core.shell:Creating environment descriptor '/home/xzq/Downloads/armor_ws/install/armor_sub/share/armor_sub/hook/ld_library_path_lib.dsv'
[14.641s] INFO:colcon.colcon_core.shell:Creating environment hook '/home/xzq/Downloads/armor_ws/install/armor_sub/share/armor_sub/hook/ld_library_path_lib.sh'
[14.641s] Level 1:colcon.colcon_core.environment:checking '/home/xzq/Downloads/armor_ws/install/armor_sub/bin'
[14.641s] Level 1:colcon.colcon_core.environment:checking '/home/xzq/Downloads/armor_ws/install/armor_sub/lib/pkgconfig/armor_sub.pc'
[14.641s] Level 1:colcon.colcon_core.environment:checking '/home/xzq/Downloads/armor_ws/install/armor_sub/lib/python3.10/site-packages'
[14.641s] Level 1:colcon.colcon_core.environment:checking '/home/xzq/Downloads/armor_ws/install/armor_sub/bin'
[14.642s] INFO:colcon.colcon_core.shell:Creating package script '/home/xzq/Downloads/armor_ws/install/armor_sub/share/armor_sub/package.ps1'
[14.642s] INFO:colcon.colcon_core.shell:Creating package descriptor '/home/xzq/Downloads/armor_ws/install/armor_sub/share/armor_sub/package.dsv'
[14.642s] INFO:colcon.colcon_core.shell:Creating package script '/home/xzq/Downloads/armor_ws/install/armor_sub/share/armor_sub/package.sh'
[14.642s] INFO:colcon.colcon_core.shell:Creating package script '/home/xzq/Downloads/armor_ws/install/armor_sub/share/armor_sub/package.bash'
[14.643s] INFO:colcon.colcon_core.shell:Creating package script '/home/xzq/Downloads/armor_ws/install/armor_sub/share/armor_sub/package.zsh'
[14.643s] Level 1:colcon.colcon_core.environment:create_file_with_runtime_dependencies(/home/xzq/Downloads/armor_ws/install/armor_sub/share/colcon-core/packages/armor_sub)
[14.643s] DEBUG:colcon.colcon_parallel_executor.executor.parallel:closing loop
[14.643s] DEBUG:colcon.colcon_parallel_executor.executor.parallel:loop closed
[14.643s] DEBUG:colcon.colcon_parallel_executor.executor.parallel:run_until_complete finished with '0'
[14.643s] DEBUG:colcon.colcon_core.event_reactor:joining thread
[14.646s] INFO:colcon.colcon_core.plugin_system:Skipping extension 'colcon_notification.desktop_notification.terminal_notifier': Not used on non-Darwin systems
[14.647s] INFO:colcon.colcon_core.plugin_system:Skipping extension 'colcon_notification.desktop_notification.win32': Not used on non-Windows systems
[14.647s] INFO:colcon.colcon_notification.desktop_notification:Sending desktop notification using 'notify2'
[14.654s] DEBUG:colcon.colcon_core.event_reactor:joined thread
[14.654s] INFO:colcon.colcon_core.shell:Creating prefix script '/home/xzq/Downloads/armor_ws/install/local_setup.ps1'
[14.655s] INFO:colcon.colcon_core.shell:Creating prefix util module '/home/xzq/Downloads/armor_ws/install/_local_setup_util_ps1.py'
[14.655s] INFO:colcon.colcon_core.shell:Creating prefix chain script '/home/xzq/Downloads/armor_ws/install/setup.ps1'
[14.656s] INFO:colcon.colcon_core.shell:Creating prefix script '/home/xzq/Downloads/armor_ws/install/local_setup.sh'
[14.656s] INFO:colcon.colcon_core.shell:Creating prefix util module '/home/xzq/Downloads/armor_ws/install/_local_setup_util_sh.py'
[14.656s] INFO:colcon.colcon_core.shell:Creating prefix chain script '/home/xzq/Downloads/armor_ws/install/setup.sh'
[14.657s] INFO:colcon.colcon_core.shell:Creating prefix script '/home/xzq/Downloads/armor_ws/install/local_setup.bash'
[14.657s] INFO:colcon.colcon_core.shell:Creating prefix chain script '/home/xzq/Downloads/armor_ws/install/setup.bash'
[14.658s] INFO:colcon.colcon_core.shell:Creating prefix script '/home/xzq/Downloads/armor_ws/install/local_setup.zsh'
[14.658s] INFO:colcon.colcon_core.shell:Creating prefix chain script '/home/xzq/Downloads/armor_ws/install/setup.zsh'
