[0.060s] DEBUG:colcon:Command line arguments: ['/usr/bin/colcon', 'build']
[0.060s] DEBUG:colcon:Parsed command line arguments: Namespace(log_base=None, log_level=None, verb_name='build', build_base='build', install_base='install', merge_install=False, symlink_install=False, test_result_base=None, continue_on_error=False, executor='parallel', parallel_workers=12, event_handlers=None, ignore_user_meta=False, metas=['./colcon.meta'], base_paths=['.'], packages_ignore=None, packages_ignore_regex=None, paths=None, packages_up_to=None, packages_up_to_regex=None, packages_above=None, packages_above_and_dependencies=None, packages_above_depth=None, packages_select_by_dep=None, packages_skip_by_dep=None, packages_skip_up_to=None, packages_select_build_failed=False, packages_skip_build_finished=False, packages_select_test_failures=False, packages_skip_test_passed=False, packages_select=None, packages_skip=None, packages_select_regex=None, packages_skip_regex=None, packages_start=None, packages_end=None, allow_overriding=[], cmake_args=None, cmake_target=None, cmake_target_skip_unavailable=False, cmake_clean_cache=False, cmake_clean_first=False, cmake_force_configure=False, ament_cmake_args=None, catkin_cmake_args=None, catkin_skip_building_tests=False, mixin_files=None, mixin=None, verb_parser=<colcon_mixin.mixin.mixin_argument.MixinArgumentDecorator object at 0x76a0aa732ef0>, verb_extension=<colcon_core.verb.build.BuildVerb object at 0x76a0aa82bdc0>, main=<bound method BuildVerb.main of <colcon_core.verb.build.BuildVerb object at 0x76a0aa82bdc0>>, mixin_verb=('build',))
[0.144s] Level 1:colcon.colcon_core.package_discovery:discover_packages(colcon_meta) check parameters
[0.144s] Level 1:colcon.colcon_core.package_discovery:discover_packages(recursive) check parameters
[0.144s] Level 1:colcon.colcon_core.package_discovery:discover_packages(ignore) check parameters
[0.144s] Level 1:colcon.colcon_core.package_discovery:discover_packages(path) check parameters
[0.144s] Level 1:colcon.colcon_core.package_discovery:discover_packages(colcon_meta) discover
[0.144s] Level 1:colcon.colcon_core.package_discovery:discover_packages(recursive) discover
[0.144s] INFO:colcon.colcon_core.package_discovery:Crawling recursively for packages in '/home/xzq/project/armor_ws'
[0.144s] Level 1:colcon.colcon_core.package_identification:_identify(.) by extensions ['ignore', 'ignore_ament_install']
[0.144s] Level 1:colcon.colcon_core.package_identification:_identify(.) by extension 'ignore'
[0.144s] Level 1:colcon.colcon_core.package_identification:_identify(.) by extension 'ignore_ament_install'
[0.144s] Level 1:colcon.colcon_core.package_identification:_identify(.) by extensions ['colcon_pkg']
[0.144s] Level 1:colcon.colcon_core.package_identification:_identify(.) by extension 'colcon_pkg'
[0.144s] Level 1:colcon.colcon_core.package_identification:_identify(.) by extensions ['colcon_meta']
[0.144s] Level 1:colcon.colcon_core.package_identification:_identify(.) by extension 'colcon_meta'
[0.144s] Level 1:colcon.colcon_core.package_identification:_identify(.) by extensions ['ros']
[0.144s] Level 1:colcon.colcon_core.package_identification:_identify(.) by extension 'ros'
[0.151s] Level 1:colcon.colcon_core.package_identification:_identify(.) by extensions ['cmake', 'python']
[0.151s] Level 1:colcon.colcon_core.package_identification:_identify(.) by extension 'cmake'
[0.151s] Level 1:colcon.colcon_core.package_identification:_identify(.) by extension 'python'
[0.152s] Level 1:colcon.colcon_core.package_identification:_identify(.) by extensions ['python_setup_py']
[0.152s] Level 1:colcon.colcon_core.package_identification:_identify(.) by extension 'python_setup_py'
[0.152s] Level 1:colcon.colcon_core.package_identification:_identify(build) by extensions ['ignore', 'ignore_ament_install']
[0.152s] Level 1:colcon.colcon_core.package_identification:_identify(build) by extension 'ignore'
[0.152s] Level 1:colcon.colcon_core.package_identification:_identify(build) ignored
[0.152s] Level 1:colcon.colcon_core.package_identification:_identify(install) by extensions ['ignore', 'ignore_ament_install']
[0.152s] Level 1:colcon.colcon_core.package_identification:_identify(install) by extension 'ignore'
[0.152s] Level 1:colcon.colcon_core.package_identification:_identify(install) ignored
[0.152s] Level 1:colcon.colcon_core.package_identification:_identify(log) by extensions ['ignore', 'ignore_ament_install']
[0.152s] Level 1:colcon.colcon_core.package_identification:_identify(log) by extension 'ignore'
[0.152s] Level 1:colcon.colcon_core.package_identification:_identify(log) ignored
[0.152s] Level 1:colcon.colcon_core.package_identification:_identify(src) by extensions ['ignore', 'ignore_ament_install']
[0.152s] Level 1:colcon.colcon_core.package_identification:_identify(src) by extension 'ignore'
[0.152s] Level 1:colcon.colcon_core.package_identification:_identify(src) by extension 'ignore_ament_install'
[0.152s] Level 1:colcon.colcon_core.package_identification:_identify(src) by extensions ['colcon_pkg']
[0.152s] Level 1:colcon.colcon_core.package_identification:_identify(src) by extension 'colcon_pkg'
[0.152s] Level 1:colcon.colcon_core.package_identification:_identify(src) by extensions ['colcon_meta']
[0.152s] Level 1:colcon.colcon_core.package_identification:_identify(src) by extension 'colcon_meta'
[0.152s] Level 1:colcon.colcon_core.package_identification:_identify(src) by extensions ['ros']
[0.152s] Level 1:colcon.colcon_core.package_identification:_identify(src) by extension 'ros'
[0.152s] Level 1:colcon.colcon_core.package_identification:_identify(src) by extensions ['cmake', 'python']
[0.152s] Level 1:colcon.colcon_core.package_identification:_identify(src) by extension 'cmake'
[0.152s] Level 1:colcon.colcon_core.package_identification:_identify(src) by extension 'python'
[0.152s] Level 1:colcon.colcon_core.package_identification:_identify(src) by extensions ['python_setup_py']
[0.152s] Level 1:colcon.colcon_core.package_identification:_identify(src) by extension 'python_setup_py'
[0.152s] Level 1:colcon.colcon_core.package_identification:_identify(src/HikDriver) by extensions ['ignore', 'ignore_ament_install']
[0.152s] Level 1:colcon.colcon_core.package_identification:_identify(src/HikDriver) by extension 'ignore'
[0.152s] Level 1:colcon.colcon_core.package_identification:_identify(src/HikDriver) by extension 'ignore_ament_install'
[0.152s] Level 1:colcon.colcon_core.package_identification:_identify(src/HikDriver) by extensions ['colcon_pkg']
[0.152s] Level 1:colcon.colcon_core.package_identification:_identify(src/HikDriver) by extension 'colcon_pkg'
[0.152s] Level 1:colcon.colcon_core.package_identification:_identify(src/HikDriver) by extensions ['colcon_meta']
[0.152s] Level 1:colcon.colcon_core.package_identification:_identify(src/HikDriver) by extension 'colcon_meta'
[0.152s] Level 1:colcon.colcon_core.package_identification:_identify(src/HikDriver) by extensions ['ros']
[0.152s] Level 1:colcon.colcon_core.package_identification:_identify(src/HikDriver) by extension 'ros'
[0.155s] DEBUG:colcon.colcon_core.package_identification:Package 'src/HikDriver' with type 'ros.ament_cmake' and name 'hik_camera'
[0.155s] Level 1:colcon.colcon_core.package_identification:_identify(src/armor_interfaces) by extensions ['ignore', 'ignore_ament_install']
[0.155s] Level 1:colcon.colcon_core.package_identification:_identify(src/armor_interfaces) by extension 'ignore'
[0.155s] Level 1:colcon.colcon_core.package_identification:_identify(src/armor_interfaces) by extension 'ignore_ament_install'
[0.155s] Level 1:colcon.colcon_core.package_identification:_identify(src/armor_interfaces) by extensions ['colcon_pkg']
[0.155s] Level 1:colcon.colcon_core.package_identification:_identify(src/armor_interfaces) by extension 'colcon_pkg'
[0.155s] Level 1:colcon.colcon_core.package_identification:_identify(src/armor_interfaces) by extensions ['colcon_meta']
[0.155s] Level 1:colcon.colcon_core.package_identification:_identify(src/armor_interfaces) by extension 'colcon_meta'
[0.155s] Level 1:colcon.colcon_core.package_identification:_identify(src/armor_interfaces) by extensions ['ros']
[0.155s] Level 1:colcon.colcon_core.package_identification:_identify(src/armor_interfaces) by extension 'ros'
[0.156s] DEBUG:colcon.colcon_core.package_identification:Package 'src/armor_interfaces' with type 'ros.ament_cmake' and name 'armor_interfaces'
[0.156s] Level 1:colcon.colcon_core.package_identification:_identify(src/build) by extensions ['ignore', 'ignore_ament_install']
[0.156s] Level 1:colcon.colcon_core.package_identification:_identify(src/build) by extension 'ignore'
[0.156s] Level 1:colcon.colcon_core.package_identification:_identify(src/build) by extension 'ignore_ament_install'
[0.157s] Level 1:colcon.colcon_core.package_identification:_identify(src/build) by extensions ['colcon_pkg']
[0.157s] Level 1:colcon.colcon_core.package_identification:_identify(src/build) by extension 'colcon_pkg'
[0.157s] Level 1:colcon.colcon_core.package_identification:_identify(src/build) by extensions ['colcon_meta']
[0.157s] Level 1:colcon.colcon_core.package_identification:_identify(src/build) by extension 'colcon_meta'
[0.157s] Level 1:colcon.colcon_core.package_identification:_identify(src/build) by extensions ['ros']
[0.157s] Level 1:colcon.colcon_core.package_identification:_identify(src/build) by extension 'ros'
[0.157s] Level 1:colcon.colcon_core.package_identification:_identify(src/build) by extensions ['cmake', 'python']
[0.157s] Level 1:colcon.colcon_core.package_identification:_identify(src/build) by extension 'cmake'
[0.157s] Level 1:colcon.colcon_core.package_identification:_identify(src/build) by extension 'python'
[0.157s] Level 1:colcon.colcon_core.package_identification:_identify(src/build) by extensions ['python_setup_py']
[0.157s] Level 1:colcon.colcon_core.package_identification:_identify(src/build) by extension 'python_setup_py'
[0.157s] Level 1:colcon.colcon_core.package_identification:_identify(src/detectArmor) by extensions ['ignore', 'ignore_ament_install']
[0.157s] Level 1:colcon.colcon_core.package_identification:_identify(src/detectArmor) by extension 'ignore'
[0.157s] Level 1:colcon.colcon_core.package_identification:_identify(src/detectArmor) by extension 'ignore_ament_install'
[0.157s] Level 1:colcon.colcon_core.package_identification:_identify(src/detectArmor) by extensions ['colcon_pkg']
[0.157s] Level 1:colcon.colcon_core.package_identification:_identify(src/detectArmor) by extension 'colcon_pkg'
[0.157s] Level 1:colcon.colcon_core.package_identification:_identify(src/detectArmor) by extensions ['colcon_meta']
[0.157s] Level 1:colcon.colcon_core.package_identification:_identify(src/detectArmor) by extension 'colcon_meta'
[0.157s] Level 1:colcon.colcon_core.package_identification:_identify(src/detectArmor) by extensions ['ros']
[0.157s] Level 1:colcon.colcon_core.package_identification:_identify(src/detectArmor) by extension 'ros'
[0.158s] DEBUG:colcon.colcon_core.package_identification:Package 'src/detectArmor' with type 'ros.ament_cmake' and name 'armor_pub'
[0.158s] Level 1:colcon.colcon_core.package_identification:_identify(src/trackerArmor) by extensions ['ignore', 'ignore_ament_install']
[0.158s] Level 1:colcon.colcon_core.package_identification:_identify(src/trackerArmor) by extension 'ignore'
[0.158s] Level 1:colcon.colcon_core.package_identification:_identify(src/trackerArmor) by extension 'ignore_ament_install'
[0.158s] Level 1:colcon.colcon_core.package_identification:_identify(src/trackerArmor) by extensions ['colcon_pkg']
[0.158s] Level 1:colcon.colcon_core.package_identification:_identify(src/trackerArmor) by extension 'colcon_pkg'
[0.158s] Level 1:colcon.colcon_core.package_identification:_identify(src/trackerArmor) by extensions ['colcon_meta']
[0.158s] Level 1:colcon.colcon_core.package_identification:_identify(src/trackerArmor) by extension 'colcon_meta'
[0.158s] Level 1:colcon.colcon_core.package_identification:_identify(src/trackerArmor) by extensions ['ros']
[0.158s] Level 1:colcon.colcon_core.package_identification:_identify(src/trackerArmor) by extension 'ros'
[0.159s] DEBUG:colcon.colcon_core.package_identification:Package 'src/trackerArmor' with type 'ros.ament_cmake' and name 'armor_sub'
[0.159s] Level 1:colcon.colcon_core.package_discovery:discover_packages(recursive) using defaults
[0.159s] Level 1:colcon.colcon_core.package_discovery:discover_packages(ignore) discover
[0.159s] Level 1:colcon.colcon_core.package_discovery:discover_packages(ignore) using defaults
[0.159s] Level 1:colcon.colcon_core.package_discovery:discover_packages(path) discover
[0.159s] Level 1:colcon.colcon_core.package_discovery:discover_packages(path) using defaults
[0.178s] Level 1:colcon.colcon_core.package_discovery:discover_packages(prefix_path) check parameters
[0.178s] Level 1:colcon.colcon_core.package_discovery:discover_packages(prefix_path) discover
[0.180s] DEBUG:colcon.colcon_installed_package_information.package_discovery:Found 270 installed packages in /opt/ros/humble
[0.180s] Level 1:colcon.colcon_core.package_discovery:discover_packages(prefix_path) using defaults
[0.198s] Level 5:colcon.colcon_core.verb:set package 'armor_interfaces' build argument 'cmake_args' from command line to 'None'
[0.198s] Level 5:colcon.colcon_core.verb:set package 'armor_interfaces' build argument 'cmake_target' from command line to 'None'
[0.198s] Level 5:colcon.colcon_core.verb:set package 'armor_interfaces' build argument 'cmake_target_skip_unavailable' from command line to 'False'
[0.198s] Level 5:colcon.colcon_core.verb:set package 'armor_interfaces' build argument 'cmake_clean_cache' from command line to 'False'
[0.198s] Level 5:colcon.colcon_core.verb:set package 'armor_interfaces' build argument 'cmake_clean_first' from command line to 'False'
[0.198s] Level 5:colcon.colcon_core.verb:set package 'armor_interfaces' build argument 'cmake_force_configure' from command line to 'False'
[0.198s] Level 5:colcon.colcon_core.verb:set package 'armor_interfaces' build argument 'ament_cmake_args' from command line to 'None'
[0.198s] Level 5:colcon.colcon_core.verb:set package 'armor_interfaces' build argument 'catkin_cmake_args' from command line to 'None'
[0.198s] Level 5:colcon.colcon_core.verb:set package 'armor_interfaces' build argument 'catkin_skip_building_tests' from command line to 'False'
[0.198s] DEBUG:colcon.colcon_core.verb:Building package 'armor_interfaces' with the following arguments: {'ament_cmake_args': None, 'build_base': '/home/xzq/project/armor_ws/build/armor_interfaces', 'catkin_cmake_args': None, 'catkin_skip_building_tests': False, 'cmake_args': None, 'cmake_clean_cache': False, 'cmake_clean_first': False, 'cmake_force_configure': False, 'cmake_target': None, 'cmake_target_skip_unavailable': False, 'install_base': '/home/xzq/project/armor_ws/install/armor_interfaces', 'merge_install': False, 'path': '/home/xzq/project/armor_ws/src/armor_interfaces', 'symlink_install': False, 'test_result_base': None}
[0.199s] Level 5:colcon.colcon_core.verb:set package 'hik_camera' build argument 'cmake_args' from command line to 'None'
[0.199s] Level 5:colcon.colcon_core.verb:set package 'hik_camera' build argument 'cmake_target' from command line to 'None'
[0.199s] Level 5:colcon.colcon_core.verb:set package 'hik_camera' build argument 'cmake_target_skip_unavailable' from command line to 'False'
[0.199s] Level 5:colcon.colcon_core.verb:set package 'hik_camera' build argument 'cmake_clean_cache' from command line to 'False'
[0.199s] Level 5:colcon.colcon_core.verb:set package 'hik_camera' build argument 'cmake_clean_first' from command line to 'False'
[0.199s] Level 5:colcon.colcon_core.verb:set package 'hik_camera' build argument 'cmake_force_configure' from command line to 'False'
[0.199s] Level 5:colcon.colcon_core.verb:set package 'hik_camera' build argument 'ament_cmake_args' from command line to 'None'
[0.199s] Level 5:colcon.colcon_core.verb:set package 'hik_camera' build argument 'catkin_cmake_args' from command line to 'None'
[0.199s] Level 5:colcon.colcon_core.verb:set package 'hik_camera' build argument 'catkin_skip_building_tests' from command line to 'False'
[0.199s] DEBUG:colcon.colcon_core.verb:Building package 'hik_camera' with the following arguments: {'ament_cmake_args': None, 'build_base': '/home/xzq/project/armor_ws/build/hik_camera', 'catkin_cmake_args': None, 'catkin_skip_building_tests': False, 'cmake_args': None, 'cmake_clean_cache': False, 'cmake_clean_first': False, 'cmake_force_configure': False, 'cmake_target': None, 'cmake_target_skip_unavailable': False, 'install_base': '/home/xzq/project/armor_ws/install/hik_camera', 'merge_install': False, 'path': '/home/xzq/project/armor_ws/src/HikDriver', 'symlink_install': False, 'test_result_base': None}
[0.199s] Level 5:colcon.colcon_core.verb:set package 'armor_pub' build argument 'cmake_args' from command line to 'None'
[0.199s] Level 5:colcon.colcon_core.verb:set package 'armor_pub' build argument 'cmake_target' from command line to 'None'
[0.199s] Level 5:colcon.colcon_core.verb:set package 'armor_pub' build argument 'cmake_target_skip_unavailable' from command line to 'False'
[0.199s] Level 5:colcon.colcon_core.verb:set package 'armor_pub' build argument 'cmake_clean_cache' from command line to 'False'
[0.199s] Level 5:colcon.colcon_core.verb:set package 'armor_pub' build argument 'cmake_clean_first' from command line to 'False'
[0.199s] Level 5:colcon.colcon_core.verb:set package 'armor_pub' build argument 'cmake_force_configure' from command line to 'False'
[0.199s] Level 5:colcon.colcon_core.verb:set package 'armor_pub' build argument 'ament_cmake_args' from command line to 'None'
[0.199s] Level 5:colcon.colcon_core.verb:set package 'armor_pub' build argument 'catkin_cmake_args' from command line to 'None'
[0.199s] Level 5:colcon.colcon_core.verb:set package 'armor_pub' build argument 'catkin_skip_building_tests' from command line to 'False'
[0.199s] DEBUG:colcon.colcon_core.verb:Building package 'armor_pub' with the following arguments: {'ament_cmake_args': None, 'build_base': '/home/xzq/project/armor_ws/build/armor_pub', 'catkin_cmake_args': None, 'catkin_skip_building_tests': False, 'cmake_args': None, 'cmake_clean_cache': False, 'cmake_clean_first': False, 'cmake_force_configure': False, 'cmake_target': None, 'cmake_target_skip_unavailable': False, 'install_base': '/home/xzq/project/armor_ws/install/armor_pub', 'merge_install': False, 'path': '/home/xzq/project/armor_ws/src/detectArmor', 'symlink_install': False, 'test_result_base': None}
[0.199s] Level 5:colcon.colcon_core.verb:set package 'armor_sub' build argument 'cmake_args' from command line to 'None'
[0.199s] Level 5:colcon.colcon_core.verb:set package 'armor_sub' build argument 'cmake_target' from command line to 'None'
[0.199s] Level 5:colcon.colcon_core.verb:set package 'armor_sub' build argument 'cmake_target_skip_unavailable' from command line to 'False'
[0.199s] Level 5:colcon.colcon_core.verb:set package 'armor_sub' build argument 'cmake_clean_cache' from command line to 'False'
[0.199s] Level 5:colcon.colcon_core.verb:set package 'armor_sub' build argument 'cmake_clean_first' from command line to 'False'
[0.199s] Level 5:colcon.colcon_core.verb:set package 'armor_sub' build argument 'cmake_force_configure' from command line to 'False'
[0.199s] Level 5:colcon.colcon_core.verb:set package 'armor_sub' build argument 'ament_cmake_args' from command line to 'None'
[0.199s] Level 5:colcon.colcon_core.verb:set package 'armor_sub' build argument 'catkin_cmake_args' from command line to 'None'
[0.199s] Level 5:colcon.colcon_core.verb:set package 'armor_sub' build argument 'catkin_skip_building_tests' from command line to 'False'
[0.199s] DEBUG:colcon.colcon_core.verb:Building package 'armor_sub' with the following arguments: {'ament_cmake_args': None, 'build_base': '/home/xzq/project/armor_ws/build/armor_sub', 'catkin_cmake_args': None, 'catkin_skip_building_tests': False, 'cmake_args': None, 'cmake_clean_cache': False, 'cmake_clean_first': False, 'cmake_force_configure': False, 'cmake_target': None, 'cmake_target_skip_unavailable': False, 'install_base': '/home/xzq/project/armor_ws/install/armor_sub', 'merge_install': False, 'path': '/home/xzq/project/armor_ws/src/trackerArmor', 'symlink_install': False, 'test_result_base': None}
[0.199s] INFO:colcon.colcon_core.executor:Executing jobs using 'parallel' executor
[0.200s] DEBUG:colcon.colcon_parallel_executor.executor.parallel:run_until_complete
[0.200s] INFO:colcon.colcon_ros.task.ament_cmake.build:Building ROS package in '/home/xzq/project/armor_ws/src/armor_interfaces' with build type 'ament_cmake'
[0.200s] INFO:colcon.colcon_cmake.task.cmake.build:Building CMake package in '/home/xzq/project/armor_ws/src/armor_interfaces'
[0.201s] INFO:colcon.colcon_core.plugin_system:Skipping extension 'colcon_core.shell.bat': Not used on non-Windows systems
[0.201s] INFO:colcon.colcon_core.shell:Skip shell extension 'powershell' for command environment: Not usable outside of PowerShell
[0.201s] DEBUG:colcon.colcon_core.shell:Skip shell extension 'dsv' for command environment
[0.207s] DEBUG:colcon.colcon_core.event_handler.log_command:Invoking command in '/home/xzq/project/armor_ws/build/armor_interfaces': CMAKE_PREFIX_PATH=/opt/ros/humble /usr/bin/cmake /home/xzq/project/armor_ws/src/armor_interfaces -DCMAKE_INSTALL_PREFIX=/home/xzq/project/armor_ws/install/armor_interfaces
[1.269s] DEBUG:colcon.colcon_core.event_handler.log_command:Invoked command in '/home/xzq/project/armor_ws/build/armor_interfaces' returned '0': CMAKE_PREFIX_PATH=/opt/ros/humble /usr/bin/cmake /home/xzq/project/armor_ws/src/armor_interfaces -DCMAKE_INSTALL_PREFIX=/home/xzq/project/armor_ws/install/armor_interfaces
[1.270s] DEBUG:colcon.colcon_core.event_handler.log_command:Invoking command in '/home/xzq/project/armor_ws/build/armor_interfaces': CMAKE_PREFIX_PATH=/opt/ros/humble /usr/bin/cmake --build /home/xzq/project/armor_ws/build/armor_interfaces -- -j12 -l12
[3.044s] DEBUG:colcon.colcon_core.event_handler.log_command:Invoked command in '/home/xzq/project/armor_ws/build/armor_interfaces' returned '0': CMAKE_PREFIX_PATH=/opt/ros/humble /usr/bin/cmake --build /home/xzq/project/armor_ws/build/armor_interfaces -- -j12 -l12
[3.051s] DEBUG:colcon.colcon_core.event_handler.log_command:Invoking command in '/home/xzq/project/armor_ws/build/armor_interfaces': CMAKE_PREFIX_PATH=/opt/ros/humble /usr/bin/cmake --install /home/xzq/project/armor_ws/build/armor_interfaces
[3.088s] Level 1:colcon.colcon_core.environment:create_environment_scripts_only(armor_interfaces)
[3.089s] DEBUG:colcon.colcon_core.event_handler.log_command:Invoked command in '/home/xzq/project/armor_ws/build/armor_interfaces' returned '0': CMAKE_PREFIX_PATH=/opt/ros/humble /usr/bin/cmake --install /home/xzq/project/armor_ws/build/armor_interfaces
[3.090s] Level 1:colcon.colcon_core.environment:checking '/home/xzq/project/armor_ws/install/armor_interfaces' for CMake module files
[3.090s] Level 1:colcon.colcon_core.environment:checking '/home/xzq/project/armor_ws/install/armor_interfaces' for CMake config files
[3.090s] Level 1:colcon.colcon_core.shell:create_environment_hook('armor_interfaces', 'cmake_prefix_path')
[3.090s] INFO:colcon.colcon_core.shell:Creating environment hook '/home/xzq/project/armor_ws/install/armor_interfaces/share/armor_interfaces/hook/cmake_prefix_path.ps1'
[3.091s] INFO:colcon.colcon_core.shell:Creating environment descriptor '/home/xzq/project/armor_ws/install/armor_interfaces/share/armor_interfaces/hook/cmake_prefix_path.dsv'
[3.091s] INFO:colcon.colcon_core.shell:Creating environment hook '/home/xzq/project/armor_ws/install/armor_interfaces/share/armor_interfaces/hook/cmake_prefix_path.sh'
[3.091s] Level 1:colcon.colcon_core.environment:checking '/home/xzq/project/armor_ws/install/armor_interfaces/lib'
[3.092s] Level 1:colcon.colcon_core.shell:create_environment_hook('armor_interfaces', 'ld_library_path_lib')
[3.092s] INFO:colcon.colcon_core.shell:Creating environment hook '/home/xzq/project/armor_ws/install/armor_interfaces/share/armor_interfaces/hook/ld_library_path_lib.ps1'
[3.092s] INFO:colcon.colcon_core.shell:Creating environment descriptor '/home/xzq/project/armor_ws/install/armor_interfaces/share/armor_interfaces/hook/ld_library_path_lib.dsv'
[3.092s] INFO:colcon.colcon_core.shell:Creating environment hook '/home/xzq/project/armor_ws/install/armor_interfaces/share/armor_interfaces/hook/ld_library_path_lib.sh'
[3.092s] Level 1:colcon.colcon_core.environment:checking '/home/xzq/project/armor_ws/install/armor_interfaces/bin'
[3.092s] Level 1:colcon.colcon_core.environment:checking '/home/xzq/project/armor_ws/install/armor_interfaces/lib/pkgconfig/armor_interfaces.pc'
[3.092s] Level 1:colcon.colcon_core.environment:checking '/home/xzq/project/armor_ws/install/armor_interfaces/lib/python3.10/site-packages'
[3.092s] Level 1:colcon.colcon_core.environment:checking '/home/xzq/project/armor_ws/install/armor_interfaces/bin'
[3.093s] INFO:colcon.colcon_core.shell:Creating package script '/home/xzq/project/armor_ws/install/armor_interfaces/share/armor_interfaces/package.ps1'
[3.093s] INFO:colcon.colcon_core.shell:Creating package descriptor '/home/xzq/project/armor_ws/install/armor_interfaces/share/armor_interfaces/package.dsv'
[3.093s] INFO:colcon.colcon_core.shell:Creating package script '/home/xzq/project/armor_ws/install/armor_interfaces/share/armor_interfaces/package.sh'
[3.094s] INFO:colcon.colcon_core.shell:Creating package script '/home/xzq/project/armor_ws/install/armor_interfaces/share/armor_interfaces/package.bash'
[3.094s] INFO:colcon.colcon_core.shell:Creating package script '/home/xzq/project/armor_ws/install/armor_interfaces/share/armor_interfaces/package.zsh'
[3.094s] Level 1:colcon.colcon_core.environment:create_file_with_runtime_dependencies(/home/xzq/project/armor_ws/install/armor_interfaces/share/colcon-core/packages/armor_interfaces)
[3.095s] Level 1:colcon.colcon_core.environment:create_environment_scripts_only(armor_interfaces)
[3.095s] Level 1:colcon.colcon_core.environment:checking '/home/xzq/project/armor_ws/install/armor_interfaces' for CMake module files
[3.095s] Level 1:colcon.colcon_core.environment:checking '/home/xzq/project/armor_ws/install/armor_interfaces' for CMake config files
[3.095s] Level 1:colcon.colcon_core.shell:create_environment_hook('armor_interfaces', 'cmake_prefix_path')
[3.095s] INFO:colcon.colcon_core.shell:Creating environment hook '/home/xzq/project/armor_ws/install/armor_interfaces/share/armor_interfaces/hook/cmake_prefix_path.ps1'
[3.095s] INFO:colcon.colcon_core.shell:Creating environment descriptor '/home/xzq/project/armor_ws/install/armor_interfaces/share/armor_interfaces/hook/cmake_prefix_path.dsv'
[3.096s] INFO:colcon.colcon_core.shell:Creating environment hook '/home/xzq/project/armor_ws/install/armor_interfaces/share/armor_interfaces/hook/cmake_prefix_path.sh'
[3.096s] Level 1:colcon.colcon_core.environment:checking '/home/xzq/project/armor_ws/install/armor_interfaces/lib'
[3.096s] Level 1:colcon.colcon_core.shell:create_environment_hook('armor_interfaces', 'ld_library_path_lib')
[3.096s] INFO:colcon.colcon_core.shell:Creating environment hook '/home/xzq/project/armor_ws/install/armor_interfaces/share/armor_interfaces/hook/ld_library_path_lib.ps1'
[3.096s] INFO:colcon.colcon_core.shell:Creating environment descriptor '/home/xzq/project/armor_ws/install/armor_interfaces/share/armor_interfaces/hook/ld_library_path_lib.dsv'
[3.096s] INFO:colcon.colcon_core.shell:Creating environment hook '/home/xzq/project/armor_ws/install/armor_interfaces/share/armor_interfaces/hook/ld_library_path_lib.sh'
[3.096s] Level 1:colcon.colcon_core.environment:checking '/home/xzq/project/armor_ws/install/armor_interfaces/bin'
[3.097s] Level 1:colcon.colcon_core.environment:checking '/home/xzq/project/armor_ws/install/armor_interfaces/lib/pkgconfig/armor_interfaces.pc'
[3.097s] Level 1:colcon.colcon_core.environment:checking '/home/xzq/project/armor_ws/install/armor_interfaces/lib/python3.10/site-packages'
[3.097s] Level 1:colcon.colcon_core.environment:checking '/home/xzq/project/armor_ws/install/armor_interfaces/bin'
[3.097s] INFO:colcon.colcon_core.shell:Creating package script '/home/xzq/project/armor_ws/install/armor_interfaces/share/armor_interfaces/package.ps1'
[3.097s] INFO:colcon.colcon_core.shell:Creating package descriptor '/home/xzq/project/armor_ws/install/armor_interfaces/share/armor_interfaces/package.dsv'
[3.098s] INFO:colcon.colcon_core.shell:Creating package script '/home/xzq/project/armor_ws/install/armor_interfaces/share/armor_interfaces/package.sh'
[3.098s] INFO:colcon.colcon_core.shell:Creating package script '/home/xzq/project/armor_ws/install/armor_interfaces/share/armor_interfaces/package.bash'
[3.098s] INFO:colcon.colcon_core.shell:Creating package script '/home/xzq/project/armor_ws/install/armor_interfaces/share/armor_interfaces/package.zsh'
[3.099s] Level 1:colcon.colcon_core.environment:create_file_with_runtime_dependencies(/home/xzq/project/armor_ws/install/armor_interfaces/share/colcon-core/packages/armor_interfaces)
[3.099s] INFO:colcon.colcon_ros.task.ament_cmake.build:Building ROS package in '/home/xzq/project/armor_ws/src/HikDriver' with build type 'ament_cmake'
[3.099s] INFO:colcon.colcon_cmake.task.cmake.build:Building CMake package in '/home/xzq/project/armor_ws/src/HikDriver'
[3.100s] INFO:colcon.colcon_core.shell:Skip shell extension 'powershell' for command environment: Not usable outside of PowerShell
[3.100s] DEBUG:colcon.colcon_core.shell:Skip shell extension 'dsv' for command environment
[3.107s] DEBUG:colcon.colcon_core.event_handler.log_command:Invoking command in '/home/xzq/project/armor_ws/build/hik_camera': AMENT_PREFIX_PATH=/home/xzq/project/armor_ws/install/armor_interfaces:${AMENT_PREFIX_PATH} CMAKE_PREFIX_PATH=/home/xzq/project/armor_ws/install/armor_interfaces:/opt/ros/humble LD_LIBRARY_PATH=/home/xzq/project/armor_ws/install/armor_interfaces/lib:/opt/MVS/lib/64:/opt/MVS/lib/32:/opt/MVS/lib/64:/opt/MVS/lib/32:/opt/MVS/lib/64:/opt/MVS/lib/32:/opt/ros/humble/opt/rviz_ogre_vendor/lib:/opt/ros/humble/lib/x86_64-linux-gnu:/opt/ros/humble/lib:/opt/MVS/lib/64:/opt/MVS/lib/32 PYTHONPATH=/home/xzq/project/armor_ws/install/armor_interfaces/local/lib/python3.10/dist-packages:${PYTHONPATH} /usr/bin/cmake /home/xzq/project/armor_ws/src/HikDriver -DCMAKE_INSTALL_PREFIX=/home/xzq/project/armor_ws/install/hik_camera
[3.927s] DEBUG:colcon.colcon_core.event_handler.log_command:Invoked command in '/home/xzq/project/armor_ws/build/hik_camera' returned '1': AMENT_PREFIX_PATH=/home/xzq/project/armor_ws/install/armor_interfaces:${AMENT_PREFIX_PATH} CMAKE_PREFIX_PATH=/home/xzq/project/armor_ws/install/armor_interfaces:/opt/ros/humble LD_LIBRARY_PATH=/home/xzq/project/armor_ws/install/armor_interfaces/lib:/opt/MVS/lib/64:/opt/MVS/lib/32:/opt/MVS/lib/64:/opt/MVS/lib/32:/opt/MVS/lib/64:/opt/MVS/lib/32:/opt/ros/humble/opt/rviz_ogre_vendor/lib:/opt/ros/humble/lib/x86_64-linux-gnu:/opt/ros/humble/lib:/opt/MVS/lib/64:/opt/MVS/lib/32 PYTHONPATH=/home/xzq/project/armor_ws/install/armor_interfaces/local/lib/python3.10/dist-packages:${PYTHONPATH} /usr/bin/cmake /home/xzq/project/armor_ws/src/HikDriver -DCMAKE_INSTALL_PREFIX=/home/xzq/project/armor_ws/install/hik_camera
[3.939s] Level 1:colcon.colcon_core.environment:create_environment_scripts_only(hik_camera)
[3.939s] Level 1:colcon.colcon_core.environment:checking '/home/xzq/project/armor_ws/install/hik_camera' for CMake module files
[3.939s] Level 1:colcon.colcon_core.environment:checking '/home/xzq/project/armor_ws/install/hik_camera' for CMake config files
[3.940s] Level 1:colcon.colcon_core.environment:checking '/home/xzq/project/armor_ws/install/hik_camera/bin'
[3.940s] Level 1:colcon.colcon_core.environment:checking '/home/xzq/project/armor_ws/install/hik_camera/lib/pkgconfig/hik_camera.pc'
[3.940s] Level 1:colcon.colcon_core.environment:checking '/home/xzq/project/armor_ws/install/hik_camera/lib/python3.10/site-packages'
[3.940s] Level 1:colcon.colcon_core.environment:checking '/home/xzq/project/armor_ws/install/hik_camera/bin'
[3.940s] INFO:colcon.colcon_core.shell:Creating package script '/home/xzq/project/armor_ws/install/hik_camera/share/hik_camera/package.ps1'
[3.941s] INFO:colcon.colcon_core.shell:Creating package descriptor '/home/xzq/project/armor_ws/install/hik_camera/share/hik_camera/package.dsv'
[3.941s] INFO:colcon.colcon_core.shell:Creating package script '/home/xzq/project/armor_ws/install/hik_camera/share/hik_camera/package.sh'
[3.941s] INFO:colcon.colcon_core.shell:Creating package script '/home/xzq/project/armor_ws/install/hik_camera/share/hik_camera/package.bash'
[3.941s] INFO:colcon.colcon_core.shell:Creating package script '/home/xzq/project/armor_ws/install/hik_camera/share/hik_camera/package.zsh'
[3.941s] Level 1:colcon.colcon_core.environment:create_file_with_runtime_dependencies(/home/xzq/project/armor_ws/install/hik_camera/share/colcon-core/packages/hik_camera)
[3.952s] DEBUG:colcon.colcon_parallel_executor.executor.parallel:closing loop
[3.952s] DEBUG:colcon.colcon_parallel_executor.executor.parallel:loop closed
[3.952s] DEBUG:colcon.colcon_parallel_executor.executor.parallel:run_until_complete finished with '1'
[3.952s] DEBUG:colcon.colcon_core.event_reactor:joining thread
[3.955s] INFO:colcon.colcon_core.plugin_system:Skipping extension 'colcon_notification.desktop_notification.terminal_notifier': Not used on non-Darwin systems
[3.955s] INFO:colcon.colcon_core.plugin_system:Skipping extension 'colcon_notification.desktop_notification.win32': Not used on non-Windows systems
[3.955s] INFO:colcon.colcon_notification.desktop_notification:Sending desktop notification using 'notify2'
[3.964s] DEBUG:colcon.colcon_core.event_reactor:joined thread
[3.964s] INFO:colcon.colcon_core.shell:Creating prefix script '/home/xzq/project/armor_ws/install/local_setup.ps1'
[3.965s] INFO:colcon.colcon_core.shell:Creating prefix util module '/home/xzq/project/armor_ws/install/_local_setup_util_ps1.py'
[3.966s] INFO:colcon.colcon_core.shell:Creating prefix chain script '/home/xzq/project/armor_ws/install/setup.ps1'
[3.966s] INFO:colcon.colcon_core.shell:Creating prefix script '/home/xzq/project/armor_ws/install/local_setup.sh'
[3.967s] INFO:colcon.colcon_core.shell:Creating prefix util module '/home/xzq/project/armor_ws/install/_local_setup_util_sh.py'
[3.967s] INFO:colcon.colcon_core.shell:Creating prefix chain script '/home/xzq/project/armor_ws/install/setup.sh'
[3.967s] INFO:colcon.colcon_core.shell:Creating prefix script '/home/xzq/project/armor_ws/install/local_setup.bash'
[3.968s] INFO:colcon.colcon_core.shell:Creating prefix chain script '/home/xzq/project/armor_ws/install/setup.bash'
[3.968s] INFO:colcon.colcon_core.shell:Creating prefix script '/home/xzq/project/armor_ws/install/local_setup.zsh'
[3.968s] INFO:colcon.colcon_core.shell:Creating prefix chain script '/home/xzq/project/armor_ws/install/setup.zsh'
