-- Found ament_cmake_auto: 1.3.11 (/opt/ros/humble/share/ament_cmake_auto/cmake)
-- Found rosidl_generator_c: 3.1.6 (/opt/ros/humble/share/rosidl_generator_c/cmake)
-- Found rosidl_adapter: 3.1.6 (/opt/ros/humble/share/rosidl_adapter/cmake)
-- Found rosidl_generator_cpp: 3.1.6 (/opt/ros/humble/share/rosidl_generator_cpp/cmake)
-- Using all available rosidl_typesupport_c: rosidl_typesupport_fastrtps_c;rosidl_typesupport_introspection_c
-- Using all available rosidl_typesupport_cpp: rosidl_typesupport_fastrtps_cpp;rosidl_typesupport_introspection_cpp
-- Found rmw_implementation_cmake: 6.1.2 (/opt/ros/humble/share/rmw_implementation_cmake/cmake)
-- Found rmw_fastrtps_cpp: 6.2.7 (/opt/ros/humble/share/rmw_fastrtps_cpp/cmake)
-- Using RMW implementation 'rmw_fastrtps_cpp' as default
-- Found eigen3_cmake_module: 0.1.1 (/opt/ros/humble/share/eigen3_cmake_module/cmake)
-- Ensuring Eigen3 include directory is part of orocos-kdl CMake target
-- Configuring done
-- Generating done
-- Build files have been written to: /home/xzq/project/armor_ws/build/armor_pub
[35m[1mConsolidate compiler generated dependencies of target hik_driver[0m
[35m[1mConsolidate compiler generated dependencies of target armor_pub_node[0m
[  7%] [32mBuilding CXX object CMakeFiles/armor_pub.dir/src/armor_detector/matchLight.cpp.o[0m
[ 35%] [32mBuilding CXX object CMakeFiles/armor_pub.dir/src/armor_detector/readDealCheck.cpp.o[0m
[ 35%] [32mBuilding CXX object CMakeFiles/armor_pub.dir/src/armor_detector/detectLight.cpp.o[0m
[ 35%] [32mBuilding CXX object CMakeFiles/armor_pub.dir/src/armor_detector/matchArmor.cpp.o[0m
[ 35%] [32mBuilding CXX object CMakeFiles/armor_pub.dir/src/Light/Light.cpp.o[0m
[ 50%] [32mBuilding CXX object CMakeFiles/armor_pub.dir/src/pnpSlover/pnpSlover.cpp.o[0m
[ 50%] [32mBuilding CXX object CMakeFiles/armor_pub.dir/src/armor_detector/show.cpp.o[0m
[ 78%] [32mBuilding CXX object CMakeFiles/armor_pub.dir/src/armor_detector/draw.cpp.o[0m
[ 78%] [32mBuilding CXX object CMakeFiles/armor_pub.dir/src/Armor/Armor.cpp.o[0m
[ 78%] Built target hik_driver
[ 92%] Built target armor_pub_node
